{"C:\\Users\\samfi\\Downloads\\outputs\\lc-balance-wc\\src\\app\\business-case-runner\\balance-case-api.service.ts": {"path":"C:\\Users\\samfi\\Downloads\\outputs\\lc-balance-wc\\src\\app\\business-case-runner\\balance-case-api.service.ts","statementMap":{"0":{"start":{"line":1,"column":0},"end":{"line":1,"column":43}},"1":{"start":{"line":2,"column":0},"end":{"line":2,"column":50}},"2":{"start":{"line":34,"column":31},"end":{"line":34,"column":47}},"3":{"start":{"line":37,"column":4},"end":{"line":37,"column":71}},"4":{"start":{"line":41,"column":4},"end":{"line":41,"column":86}},"5":{"start":{"line":33,"column":13},"end":{"line":33,"column":34}},"6":{"start":{"line":33,"column":13},"end":{"line":43,"column":null}}},"fnMap":{"0":{"name":"(anonymous_0)","decl":{"start":{"line":34,"column":2},"end":{"line":34,"column":31}},"loc":{"start":{"line":34,"column":47},"end":{"line":34,"column":51}}},"1":{"name":"(anonymous_1)","decl":{"start":{"line":36,"column":2},"end":{"line":36,"column":11}},"loc":{"start":{"line":36,"column":11},"end":{"line":38,"column":3}}},"2":{"name":"(anonymous_2)","decl":{"start":{"line":40,"column":2},"end":{"line":40,"column":9}},"loc":{"start":{"line":40,"column":20},"end":{"line":42,"column":3}}}},"branchMap":{},"s":{"0":2,"1":2,"2":3,"3":1,"4":2,"5":2,"6":2},"f":{"0":3,"1":1,"2":2},"b":{}}
,"C:\\Users\\samfi\\Downloads\\outputs\\lc-balance-wc\\src\\app\\business-case-runner\\business-case-runner.component.ts": {"path":"C:\\Users\\samfi\\Downloads\\outputs\\lc-balance-wc\\src\\app\\business-case-runner\\business-case-runner.component.ts","statementMap":{"0":{"start":{"line":1,"column":0},"end":{"line":1,"column":50}},"1":{"start":{"line":2,"column":0},"end":{"line":2,"column":47}},"2":{"start":{"line":3,"column":0},"end":{"line":3,"column":64}},"3":{"start":{"line":4,"column":0},"end":{"line":4,"column":67}},"4":{"start":{"line":5,"column":0},"end":{"line":5,"column":122}},"5":{"start":{"line":33,"column":31},"end":{"line":33,"column":57}},"6":{"start":{"line":22,"column":2},"end":{"line":22,"column":27}},"7":{"start":{"line":23,"column":2},"end":{"line":23,"column":34}},"8":{"start":{"line":24,"column":2},"end":{"line":24,"column":35}},"9":{"start":{"line":26,"column":2},"end":{"line":26,"column":36}},"10":{"start":{"line":27,"column":2},"end":{"line":27,"column":46}},"11":{"start":{"line":28,"column":2},"end":{"line":28,"column":18}},"12":{"start":{"line":29,"column":2},"end":{"line":29,"column":21}},"13":{"start":{"line":30,"column":2},"end":{"line":30,"column":43}},"14":{"start":{"line":31,"column":2},"end":{"line":31,"column":34}},"15":{"start":{"line":36,"column":4},"end":{"line":55,"column":7}},"16":{"start":{"line":38,"column":8},"end":{"line":38,"column":27}},"17":{"start":{"line":39,"column":8},"end":{"line":50,"column":10}},"18":{"start":{"line":47,"column":41},"end":{"line":47,"column":100}},"19":{"start":{"line":53,"column":8},"end":{"line":53,"column":122}},"20":{"start":{"line":59,"column":4},"end":{"line":59,"column":35}},"21":{"start":{"line":59,"column":28},"end":{"line":59,"column":35}},"22":{"start":{"line":60,"column":4},"end":{"line":60,"column":24}},"23":{"start":{"line":61,"column":4},"end":{"line":61,"column":23}},"24":{"start":{"line":62,"column":4},"end":{"line":71,"column":7}},"25":{"start":{"line":64,"column":8},"end":{"line":64,"column":24}},"26":{"start":{"line":65,"column":8},"end":{"line":65,"column":29}},"27":{"start":{"line":68,"column":8},"end":{"line":68,"column":29}},"28":{"start":{"line":69,"column":8},"end":{"line":69,"column":61}},"29":{"start":{"line":75,"column":4},"end":{"line":75,"column":27}},"30":{"start":{"line":76,"column":4},"end":{"line":76,"column":25}},"31":{"start":{"line":77,"column":4},"end":{"line":77,"column":23}},"32":{"start":{"line":78,"column":22},"end":{"line":78,"column":37}},"33":{"start":{"line":79,"column":17},"end":{"line":95,"column":5}},"34":{"start":{"line":80,"column":16},"end":{"line":80,"column":33}},"35":{"start":{"line":81,"column":6},"end":{"line":84,"column":7}},"36":{"start":{"line":82,"column":8},"end":{"line":82,"column":32}},"37":{"start":{"line":83,"column":8},"end":{"line":83,"column":15}},"38":{"start":{"line":85,"column":6},"end":{"line":94,"column":9}},"39":{"start":{"line":87,"column":10},"end":{"line":87,"column":52}},"40":{"start":{"line":88,"column":10},"end":{"line":88,"column":17}},"41":{"start":{"line":91,"column":10},"end":{"line":91,"column":34}},"42":{"start":{"line":92,"column":10},"end":{"line":92,"column":74}},"43":{"start":{"line":96,"column":4},"end":{"line":96,"column":11}},"44":{"start":{"line":100,"column":4},"end":{"line":100,"column":49}},"45":{"start":{"line":100,"column":30},"end":{"line":100,"column":49}},"46":{"start":{"line":101,"column":4},"end":{"line":101,"column":104}},"47":{"start":{"line":101,"column":62},"end":{"line":101,"column":104}},"48":{"start":{"line":102,"column":4},"end":{"line":102,"column":60}},"49":{"start":{"line":102,"column":41},"end":{"line":102,"column":60}},"50":{"start":{"line":103,"column":4},"end":{"line":103,"column":47}},"51":{"start":{"line":103,"column":27},"end":{"line":103,"column":47}},"52":{"start":{"line":104,"column":4},"end":{"line":104,"column":43}},"53":{"start":{"line":104,"column":26},"end":{"line":104,"column":43}},"54":{"start":{"line":105,"column":4},"end":{"line":105,"column":14}},"55":{"start":{"line":109,"column":4},"end":{"line":109,"column":41}},"56":{"start":{"line":109,"column":30},"end":{"line":109,"column":41}},"57":{"start":{"line":110,"column":4},"end":{"line":110,"column":39}},"58":{"start":{"line":110,"column":22},"end":{"line":110,"column":39}},"59":{"start":{"line":111,"column":4},"end":{"line":111,"column":70}},"60":{"start":{"line":111,"column":41},"end":{"line":111,"column":70}},"61":{"start":{"line":112,"column":4},"end":{"line":112,"column":69}},"62":{"start":{"line":116,"column":4},"end":{"line":116,"column":40}},"63":{"start":{"line":116,"column":30},"end":{"line":116,"column":40}},"64":{"start":{"line":117,"column":4},"end":{"line":117,"column":47}},"65":{"start":{"line":117,"column":22},"end":{"line":117,"column":47}},"66":{"start":{"line":118,"column":14},"end":{"line":118,"column":27}},"67":{"start":{"line":119,"column":4},"end":{"line":119,"column":22}},"68":{"start":{"line":119,"column":12},"end":{"line":119,"column":22}},"69":{"start":{"line":120,"column":4},"end":{"line":120,"column":49}},"70":{"start":{"line":120,"column":16},"end":{"line":120,"column":49}},"71":{"start":{"line":121,"column":4},"end":{"line":122,"column":126}},"72":{"start":{"line":121,"column":34},"end":{"line":122,"column":126}},"73":{"start":{"line":123,"column":4},"end":{"line":126,"column":5}},"74":{"start":{"line":124,"column":16},"end":{"line":124,"column":72}},"75":{"start":{"line":125,"column":6},"end":{"line":125,"column":108}},"76":{"start":{"line":127,"column":4},"end":{"line":127,"column":32}},"77":{"start":{"line":21,"column":13},"end":{"line":21,"column":40}},"78":{"start":{"line":21,"column":13},"end":{"line":129,"column":null}}},"fnMap":{"0":{"name":"(anonymous_0)","decl":{"start":{"line":33,"column":2},"end":{"line":33,"column":31}},"loc":{"start":{"line":33,"column":57},"end":{"line":33,"column":61}}},"1":{"name":"(anonymous_1)","decl":{"start":{"line":35,"column":2},"end":{"line":35,"column":10}},"loc":{"start":{"line":35,"column":10},"end":{"line":56,"column":3}}},"2":{"name":"(anonymous_2)","decl":{"start":{"line":37,"column":12},"end":{"line":37,"column":13}},"loc":{"start":{"line":37,"column":22},"end":{"line":51,"column":7}}},"3":{"name":"(anonymous_3)","decl":{"start":{"line":47,"column":33},"end":{"line":47,"column":34}},"loc":{"start":{"line":47,"column":41},"end":{"line":47,"column":100}}},"4":{"name":"(anonymous_4)","decl":{"start":{"line":52,"column":13},"end":{"line":52,"column":14}},"loc":{"start":{"line":52,"column":21},"end":{"line":54,"column":7}}},"5":{"name":"(anonymous_5)","decl":{"start":{"line":58,"column":2},"end":{"line":58,"column":5}},"loc":{"start":{"line":58,"column":5},"end":{"line":72,"column":3}}},"6":{"name":"(anonymous_6)","decl":{"start":{"line":63,"column":12},"end":{"line":63,"column":13}},"loc":{"start":{"line":63,"column":18},"end":{"line":66,"column":7}}},"7":{"name":"(anonymous_7)","decl":{"start":{"line":67,"column":13},"end":{"line":67,"column":14}},"loc":{"start":{"line":67,"column":21},"end":{"line":70,"column":7}}},"8":{"name":"(anonymous_8)","decl":{"start":{"line":74,"column":2},"end":{"line":74,"column":8}},"loc":{"start":{"line":74,"column":8},"end":{"line":97,"column":3}}},"9":{"name":"(anonymous_9)","decl":{"start":{"line":79,"column":17},"end":{"line":79,"column":20}},"loc":{"start":{"line":79,"column":22},"end":{"line":95,"column":5}}},"10":{"name":"(anonymous_10)","decl":{"start":{"line":86,"column":14},"end":{"line":86,"column":15}},"loc":{"start":{"line":86,"column":20},"end":{"line":89,"column":9}}},"11":{"name":"(anonymous_11)","decl":{"start":{"line":90,"column":15},"end":{"line":90,"column":16}},"loc":{"start":{"line":90,"column":23},"end":{"line":93,"column":9}}},"12":{"name":"(anonymous_12)","decl":{"start":{"line":99,"column":2},"end":{"line":99,"column":10}},"loc":{"start":{"line":99,"column":26},"end":{"line":106,"column":3}}},"13":{"name":"(anonymous_13)","decl":{"start":{"line":108,"column":2},"end":{"line":108,"column":12}},"loc":{"start":{"line":108,"column":28},"end":{"line":113,"column":3}}},"14":{"name":"(anonymous_14)","decl":{"start":{"line":115,"column":2},"end":{"line":115,"column":12}},"loc":{"start":{"line":115,"column":28},"end":{"line":128,"column":3}}}},"branchMap":{"0":{"loc":{"start":{"line":53,"column":101},"end":{"line":53,"column":119}},"type":"binary-expr","locations":[{"start":{"line":53,"column":101},"end":{"line":53,"column":112}},{"start":{"line":53,"column":116},"end":{"line":53,"column":119}}]},"1":{"loc":{"start":{"line":59,"column":4},"end":{"line":59,"column":35}},"type":"if","locations":[{"start":{"line":59,"column":4},"end":{"line":59,"column":35}}]},"2":{"loc":{"start":{"line":69,"column":40},"end":{"line":69,"column":58}},"type":"binary-expr","locations":[{"start":{"line":69,"column":40},"end":{"line":69,"column":51}},{"start":{"line":69,"column":55},"end":{"line":69,"column":58}}]},"3":{"loc":{"start":{"line":81,"column":6},"end":{"line":84,"column":7}},"type":"if","locations":[{"start":{"line":81,"column":6},"end":{"line":84,"column":7}}]},"4":{"loc":{"start":{"line":92,"column":53},"end":{"line":92,"column":71}},"type":"binary-expr","locations":[{"start":{"line":92,"column":53},"end":{"line":92,"column":64}},{"start":{"line":92,"column":68},"end":{"line":92,"column":71}}]},"5":{"loc":{"start":{"line":100,"column":4},"end":{"line":100,"column":49}},"type":"if","locations":[{"start":{"line":100,"column":4},"end":{"line":100,"column":49}}]},"6":{"loc":{"start":{"line":101,"column":4},"end":{"line":101,"column":104}},"type":"if","locations":[{"start":{"line":101,"column":4},"end":{"line":101,"column":104}}]},"7":{"loc":{"start":{"line":101,"column":8},"end":{"line":101,"column":60}},"type":"binary-expr","locations":[{"start":{"line":101,"column":8},"end":{"line":101,"column":38}},{"start":{"line":101,"column":42},"end":{"line":101,"column":60}}]},"8":{"loc":{"start":{"line":101,"column":69},"end":{"line":101,"column":103}},"type":"cond-expr","locations":[{"start":{"line":101,"column":79},"end":{"line":101,"column":91}},{"start":{"line":101,"column":94},"end":{"line":101,"column":103}}]},"9":{"loc":{"start":{"line":102,"column":4},"end":{"line":102,"column":60}},"type":"if","locations":[{"start":{"line":102,"column":4},"end":{"line":102,"column":60}}]},"10":{"loc":{"start":{"line":103,"column":4},"end":{"line":103,"column":47}},"type":"if","locations":[{"start":{"line":103,"column":4},"end":{"line":103,"column":47}}]},"11":{"loc":{"start":{"line":104,"column":4},"end":{"line":104,"column":43}},"type":"if","locations":[{"start":{"line":104,"column":4},"end":{"line":104,"column":43}}]},"12":{"loc":{"start":{"line":109,"column":4},"end":{"line":109,"column":41}},"type":"if","locations":[{"start":{"line":109,"column":4},"end":{"line":109,"column":41}}]},"13":{"loc":{"start":{"line":110,"column":4},"end":{"line":110,"column":39}},"type":"if","locations":[{"start":{"line":110,"column":4},"end":{"line":110,"column":39}}]},"14":{"loc":{"start":{"line":111,"column":4},"end":{"line":111,"column":70}},"type":"if","locations":[{"start":{"line":111,"column":4},"end":{"line":111,"column":70}}]},"15":{"loc":{"start":{"line":112,"column":14},"end":{"line":112,"column":31}},"type":"binary-expr","locations":[{"start":{"line":112,"column":14},"end":{"line":112,"column":25}},{"start":{"line":112,"column":29},"end":{"line":112,"column":31}}]},"16":{"loc":{"start":{"line":112,"column":35},"end":{"line":112,"column":59}},"type":"cond-expr","locations":[{"start":{"line":112,"column":45},"end":{"line":112,"column":49}},{"start":{"line":112,"column":52},"end":{"line":112,"column":59}}]},"17":{"loc":{"start":{"line":116,"column":4},"end":{"line":116,"column":40}},"type":"if","locations":[{"start":{"line":116,"column":4},"end":{"line":116,"column":40}}]},"18":{"loc":{"start":{"line":117,"column":4},"end":{"line":117,"column":47}},"type":"if","locations":[{"start":{"line":117,"column":4},"end":{"line":117,"column":47}}]},"19":{"loc":{"start":{"line":117,"column":29},"end":{"line":117,"column":46}},"type":"binary-expr","locations":[{"start":{"line":117,"column":29},"end":{"line":117,"column":40}},{"start":{"line":117,"column":44},"end":{"line":117,"column":46}}]},"20":{"loc":{"start":{"line":119,"column":4},"end":{"line":119,"column":22}},"type":"if","locations":[{"start":{"line":119,"column":4},"end":{"line":119,"column":22}}]},"21":{"loc":{"start":{"line":120,"column":4},"end":{"line":120,"column":49}},"type":"if","locations":[{"start":{"line":120,"column":4},"end":{"line":120,"column":49}}]},"22":{"loc":{"start":{"line":121,"column":4},"end":{"line":122,"column":126}},"type":"if","locations":[{"start":{"line":121,"column":4},"end":{"line":122,"column":126}}]},"23":{"loc":{"start":{"line":122,"column":7},"end":{"line":122,"column":124}},"type":"cond-expr","locations":[{"start":{"line":122,"column":30},"end":{"line":122,"column":119}},{"start":{"line":122,"column":122},"end":{"line":122,"column":124}}]},"24":{"loc":{"start":{"line":123,"column":4},"end":{"line":126,"column":5}},"type":"if","locations":[{"start":{"line":123,"column":4},"end":{"line":126,"column":5}}]},"25":{"loc":{"start":{"line":124,"column":16},"end":{"line":124,"column":72}},"type":"cond-expr","locations":[{"start":{"line":124,"column":37},"end":{"line":124,"column":67}},{"start":{"line":124,"column":70},"end":{"line":124,"column":72}}]}},"s":{"0":1,"1":1,"2":1,"3":1,"4":1,"5":17,"6":17,"7":17,"8":17,"9":17,"10":17,"11":17,"12":17,"13":17,"14":17,"15":3,"16":1,"17":1,"18":2,"19":2,"20":5,"21":1,"22":4,"23":4,"24":4,"25":1,"26":1,"27":2,"28":2,"29":6,"30":6,"31":6,"32":6,"33":6,"34":11,"35":11,"36":3,"37":3,"38":8,"39":5,"40":5,"41":2,"42":2,"43":6,"44":7,"45":1,"46":6,"47":2,"48":4,"49":1,"50":3,"51":1,"52":2,"53":1,"54":1,"55":6,"56":1,"57":5,"58":1,"59":4,"60":1,"61":3,"62":10,"63":1,"64":9,"65":2,"66":7,"67":7,"68":1,"69":6,"70":1,"71":5,"72":2,"73":3,"74":2,"75":2,"76":1,"77":1,"78":1},"f":{"0":17,"1":3,"2":1,"3":2,"4":2,"5":5,"6":1,"7":2,"8":6,"9":11,"10":5,"11":2,"12":7,"13":6,"14":10},"b":{"0":[2,1],"1":[1],"2":[2,1],"3":[3],"4":[2,1],"5":[1],"6":[2],"7":[6,2],"8":[1,1],"9":[1],"10":[1],"11":[1],"12":[1],"13":[1],"14":[1],"15":[3,1],"16":[1,2],"17":[1],"18":[2],"19":[2,1],"20":[1],"21":[1],"22":[2],"23":[1,1],"24":[2],"25":[1,1]}}
,"C:\\Users\\samfi\\Downloads\\outputs\\lc-balance-wc\\src\\app\\transaction-builder\\balance-component-api.service.ts": {"path":"C:\\Users\\samfi\\Downloads\\outputs\\lc-balance-wc\\src\\app\\transaction-builder\\balance-component-api.service.ts","statementMap":{"0":{"start":{"line":1,"column":0},"end":{"line":1,"column":43}},"1":{"start":{"line":2,"column":0},"end":{"line":2,"column":50}},"2":{"start":{"line":81,"column":31},"end":{"line":81,"column":47}},"3":{"start":{"line":79,"column":19},"end":{"line":79,"column":47}},"4":{"start":{"line":84,"column":4},"end":{"line":84,"column":97}},"5":{"start":{"line":88,"column":4},"end":{"line":88,"column":98}},"6":{"start":{"line":92,"column":4},"end":{"line":92,"column":118}},"7":{"start":{"line":97,"column":4},"end":{"line":97,"column":119}},"8":{"start":{"line":102,"column":4},"end":{"line":102,"column":106}},"9":{"start":{"line":106,"column":24},"end":{"line":106,"column":73}},"10":{"start":{"line":107,"column":4},"end":{"line":107,"column":67}},"11":{"start":{"line":107,"column":29},"end":{"line":107,"column":67}},"12":{"start":{"line":108,"column":4},"end":{"line":108,"column":67}},"13":{"start":{"line":108,"column":29},"end":{"line":108,"column":67}},"14":{"start":{"line":109,"column":4},"end":{"line":109,"column":88}},"15":{"start":{"line":129,"column":24},"end":{"line":129,"column":58}},"16":{"start":{"line":130,"column":4},"end":{"line":130,"column":39}},"17":{"start":{"line":130,"column":16},"end":{"line":130,"column":39}},"18":{"start":{"line":131,"column":4},"end":{"line":131,"column":24}},"19":{"start":{"line":131,"column":11},"end":{"line":131,"column":24}},"20":{"start":{"line":132,"column":4},"end":{"line":132,"column":45}},"21":{"start":{"line":132,"column":18},"end":{"line":132,"column":45}},"22":{"start":{"line":133,"column":4},"end":{"line":133,"column":54}},"23":{"start":{"line":133,"column":21},"end":{"line":133,"column":54}},"24":{"start":{"line":134,"column":4},"end":{"line":134,"column":92}},"25":{"start":{"line":138,"column":4},"end":{"line":138,"column":105}},"26":{"start":{"line":143,"column":4},"end":{"line":143,"column":97}},"27":{"start":{"line":78,"column":13},"end":{"line":78,"column":39}},"28":{"start":{"line":78,"column":13},"end":{"line":145,"column":null}}},"fnMap":{"0":{"name":"(anonymous_0)","decl":{"start":{"line":81,"column":2},"end":{"line":81,"column":31}},"loc":{"start":{"line":81,"column":47},"end":{"line":81,"column":51}}},"1":{"name":"(anonymous_1)","decl":{"start":{"line":83,"column":2},"end":{"line":83,"column":16}},"loc":{"start":{"line":83,"column":43},"end":{"line":85,"column":3}}},"2":{"name":"(anonymous_2)","decl":{"start":{"line":87,"column":2},"end":{"line":87,"column":9}},"loc":{"start":{"line":87,"column":48},"end":{"line":89,"column":3}}},"3":{"name":"(anonymous_3)","decl":{"start":{"line":91,"column":2},"end":{"line":91,"column":8}},"loc":{"start":{"line":91,"column":85},"end":{"line":93,"column":3}}},"4":{"name":"(anonymous_4)","decl":{"start":{"line":96,"column":2},"end":{"line":96,"column":8}},"loc":{"start":{"line":96,"column":87},"end":{"line":98,"column":3}}},"5":{"name":"(anonymous_5)","decl":{"start":{"line":101,"column":2},"end":{"line":101,"column":13}},"loc":{"start":{"line":101,"column":56},"end":{"line":103,"column":3}}},"6":{"name":"(anonymous_6)","decl":{"start":{"line":105,"column":2},"end":{"line":105,"column":17}},"loc":{"start":{"line":105,"column":72},"end":{"line":110,"column":3}}},"7":{"name":"(anonymous_7)","decl":{"start":{"line":128,"column":2},"end":{"line":128,"column":9}},"loc":{"start":{"line":128,"column":147},"end":{"line":135,"column":3}}},"8":{"name":"(anonymous_8)","decl":{"start":{"line":137,"column":2},"end":{"line":137,"column":13}},"loc":{"start":{"line":137,"column":39},"end":{"line":139,"column":3}}},"9":{"name":"(anonymous_9)","decl":{"start":{"line":142,"column":2},"end":{"line":142,"column":15}},"loc":{"start":{"line":142,"column":41},"end":{"line":144,"column":3}}}},"branchMap":{"0":{"loc":{"start":{"line":107,"column":4},"end":{"line":107,"column":67}},"type":"if","locations":[{"start":{"line":107,"column":4},"end":{"line":107,"column":67}}]},"1":{"loc":{"start":{"line":108,"column":4},"end":{"line":108,"column":67}},"type":"if","locations":[{"start":{"line":108,"column":4},"end":{"line":108,"column":67}}]},"2":{"loc":{"start":{"line":128,"column":71},"end":{"line":128,"column":79}},"type":"default-arg","locations":[{"start":{"line":128,"column":78},"end":{"line":128,"column":79}}]},"3":{"loc":{"start":{"line":128,"column":81},"end":{"line":128,"column":94}},"type":"default-arg","locations":[{"start":{"line":128,"column":92},"end":{"line":128,"column":94}}]},"4":{"loc":{"start":{"line":130,"column":4},"end":{"line":130,"column":39}},"type":"if","locations":[{"start":{"line":130,"column":4},"end":{"line":130,"column":39}}]},"5":{"loc":{"start":{"line":131,"column":4},"end":{"line":131,"column":24}},"type":"if","locations":[{"start":{"line":131,"column":4},"end":{"line":131,"column":24}}]},"6":{"loc":{"start":{"line":132,"column":4},"end":{"line":132,"column":45}},"type":"if","locations":[{"start":{"line":132,"column":4},"end":{"line":132,"column":45}}]},"7":{"loc":{"start":{"line":133,"column":4},"end":{"line":133,"column":54}},"type":"if","locations":[{"start":{"line":133,"column":4},"end":{"line":133,"column":54}}]}},"s":{"0":5,"1":5,"2":21,"3":21,"4":1,"5":1,"6":2,"7":2,"8":1,"9":5,"10":5,"11":2,"12":5,"13":2,"14":5,"15":7,"16":7,"17":2,"18":7,"19":2,"20":7,"21":2,"22":7,"23":2,"24":7,"25":1,"26":1,"27":5,"28":5},"f":{"0":21,"1":1,"2":1,"3":2,"4":2,"5":1,"6":5,"7":7,"8":1,"9":1},"b":{"0":[2],"1":[2],"2":[3],"3":[3],"4":[2],"5":[2],"6":[2],"7":[2]}}
,"C:\\Users\\samfi\\Downloads\\outputs\\lc-balance-wc\\src\\app\\transaction-builder\\balance-component.model.ts": {"path":"C:\\Users\\samfi\\Downloads\\outputs\\lc-balance-wc\\src\\app\\transaction-builder\\balance-component.model.ts","statementMap":{"0":{"start":{"line":40,"column":13},"end":{"line":51,"column":2}},"1":{"start":{"line":54,"column":13},"end":{"line":65,"column":2}},"2":{"start":{"line":68,"column":13},"end":{"line":81,"column":2}},"3":{"start":{"line":84,"column":13},"end":{"line":84,"column":135}},"4":{"start":{"line":85,"column":13},"end":{"line":85,"column":136}},"5":{"start":{"line":88,"column":13},"end":{"line":88,"column":89}},"6":{"start":{"line":91,"column":13},"end":{"line":91,"column":131}},"7":{"start":{"line":94,"column":13},"end":{"line":111,"column":2}},"8":{"start":{"line":114,"column":2},"end":{"line":114,"column":124}},"9":{"start":{"line":113,"column":0},"end":{"line":113,"column":16}},"10":{"start":{"line":128,"column":13},"end":{"line":141,"column":3}},"11":{"start":{"line":423,"column":26},"end":{"line":427,"column":2}},"12":{"start":{"line":429,"column":34},"end":{"line":432,"column":2}},"13":{"start":{"line":439,"column":29},"end":{"line":442,"column":2}},"14":{"start":{"line":461,"column":13},"end":{"line":563,"column":2}},"15":{"start":{"line":576,"column":13},"end":{"line":677,"column":2}}},"fnMap":{"0":{"name":"isToleranceApplicable","decl":{"start":{"line":113,"column":16},"end":{"line":113,"column":37}},"loc":{"start":{"line":113,"column":90},"end":{"line":115,"column":1}}}},"branchMap":{"0":{"loc":{"start":{"line":114,"column":9},"end":{"line":114,"column":123}},"type":"binary-expr","locations":[{"start":{"line":114,"column":9},"end":{"line":114,"column":66}},{"start":{"line":114,"column":70},"end":{"line":114,"column":123}}]}},"s":{"0":5,"1":5,"2":5,"3":5,"4":5,"5":5,"6":5,"7":5,"8":268,"9":5,"10":5,"11":5,"12":5,"13":5,"14":5,"15":5},"f":{"0":268},"b":{"0":[268,134]}}
,"C:\\Users\\samfi\\Downloads\\outputs\\lc-balance-wc\\src\\app\\transaction-builder\\index-picker.component.ts": {"path":"C:\\Users\\samfi\\Downloads\\outputs\\lc-balance-wc\\src\\app\\transaction-builder\\index-picker.component.ts","statementMap":{"0":{"start":{"line":1,"column":0},"end":{"line":1,"column":98}},"1":{"start":{"line":2,"column":0},"end":{"line":2,"column":47}},"2":{"start":{"line":3,"column":0},"end":{"line":3,"column":45}},"3":{"start":{"line":34,"column":11},"end":{"line":34,"column":null}},"4":{"start":{"line":35,"column":11},"end":{"line":35,"column":null}},"5":{"start":{"line":36,"column":11},"end":{"line":36,"column":null}},"6":{"start":{"line":37,"column":11},"end":{"line":37,"column":null}},"7":{"start":{"line":38,"column":11},"end":{"line":38,"column":null}},"8":{"start":{"line":39,"column":11},"end":{"line":39,"column":null}},"9":{"start":{"line":41,"column":11},"end":{"line":41,"column":null}},"10":{"start":{"line":42,"column":11},"end":{"line":42,"column":null}},"11":{"start":{"line":43,"column":12},"end":{"line":43,"column":null}},"12":{"start":{"line":44,"column":12},"end":{"line":44,"column":null}},"13":{"start":{"line":45,"column":11},"end":{"line":45,"column":null}},"14":{"start":{"line":48,"column":11},"end":{"line":48,"column":null}},"15":{"start":{"line":49,"column":11},"end":{"line":49,"column":null}},"16":{"start":{"line":50,"column":11},"end":{"line":50,"column":null}},"17":{"start":{"line":51,"column":12},"end":{"line":51,"column":null}},"18":{"start":{"line":52,"column":12},"end":{"line":52,"column":null}},"19":{"start":{"line":54,"column":12},"end":{"line":54,"column":null}},"20":{"start":{"line":69,"column":16},"end":{"line":69,"column":75}},"21":{"start":{"line":70,"column":4},"end":{"line":70,"column":57}},"22":{"start":{"line":33,"column":13},"end":{"line":33,"column":33}},"23":{"start":{"line":33,"column":13},"end":{"line":72,"column":null}}},"fnMap":{"0":{"name":"(anonymous_0)","decl":{"start":{"line":33,"column":7},"end":{"line":33,"column":13}},"loc":{"start":{"line":33,"column":7},"end":{"line":72,"column":1}}},"1":{"name":"(anonymous_1)","decl":{"start":{"line":68,"column":2},"end":{"line":68,"column":8}},"loc":{"start":{"line":68,"column":22},"end":{"line":71,"column":3}}}},"branchMap":{"0":{"loc":{"start":{"line":70,"column":11},"end":{"line":70,"column":56}},"type":"binary-expr","locations":[{"start":{"line":70,"column":11},"end":{"line":70,"column":25}},{"start":{"line":70,"column":29},"end":{"line":70,"column":50}},{"start":{"line":70,"column":54},"end":{"line":70,"column":56}}]}},"s":{"0":5,"1":5,"2":5,"3":7,"4":7,"5":7,"6":7,"7":7,"8":7,"9":7,"10":7,"11":7,"12":7,"13":7,"14":7,"15":7,"16":7,"17":7,"18":7,"19":7,"20":6,"21":6,"22":5,"23":5},"f":{"0":7,"1":6},"b":{"0":[6,3,2]}}
,"C:\\Users\\samfi\\Downloads\\outputs\\lc-balance-wc\\src\\app\\transaction-builder\\transaction-builder.component.ts": {"path":"C:\\Users\\samfi\\Downloads\\outputs\\lc-balance-wc\\src\\app\\transaction-builder\\transaction-builder.component.ts","statementMap":{"0":{"start":{"line":1,"column":0},"end":{"line":1,"column":42}},"1":{"start":{"line":2,"column":0},"end":{"line":2,"column":47}},"2":{"start":{"line":3,"column":0},"end":{"line":3,"column":77}},"3":{"start":{"line":4,"column":0},"end":{"line":4,"column":67}},"4":{"start":{"line":5,"column":0},"end":{"line":5,"column":36}},"5":{"start":{"line":6,"column":0},"end":{"line":6,"column":49}},"6":{"start":{"line":7,"column":0},"end":{"line":7,"column":147}},"7":{"start":{"line":8,"column":0},"end":{"line":8,"column":64}},"8":{"start":{"line":9,"column":0},"end":{"line":9,"column":null}},"9":{"start":{"line":318,"column":31},"end":{"line":318,"column":62}},"10":{"start":{"line":55,"column":11},"end":{"line":55,"column":46}},"11":{"start":{"line":56,"column":11},"end":{"line":56,"column":46}},"12":{"start":{"line":67,"column":2},"end":{"line":67,"column":53}},"13":{"start":{"line":69,"column":2},"end":{"line":69,"column":54}},"14":{"start":{"line":71,"column":2},"end":{"line":71,"column":22}},"15":{"start":{"line":80,"column":2},"end":{"line":80,"column":49}},"16":{"start":{"line":82,"column":2},"end":{"line":82,"column":27}},"17":{"start":{"line":83,"column":2},"end":{"line":83,"column":87}},"18":{"start":{"line":84,"column":2},"end":{"line":84,"column":35}},"19":{"start":{"line":86,"column":2},"end":{"line":86,"column":60}},"20":{"start":{"line":87,"column":2},"end":{"line":87,"column":43}},"21":{"start":{"line":89,"column":2},"end":{"line":89,"column":18}},"22":{"start":{"line":90,"column":2},"end":{"line":90,"column":19}},"23":{"start":{"line":91,"column":11},"end":{"line":91,"column":32}},"24":{"start":{"line":100,"column":2},"end":{"line":100,"column":21}},"25":{"start":{"line":102,"column":2},"end":{"line":102,"column":56}},"26":{"start":{"line":104,"column":2},"end":{"line":104,"column":50}},"27":{"start":{"line":106,"column":2},"end":{"line":106,"column":53}},"28":{"start":{"line":107,"column":2},"end":{"line":107,"column":50}},"29":{"start":{"line":116,"column":2},"end":{"line":116,"column":66}},"30":{"start":{"line":117,"column":2},"end":{"line":117,"column":36}},"31":{"start":{"line":128,"column":2},"end":{"line":128,"column":41}},"32":{"start":{"line":129,"column":2},"end":{"line":129,"column":18}},"33":{"start":{"line":130,"column":2},"end":{"line":130,"column":19}},"34":{"start":{"line":131,"column":11},"end":{"line":131,"column":32}},"35":{"start":{"line":132,"column":2},"end":{"line":132,"column":56}},"36":{"start":{"line":144,"column":2},"end":{"line":144,"column":165}},"37":{"start":{"line":145,"column":2},"end":{"line":145,"column":36}},"38":{"start":{"line":157,"column":2},"end":{"line":157,"column":31}},"39":{"start":{"line":158,"column":2},"end":{"line":158,"column":34}},"40":{"start":{"line":159,"column":2},"end":{"line":159,"column":41}},"41":{"start":{"line":168,"column":2},"end":{"line":168,"column":29}},"42":{"start":{"line":180,"column":2},"end":{"line":180,"column":58}},"43":{"start":{"line":181,"column":2},"end":{"line":181,"column":26}},"44":{"start":{"line":190,"column":2},"end":{"line":190,"column":40}},"45":{"start":{"line":191,"column":2},"end":{"line":191,"column":31}},"46":{"start":{"line":192,"column":2},"end":{"line":192,"column":51}},"47":{"start":{"line":193,"column":2},"end":{"line":193,"column":51}},"48":{"start":{"line":195,"column":2},"end":{"line":195,"column":50}},"49":{"start":{"line":201,"column":2},"end":{"line":201,"column":53}},"50":{"start":{"line":208,"column":2},"end":{"line":208,"column":60}},"51":{"start":{"line":216,"column":2},"end":{"line":216,"column":45}},"52":{"start":{"line":224,"column":2},"end":{"line":224,"column":52}},"53":{"start":{"line":243,"column":2},"end":{"line":243,"column":23}},"54":{"start":{"line":250,"column":2},"end":{"line":250,"column":27}},"55":{"start":{"line":251,"column":2},"end":{"line":251,"column":49}},"56":{"start":{"line":252,"column":2},"end":{"line":252,"column":27}},"57":{"start":{"line":253,"column":2},"end":{"line":253,"column":43}},"58":{"start":{"line":254,"column":2},"end":{"line":254,"column":27}},"59":{"start":{"line":255,"column":2},"end":{"line":255,"column":25}},"60":{"start":{"line":256,"column":2},"end":{"line":256,"column":45}},"61":{"start":{"line":257,"column":2},"end":{"line":257,"column":22}},"62":{"start":{"line":258,"column":2},"end":{"line":258,"column":37}},"63":{"start":{"line":259,"column":2},"end":{"line":259,"column":25}},"64":{"start":{"line":261,"column":2},"end":{"line":261,"column":49}},"65":{"start":{"line":262,"column":2},"end":{"line":262,"column":40}},"66":{"start":{"line":264,"column":2},"end":{"line":264,"column":17}},"67":{"start":{"line":265,"column":2},"end":{"line":265,"column":18}},"68":{"start":{"line":266,"column":11},"end":{"line":266,"column":31}},"69":{"start":{"line":268,"column":2},"end":{"line":268,"column":20}},"70":{"start":{"line":270,"column":2},"end":{"line":270,"column":55}},"71":{"start":{"line":271,"column":2},"end":{"line":271,"column":48}},"72":{"start":{"line":272,"column":2},"end":{"line":272,"column":47}},"73":{"start":{"line":274,"column":2},"end":{"line":274,"column":21}},"74":{"start":{"line":275,"column":2},"end":{"line":275,"column":27}},"75":{"start":{"line":276,"column":2},"end":{"line":276,"column":36}},"76":{"start":{"line":277,"column":2},"end":{"line":277,"column":21}},"77":{"start":{"line":279,"column":2},"end":{"line":279,"column":26}},"78":{"start":{"line":281,"column":2},"end":{"line":281,"column":101}},"79":{"start":{"line":282,"column":2},"end":{"line":282,"column":75}},"80":{"start":{"line":283,"column":2},"end":{"line":283,"column":36}},"81":{"start":{"line":286,"column":2},"end":{"line":286,"column":30}},"82":{"start":{"line":298,"column":2},"end":{"line":298,"column":47}},"83":{"start":{"line":299,"column":2},"end":{"line":299,"column":49}},"84":{"start":{"line":300,"column":2},"end":{"line":300,"column":58}},"85":{"start":{"line":301,"column":2},"end":{"line":301,"column":33}},"86":{"start":{"line":302,"column":2},"end":{"line":302,"column":34}},"87":{"start":{"line":313,"column":2},"end":{"line":313,"column":41}},"88":{"start":{"line":314,"column":2},"end":{"line":314,"column":50}},"89":{"start":{"line":315,"column":2},"end":{"line":315,"column":25}},"90":{"start":{"line":316,"column":2},"end":{"line":316,"column":26}},"91":{"start":{"line":321,"column":4},"end":{"line":321,"column":93}},"92":{"start":{"line":325,"column":4},"end":{"line":325,"column":104}},"93":{"start":{"line":334,"column":4},"end":{"line":334,"column":76}},"94":{"start":{"line":338,"column":4},"end":{"line":338,"column":84}},"95":{"start":{"line":342,"column":4},"end":{"line":342,"column":97}},"96":{"start":{"line":347,"column":4},"end":{"line":347,"column":73}},"97":{"start":{"line":347,"column":41},"end":{"line":347,"column":73}},"98":{"start":{"line":348,"column":4},"end":{"line":348,"column":57}},"99":{"start":{"line":348,"column":33},"end":{"line":348,"column":57}},"100":{"start":{"line":349,"column":4},"end":{"line":349,"column":32}},"101":{"start":{"line":354,"column":4},"end":{"line":354,"column":72}},"102":{"start":{"line":354,"column":41},"end":{"line":354,"column":72}},"103":{"start":{"line":355,"column":4},"end":{"line":355,"column":56}},"104":{"start":{"line":355,"column":33},"end":{"line":355,"column":56}},"105":{"start":{"line":356,"column":4},"end":{"line":356,"column":47}},"106":{"start":{"line":360,"column":4},"end":{"line":360,"column":78}},"107":{"start":{"line":360,"column":41},"end":{"line":360,"column":78}},"108":{"start":{"line":361,"column":4},"end":{"line":361,"column":62}},"109":{"start":{"line":361,"column":33},"end":{"line":361,"column":62}},"110":{"start":{"line":362,"column":4},"end":{"line":362,"column":47}},"111":{"start":{"line":373,"column":21},"end":{"line":373,"column":92}},"112":{"start":{"line":374,"column":4},"end":{"line":377,"column":5}},"113":{"start":{"line":375,"column":23},"end":{"line":375,"column":73}},"114":{"start":{"line":376,"column":6},"end":{"line":376,"column":77}},"115":{"start":{"line":378,"column":4},"end":{"line":381,"column":5}},"116":{"start":{"line":379,"column":23},"end":{"line":379,"column":65}},"117":{"start":{"line":380,"column":6},"end":{"line":380,"column":77}},"118":{"start":{"line":382,"column":4},"end":{"line":382,"column":28}},"119":{"start":{"line":387,"column":21},"end":{"line":387,"column":48}},"120":{"start":{"line":390,"column":4},"end":{"line":390,"column":126}},"121":{"start":{"line":390,"column":113},"end":{"line":390,"column":126}},"122":{"start":{"line":391,"column":4},"end":{"line":391,"column":66}},"123":{"start":{"line":396,"column":4},"end":{"line":396,"column":68}},"124":{"start":{"line":400,"column":4},"end":{"line":400,"column":65}},"125":{"start":{"line":400,"column":40},"end":{"line":400,"column":65}},"126":{"start":{"line":402,"column":4},"end":{"line":402,"column":75}},"127":{"start":{"line":402,"column":50},"end":{"line":402,"column":75}},"128":{"start":{"line":403,"column":4},"end":{"line":403,"column":16}},"129":{"start":{"line":408,"column":4},"end":{"line":408,"column":80}},"130":{"start":{"line":412,"column":4},"end":{"line":412,"column":145}},"131":{"start":{"line":417,"column":4},"end":{"line":417,"column":95}},"132":{"start":{"line":429,"column":4},"end":{"line":429,"column":35}},"133":{"start":{"line":430,"column":4},"end":{"line":430,"column":85}},"134":{"start":{"line":434,"column":4},"end":{"line":434,"column":53}},"135":{"start":{"line":434,"column":27},"end":{"line":434,"column":53}},"136":{"start":{"line":438,"column":4},"end":{"line":438,"column":31}},"137":{"start":{"line":439,"column":4},"end":{"line":439,"column":38}},"138":{"start":{"line":440,"column":4},"end":{"line":440,"column":88}},"139":{"start":{"line":441,"column":4},"end":{"line":441,"column":56}},"140":{"start":{"line":441,"column":30},"end":{"line":441,"column":56}},"141":{"start":{"line":442,"column":4},"end":{"line":442,"column":29}},"142":{"start":{"line":443,"column":4},"end":{"line":443,"column":65}},"143":{"start":{"line":444,"column":4},"end":{"line":444,"column":80}},"144":{"start":{"line":447,"column":4},"end":{"line":447,"column":77}},"145":{"start":{"line":447,"column":46},"end":{"line":447,"column":77}},"146":{"start":{"line":448,"column":4},"end":{"line":448,"column":67}},"147":{"start":{"line":449,"column":4},"end":{"line":449,"column":73}},"148":{"start":{"line":450,"column":4},"end":{"line":450,"column":28}},"149":{"start":{"line":451,"column":4},"end":{"line":451,"column":33}},"150":{"start":{"line":452,"column":4},"end":{"line":452,"column":41}},"151":{"start":{"line":453,"column":4},"end":{"line":453,"column":69}},"152":{"start":{"line":454,"column":4},"end":{"line":454,"column":31}},"153":{"start":{"line":455,"column":4},"end":{"line":455,"column":28}},"154":{"start":{"line":456,"column":4},"end":{"line":456,"column":24}},"155":{"start":{"line":457,"column":4},"end":{"line":457,"column":25}},"156":{"start":{"line":458,"column":4},"end":{"line":458,"column":27}},"157":{"start":{"line":459,"column":4},"end":{"line":459,"column":25}},"158":{"start":{"line":460,"column":4},"end":{"line":460,"column":26}},"159":{"start":{"line":461,"column":4},"end":{"line":461,"column":28}},"160":{"start":{"line":462,"column":4},"end":{"line":462,"column":29}},"161":{"start":{"line":463,"column":4},"end":{"line":463,"column":25}},"162":{"start":{"line":464,"column":4},"end":{"line":464,"column":26}},"163":{"start":{"line":465,"column":4},"end":{"line":465,"column":33}},"164":{"start":{"line":466,"column":4},"end":{"line":466,"column":43}},"165":{"start":{"line":467,"column":4},"end":{"line":467,"column":31}},"166":{"start":{"line":468,"column":4},"end":{"line":468,"column":36}},"167":{"start":{"line":469,"column":4},"end":{"line":469,"column":36}},"168":{"start":{"line":470,"column":4},"end":{"line":470,"column":33}},"169":{"start":{"line":471,"column":4},"end":{"line":471,"column":29}},"170":{"start":{"line":472,"column":4},"end":{"line":472,"column":28}},"171":{"start":{"line":473,"column":4},"end":{"line":473,"column":28}},"172":{"start":{"line":474,"column":4},"end":{"line":474,"column":34}},"173":{"start":{"line":475,"column":4},"end":{"line":475,"column":34}},"174":{"start":{"line":476,"column":4},"end":{"line":476,"column":42}},"175":{"start":{"line":477,"column":4},"end":{"line":477,"column":45}},"176":{"start":{"line":478,"column":4},"end":{"line":478,"column":52}},"177":{"start":{"line":479,"column":4},"end":{"line":479,"column":37}},"178":{"start":{"line":480,"column":4},"end":{"line":480,"column":44}},"179":{"start":{"line":484,"column":4},"end":{"line":484,"column":32}},"180":{"start":{"line":485,"column":4},"end":{"line":485,"column":35}},"181":{"start":{"line":486,"column":4},"end":{"line":486,"column":27}},"182":{"start":{"line":487,"column":4},"end":{"line":487,"column":40}},"183":{"start":{"line":488,"column":4},"end":{"line":488,"column":29}},"184":{"start":{"line":490,"column":4},"end":{"line":497,"column":5}},"185":{"start":{"line":492,"column":6},"end":{"line":492,"column":52}},"186":{"start":{"line":493,"column":6},"end":{"line":493,"column":48}},"187":{"start":{"line":494,"column":6},"end":{"line":494,"column":27}},"188":{"start":{"line":501,"column":4},"end":{"line":501,"column":63}},"189":{"start":{"line":501,"column":56},"end":{"line":501,"column":63}},"190":{"start":{"line":502,"column":15},"end":{"line":502,"column":36}},"191":{"start":{"line":508,"column":4},"end":{"line":508,"column":50}},"192":{"start":{"line":509,"column":4},"end":{"line":509,"column":50}},"193":{"start":{"line":510,"column":4},"end":{"line":510,"column":25}},"194":{"start":{"line":520,"column":4},"end":{"line":538,"column":5}},"195":{"start":{"line":528,"column":6},"end":{"line":528,"column":73}},"196":{"start":{"line":529,"column":11},"end":{"line":538,"column":5}},"197":{"start":{"line":533,"column":6},"end":{"line":533,"column":73}},"198":{"start":{"line":534,"column":11},"end":{"line":538,"column":5}},"199":{"start":{"line":537,"column":6},"end":{"line":537,"column":73}},"200":{"start":{"line":539,"column":4},"end":{"line":539,"column":25}},"201":{"start":{"line":540,"column":4},"end":{"line":540,"column":83}},"202":{"start":{"line":540,"column":62},"end":{"line":540,"column":83}},"203":{"start":{"line":541,"column":4},"end":{"line":541,"column":71}},"204":{"start":{"line":541,"column":35},"end":{"line":541,"column":71}},"205":{"start":{"line":546,"column":4},"end":{"line":546,"column":19}},"206":{"start":{"line":547,"column":4},"end":{"line":547,"column":29}},"207":{"start":{"line":547,"column":22},"end":{"line":547,"column":29}},"208":{"start":{"line":548,"column":4},"end":{"line":555,"column":7}},"209":{"start":{"line":549,"column":22},"end":{"line":549,"column":96}},"210":{"start":{"line":549,"column":86},"end":{"line":549,"column":94}},"211":{"start":{"line":551,"column":6},"end":{"line":554,"column":9}},"212":{"start":{"line":552,"column":21},"end":{"line":552,"column":33}},"213":{"start":{"line":553,"column":8},"end":{"line":553,"column":56}},"214":{"start":{"line":553,"column":18},"end":{"line":553,"column":56}},"215":{"start":{"line":560,"column":4},"end":{"line":564,"column":5}},"216":{"start":{"line":561,"column":6},"end":{"line":561,"column":33}},"217":{"start":{"line":562,"column":6},"end":{"line":562,"column":28}},"218":{"start":{"line":563,"column":6},"end":{"line":563,"column":13}},"219":{"start":{"line":565,"column":4},"end":{"line":565,"column":28}},"220":{"start":{"line":566,"column":4},"end":{"line":577,"column":7}},"221":{"start":{"line":568,"column":8},"end":{"line":568,"column":45}},"222":{"start":{"line":569,"column":8},"end":{"line":569,"column":41}},"223":{"start":{"line":570,"column":8},"end":{"line":570,"column":68}},"224":{"start":{"line":571,"column":8},"end":{"line":571,"column":93}},"225":{"start":{"line":571,"column":55},"end":{"line":571,"column":93}},"226":{"start":{"line":574,"column":8},"end":{"line":574,"column":35}},"227":{"start":{"line":575,"column":8},"end":{"line":575,"column":30}},"228":{"start":{"line":582,"column":4},"end":{"line":582,"column":26}},"229":{"start":{"line":601,"column":4},"end":{"line":601,"column":35}},"230":{"start":{"line":602,"column":4},"end":{"line":602,"column":41}},"231":{"start":{"line":603,"column":4},"end":{"line":603,"column":29}},"232":{"start":{"line":603,"column":22},"end":{"line":603,"column":29}},"233":{"start":{"line":604,"column":4},"end":{"line":614,"column":7}},"234":{"start":{"line":605,"column":22},"end":{"line":605,"column":105}},"235":{"start":{"line":605,"column":88},"end":{"line":605,"column":103}},"236":{"start":{"line":607,"column":6},"end":{"line":613,"column":9}},"237":{"start":{"line":608,"column":24},"end":{"line":608,"column":117}},"238":{"start":{"line":608,"column":62},"end":{"line":608,"column":116}},"239":{"start":{"line":609,"column":8},"end":{"line":612,"column":9}},"240":{"start":{"line":610,"column":10},"end":{"line":610,"column":127}},"241":{"start":{"line":610,"column":82},"end":{"line":610,"column":124}},"242":{"start":{"line":611,"column":10},"end":{"line":611,"column":73}},"243":{"start":{"line":625,"column":65},"end":{"line":625,"column":67}},"244":{"start":{"line":626,"column":4},"end":{"line":629,"column":5}},"245":{"start":{"line":627,"column":24},"end":{"line":627,"column":83}},"246":{"start":{"line":628,"column":6},"end":{"line":628,"column":73}},"247":{"start":{"line":628,"column":33},"end":{"line":628,"column":73}},"248":{"start":{"line":630,"column":4},"end":{"line":633,"column":7}},"249":{"start":{"line":631,"column":17},"end":{"line":631,"column":93}},"250":{"start":{"line":632,"column":6},"end":{"line":632,"column":122}},"251":{"start":{"line":634,"column":4},"end":{"line":634,"column":16}},"252":{"start":{"line":646,"column":4},"end":{"line":646,"column":106}},"253":{"start":{"line":646,"column":62},"end":{"line":646,"column":96}},"254":{"start":{"line":647,"column":4},"end":{"line":647,"column":43}},"255":{"start":{"line":648,"column":4},"end":{"line":648,"column":79}},"256":{"start":{"line":649,"column":4},"end":{"line":649,"column":41}},"257":{"start":{"line":650,"column":4},"end":{"line":650,"column":41}},"258":{"start":{"line":664,"column":16},"end":{"line":664,"column":63}},"259":{"start":{"line":665,"column":4},"end":{"line":665,"column":32}},"260":{"start":{"line":665,"column":22},"end":{"line":665,"column":32}},"261":{"start":{"line":666,"column":4},"end":{"line":666,"column":93}},"262":{"start":{"line":670,"column":4},"end":{"line":670,"column":76}},"263":{"start":{"line":674,"column":4},"end":{"line":674,"column":71}},"264":{"start":{"line":674,"column":30},"end":{"line":674,"column":71}},"265":{"start":{"line":678,"column":4},"end":{"line":678,"column":92}},"266":{"start":{"line":678,"column":51},"end":{"line":678,"column":92}},"267":{"start":{"line":696,"column":15},"end":{"line":696,"column":36}},"268":{"start":{"line":697,"column":24},"end":{"line":697,"column":65}},"269":{"start":{"line":698,"column":4},"end":{"line":700,"column":5}},"270":{"start":{"line":699,"column":6},"end":{"line":699,"column":127}},"271":{"start":{"line":699,"column":32},"end":{"line":699,"column":125}},"272":{"start":{"line":701,"column":4},"end":{"line":701,"column":63}},"273":{"start":{"line":701,"column":51},"end":{"line":701,"column":63}},"274":{"start":{"line":702,"column":4},"end":{"line":702,"column":105}},"275":{"start":{"line":702,"column":93},"end":{"line":702,"column":105}},"276":{"start":{"line":703,"column":4},"end":{"line":706,"column":7}},"277":{"start":{"line":704,"column":19},"end":{"line":704,"column":65}},"278":{"start":{"line":705,"column":6},"end":{"line":705,"column":52}},"279":{"start":{"line":711,"column":4},"end":{"line":711,"column":31}},"280":{"start":{"line":714,"column":4},"end":{"line":714,"column":35}},"281":{"start":{"line":715,"column":4},"end":{"line":715,"column":27}},"282":{"start":{"line":720,"column":4},"end":{"line":720,"column":27}},"283":{"start":{"line":721,"column":4},"end":{"line":725,"column":5}},"284":{"start":{"line":722,"column":6},"end":{"line":722,"column":30}},"285":{"start":{"line":723,"column":6},"end":{"line":723,"column":27}},"286":{"start":{"line":724,"column":6},"end":{"line":724,"column":13}},"287":{"start":{"line":731,"column":4},"end":{"line":751,"column":9}},"288":{"start":{"line":743,"column":10},"end":{"line":743,"column":44}},"289":{"start":{"line":744,"column":10},"end":{"line":744,"column":42}},"290":{"start":{"line":745,"column":10},"end":{"line":745,"column":69}},"291":{"start":{"line":748,"column":10},"end":{"line":748,"column":34}},"292":{"start":{"line":749,"column":10},"end":{"line":749,"column":31}},"293":{"start":{"line":756,"column":4},"end":{"line":756,"column":27}},"294":{"start":{"line":760,"column":4},"end":{"line":760,"column":74}},"295":{"start":{"line":764,"column":4},"end":{"line":764,"column":70}},"296":{"start":{"line":764,"column":29},"end":{"line":764,"column":70}},"297":{"start":{"line":768,"column":4},"end":{"line":768,"column":90}},"298":{"start":{"line":768,"column":49},"end":{"line":768,"column":90}},"299":{"start":{"line":773,"column":4},"end":{"line":773,"column":73}},"300":{"start":{"line":773,"column":57},"end":{"line":773,"column":73}},"301":{"start":{"line":774,"column":4},"end":{"line":774,"column":80}},"302":{"start":{"line":774,"column":64},"end":{"line":774,"column":80}},"303":{"start":{"line":775,"column":4},"end":{"line":775,"column":21}},"304":{"start":{"line":793,"column":15},"end":{"line":793,"column":33}},"305":{"start":{"line":794,"column":4},"end":{"line":800,"column":5}},"306":{"start":{"line":795,"column":6},"end":{"line":797,"column":8}},"307":{"start":{"line":796,"column":15},"end":{"line":796,"column":120}},"308":{"start":{"line":798,"column":11},"end":{"line":800,"column":5}},"309":{"start":{"line":799,"column":6},"end":{"line":799,"column":73}},"310":{"start":{"line":799,"column":32},"end":{"line":799,"column":71}},"311":{"start":{"line":807,"column":4},"end":{"line":807,"column":125}},"312":{"start":{"line":807,"column":113},"end":{"line":807,"column":125}},"313":{"start":{"line":808,"column":4},"end":{"line":811,"column":7}},"314":{"start":{"line":809,"column":19},"end":{"line":809,"column":64}},"315":{"start":{"line":810,"column":6},"end":{"line":810,"column":52}},"316":{"start":{"line":822,"column":14},"end":{"line":822,"column":61}},"317":{"start":{"line":823,"column":4},"end":{"line":823,"column":41}},"318":{"start":{"line":823,"column":12},"end":{"line":823,"column":41}},"319":{"start":{"line":824,"column":4},"end":{"line":824,"column":105}},"320":{"start":{"line":824,"column":47},"end":{"line":824,"column":103}},"321":{"start":{"line":836,"column":4},"end":{"line":836,"column":39}},"322":{"start":{"line":837,"column":4},"end":{"line":839,"column":5}},"323":{"start":{"line":838,"column":6},"end":{"line":838,"column":76}},"324":{"start":{"line":851,"column":4},"end":{"line":851,"column":62}},"325":{"start":{"line":851,"column":52},"end":{"line":851,"column":62}},"326":{"start":{"line":852,"column":17},"end":{"line":852,"column":63}},"327":{"start":{"line":853,"column":4},"end":{"line":853,"column":61}},"328":{"start":{"line":853,"column":51},"end":{"line":853,"column":61}},"329":{"start":{"line":854,"column":16},"end":{"line":854,"column":63}},"330":{"start":{"line":855,"column":18},"end":{"line":855,"column":69}},"331":{"start":{"line":856,"column":4},"end":{"line":856,"column":90}},"332":{"start":{"line":861,"column":26},"end":{"line":861,"column":43}},"333":{"start":{"line":862,"column":23},"end":{"line":862,"column":66}},"334":{"start":{"line":863,"column":4},"end":{"line":863,"column":55}},"335":{"start":{"line":874,"column":4},"end":{"line":874,"column":55}},"336":{"start":{"line":878,"column":4},"end":{"line":878,"column":106}},"337":{"start":{"line":878,"column":62},"end":{"line":878,"column":96}},"338":{"start":{"line":882,"column":4},"end":{"line":884,"column":5}},"339":{"start":{"line":883,"column":6},"end":{"line":883,"column":98}},"340":{"start":{"line":885,"column":4},"end":{"line":885,"column":43}},"341":{"start":{"line":892,"column":4},"end":{"line":894,"column":5}},"342":{"start":{"line":893,"column":6},"end":{"line":893,"column":74}},"343":{"start":{"line":895,"column":4},"end":{"line":895,"column":79}},"344":{"start":{"line":895,"column":54},"end":{"line":895,"column":79}},"345":{"start":{"line":896,"column":4},"end":{"line":896,"column":32}},"346":{"start":{"line":919,"column":4},"end":{"line":919,"column":34}},"347":{"start":{"line":920,"column":4},"end":{"line":920,"column":34}},"348":{"start":{"line":921,"column":4},"end":{"line":921,"column":28}},"349":{"start":{"line":922,"column":21},"end":{"line":922,"column":63}},"350":{"start":{"line":923,"column":4},"end":{"line":923,"column":26}},"351":{"start":{"line":923,"column":19},"end":{"line":923,"column":26}},"352":{"start":{"line":924,"column":4},"end":{"line":924,"column":37}},"353":{"start":{"line":925,"column":4},"end":{"line":948,"column":7}},"354":{"start":{"line":927,"column":8},"end":{"line":931,"column":9}},"355":{"start":{"line":928,"column":10},"end":{"line":928,"column":44}},"356":{"start":{"line":929,"column":10},"end":{"line":929,"column":34}},"357":{"start":{"line":930,"column":10},"end":{"line":930,"column":17}},"358":{"start":{"line":932,"column":8},"end":{"line":942,"column":11}},"359":{"start":{"line":933,"column":34},"end":{"line":933,"column":108}},"360":{"start":{"line":933,"column":98},"end":{"line":933,"column":106}},"361":{"start":{"line":935,"column":10},"end":{"line":935,"column":44}},"362":{"start":{"line":936,"column":10},"end":{"line":939,"column":13}},"363":{"start":{"line":937,"column":25},"end":{"line":937,"column":37}},"364":{"start":{"line":938,"column":12},"end":{"line":938,"column":59}},"365":{"start":{"line":941,"column":10},"end":{"line":941,"column":111}},"366":{"start":{"line":941,"column":47},"end":{"line":941,"column":111}},"367":{"start":{"line":945,"column":8},"end":{"line":945,"column":42}},"368":{"start":{"line":946,"column":8},"end":{"line":946,"column":32}},"369":{"start":{"line":960,"column":4},"end":{"line":960,"column":104}},"370":{"start":{"line":960,"column":60},"end":{"line":960,"column":94}},"371":{"start":{"line":961,"column":4},"end":{"line":961,"column":34}},"372":{"start":{"line":962,"column":4},"end":{"line":965,"column":5}},"373":{"start":{"line":963,"column":6},"end":{"line":963,"column":27}},"374":{"start":{"line":964,"column":6},"end":{"line":964,"column":13}},"375":{"start":{"line":966,"column":4},"end":{"line":975,"column":7}},"376":{"start":{"line":968,"column":8},"end":{"line":968,"column":42}},"377":{"start":{"line":969,"column":8},"end":{"line":969,"column":29}},"378":{"start":{"line":972,"column":8},"end":{"line":972,"column":38}},"379":{"start":{"line":973,"column":8},"end":{"line":973,"column":29}},"380":{"start":{"line":984,"column":4},"end":{"line":984,"column":45}},"381":{"start":{"line":984,"column":33},"end":{"line":984,"column":45}},"382":{"start":{"line":985,"column":23},"end":{"line":985,"column":48}},"383":{"start":{"line":986,"column":4},"end":{"line":986,"column":84}},"384":{"start":{"line":986,"column":72},"end":{"line":986,"column":84}},"385":{"start":{"line":987,"column":4},"end":{"line":987,"column":89}},"386":{"start":{"line":992,"column":4},"end":{"line":992,"column":76}},"387":{"start":{"line":992,"column":64},"end":{"line":992,"column":76}},"388":{"start":{"line":993,"column":4},"end":{"line":993,"column":132}},"389":{"start":{"line":998,"column":4},"end":{"line":998,"column":76}},"390":{"start":{"line":998,"column":64},"end":{"line":998,"column":76}},"391":{"start":{"line":999,"column":4},"end":{"line":999,"column":117}},"392":{"start":{"line":1011,"column":4},"end":{"line":1011,"column":36}},"393":{"start":{"line":1012,"column":4},"end":{"line":1012,"column":36}},"394":{"start":{"line":1013,"column":4},"end":{"line":1016,"column":5}},"395":{"start":{"line":1014,"column":6},"end":{"line":1014,"column":33}},"396":{"start":{"line":1015,"column":6},"end":{"line":1015,"column":13}},"397":{"start":{"line":1021,"column":4},"end":{"line":1024,"column":5}},"398":{"start":{"line":1022,"column":6},"end":{"line":1022,"column":105}},"399":{"start":{"line":1023,"column":6},"end":{"line":1023,"column":13}},"400":{"start":{"line":1025,"column":4},"end":{"line":1025,"column":40}},"401":{"start":{"line":1029,"column":31},"end":{"line":1029,"column":86}},"402":{"start":{"line":1030,"column":4},"end":{"line":1041,"column":7}},"403":{"start":{"line":1032,"column":8},"end":{"line":1032,"column":45}},"404":{"start":{"line":1033,"column":8},"end":{"line":1033,"column":116}},"405":{"start":{"line":1033,"column":51},"end":{"line":1033,"column":114}},"406":{"start":{"line":1035,"column":8},"end":{"line":1035,"column":110}},"407":{"start":{"line":1035,"column":48},"end":{"line":1035,"column":110}},"408":{"start":{"line":1038,"column":8},"end":{"line":1038,"column":45}},"409":{"start":{"line":1039,"column":8},"end":{"line":1039,"column":35}},"410":{"start":{"line":1053,"column":21},"end":{"line":1053,"column":107}},"411":{"start":{"line":1054,"column":4},"end":{"line":1057,"column":5}},"412":{"start":{"line":1055,"column":6},"end":{"line":1055,"column":33}},"413":{"start":{"line":1056,"column":6},"end":{"line":1056,"column":13}},"414":{"start":{"line":1058,"column":31},"end":{"line":1058,"column":86}},"415":{"start":{"line":1059,"column":4},"end":{"line":1059,"column":40}},"416":{"start":{"line":1060,"column":4},"end":{"line":1096,"column":7}},"417":{"start":{"line":1062,"column":8},"end":{"line":1066,"column":9}},"418":{"start":{"line":1063,"column":10},"end":{"line":1063,"column":47}},"419":{"start":{"line":1064,"column":10},"end":{"line":1064,"column":37}},"420":{"start":{"line":1065,"column":10},"end":{"line":1065,"column":17}},"421":{"start":{"line":1067,"column":8},"end":{"line":1090,"column":11}},"422":{"start":{"line":1069,"column":12},"end":{"line":1076,"column":null}},"423":{"start":{"line":1075,"column":28},"end":{"line":1075,"column":126}},"424":{"start":{"line":1075,"column":45},"end":{"line":1075,"column":124}},"425":{"start":{"line":1076,"column":31},"end":{"line":1076,"column":46}},"426":{"start":{"line":1080,"column":10},"end":{"line":1080,"column":47}},"427":{"start":{"line":1085,"column":30},"end":{"line":1085,"column":92}},"428":{"start":{"line":1086,"column":10},"end":{"line":1088,"column":135}},"429":{"start":{"line":1088,"column":32},"end":{"line":1088,"column":133}},"430":{"start":{"line":1089,"column":10},"end":{"line":1089,"column":112}},"431":{"start":{"line":1089,"column":50},"end":{"line":1089,"column":112}},"432":{"start":{"line":1093,"column":8},"end":{"line":1093,"column":45}},"433":{"start":{"line":1094,"column":8},"end":{"line":1094,"column":35}},"434":{"start":{"line":1100,"column":4},"end":{"line":1100,"column":102}},"435":{"start":{"line":1100,"column":65},"end":{"line":1100,"column":92}},"436":{"start":{"line":1105,"column":4},"end":{"line":1117,"column":5}},"437":{"start":{"line":1106,"column":6},"end":{"line":1106,"column":85}},"438":{"start":{"line":1112,"column":6},"end":{"line":1114,"column":7}},"439":{"start":{"line":1113,"column":8},"end":{"line":1113,"column":86}},"440":{"start":{"line":1115,"column":6},"end":{"line":1115,"column":58}},"441":{"start":{"line":1116,"column":6},"end":{"line":1116,"column":27}},"442":{"start":{"line":1122,"column":4},"end":{"line":1122,"column":42}},"443":{"start":{"line":1122,"column":35},"end":{"line":1122,"column":42}},"444":{"start":{"line":1123,"column":4},"end":{"line":1123,"column":27}},"445":{"start":{"line":1124,"column":4},"end":{"line":1124,"column":28}},"446":{"start":{"line":1125,"column":4},"end":{"line":1140,"column":7}},"447":{"start":{"line":1127,"column":8},"end":{"line":1127,"column":32}},"448":{"start":{"line":1128,"column":8},"end":{"line":1128,"column":32}},"449":{"start":{"line":1129,"column":8},"end":{"line":1129,"column":47}},"450":{"start":{"line":1130,"column":8},"end":{"line":1130,"column":76}},"451":{"start":{"line":1134,"column":8},"end":{"line":1134,"column":45}},"452":{"start":{"line":1137,"column":8},"end":{"line":1137,"column":32}},"453":{"start":{"line":1138,"column":8},"end":{"line":1138,"column":61}},"454":{"start":{"line":1144,"column":4},"end":{"line":1147,"column":5}},"455":{"start":{"line":1145,"column":6},"end":{"line":1145,"column":43}},"456":{"start":{"line":1146,"column":6},"end":{"line":1146,"column":13}},"457":{"start":{"line":1148,"column":4},"end":{"line":1148,"column":32}},"458":{"start":{"line":1149,"column":4},"end":{"line":1188,"column":7}},"459":{"start":{"line":1151,"column":8},"end":{"line":1151,"column":37}},"460":{"start":{"line":1152,"column":8},"end":{"line":1152,"column":45}},"461":{"start":{"line":1161,"column":8},"end":{"line":1182,"column":9}},"462":{"start":{"line":1162,"column":10},"end":{"line":1162,"column":52}},"463":{"start":{"line":1163,"column":10},"end":{"line":1163,"column":31}},"464":{"start":{"line":1164,"column":15},"end":{"line":1182,"column":9}},"465":{"start":{"line":1170,"column":10},"end":{"line":1170,"column":52}},"466":{"start":{"line":1171,"column":10},"end":{"line":1171,"column":31}},"467":{"start":{"line":1172,"column":15},"end":{"line":1182,"column":9}},"468":{"start":{"line":1180,"column":10},"end":{"line":1180,"column":52}},"469":{"start":{"line":1181,"column":10},"end":{"line":1181,"column":31}},"470":{"start":{"line":1185,"column":8},"end":{"line":1185,"column":37}},"471":{"start":{"line":1186,"column":8},"end":{"line":1186,"column":45}},"472":{"start":{"line":1199,"column":4},"end":{"line":1199,"column":43}},"473":{"start":{"line":1199,"column":36},"end":{"line":1199,"column":43}},"474":{"start":{"line":1204,"column":4},"end":{"line":1206,"column":5}},"475":{"start":{"line":1205,"column":6},"end":{"line":1205,"column":71}},"476":{"start":{"line":1207,"column":4},"end":{"line":1207,"column":28}},"477":{"start":{"line":1208,"column":4},"end":{"line":1211,"column":5}},"478":{"start":{"line":1209,"column":6},"end":{"line":1209,"column":61}},"479":{"start":{"line":1210,"column":6},"end":{"line":1210,"column":13}},"480":{"start":{"line":1218,"column":4},"end":{"line":1221,"column":5}},"481":{"start":{"line":1219,"column":6},"end":{"line":1219,"column":167}},"482":{"start":{"line":1220,"column":6},"end":{"line":1220,"column":13}},"483":{"start":{"line":1222,"column":4},"end":{"line":1225,"column":5}},"484":{"start":{"line":1223,"column":6},"end":{"line":1223,"column":61}},"485":{"start":{"line":1224,"column":6},"end":{"line":1224,"column":13}},"486":{"start":{"line":1226,"column":4},"end":{"line":1301,"column":7}},"487":{"start":{"line":1238,"column":8},"end":{"line":1252,"column":9}},"488":{"start":{"line":1239,"column":10},"end":{"line":1250,"column":13}},"489":{"start":{"line":1240,"column":12},"end":{"line":1246,"column":13}},"490":{"start":{"line":1241,"column":28},"end":{"line":1243,"column":73}},"491":{"start":{"line":1244,"column":14},"end":{"line":1244,"column":212}},"492":{"start":{"line":1245,"column":14},"end":{"line":1245,"column":21}},"493":{"start":{"line":1247,"column":12},"end":{"line":1247,"column":45}},"494":{"start":{"line":1248,"column":12},"end":{"line":1248,"column":51}},"495":{"start":{"line":1249,"column":12},"end":{"line":1249,"column":40}},"496":{"start":{"line":1251,"column":10},"end":{"line":1251,"column":17}},"497":{"start":{"line":1253,"column":8},"end":{"line":1253,"column":41}},"498":{"start":{"line":1254,"column":8},"end":{"line":1254,"column":47}},"499":{"start":{"line":1255,"column":8},"end":{"line":1255,"column":36}},"500":{"start":{"line":1262,"column":25},"end":{"line":1262,"column":70}},"501":{"start":{"line":1263,"column":8},"end":{"line":1296,"column":9}},"502":{"start":{"line":1264,"column":10},"end":{"line":1294,"column":13}},"503":{"start":{"line":1274,"column":14},"end":{"line":1274,"column":51}},"504":{"start":{"line":1279,"column":14},"end":{"line":1287,"column":17}},"505":{"start":{"line":1280,"column":16},"end":{"line":1283,"column":17}},"506":{"start":{"line":1281,"column":18},"end":{"line":1281,"column":153}},"507":{"start":{"line":1282,"column":18},"end":{"line":1282,"column":25}},"508":{"start":{"line":1284,"column":16},"end":{"line":1284,"column":49}},"509":{"start":{"line":1285,"column":16},"end":{"line":1285,"column":55}},"510":{"start":{"line":1286,"column":16},"end":{"line":1286,"column":44}},"511":{"start":{"line":1290,"column":14},"end":{"line":1290,"column":43}},"512":{"start":{"line":1291,"column":14},"end":{"line":1291,"column":51}},"513":{"start":{"line":1292,"column":14},"end":{"line":1292,"column":83}},"514":{"start":{"line":1295,"column":10},"end":{"line":1295,"column":17}},"515":{"start":{"line":1297,"column":8},"end":{"line":1297,"column":37}},"516":{"start":{"line":1298,"column":8},"end":{"line":1298,"column":45}},"517":{"start":{"line":1299,"column":8},"end":{"line":1299,"column":61}},"518":{"start":{"line":1305,"column":4},"end":{"line":1305,"column":101}},"519":{"start":{"line":1305,"column":57},"end":{"line":1305,"column":91}},"520":{"start":{"line":1312,"column":4},"end":{"line":1314,"column":5}},"521":{"start":{"line":1313,"column":6},"end":{"line":1313,"column":73}},"522":{"start":{"line":1319,"column":4},"end":{"line":1327,"column":5}},"523":{"start":{"line":1320,"column":6},"end":{"line":1320,"column":79}},"524":{"start":{"line":1321,"column":6},"end":{"line":1321,"column":42}},"525":{"start":{"line":1322,"column":6},"end":{"line":1322,"column":42}},"526":{"start":{"line":1323,"column":6},"end":{"line":1323,"column":30}},"527":{"start":{"line":1324,"column":6},"end":{"line":1324,"column":35}},"528":{"start":{"line":1325,"column":6},"end":{"line":1325,"column":43}},"529":{"start":{"line":1326,"column":6},"end":{"line":1326,"column":30}},"530":{"start":{"line":1330,"column":4},"end":{"line":1332,"column":5}},"531":{"start":{"line":1331,"column":6},"end":{"line":1331,"column":71}},"532":{"start":{"line":1336,"column":4},"end":{"line":1338,"column":5}},"533":{"start":{"line":1337,"column":6},"end":{"line":1337,"column":75}},"534":{"start":{"line":1342,"column":4},"end":{"line":1346,"column":5}},"535":{"start":{"line":1343,"column":6},"end":{"line":1343,"column":72}},"536":{"start":{"line":1344,"column":6},"end":{"line":1344,"column":72}},"537":{"start":{"line":1345,"column":6},"end":{"line":1345,"column":27}},"538":{"start":{"line":1351,"column":4},"end":{"line":1351,"column":28}},"539":{"start":{"line":1352,"column":4},"end":{"line":1356,"column":5}},"540":{"start":{"line":1353,"column":6},"end":{"line":1353,"column":31}},"541":{"start":{"line":1354,"column":6},"end":{"line":1354,"column":28}},"542":{"start":{"line":1355,"column":6},"end":{"line":1355,"column":13}},"543":{"start":{"line":1357,"column":4},"end":{"line":1367,"column":7}},"544":{"start":{"line":1359,"column":8},"end":{"line":1359,"column":43}},"545":{"start":{"line":1360,"column":8},"end":{"line":1360,"column":41}},"546":{"start":{"line":1361,"column":8},"end":{"line":1361,"column":68}},"547":{"start":{"line":1364,"column":8},"end":{"line":1364,"column":33}},"548":{"start":{"line":1365,"column":8},"end":{"line":1365,"column":30}},"549":{"start":{"line":1371,"column":4},"end":{"line":1371,"column":76}},"550":{"start":{"line":1375,"column":4},"end":{"line":1375,"column":73}},"551":{"start":{"line":1375,"column":30},"end":{"line":1375,"column":73}},"552":{"start":{"line":1379,"column":4},"end":{"line":1379,"column":94}},"553":{"start":{"line":1379,"column":51},"end":{"line":1379,"column":94}},"554":{"start":{"line":1392,"column":15},"end":{"line":1392,"column":36}},"555":{"start":{"line":1393,"column":4},"end":{"line":1396,"column":5}},"556":{"start":{"line":1394,"column":6},"end":{"line":1394,"column":35}},"557":{"start":{"line":1395,"column":6},"end":{"line":1395,"column":13}},"558":{"start":{"line":1397,"column":36},"end":{"line":1397,"column":122}},"559":{"start":{"line":1398,"column":4},"end":{"line":1398,"column":42}},"560":{"start":{"line":1399,"column":4},"end":{"line":1434,"column":7}},"561":{"start":{"line":1401,"column":8},"end":{"line":1405,"column":null}},"562":{"start":{"line":1403,"column":12},"end":{"line":1403,"column":70}},"563":{"start":{"line":1403,"column":37},"end":{"line":1403,"column":68}},"564":{"start":{"line":1405,"column":27},"end":{"line":1405,"column":100}},"565":{"start":{"line":1409,"column":25},"end":{"line":1409,"column":37}},"566":{"start":{"line":1410,"column":6},"end":{"line":1414,"column":7}},"567":{"start":{"line":1411,"column":8},"end":{"line":1411,"column":47}},"568":{"start":{"line":1412,"column":8},"end":{"line":1412,"column":37}},"569":{"start":{"line":1413,"column":8},"end":{"line":1413,"column":15}},"570":{"start":{"line":1415,"column":6},"end":{"line":1433,"column":9}},"571":{"start":{"line":1417,"column":10},"end":{"line":1419,"column":null}},"572":{"start":{"line":1418,"column":27},"end":{"line":1418,"column":41}},"573":{"start":{"line":1419,"column":29},"end":{"line":1419,"column":37}},"574":{"start":{"line":1423,"column":8},"end":{"line":1423,"column":47}},"575":{"start":{"line":1424,"column":8},"end":{"line":1432,"column":14}},"576":{"start":{"line":1425,"column":126},"end":{"line":1425,"column":168}},"577":{"start":{"line":1426,"column":23},"end":{"line":1432,"column":12}},"578":{"start":{"line":1439,"column":19},"end":{"line":1439,"column":97}},"579":{"start":{"line":1439,"column":55},"end":{"line":1439,"column":96}},"580":{"start":{"line":1440,"column":4},"end":{"line":1440,"column":24}},"581":{"start":{"line":1440,"column":17},"end":{"line":1440,"column":24}},"582":{"start":{"line":1441,"column":4},"end":{"line":1441,"column":54}},"583":{"start":{"line":1442,"column":4},"end":{"line":1442,"column":280}},"584":{"start":{"line":1443,"column":4},"end":{"line":1443,"column":59}},"585":{"start":{"line":1444,"column":4},"end":{"line":1444,"column":43}},"586":{"start":{"line":1445,"column":4},"end":{"line":1445,"column":32}},"587":{"start":{"line":1450,"column":4},"end":{"line":1450,"column":120}},"588":{"start":{"line":1450,"column":93},"end":{"line":1450,"column":120}},"589":{"start":{"line":1451,"column":4},"end":{"line":1454,"column":7}},"590":{"start":{"line":1452,"column":19},"end":{"line":1452,"column":65}},"591":{"start":{"line":1453,"column":6},"end":{"line":1453,"column":52}},"592":{"start":{"line":1459,"column":4},"end":{"line":1459,"column":104}},"593":{"start":{"line":1459,"column":60},"end":{"line":1459,"column":94}},"594":{"start":{"line":1460,"column":4},"end":{"line":1460,"column":28}},"595":{"start":{"line":1461,"column":4},"end":{"line":1464,"column":5}},"596":{"start":{"line":1462,"column":6},"end":{"line":1462,"column":87}},"597":{"start":{"line":1463,"column":6},"end":{"line":1463,"column":87}},"598":{"start":{"line":1465,"column":4},"end":{"line":1465,"column":43}},"599":{"start":{"line":1466,"column":4},"end":{"line":1466,"column":32}},"600":{"start":{"line":1471,"column":4},"end":{"line":1471,"column":53}},"601":{"start":{"line":1483,"column":4},"end":{"line":1483,"column":89}},"602":{"start":{"line":1483,"column":33},"end":{"line":1483,"column":89}},"603":{"start":{"line":1484,"column":4},"end":{"line":1484,"column":73}},"604":{"start":{"line":1484,"column":33},"end":{"line":1484,"column":73}},"605":{"start":{"line":1485,"column":4},"end":{"line":1485,"column":127}},"606":{"start":{"line":1485,"column":33},"end":{"line":1485,"column":127}},"607":{"start":{"line":1486,"column":4},"end":{"line":1486,"column":62}},"608":{"start":{"line":1491,"column":18},"end":{"line":1491,"column":44}},"609":{"start":{"line":1492,"column":4},"end":{"line":1492,"column":28}},"610":{"start":{"line":1492,"column":16},"end":{"line":1492,"column":28}},"611":{"start":{"line":1493,"column":4},"end":{"line":1493,"column":71}},"612":{"start":{"line":1493,"column":33},"end":{"line":1493,"column":71}},"613":{"start":{"line":1494,"column":4},"end":{"line":1494,"column":123}},"614":{"start":{"line":1494,"column":33},"end":{"line":1494,"column":123}},"615":{"start":{"line":1495,"column":4},"end":{"line":1495,"column":60}},"616":{"start":{"line":1506,"column":4},"end":{"line":1506,"column":59}},"617":{"start":{"line":1516,"column":4},"end":{"line":1518,"column":13}},"618":{"start":{"line":1522,"column":4},"end":{"line":1524,"column":20}},"619":{"start":{"line":1534,"column":4},"end":{"line":1534,"column":52}},"620":{"start":{"line":1534,"column":39},"end":{"line":1534,"column":52}},"621":{"start":{"line":1535,"column":4},"end":{"line":1535,"column":96}},"622":{"start":{"line":1535,"column":83},"end":{"line":1535,"column":96}},"623":{"start":{"line":1536,"column":4},"end":{"line":1536,"column":115}},"624":{"start":{"line":1536,"column":103},"end":{"line":1536,"column":115}},"625":{"start":{"line":1543,"column":4},"end":{"line":1545,"column":5}},"626":{"start":{"line":1544,"column":6},"end":{"line":1544,"column":68}},"627":{"start":{"line":1546,"column":4},"end":{"line":1546,"column":17}},"628":{"start":{"line":1560,"column":4},"end":{"line":1560,"column":47}},"629":{"start":{"line":1574,"column":4},"end":{"line":1578,"column":6}},"630":{"start":{"line":1583,"column":4},"end":{"line":1583,"column":44}},"631":{"start":{"line":1583,"column":26},"end":{"line":1583,"column":44}},"632":{"start":{"line":1584,"column":4},"end":{"line":1586,"column":5}},"633":{"start":{"line":1585,"column":6},"end":{"line":1585,"column":55}},"634":{"start":{"line":1587,"column":4},"end":{"line":1587,"column":81}},"635":{"start":{"line":1587,"column":42},"end":{"line":1587,"column":81}},"636":{"start":{"line":1588,"column":4},"end":{"line":1588,"column":21}},"637":{"start":{"line":1611,"column":4},"end":{"line":1611,"column":35}},"638":{"start":{"line":1612,"column":4},"end":{"line":1612,"column":32}},"639":{"start":{"line":1613,"column":4},"end":{"line":1613,"column":27}},"640":{"start":{"line":1614,"column":4},"end":{"line":1614,"column":40}},"641":{"start":{"line":1615,"column":4},"end":{"line":1615,"column":39}},"642":{"start":{"line":1615,"column":32},"end":{"line":1615,"column":39}},"643":{"start":{"line":1616,"column":4},"end":{"line":1619,"column":5}},"644":{"start":{"line":1617,"column":6},"end":{"line":1617,"column":63}},"645":{"start":{"line":1618,"column":6},"end":{"line":1618,"column":13}},"646":{"start":{"line":1620,"column":27},"end":{"line":1620,"column":53}},"647":{"start":{"line":1621,"column":4},"end":{"line":1624,"column":5}},"648":{"start":{"line":1622,"column":6},"end":{"line":1622,"column":196}},"649":{"start":{"line":1623,"column":6},"end":{"line":1623,"column":13}},"650":{"start":{"line":1625,"column":4},"end":{"line":1625,"column":33}},"651":{"start":{"line":1626,"column":23},"end":{"line":1630,"column":6}},"652":{"start":{"line":1631,"column":21},"end":{"line":1631,"column":65}},"653":{"start":{"line":1632,"column":4},"end":{"line":1661,"column":7}},"654":{"start":{"line":1634,"column":8},"end":{"line":1634,"column":38}},"655":{"start":{"line":1635,"column":8},"end":{"line":1635,"column":40}},"656":{"start":{"line":1636,"column":8},"end":{"line":1636,"column":32}},"657":{"start":{"line":1639,"column":8},"end":{"line":1643,"column":9}},"658":{"start":{"line":1640,"column":10},"end":{"line":1640,"column":40}},"659":{"start":{"line":1641,"column":10},"end":{"line":1641,"column":70}},"660":{"start":{"line":1642,"column":10},"end":{"line":1642,"column":17}},"661":{"start":{"line":1649,"column":8},"end":{"line":1659,"column":11}},"662":{"start":{"line":1651,"column":12},"end":{"line":1651,"column":42}},"663":{"start":{"line":1652,"column":12},"end":{"line":1652,"column":44}},"664":{"start":{"line":1653,"column":12},"end":{"line":1653,"column":36}},"665":{"start":{"line":1656,"column":12},"end":{"line":1656,"column":42}},"666":{"start":{"line":1657,"column":12},"end":{"line":1657,"column":88}},"667":{"start":{"line":1666,"column":4},"end":{"line":1666,"column":92}},"668":{"start":{"line":1666,"column":75},"end":{"line":1666,"column":92}},"669":{"start":{"line":1670,"column":4},"end":{"line":1670,"column":73}},"670":{"start":{"line":1670,"column":46},"end":{"line":1670,"column":73}},"671":{"start":{"line":1671,"column":4},"end":{"line":1671,"column":26}},"672":{"start":{"line":1685,"column":21},"end":{"line":1685,"column":41}},"673":{"start":{"line":1686,"column":4},"end":{"line":1686,"column":56}},"674":{"start":{"line":1686,"column":49},"end":{"line":1686,"column":56}},"675":{"start":{"line":1687,"column":4},"end":{"line":1687,"column":36}},"676":{"start":{"line":1688,"column":4},"end":{"line":1688,"column":85}},"677":{"start":{"line":1689,"column":4},"end":{"line":1689,"column":30}},"678":{"start":{"line":1690,"column":4},"end":{"line":1690,"column":30}},"679":{"start":{"line":1691,"column":4},"end":{"line":1691,"column":21}},"680":{"start":{"line":1703,"column":21},"end":{"line":1703,"column":41}},"681":{"start":{"line":1704,"column":4},"end":{"line":1704,"column":26}},"682":{"start":{"line":1704,"column":19},"end":{"line":1704,"column":26}},"683":{"start":{"line":1705,"column":4},"end":{"line":1705,"column":36}},"684":{"start":{"line":1709,"column":4},"end":{"line":1709,"column":62}},"685":{"start":{"line":1710,"column":4},"end":{"line":1710,"column":27}},"686":{"start":{"line":1721,"column":4},"end":{"line":1721,"column":40}},"687":{"start":{"line":1722,"column":4},"end":{"line":1722,"column":27}},"688":{"start":{"line":1723,"column":4},"end":{"line":1723,"column":29}},"689":{"start":{"line":1724,"column":23},"end":{"line":1724,"column":45}},"690":{"start":{"line":1725,"column":4},"end":{"line":1725,"column":28}},"691":{"start":{"line":1725,"column":21},"end":{"line":1725,"column":28}},"692":{"start":{"line":1726,"column":4},"end":{"line":1726,"column":31}},"693":{"start":{"line":1727,"column":4},"end":{"line":1737,"column":7}},"694":{"start":{"line":1729,"column":8},"end":{"line":1729,"column":36}},"695":{"start":{"line":1730,"column":8},"end":{"line":1730,"column":76}},"696":{"start":{"line":1730,"column":52},"end":{"line":1730,"column":74}},"697":{"start":{"line":1731,"column":8},"end":{"line":1731,"column":35}},"698":{"start":{"line":1734,"column":8},"end":{"line":1734,"column":36}},"699":{"start":{"line":1735,"column":8},"end":{"line":1735,"column":31}},"700":{"start":{"line":1741,"column":4},"end":{"line":1741,"column":102}},"701":{"start":{"line":1741,"column":65},"end":{"line":1741,"column":92}},"702":{"start":{"line":1744,"column":4},"end":{"line":1744,"column":33}},"703":{"start":{"line":1774,"column":4},"end":{"line":1774,"column":46}},"704":{"start":{"line":1774,"column":39},"end":{"line":1774,"column":46}},"705":{"start":{"line":1775,"column":23},"end":{"line":1775,"column":62}},"706":{"start":{"line":1777,"column":4},"end":{"line":1781,"column":5}},"707":{"start":{"line":1778,"column":6},"end":{"line":1779,"column":25}},"708":{"start":{"line":1778,"column":32},"end":{"line":1778,"column":47}},"709":{"start":{"line":1779,"column":11},"end":{"line":1779,"column":25}},"710":{"start":{"line":1780,"column":6},"end":{"line":1780,"column":13}},"711":{"start":{"line":1786,"column":4},"end":{"line":1793,"column":5}},"712":{"start":{"line":1791,"column":6},"end":{"line":1791,"column":28}},"713":{"start":{"line":1792,"column":6},"end":{"line":1792,"column":13}},"714":{"start":{"line":1794,"column":4},"end":{"line":1794,"column":28}},"715":{"start":{"line":1795,"column":4},"end":{"line":1795,"column":29}},"716":{"start":{"line":1796,"column":16},"end":{"line":1798,"column":74}},"717":{"start":{"line":1799,"column":4},"end":{"line":1809,"column":7}},"718":{"start":{"line":1801,"column":8},"end":{"line":1801,"column":33}},"719":{"start":{"line":1802,"column":8},"end":{"line":1802,"column":47}},"720":{"start":{"line":1803,"column":8},"end":{"line":1803,"column":36}},"721":{"start":{"line":1806,"column":8},"end":{"line":1806,"column":33}},"722":{"start":{"line":1807,"column":8},"end":{"line":1807,"column":62}},"723":{"start":{"line":1818,"column":33},"end":{"line":1818,"column":110}},"724":{"start":{"line":1819,"column":33},"end":{"line":1819,"column":109}},"725":{"start":{"line":1829,"column":29},"end":{"line":1829,"column":103}},"726":{"start":{"line":1833,"column":37},"end":{"line":1833,"column":173}},"727":{"start":{"line":1834,"column":25},"end":{"line":1834,"column":69}},"728":{"start":{"line":1835,"column":24},"end":{"line":1835,"column":143}},"729":{"start":{"line":1836,"column":4},"end":{"line":1907,"column":6}},"730":{"start":{"line":1894,"column":46},"end":{"line":1894,"column":76}},"731":{"start":{"line":1895,"column":46},"end":{"line":1895,"column":99}},"732":{"start":{"line":1896,"column":42},"end":{"line":1896,"column":104}},"733":{"start":{"line":1898,"column":18},"end":{"line":1898,"column":108}},"734":{"start":{"line":1899,"column":40},"end":{"line":1899,"column":119}},"735":{"start":{"line":1900,"column":48},"end":{"line":1900,"column":103}},"736":{"start":{"line":1911,"column":4},"end":{"line":1913,"column":5}},"737":{"start":{"line":1912,"column":6},"end":{"line":1912,"column":105}},"738":{"start":{"line":1912,"column":29},"end":{"line":1912,"column":105}},"739":{"start":{"line":1917,"column":4},"end":{"line":1920,"column":5}},"740":{"start":{"line":1918,"column":6},"end":{"line":1918,"column":64}},"741":{"start":{"line":1919,"column":6},"end":{"line":1919,"column":13}},"742":{"start":{"line":1921,"column":4},"end":{"line":1924,"column":5}},"743":{"start":{"line":1922,"column":6},"end":{"line":1922,"column":109}},"744":{"start":{"line":1923,"colu
[...]
umn":44}},"type":"binary-expr","locations":[{"start":{"line":2696,"column":16},"end":{"line":2696,"column":36}},{"start":{"line":2696,"column":40},"end":{"line":2696,"column":44}}]},"406":{"loc":{"start":{"line":2697,"column":16},"end":{"line":2697,"column":44}},"type":"binary-expr","locations":[{"start":{"line":2697,"column":16},"end":{"line":2697,"column":36}},{"start":{"line":2697,"column":40},"end":{"line":2697,"column":44}}]},"407":{"loc":{"start":{"line":2702,"column":46},"end":{"line":2702,"column":79}},"type":"binary-expr","locations":[{"start":{"line":2702,"column":46},"end":{"line":2702,"column":64}},{"start":{"line":2702,"column":68},"end":{"line":2702,"column":79}}]},"408":{"loc":{"start":{"line":2715,"column":8},"end":{"line":2723,"column":9}},"type":"if","locations":[{"start":{"line":2715,"column":8},"end":{"line":2723,"column":9}}]},"409":{"loc":{"start":{"line":2719,"column":14},"end":{"line":2719,"column":108}},"type":"if","locations":[{"start":{"line":2719,"column":14},"end":{"line":2719,"column":108}}]},"410":{"loc":{"start":{"line":2726,"column":8},"end":{"line":2734,"column":9}},"type":"if","locations":[{"start":{"line":2726,"column":8},"end":{"line":2734,"column":9}}]},"411":{"loc":{"start":{"line":2730,"column":14},"end":{"line":2730,"column":100}},"type":"if","locations":[{"start":{"line":2730,"column":14},"end":{"line":2730,"column":100}}]},"412":{"loc":{"start":{"line":2736,"column":42},"end":{"line":2736,"column":75}},"type":"binary-expr","locations":[{"start":{"line":2736,"column":42},"end":{"line":2736,"column":60}},{"start":{"line":2736,"column":64},"end":{"line":2736,"column":75}}]},"413":{"loc":{"start":{"line":2743,"column":4},"end":{"line":2745,"column":5}},"type":"if","locations":[{"start":{"line":2743,"column":4},"end":{"line":2745,"column":5}}]},"414":{"loc":{"start":{"line":2743,"column":8},"end":{"line":2743,"column":106}},"type":"binary-expr","locations":[{"start":{"line":2743,"column":8},"end":{"line":2743,"column":28}},{"start":{"line":2743,"column":32},"end":{"line":2743,"column":62}},{"start":{"line":2743,"column":66},"end":{"line":2743,"column":106}}]},"415":{"loc":{"start":{"line":2746,"column":4},"end":{"line":2748,"column":5}},"type":"if","locations":[{"start":{"line":2746,"column":4},"end":{"line":2748,"column":5}}]},"416":{"loc":{"start":{"line":2746,"column":8},"end":{"line":2746,"column":82}},"type":"binary-expr","locations":[{"start":{"line":2746,"column":8},"end":{"line":2746,"column":20}},{"start":{"line":2746,"column":24},"end":{"line":2746,"column":46}},{"start":{"line":2746,"column":50},"end":{"line":2746,"column":82}}]},"417":{"loc":{"start":{"line":2753,"column":28},"end":{"line":2753,"column":103}},"type":"binary-expr","locations":[{"start":{"line":2753,"column":28},"end":{"line":2753,"column":95}},{"start":{"line":2753,"column":99},"end":{"line":2753,"column":103}}]},"418":{"loc":{"start":{"line":2754,"column":4},"end":{"line":2758,"column":5}},"type":"if","locations":[{"start":{"line":2754,"column":4},"end":{"line":2758,"column":5}}]},"419":{"loc":{"start":{"line":2771,"column":36},"end":{"line":2771,"column":119}},"type":"binary-expr","locations":[{"start":{"line":2771,"column":36},"end":{"line":2771,"column":111}},{"start":{"line":2771,"column":115},"end":{"line":2771,"column":119}}]},"420":{"loc":{"start":{"line":2772,"column":4},"end":{"line":2776,"column":5}},"type":"if","locations":[{"start":{"line":2772,"column":4},"end":{"line":2776,"column":5}}]}},"s":{"0":4,"1":4,"2":4,"3":4,"4":4,"5":4,"6":4,"7":4,"8":4,"9":281,"10":281,"11":281,"12":281,"13":281,"14":281,"15":281,"16":281,"17":281,"18":281,"19":281,"20":281,"21":281,"22":281,"23":281,"24":281,"25":281,"26":281,"27":281,"28":281,"29":281,"30":281,"31":281,"32":281,"33":281,"34":281,"35":281,"36":281,"37":281,"38":281,"39":281,"40":281,"41":281,"42":281,"43":281,"44":281,"45":281,"46":281,"47":281,"48":281,"49":281,"50":281,"51":281,"52":281,"53":281,"54":281,"55":281,"56":281,"57":281,"58":281,"59":281,"60":281,"61":281,"62":281,"63":281,"64":281,"65":281,"66":281,"67":281,"68":281,"69":281,"70":281,"71":281,"72":281,"73":281,"74":281,"75":281,"76":281,"77":281,"78":281,"79":281,"80":281,"81":281,"82":281,"83":281,"84":281,"85":281,"86":281,"87":281,"88":281,"89":281,"90":281,"91":887,"92":282,"93":5,"94":106,"95":2,"96":3,"97":1,"98":2,"99":1,"100":1,"101":3,"102":1,"103":2,"104":1,"105":1,"106":3,"107":1,"108":2,"109":1,"110":1,"111":6,"112":6,"113":2,"114":2,"115":4,"116":2,"117":2,"118":2,"119":5,"120":5,"121":2,"122":3,"123":3,"124":44,"125":38,"126":6,"127":1,"128":5,"129":229,"130":221,"131":3,"132":4,"133":4,"134":4,"135":2,"136":189,"137":189,"138":189,"139":189,"140":58,"141":189,"142":189,"143":189,"144":189,"145":17,"146":189,"147":189,"148":189,"149":189,"150":189,"151":189,"152":189,"153":189,"154":189,"155":189,"156":189,"157":189,"158":189,"159":189,"160":189,"161":189,"162":189,"163":189,"164":189,"165":189,"166":189,"167":189,"168":189,"169":189,"170":189,"171":189,"172":189,"173":189,"174":189,"175":189,"176":189,"177":189,"178":189,"179":189,"180":189,"181":189,"182":189,"183":189,"184":189,"185":152,"186":152,"187":152,"188":24,"189":2,"190":22,"191":22,"192":22,"193":22,"194":174,"195":1,"196":173,"197":1,"198":172,"199":1,"200":174,"201":174,"202":71,"203":174,"204":86,"205":173,"206":173,"207":163,"208":10,"209":11,"210":1,"211":10,"212":11,"213":11,"214":10,"215":84,"216":3,"217":3,"218":3,"219":81,"220":81,"221":78,"222":78,"223":78,"224":78,"225":18,"226":3,"227":3,"228":2,"229":18,"230":18,"231":18,"232":13,"233":5,"234":6,"235":1,"236":5,"237":6,"238":4,"239":6,"240":3,"241":3,"242":3,"243":4,"244":4,"245":4,"246":4,"247":4,"248":4,"249":2,"250":2,"251":4,"252":3,"253":3,"254":3,"255":3,"256":3,"257":3,"258":3,"259":3,"260":1,"261":2,"262":4,"263":2,"264":1,"265":2,"266":1,"267":9,"268":9,"269":9,"270":7,"271":10,"272":9,"273":6,"274":3,"275":2,"276":1,"277":3,"278":3,"279":89,"280":89,"281":89,"282":92,"283":92,"284":1,"285":1,"286":1,"287":91,"288":90,"289":90,"290":90,"291":1,"292":1,"293":1,"294":4,"295":2,"296":1,"297":2,"298":1,"299":94,"300":22,"301":72,"302":43,"303":29,"304":3,"305":3,"306":1,"307":4,"308":2,"309":1,"310":3,"311":3,"312":1,"313":2,"314":3,"315":3,"316":6,"317":6,"318":1,"319":5,"320":9,"321":3,"322":3,"323":1,"324":10,"325":2,"326":8,"327":8,"328":4,"329":4,"330":4,"331":4,"332":4,"333":4,"334":4,"335":8,"336":9,"337":8,"338":9,"339":2,"340":9,"341":9,"342":4,"343":9,"344":2,"345":9,"346":3,"347":3,"348":3,"349":3,"350":3,"351":0,"352":3,"353":3,"354":2,"355":1,"356":1,"357":1,"358":1,"359":1,"360":0,"361":1,"362":1,"363":1,"364":1,"365":1,"366":1,"367":1,"368":1,"369":4,"370":4,"371":4,"372":4,"373":1,"374":1,"375":3,"376":2,"377":2,"378":1,"379":1,"380":15,"381":1,"382":14,"383":14,"384":4,"385":10,"386":3,"387":1,"388":2,"389":3,"390":1,"391":2,"392":10,"393":10,"394":10,"395":1,"396":1,"397":9,"398":4,"399":4,"400":5,"401":5,"402":5,"403":4,"404":4,"405":3,"406":4,"407":2,"408":1,"409":1,"410":7,"411":7,"412":1,"413":1,"414":6,"415":6,"416":6,"417":5,"418":2,"419":2,"420":2,"421":3,"422":3,"423":2,"424":2,"425":1,"426":3,"427":3,"428":3,"429":2,"430":3,"431":1,"432":1,"433":1,"434":12,"435":11,"436":12,"437":6,"438":6,"439":3,"440":6,"441":6,"442":5,"443":1,"444":4,"445":4,"446":4,"447":2,"448":2,"449":2,"450":2,"451":2,"452":2,"453":2,"454":55,"455":23,"456":23,"457":32,"458":32,"459":30,"460":30,"461":30,"462":4,"463":4,"464":26,"465":2,"466":2,"467":24,"468":4,"469":4,"470":2,"471":2,"472":13,"473":1,"474":12,"475":4,"476":12,"477":12,"478":1,"479":1,"480":11,"481":1,"482":1,"483":10,"484":1,"485":1,"486":9,"487":4,"488":3,"489":3,"490":1,"491":1,"492":1,"493":2,"494":2,"495":2,"496":3,"497":1,"498":1,"499":1,"500":5,"501":5,"502":3,"503":2,"504":2,"505":2,"506":1,"507":1,"508":1,"509":1,"510":1,"511":1,"512":1,"513":1,"514":3,"515":2,"516":2,"517":2,"518":7,"519":6,"520":7,"521":2,"522":7,"523":4,"524":4,"525":4,"526":4,"527":4,"528":4,"529":4,"530":7,"531":1,"532":7,"533":3,"534":7,"535":1,"536":1,"537":1,"538":7,"539":7,"540":1,"541":1,"542":1,"543":6,"544":5,"545":5,"546":5,"547":1,"548":1,"549":3,"550":2,"551":1,"552":3,"553":2,"554":3,"555":3,"556":0,"557":0,"558":3,"559":3,"560":3,"561":3,"562":2,"563":2,"564":1,"565":3,"566":3,"567":1,"568":1,"569":1,"570":2,"571":2,"572":1,"573":1,"574":2,"575":2,"576":2,"577":1,"578":2,"579":2,"580":2,"581":1,"582":1,"583":1,"584":1,"585":1,"586":1,"587":2,"588":1,"589":1,"590":2,"591":2,"592":2,"593":2,"594":2,"595":2,"596":1,"597":1,"598":2,"599":2,"600":144,"601":98,"602":8,"603":90,"604":8,"605":82,"606":28,"607":54,"608":33,"609":33,"610":19,"611":14,"612":2,"613":12,"614":10,"615":2,"616":33,"617":77,"618":7,"619":16,"620":2,"621":14,"622":7,"623":7,"624":4,"625":3,"626":2,"627":1,"628":3,"629":6,"630":5,"631":1,"632":4,"633":1,"634":3,"635":1,"636":2,"637":35,"638":35,"639":35,"640":35,"641":35,"642":2,"643":33,"644":1,"645":1,"646":32,"647":32,"648":2,"649":2,"650":30,"651":30,"652":30,"653":30,"654":26,"655":26,"656":26,"657":4,"658":1,"659":1,"660":1,"661":3,"662":2,"663":2,"664":2,"665":1,"666":1,"667":36,"668":6,"669":30,"670":5,"671":25,"672":47,"673":47,"674":11,"675":36,"676":36,"677":36,"678":36,"679":36,"680":44,"681":44,"682":17,"683":27,"684":27,"685":27,"686":31,"687":31,"688":31,"689":31,"690":31,"691":1,"692":30,"693":30,"694":28,"695":28,"696":7,"697":28,"698":2,"699":2,"700":2,"701":3,"702":2,"703":9,"704":1,"705":8,"706":8,"707":2,"708":1,"709":1,"710":2,"711":6,"712":2,"713":2,"714":4,"715":4,"716":4,"717":4,"718":3,"719":3,"720":3,"721":1,"722":1,"723":195,"724":195,"725":195,"726":195,"727":195,"728":195,"729":195,"730":3,"731":3,"732":2,"733":2,"734":2,"735":2,"736":195,"737":1560,"738":884,"739":37,"740":1,"741":1,"742":36,"743":1,"744":1,"745":35,"746":1,"747":1,"748":34,"749":1,"750":1,"751":33,"752":1,"753":1,"754":32,"755":1,"756":1,"757":31,"758":1,"759":1,"760":30,"761":4,"762":2,"763":2,"764":1,"765":1,"766":29,"767":1,"768":1,"769":28,"770":1,"771":1,"772":27,"773":4,"774":1,"775":1,"776":3,"777":3,"778":1,"779":1,"780":2,"781":25,"782":6,"783":1,"784":1,"785":5,"786":5,"787":1,"788":1,"789":4,"790":23,"791":23,"792":1,"793":23,"794":12,"795":23,"796":4,"797":4,"798":2,"799":23,"800":5,"801":18,"802":17,"803":1,"804":1,"805":22,"806":1,"807":22,"808":1,"809":22,"810":22,"811":22,"812":22,"813":22,"814":22,"815":3,"816":3,"817":3,"818":3,"819":3,"820":3,"821":2,"822":2,"823":1,"824":1,"825":1,"826":1,"827":1,"828":1,"829":1,"830":1,"831":1,"832":1,"833":3,"834":19,"835":3,"836":3,"837":3,"838":3,"839":2,"840":2,"841":2,"842":1,"843":1,"844":1,"845":1,"846":1,"847":1,"848":1,"849":1,"850":1,"851":1,"852":3,"853":16,"854":4,"855":4,"856":4,"857":4,"858":3,"859":3,"860":3,"861":2,"862":2,"863":2,"864":1,"865":1,"866":1,"867":1,"868":1,"869":1,"870":1,"871":1,"872":1,"873":1,"874":1,"875":1,"876":4,"877":12,"878":4,"879":4,"880":4,"881":4,"882":3,"883":3,"884":2,"885":2,"886":1,"887":1,"888":1,"889":1,"890":1,"891":1,"892":1,"893":1,"894":1,"895":1,"896":1,"897":1,"898":4,"899":8,"900":7,"901":7,"902":7,"903":7,"904":7,"905":1,"906":1,"907":1,"908":4,"909":2,"910":2,"911":2,"912":1,"913":1,"914":1,"915":1,"916":1,"917":1,"918":2,"919":2,"920":17,"921":1,"922":16,"923":16,"924":16,"925":16,"926":8,"927":7,"928":1,"929":1,"930":8,"931":8,"932":2,"933":1,"934":1,"935":1,"936":2,"937":6,"938":3,"939":2,"940":1,"941":1,"942":3,"943":3,"944":2,"945":2,"946":2,"947":2,"948":1,"949":1,"950":2,"951":1,"952":1,"953":1,"954":1,"955":1,"956":1,"957":1,"958":3,"959":1,"960":2,"961":2,"962":2,"963":1,"964":1,"965":1,"966":1,"967":1,"968":1,"969":1,"970":1,"971":7,"972":6,"973":2,"974":2,"975":4,"976":3,"977":3,"978":1,"979":1,"980":1,"981":1,"982":1,"983":1,"984":1,"985":3,"986":2,"987":1,"988":1,"989":2,"990":1,"991":1,"992":1,"993":1,"994":1,"995":1,"996":1,"997":1,"998":1,"999":1,"1000":1,"1001":1,"1002":1,"1003":3,"1004":1,"1005":2,"1006":2,"1007":1,"1008":1,"1009":1,"1010":1,"1011":1,"1012":1,"1013":13,"1014":2,"1015":11,"1016":11,"1017":11,"1018":11,"1019":6,"1020":5,"1021":5,"1022":5,"1023":5,"1024":5,"1025":1,"1026":1,"1027":11,"1028":2,"1029":1,"1030":1,"1031":1,"1032":2,"1033":9,"1034":2,"1035":1,"1036":1,"1037":1,"1038":2,"1039":7,"1040":3,"1041":2,"1042":1,"1043":1,"1044":1,"1045":1,"1046":1,"1047":3,"1048":4,"1049":2,"1050":1,"1051":1,"1052":1,"1053":2,"1054":2,"1055":45,"1056":45,"1057":45,"1058":45,"1059":45,"1060":45,"1061":45,"1062":45,"1063":45,"1064":45,"1065":45,"1066":45,"1067":45,"1068":44,"1069":42,"1070":2,"1071":44,"1072":43,"1073":2,"1074":1,"1075":44,"1076":44,"1077":39,"1078":37,"1079":37,"1080":1,"1081":2,"1082":44,"1083":38,"1084":36,"1085":36,"1086":2,"1087":2,"1088":1,"1089":5,"1090":5,"1091":1,"1092":5,"1093":1,"1094":6,"1095":6,"1096":6,"1097":1,"1098":1,"1099":1,"1100":5,"1101":4,"1102":1,"1103":5,"1104":4,"1105":1,"1106":1,"1107":5,"1108":5,"1109":5,"1110":1,"1111":1,"1112":1,"1113":4,"1114":3,"1115":1,"1116":4,"1117":3,"1118":1,"1119":1,"1120":4,"1121":4},"f":{"0":281,"1":887,"2":282,"3":5,"4":106,"5":2,"6":3,"7":3,"8":3,"9":6,"10":5,"11":3,"12":44,"13":229,"14":221,"15":3,"16":4,"17":189,"18":24,"19":174,"20":173,"21":11,"22":1,"23":10,"24":11,"25":84,"26":78,"27":3,"28":2,"29":18,"30":6,"31":1,"32":5,"33":6,"34":4,"35":3,"36":4,"37":2,"38":3,"39":3,"40":3,"41":4,"42":2,"43":2,"44":9,"45":10,"46":3,"47":89,"48":92,"49":90,"50":1,"51":1,"52":4,"53":2,"54":2,"55":94,"56":3,"57":4,"58":3,"59":3,"60":6,"61":9,"62":3,"63":10,"64":4,"65":8,"66":9,"67":8,"68":3,"69":2,"70":1,"71":0,"72":1,"73":1,"74":1,"75":4,"76":4,"77":2,"78":1,"79":15,"80":3,"81":3,"82":10,"83":4,"84":3,"85":1,"86":7,"87":5,"88":3,"89":2,"90":2,"91":1,"92":3,"93":2,"94":1,"95":12,"96":11,"97":5,"98":2,"99":2,"100":55,"101":30,"102":2,"103":13,"104":4,"105":3,"106":5,"107":2,"108":2,"109":1,"110":7,"111":6,"112":7,"113":5,"114":1,"115":3,"116":2,"117":3,"118":3,"119":3,"120":2,"121":2,"122":1,"123":3,"124":2,"125":1,"126":1,"127":2,"128":2,"129":1,"130":2,"131":2,"132":2,"133":2,"134":2,"135":2,"136":144,"137":98,"138":33,"139":33,"140":77,"141":7,"142":16,"143":3,"144":6,"145":5,"146":35,"147":26,"148":4,"149":2,"150":1,"151":36,"152":47,"153":44,"154":31,"155":28,"156":7,"157":2,"158":2,"159":3,"160":9,"161":3,"162":1,"163":195,"164":3,"165":3,"166":2,"167":2,"168":2,"169":2,"170":37,"171":2,"172":1,"173":1,"174":1,"175":2,"176":1,"177":1,"178":1,"179":3,"180":2,"181":1,"182":1,"183":1,"184":1,"185":3,"186":2,"187":1,"188":1,"189":1,"190":1,"191":7,"192":1,"193":4,"194":1,"195":1,"196":17,"197":7,"198":1,"199":1,"200":1,"201":2,"202":1,"203":2,"204":1,"205":2,"206":1,"207":1,"208":3,"209":2,"210":1,"211":1,"212":7,"213":6,"214":1,"215":3,"216":2,"217":1,"218":2,"219":1,"220":1,"221":1,"222":3,"223":1,"224":1,"225":13,"226":6,"227":5,"228":1,"229":1,"230":1,"231":1,"232":1,"233":2,"234":1,"235":1,"236":1,"237":1,"238":1,"239":45,"240":44,"241":42,"242":2,"243":43,"244":2,"245":1,"246":37,"247":2,"248":36,"249":2,"250":1,"251":5,"252":6,"253":6,"254":4,"255":1,"256":4,"257":1,"258":1,"259":5,"260":5,"261":3,"262":1,"263":3,"264":1,"265":1},"b":{"0":[887,852],"1":[268,14],"2":[2,3],"3":[106,105],"4":[1,1],"5":[1],"6":[1],"7":[1],"8":[1],"9":[1,0],"10":[1],"11":[1],"12":[1,0],"13":[6,1],"14":[2],"15":[1,1],"16":[2],"17":[1,1],"18":[2],"19":[5,4,2],"20":[3,3],"21":[38],"22":[1],"23":[229,226],"24":[221,219,219],"25":[3,2,1],"26":[2,2],"27":[2],"28":[131,58],"29":[58],"30":[189,119],"31":[17],"32":[189,174],"33":[189,100],"34":[152,37],"35":[2],"36":[24,23],"37":[1,173],"38":[174,34],"39":[1,172],"40":[173,13],"41":[1],"42":[172,27,21],"43":[71],"44":[174,126],"45":[86],"46":[163],"47":[10],"48":[74],"49":[3],"50":[84,82],"51":[81,79],"52":[18],"53":[13],"54":[6,0],"55":[4,3],"56":[3],"57":[3,2],"58":[4,1],"59":[1,1],"60":[1,0],"61":[1,0],"62":[3,1],"63":[3,1],"64":[1],"65":[1,1],"66":[1],"67":[1],"68":[7],"69":[10,5],"70":[3,2],"71":[6],"72":[2],"73":[3,1],"74":[3,2],"75":[1],"76":[91,90],"77":[1],"78":[1],"79":[22],"80":[43],"81":[1,2],"82":[4,3,2,2],"83":[1],"84":[3,2],"85":[1],"86":[3,2],"87":[3,2],"88":[1],"89":[9,0],"90":[1],"91":[2],"92":[4],"93":[8,6],"94":[2,2],"95":[4,4],"96":[2,2],"97":[2,6],"98":[9,1],"99":[2],"100":[9,2],"101":[1,1],"102":[4],"103":[9,7],"104":[2],"105":[0],"106":[1],"107":[1,1],"108":[1],"109":[4,1],"110":[1],"111":[1],"112":[4],"113":[14,13,12],"114":[1],"115":[3,2],"116":[1,1],"117":[1],"118":[3,2],"119":[1],"120":[4],"121":[5,3],"122":[3,2],"123":[2],"124":[7,1],"125":[1],"126":[6,0],"127":[2],"128":[2,2],"129":[2,2,2,2],"130":[1],"131":[12,2],"132":[6],"133":[12,7],"134":[6,1],"135":[3],"136":[3,1],"137":[1],"138":[3,1],"139":[2,1],"140":[23],"141":[4,26],"142":[2,24],"143":[26,3],"144":[4],"145":[1],"146":[4],"147":[1],"148":[1],"149":[11,6],"150":[1],"151":[10,5],"152":[9,4],"153":[9,5],"154":[3],"155":[4,4],"156":[1],"157":[1,0],"158":[1,0],"159":[1,0],"160":[3],"161":[3,0],"162":[3,3],"163":[1],"164":[1,0],"165":[2,0],"166":[7,1],"167":[2],"168":[7,3],"169":[4],"170":[7,4],"171":[1],"172":[7,2],"173":[3],"174":[7,3],"175":[1],"176":[7,2,2,2],"177":[1,0],"178":[1,0],"179":[1],"180":[7,6],"181":[1],"182":[2],"183":[0],"184":[0,3],"185":[1],"186":[2,1],"187":[1,0],"188":[1],"189":[1,0],"190":[1,0],"191":[1],"192":[2,2],"193":[2,2],"194":[2,1],"195":[1],"196":[1,0],"197":[1,1],"198":[144,39],"199":[8],"200":[8,4],"201":[8],"202":[8,1],"203":[28],"204":[28,8,7],"205":[54,18],"206":[19],"207":[2],"208":[2,1],"209":[10],"210":[10,2,0],"211":[2,1],"212":[33,2],"213":[75,2],"214":[75,36],"215":[6,1],"216":[1,5],"217":[2],"218":[7],"219":[4],"220":[7,6],"221":[2],"222":[3,2],"223":[6,4,3],"224":[3,0],"225":[1],"226":[1],"227":[4,1],"228":[1],"229":[2],"230":[1],"231":[2],"232":[32,14],"233":[8,22],"234":[4,26],"235":[1],"236":[1,0],"237":[1,0],"238":[6],"239":[36,35],"240":[5],"241":[11],"242":[47,36],"243":[17],"244":[27,19],"245":[1],"246":[2,1],"247":[1],"248":[2],"249":[1,1],"250":[2],"251":[6,4,2],"252":[2,1],"253":[2,2],"254":[1,0],"255":[195,52],"256":[195,38],"257":[195,17],"258":[195,31,25],"259":[195,188],"260":[195,41,40,23],"261":[5,190],"262":[5,185],"263":[3,182],"264":[19,163],"265":[7,156],"266":[10,185],"267":[195,190],"268":[195,132],"269":[2,193],"270":[195,154],"271":[2,193],"272":[17,178],"273":[195,180,17],"274":[3,2],"275":[1,1],"276":[2,2],"277":[1,1],"278":[1,1],"279":[2,2],"280":[1,1],"281":[884],"282":[1],"283":[37,37,37,36,36],"284":[1],"285":[36,14],"286":[1],"287":[35,12,1],"288":[1],"289":[34,6],"290":[1],"291":[33,10,5],"292":[1],"293":[32,11,5],"294":[1],"295":[31,7],"296":[4],"297":[2,2],"298":[1],"299":[2,1],"300":[1],"301":[29,9],"302":[1,0],"303":[1],"304":[28,4,3],"305":[4],"306":[1],"307":[1],"308":[1,1],"309":[6],"310":[25,6],"311":[1],"312":[1],"313":[4,0],"314":[23,0],"315":[1],"316":[23,5],"317":[12],"318":[4],"319":[2],"320":[5,18],"321":[5,3],"322":[5,5],"323":[17,1],"324":[1],"325":[22,8],"326":[1],"327":[22,5],"328":[3],"329":[22,3,3],"330":[3,0],"331":[3,0],"332":[1,0],"333":[1,0],"334":[1,0],"335":[3],"336":[19,7,3],"337":[2,2,0],"338":[1,0],"339":[1,0,0],"340":[1,0],"341":[4],"342":[16,4],"343":[3,3,0],"344":[3,0],"345":[3,0],"346":[2,2,0],"347":[1,0],"348":[1,0],"349":[1,0,0],"350":[1,0],"351":[4],"352":[12,4,4],"353":[1,0],"354":[1,0],"355":[1,0,0],"356":[1,0],"357":[1,0,0],"358":[1,0],"359":[2],"360":[4,3],"361":[1,0],"362":[1],"363":[15,1],"364":[8],"365":[16,8],"366":[1,0],"367":[1,0],"368":[2],"369":[8,2],"370":[1,0],"371":[3],"372":[6,3],"373":[1,0],"374":[1,0],"375":[1,0],"376":[1,2],"377":[2],"378":[1,0],"379":[2],"380":[6,5],"381":[3],"382":[4,3],"383":[1,0],"384":[1,0],"385":[1,0],"386":[1,0],"387":[1],"388":[1,0],"389":[2],"390":[13,12],"391":[1,0],"392":[2],"393":[11,2],"394":[1,0],"395":[2],"396":[9,5],"397":[1,0],"398":[3],"399":[7,3,3],"400":[1,0],"401":[1,0],"402":[2],"403":[4,2],"404":[1,0],"405":[45,45],"406":[45,43],"407":[2,0],"408":[39],"409":[1],"410":[38],"411":[2],"412":[1,0],"413":[1],"414":[5,3,2],"415":[1],"416":[5,1,1],"417":[6,1],"418":[1],"419":[5,1],"420":[1]}}
}
