{"C:\\Users\\samfi\\Downloads\\outputs\\lc-balance-wc\\src\\app\\business-case-runner\\balance-case-api.service.ts": {"path":"C:\\Users\\samfi\\Downloads\\outputs\\lc-balance-wc\\src\\app\\business-case-runner\\balance-case-api.service.ts","statementMap":{"0":{"start":{"line":1,"column":0},"end":{"line":1,"column":43}},"1":{"start":{"line":2,"column":0},"end":{"line":2,"column":50}},"2":{"start":{"line":34,"column":31},"end":{"line":34,"column":47}},"3":{"start":{"line":37,"column":4},"end":{"line":37,"column":71}},"4":{"start":{"line":41,"column":4},"end":{"line":41,"column":86}},"5":{"start":{"line":33,"column":13},"end":{"line":33,"column":34}},"6":{"start":{"line":33,"column":13},"end":{"line":43,"column":null}}},"fnMap":{"0":{"name":"(anonymous_0)","decl":{"start":{"line":34,"column":2},"end":{"line":34,"column":31}},"loc":{"start":{"line":34,"column":47},"end":{"line":34,"column":51}}},"1":{"name":"(anonymous_1)","decl":{"start":{"line":36,"column":2},"end":{"line":36,"column":11}},"loc":{"start":{"line":36,"column":11},"end":{"line":38,"column":3}}},"2":{"name":"(anonymous_2)","decl":{"start":{"line":40,"column":2},"end":{"line":40,"column":9}},"loc":{"start":{"line":40,"column":20},"end":{"line":42,"column":3}}}},"branchMap":{},"s":{"0":2,"1":2,"2":3,"3":1,"4":2,"5":2,"6":2},"f":{"0":3,"1":1,"2":2},"b":{}}
,"C:\\Users\\samfi\\Downloads\\outputs\\lc-balance-wc\\src\\app\\business-case-runner\\business-case-runner.component.ts": {"path":"C:\\Users\\samfi\\Downloads\\outputs\\lc-balance-wc\\src\\app\\business-case-runner\\business-case-runner.component.ts","statementMap":{"0":{"start":{"line":1,"column":0},"end":{"line":1,"column":50}},"1":{"start":{"line":2,"column":0},"end":{"line":2,"column":47}},"2":{"start":{"line":3,"column":0},"end":{"line":3,"column":64}},"3":{"start":{"line":4,"column":0},"end":{"line":4,"column":67}},"4":{"start":{"line":5,"column":0},"end":{"line":5,"column":122}},"5":{"start":{"line":33,"column":31},"end":{"line":33,"column":57}},"6":{"start":{"line":22,"column":2},"end":{"line":22,"column":27}},"7":{"start":{"line":23,"column":2},"end":{"line":23,"column":34}},"8":{"start":{"line":24,"column":2},"end":{"line":24,"column":35}},"9":{"start":{"line":26,"column":2},"end":{"line":26,"column":36}},"10":{"start":{"line":27,"column":2},"end":{"line":27,"column":46}},"11":{"start":{"line":28,"column":2},"end":{"line":28,"column":18}},"12":{"start":{"line":29,"column":2},"end":{"line":29,"column":21}},"13":{"start":{"line":30,"column":2},"end":{"line":30,"column":43}},"14":{"start":{"line":31,"column":2},"end":{"line":31,"column":34}},"15":{"start":{"line":36,"column":4},"end":{"line":55,"column":7}},"16":{"start":{"line":38,"column":8},"end":{"line":38,"column":27}},"17":{"start":{"line":39,"column":8},"end":{"line":50,"column":10}},"18":{"start":{"line":47,"column":41},"end":{"line":47,"column":100}},"19":{"start":{"line":53,"column":8},"end":{"line":53,"column":122}},"20":{"start":{"line":59,"column":4},"end":{"line":59,"column":35}},"21":{"start":{"line":59,"column":28},"end":{"line":59,"column":35}},"22":{"start":{"line":60,"column":4},"end":{"line":60,"column":24}},"23":{"start":{"line":61,"column":4},"end":{"line":61,"column":23}},"24":{"start":{"line":62,"column":4},"end":{"line":71,"column":7}},"25":{"start":{"line":64,"column":8},"end":{"line":64,"column":24}},"26":{"start":{"line":65,"column":8},"end":{"line":65,"column":29}},"27":{"start":{"line":68,"column":8},"end":{"line":68,"column":29}},"28":{"start":{"line":69,"column":8},"end":{"line":69,"column":61}},"29":{"start":{"line":75,"column":4},"end":{"line":75,"column":27}},"30":{"start":{"line":76,"column":4},"end":{"line":76,"column":25}},"31":{"start":{"line":77,"column":4},"end":{"line":77,"column":23}},"32":{"start":{"line":78,"column":22},"end":{"line":78,"column":37}},"33":{"start":{"line":79,"column":17},"end":{"line":95,"column":5}},"34":{"start":{"line":80,"column":16},"end":{"line":80,"column":33}},"35":{"start":{"line":81,"column":6},"end":{"line":84,"column":7}},"36":{"start":{"line":82,"column":8},"end":{"line":82,"column":32}},"37":{"start":{"line":83,"column":8},"end":{"line":83,"column":15}},"38":{"start":{"line":85,"column":6},"end":{"line":94,"column":9}},"39":{"start":{"line":87,"column":10},"end":{"line":87,"column":52}},"40":{"start":{"line":88,"column":10},"end":{"line":88,"column":17}},"41":{"start":{"line":91,"column":10},"end":{"line":91,"column":34}},"42":{"start":{"line":92,"column":10},"end":{"line":92,"column":74}},"43":{"start":{"line":96,"column":4},"end":{"line":96,"column":11}},"44":{"start":{"line":100,"column":4},"end":{"line":100,"column":49}},"45":{"start":{"line":100,"column":30},"end":{"line":100,"column":49}},"46":{"start":{"line":101,"column":4},"end":{"line":101,"column":104}},"47":{"start":{"line":101,"column":62},"end":{"line":101,"column":104}},"48":{"start":{"line":102,"column":4},"end":{"line":102,"column":60}},"49":{"start":{"line":102,"column":41},"end":{"line":102,"column":60}},"50":{"start":{"line":103,"column":4},"end":{"line":103,"column":47}},"51":{"start":{"line":103,"column":27},"end":{"line":103,"column":47}},"52":{"start":{"line":104,"column":4},"end":{"line":104,"column":43}},"53":{"start":{"line":104,"column":26},"end":{"line":104,"column":43}},"54":{"start":{"line":105,"column":4},"end":{"line":105,"column":14}},"55":{"start":{"line":109,"column":4},"end":{"line":109,"column":41}},"56":{"start":{"line":109,"column":30},"end":{"line":109,"column":41}},"57":{"start":{"line":110,"column":4},"end":{"line":110,"column":39}},"58":{"start":{"line":110,"column":22},"end":{"line":110,"column":39}},"59":{"start":{"line":111,"column":4},"end":{"line":111,"column":70}},"60":{"start":{"line":111,"column":41},"end":{"line":111,"column":70}},"61":{"start":{"line":112,"column":4},"end":{"line":112,"column":69}},"62":{"start":{"line":116,"column":4},"end":{"line":116,"column":40}},"63":{"start":{"line":116,"column":30},"end":{"line":116,"column":40}},"64":{"start":{"line":117,"column":4},"end":{"line":117,"column":47}},"65":{"start":{"line":117,"column":22},"end":{"line":117,"column":47}},"66":{"start":{"line":118,"column":14},"end":{"line":118,"column":27}},"67":{"start":{"line":119,"column":4},"end":{"line":119,"column":22}},"68":{"start":{"line":119,"column":12},"end":{"line":119,"column":22}},"69":{"start":{"line":120,"column":4},"end":{"line":120,"column":49}},"70":{"start":{"line":120,"column":16},"end":{"line":120,"column":49}},"71":{"start":{"line":121,"column":4},"end":{"line":122,"column":126}},"72":{"start":{"line":121,"column":34},"end":{"line":122,"column":126}},"73":{"start":{"line":123,"column":4},"end":{"line":126,"column":5}},"74":{"start":{"line":124,"column":16},"end":{"line":124,"column":72}},"75":{"start":{"line":125,"column":6},"end":{"line":125,"column":108}},"76":{"start":{"line":127,"column":4},"end":{"line":127,"column":32}},"77":{"start":{"line":21,"column":13},"end":{"line":21,"column":40}},"78":{"start":{"line":21,"column":13},"end":{"line":129,"column":null}}},"fnMap":{"0":{"name":"(anonymous_0)","decl":{"start":{"line":33,"column":2},"end":{"line":33,"column":31}},"loc":{"start":{"line":33,"column":57},"end":{"line":33,"column":61}}},"1":{"name":"(anonymous_1)","decl":{"start":{"line":35,"column":2},"end":{"line":35,"column":10}},"loc":{"start":{"line":35,"column":10},"end":{"line":56,"column":3}}},"2":{"name":"(anonymous_2)","decl":{"start":{"line":37,"column":12},"end":{"line":37,"column":13}},"loc":{"start":{"line":37,"column":22},"end":{"line":51,"column":7}}},"3":{"name":"(anonymous_3)","decl":{"start":{"line":47,"column":33},"end":{"line":47,"column":34}},"loc":{"start":{"line":47,"column":41},"end":{"line":47,"column":100}}},"4":{"name":"(anonymous_4)","decl":{"start":{"line":52,"column":13},"end":{"line":52,"column":14}},"loc":{"start":{"line":52,"column":21},"end":{"line":54,"column":7}}},"5":{"name":"(anonymous_5)","decl":{"start":{"line":58,"column":2},"end":{"line":58,"column":5}},"loc":{"start":{"line":58,"column":5},"end":{"line":72,"column":3}}},"6":{"name":"(anonymous_6)","decl":{"start":{"line":63,"column":12},"end":{"line":63,"column":13}},"loc":{"start":{"line":63,"column":18},"end":{"line":66,"column":7}}},"7":{"name":"(anonymous_7)","decl":{"start":{"line":67,"column":13},"end":{"line":67,"column":14}},"loc":{"start":{"line":67,"column":21},"end":{"line":70,"column":7}}},"8":{"name":"(anonymous_8)","decl":{"start":{"line":74,"column":2},"end":{"line":74,"column":8}},"loc":{"start":{"line":74,"column":8},"end":{"line":97,"column":3}}},"9":{"name":"(anonymous_9)","decl":{"start":{"line":79,"column":17},"end":{"line":79,"column":20}},"loc":{"start":{"line":79,"column":22},"end":{"line":95,"column":5}}},"10":{"name":"(anonymous_10)","decl":{"start":{"line":86,"column":14},"end":{"line":86,"column":15}},"loc":{"start":{"line":86,"column":20},"end":{"line":89,"column":9}}},"11":{"name":"(anonymous_11)","decl":{"start":{"line":90,"column":15},"end":{"line":90,"column":16}},"loc":{"start":{"line":90,"column":23},"end":{"line":93,"column":9}}},"12":{"name":"(anonymous_12)","decl":{"start":{"line":99,"column":2},"end":{"line":99,"column":10}},"loc":{"start":{"line":99,"column":26},"end":{"line":106,"column":3}}},"13":{"name":"(anonymous_13)","decl":{"start":{"line":108,"column":2},"end":{"line":108,"column":12}},"loc":{"start":{"line":108,"column":28},"end":{"line":113,"column":3}}},"14":{"name":"(anonymous_14)","decl":{"start":{"line":115,"column":2},"end":{"line":115,"column":12}},"loc":{"start":{"line":115,"column":28},"end":{"line":128,"column":3}}}},"branchMap":{"0":{"loc":{"start":{"line":53,"column":101},"end":{"line":53,"column":119}},"type":"binary-expr","locations":[{"start":{"line":53,"column":101},"end":{"line":53,"column":112}},{"start":{"line":53,"column":116},"end":{"line":53,"column":119}}]},"1":{"loc":{"start":{"line":59,"column":4},"end":{"line":59,"column":35}},"type":"if","locations":[{"start":{"line":59,"column":4},"end":{"line":59,"column":35}}]},"2":{"loc":{"start":{"line":69,"column":40},"end":{"line":69,"column":58}},"type":"binary-expr","locations":[{"start":{"line":69,"column":40},"end":{"line":69,"column":51}},{"start":{"line":69,"column":55},"end":{"line":69,"column":58}}]},"3":{"loc":{"start":{"line":81,"column":6},"end":{"line":84,"column":7}},"type":"if","locations":[{"start":{"line":81,"column":6},"end":{"line":84,"column":7}}]},"4":{"loc":{"start":{"line":92,"column":53},"end":{"line":92,"column":71}},"type":"binary-expr","locations":[{"start":{"line":92,"column":53},"end":{"line":92,"column":64}},{"start":{"line":92,"column":68},"end":{"line":92,"column":71}}]},"5":{"loc":{"start":{"line":100,"column":4},"end":{"line":100,"column":49}},"type":"if","locations":[{"start":{"line":100,"column":4},"end":{"line":100,"column":49}}]},"6":{"loc":{"start":{"line":101,"column":4},"end":{"line":101,"column":104}},"type":"if","locations":[{"start":{"line":101,"column":4},"end":{"line":101,"column":104}}]},"7":{"loc":{"start":{"line":101,"column":8},"end":{"line":101,"column":60}},"type":"binary-expr","locations":[{"start":{"line":101,"column":8},"end":{"line":101,"column":38}},{"start":{"line":101,"column":42},"end":{"line":101,"column":60}}]},"8":{"loc":{"start":{"line":101,"column":69},"end":{"line":101,"column":103}},"type":"cond-expr","locations":[{"start":{"line":101,"column":79},"end":{"line":101,"column":91}},{"start":{"line":101,"column":94},"end":{"line":101,"column":103}}]},"9":{"loc":{"start":{"line":102,"column":4},"end":{"line":102,"column":60}},"type":"if","locations":[{"start":{"line":102,"column":4},"end":{"line":102,"column":60}}]},"10":{"loc":{"start":{"line":103,"column":4},"end":{"line":103,"column":47}},"type":"if","locations":[{"start":{"line":103,"column":4},"end":{"line":103,"column":47}}]},"11":{"loc":{"start":{"line":104,"column":4},"end":{"line":104,"column":43}},"type":"if","locations":[{"start":{"line":104,"column":4},"end":{"line":104,"column":43}}]},"12":{"loc":{"start":{"line":109,"column":4},"end":{"line":109,"column":41}},"type":"if","locations":[{"start":{"line":109,"column":4},"end":{"line":109,"column":41}}]},"13":{"loc":{"start":{"line":110,"column":4},"end":{"line":110,"column":39}},"type":"if","locations":[{"start":{"line":110,"column":4},"end":{"line":110,"column":39}}]},"14":{"loc":{"start":{"line":111,"column":4},"end":{"line":111,"column":70}},"type":"if","locations":[{"start":{"line":111,"column":4},"end":{"line":111,"column":70}}]},"15":{"loc":{"start":{"line":112,"column":14},"end":{"line":112,"column":31}},"type":"binary-expr","locations":[{"start":{"line":112,"column":14},"end":{"line":112,"column":25}},{"start":{"line":112,"column":29},"end":{"line":112,"column":31}}]},"16":{"loc":{"start":{"line":112,"column":35},"end":{"line":112,"column":59}},"type":"cond-expr","locations":[{"start":{"line":112,"column":45},"end":{"line":112,"column":49}},{"start":{"line":112,"column":52},"end":{"line":112,"column":59}}]},"17":{"loc":{"start":{"line":116,"column":4},"end":{"line":116,"column":40}},"type":"if","locations":[{"start":{"line":116,"column":4},"end":{"line":116,"column":40}}]},"18":{"loc":{"start":{"line":117,"column":4},"end":{"line":117,"column":47}},"type":"if","locations":[{"start":{"line":117,"column":4},"end":{"line":117,"column":47}}]},"19":{"loc":{"start":{"line":117,"column":29},"end":{"line":117,"column":46}},"type":"binary-expr","locations":[{"start":{"line":117,"column":29},"end":{"line":117,"column":40}},{"start":{"line":117,"column":44},"end":{"line":117,"column":46}}]},"20":{"loc":{"start":{"line":119,"column":4},"end":{"line":119,"column":22}},"type":"if","locations":[{"start":{"line":119,"column":4},"end":{"line":119,"column":22}}]},"21":{"loc":{"start":{"line":120,"column":4},"end":{"line":120,"column":49}},"type":"if","locations":[{"start":{"line":120,"column":4},"end":{"line":120,"column":49}}]},"22":{"loc":{"start":{"line":121,"column":4},"end":{"line":122,"column":126}},"type":"if","locations":[{"start":{"line":121,"column":4},"end":{"line":122,"column":126}}]},"23":{"loc":{"start":{"line":122,"column":7},"end":{"line":122,"column":124}},"type":"cond-expr","locations":[{"start":{"line":122,"column":30},"end":{"line":122,"column":119}},{"start":{"line":122,"column":122},"end":{"line":122,"column":124}}]},"24":{"loc":{"start":{"line":123,"column":4},"end":{"line":126,"column":5}},"type":"if","locations":[{"start":{"line":123,"column":4},"end":{"line":126,"column":5}}]},"25":{"loc":{"start":{"line":124,"column":16},"end":{"line":124,"column":72}},"type":"cond-expr","locations":[{"start":{"line":124,"column":37},"end":{"line":124,"column":67}},{"start":{"line":124,"column":70},"end":{"line":124,"column":72}}]}},"s":{"0":1,"1":1,"2":1,"3":1,"4":1,"5":17,"6":17,"7":17,"8":17,"9":17,"10":17,"11":17,"12":17,"13":17,"14":17,"15":3,"16":1,"17":1,"18":2,"19":2,"20":5,"21":1,"22":4,"23":4,"24":4,"25":1,"26":1,"27":2,"28":2,"29":6,"30":6,"31":6,"32":6,"33":6,"34":11,"35":11,"36":3,"37":3,"38":8,"39":5,"40":5,"41":2,"42":2,"43":6,"44":7,"45":1,"46":6,"47":2,"48":4,"49":1,"50":3,"51":1,"52":2,"53":1,"54":1,"55":6,"56":1,"57":5,"58":1,"59":4,"60":1,"61":3,"62":10,"63":1,"64":9,"65":2,"66":7,"67":7,"68":1,"69":6,"70":1,"71":5,"72":2,"73":3,"74":2,"75":2,"76":1,"77":1,"78":1},"f":{"0":17,"1":3,"2":1,"3":2,"4":2,"5":5,"6":1,"7":2,"8":6,"9":11,"10":5,"11":2,"12":7,"13":6,"14":10},"b":{"0":[2,1],"1":[1],"2":[2,1],"3":[3],"4":[2,1],"5":[1],"6":[2],"7":[6,2],"8":[1,1],"9":[1],"10":[1],"11":[1],"12":[1],"13":[1],"14":[1],"15":[3,1],"16":[1,2],"17":[1],"18":[2],"19":[2,1],"20":[1],"21":[1],"22":[2],"23":[1,1],"24":[2],"25":[1,1]}}
,"C:\\Users\\samfi\\Downloads\\outputs\\lc-balance-wc\\src\\app\\transaction-builder\\balance-component-api.service.ts": {"path":"C:\\Users\\samfi\\Downloads\\outputs\\lc-balance-wc\\src\\app\\transaction-builder\\balance-component-api.service.ts","statementMap":{"0":{"start":{"line":1,"column":0},"end":{"line":1,"column":43}},"1":{"start":{"line":2,"column":0},"end":{"line":2,"column":64}},"2":{"start":{"line":122,"column":31},"end":{"line":122,"column":47}},"3":{"start":{"line":120,"column":19},"end":{"line":120,"column":47}},"4":{"start":{"line":125,"column":4},"end":{"line":125,"column":107}},"5":{"start":{"line":129,"column":4},"end":{"line":129,"column":115}},"6":{"start":{"line":133,"column":4},"end":{"line":133,"column":135}},"7":{"start":{"line":138,"column":4},"end":{"line":138,"column":136}},"8":{"start":{"line":143,"column":4},"end":{"line":143,"column":123}},"9":{"start":{"line":147,"column":43},"end":{"line":147,"column":92}},"10":{"start":{"line":148,"column":4},"end":{"line":148,"column":70}},"11":{"start":{"line":148,"column":29},"end":{"line":148,"column":70}},"12":{"start":{"line":149,"column":4},"end":{"line":149,"column":70}},"13":{"start":{"line":149,"column":29},"end":{"line":149,"column":70}},"14":{"start":{"line":150,"column":4},"end":{"line":150,"column":88}},"15":{"start":{"line":170,"column":52},"end":{"line":170,"column":86}},"16":{"start":{"line":171,"column":4},"end":{"line":171,"column":42}},"17":{"start":{"line":171,"column":16},"end":{"line":171,"column":42}},"18":{"start":{"line":172,"column":4},"end":{"line":172,"column":27}},"19":{"start":{"line":172,"column":11},"end":{"line":172,"column":27}},"20":{"start":{"line":173,"column":4},"end":{"line":173,"column":48}},"21":{"start":{"line":173,"column":18},"end":{"line":173,"column":48}},"22":{"start":{"line":174,"column":4},"end":{"line":174,"column":57}},"23":{"start":{"line":174,"column":21},"end":{"line":174,"column":57}},"24":{"start":{"line":175,"column":4},"end":{"line":175,"column":92}},"25":{"start":{"line":179,"column":4},"end":{"line":179,"column":105}},"26":{"start":{"line":184,"column":4},"end":{"line":184,"column":109}},"27":{"start":{"line":119,"column":13},"end":{"line":119,"column":39}},"28":{"start":{"line":119,"column":13},"end":{"line":186,"column":null}}},"fnMap":{"0":{"name":"(anonymous_0)","decl":{"start":{"line":122,"column":2},"end":{"line":122,"column":31}},"loc":{"start":{"line":122,"column":47},"end":{"line":122,"column":51}}},"1":{"name":"(anonymous_1)","decl":{"start":{"line":124,"column":2},"end":{"line":124,"column":16}},"loc":{"start":{"line":124,"column":43},"end":{"line":126,"column":3}}},"2":{"name":"(anonymous_2)","decl":{"start":{"line":128,"column":2},"end":{"line":128,"column":9}},"loc":{"start":{"line":128,"column":48},"end":{"line":130,"column":3}}},"3":{"name":"(anonymous_3)","decl":{"start":{"line":132,"column":2},"end":{"line":132,"column":8}},"loc":{"start":{"line":132,"column":85},"end":{"line":134,"column":3}}},"4":{"name":"(anonymous_4)","decl":{"start":{"line":137,"column":2},"end":{"line":137,"column":8}},"loc":{"start":{"line":137,"column":87},"end":{"line":139,"column":3}}},"5":{"name":"(anonymous_5)","decl":{"start":{"line":142,"column":2},"end":{"line":142,"column":13}},"loc":{"start":{"line":142,"column":56},"end":{"line":144,"column":3}}},"6":{"name":"(anonymous_6)","decl":{"start":{"line":146,"column":2},"end":{"line":146,"column":17}},"loc":{"start":{"line":146,"column":72},"end":{"line":151,"column":3}}},"7":{"name":"(anonymous_7)","decl":{"start":{"line":169,"column":2},"end":{"line":169,"column":9}},"loc":{"start":{"line":169,"column":147},"end":{"line":176,"column":3}}},"8":{"name":"(anonymous_8)","decl":{"start":{"line":178,"column":2},"end":{"line":178,"column":13}},"loc":{"start":{"line":178,"column":39},"end":{"line":180,"column":3}}},"9":{"name":"(anonymous_9)","decl":{"start":{"line":183,"column":2},"end":{"line":183,"column":15}},"loc":{"start":{"line":183,"column":41},"end":{"line":185,"column":3}}}},"branchMap":{"0":{"loc":{"start":{"line":148,"column":4},"end":{"line":148,"column":70}},"type":"if","locations":[{"start":{"line":148,"column":4},"end":{"line":148,"column":70}}]},"1":{"loc":{"start":{"line":149,"column":4},"end":{"line":149,"column":70}},"type":"if","locations":[{"start":{"line":149,"column":4},"end":{"line":149,"column":70}}]},"2":{"loc":{"start":{"line":169,"column":71},"end":{"line":169,"column":79}},"type":"default-arg","locations":[{"start":{"line":169,"column":78},"end":{"line":169,"column":79}}]},"3":{"loc":{"start":{"line":169,"column":81},"end":{"line":169,"column":94}},"type":"default-arg","locations":[{"start":{"line":169,"column":92},"end":{"line":169,"column":94}}]},"4":{"loc":{"start":{"line":171,"column":4},"end":{"line":171,"column":42}},"type":"if","locations":[{"start":{"line":171,"column":4},"end":{"line":171,"column":42}}]},"5":{"loc":{"start":{"line":172,"column":4},"end":{"line":172,"column":27}},"type":"if","locations":[{"start":{"line":172,"column":4},"end":{"line":172,"column":27}}]},"6":{"loc":{"start":{"line":173,"column":4},"end":{"line":173,"column":48}},"type":"if","locations":[{"start":{"line":173,"column":4},"end":{"line":173,"column":48}}]},"7":{"loc":{"start":{"line":174,"column":4},"end":{"line":174,"column":57}},"type":"if","locations":[{"start":{"line":174,"column":4},"end":{"line":174,"column":57}}]}},"s":{"0":5,"1":5,"2":21,"3":21,"4":1,"5":1,"6":2,"7":2,"8":1,"9":5,"10":5,"11":2,"12":5,"13":2,"14":5,"15":7,"16":7,"17":2,"18":7,"19":2,"20":7,"21":2,"22":7,"23":2,"24":7,"25":1,"26":1,"27":5,"28":5},"f":{"0":21,"1":1,"2":1,"3":2,"4":2,"5":1,"6":5,"7":7,"8":1,"9":1},"b":{"0":[2],"1":[2],"2":[3],"3":[3],"4":[2],"5":[2],"6":[2],"7":[2]}}
,"C:\\Users\\samfi\\Downloads\\outputs\\lc-balance-wc\\src\\app\\transaction-builder\\balance-component.model.ts": {"path":"C:\\Users\\samfi\\Downloads\\outputs\\lc-balance-wc\\src\\app\\transaction-builder\\balance-component.model.ts","statementMap":{"0":{"start":{"line":40,"column":13},"end":{"line":51,"column":2}},"1":{"start":{"line":54,"column":13},"end":{"line":65,"column":2}},"2":{"start":{"line":68,"column":13},"end":{"line":81,"column":2}},"3":{"start":{"line":84,"column":13},"end":{"line":84,"column":135}},"4":{"start":{"line":85,"column":13},"end":{"line":85,"column":136}},"5":{"start":{"line":88,"column":13},"end":{"line":88,"column":89}},"6":{"start":{"line":91,"column":13},"end":{"line":91,"column":131}},"7":{"start":{"line":94,"column":13},"end":{"line":111,"column":2}},"8":{"start":{"line":114,"column":2},"end":{"line":114,"column":124}},"9":{"start":{"line":113,"column":0},"end":{"line":113,"column":16}},"10":{"start":{"line":128,"column":13},"end":{"line":141,"column":3}},"11":{"start":{"line":423,"column":26},"end":{"line":427,"column":2}},"12":{"start":{"line":429,"column":34},"end":{"line":432,"column":2}},"13":{"start":{"line":439,"column":29},"end":{"line":442,"column":2}},"14":{"start":{"line":461,"column":13},"end":{"line":563,"column":2}},"15":{"start":{"line":576,"column":13},"end":{"line":677,"column":2}}},"fnMap":{"0":{"name":"isToleranceApplicable","decl":{"start":{"line":113,"column":16},"end":{"line":113,"column":37}},"loc":{"start":{"line":113,"column":90},"end":{"line":115,"column":1}}}},"branchMap":{"0":{"loc":{"start":{"line":114,"column":9},"end":{"line":114,"column":123}},"type":"binary-expr","locations":[{"start":{"line":114,"column":9},"end":{"line":114,"column":66}},{"start":{"line":114,"column":70},"end":{"line":114,"column":123}}]}},"s":{"0":5,"1":5,"2":5,"3":5,"4":5,"5":5,"6":5,"7":5,"8":276,"9":5,"10":5,"11":5,"12":5,"13":5,"14":5,"15":5},"f":{"0":276},"b":{"0":[276,136]}}
,"C:\\Users\\samfi\\Downloads\\outputs\\lc-balance-wc\\src\\app\\transaction-builder\\index-picker.component.ts": {"path":"C:\\Users\\samfi\\Downloads\\outputs\\lc-balance-wc\\src\\app\\transaction-builder\\index-picker.component.ts","statementMap":{"0":{"start":{"line":1,"column":0},"end":{"line":1,"column":98}},"1":{"start":{"line":2,"column":0},"end":{"line":2,"column":47}},"2":{"start":{"line":3,"column":0},"end":{"line":3,"column":45}},"3":{"start":{"line":34,"column":11},"end":{"line":34,"column":null}},"4":{"start":{"line":35,"column":11},"end":{"line":35,"column":null}},"5":{"start":{"line":36,"column":11},"end":{"line":36,"column":null}},"6":{"start":{"line":37,"column":11},"end":{"line":37,"column":null}},"7":{"start":{"line":38,"column":11},"end":{"line":38,"column":null}},"8":{"start":{"line":39,"column":11},"end":{"line":39,"column":null}},"9":{"start":{"line":41,"column":11},"end":{"line":41,"column":null}},"10":{"start":{"line":42,"column":11},"end":{"line":42,"column":null}},"11":{"start":{"line":43,"column":12},"end":{"line":43,"column":null}},"12":{"start":{"line":44,"column":12},"end":{"line":44,"column":null}},"13":{"start":{"line":45,"column":11},"end":{"line":45,"column":null}},"14":{"start":{"line":48,"column":11},"end":{"line":48,"column":null}},"15":{"start":{"line":49,"column":11},"end":{"line":49,"column":null}},"16":{"start":{"line":50,"column":11},"end":{"line":50,"column":null}},"17":{"start":{"line":51,"column":12},"end":{"line":51,"column":null}},"18":{"start":{"line":52,"column":12},"end":{"line":52,"column":null}},"19":{"start":{"line":54,"column":12},"end":{"line":54,"column":null}},"20":{"start":{"line":69,"column":16},"end":{"line":69,"column":75}},"21":{"start":{"line":70,"column":4},"end":{"line":70,"column":57}},"22":{"start":{"line":33,"column":13},"end":{"line":33,"column":33}},"23":{"start":{"line":33,"column":13},"end":{"line":72,"column":null}}},"fnMap":{"0":{"name":"(anonymous_0)","decl":{"start":{"line":33,"column":7},"end":{"line":33,"column":13}},"loc":{"start":{"line":33,"column":7},"end":{"line":72,"column":1}}},"1":{"name":"(anonymous_1)","decl":{"start":{"line":68,"column":2},"end":{"line":68,"column":8}},"loc":{"start":{"line":68,"column":22},"end":{"line":71,"column":3}}}},"branchMap":{"0":{"loc":{"start":{"line":70,"column":11},"end":{"line":70,"column":56}},"type":"binary-expr","locations":[{"start":{"line":70,"column":11},"end":{"line":70,"column":25}},{"start":{"line":70,"column":29},"end":{"line":70,"column":50}},{"start":{"line":70,"column":54},"end":{"line":70,"column":56}}]}},"s":{"0":5,"1":5,"2":5,"3":7,"4":7,"5":7,"6":7,"7":7,"8":7,"9":7,"10":7,"11":7,"12":7,"13":7,"14":7,"15":7,"16":7,"17":7,"18":7,"19":7,"20":6,"21":6,"22":5,"23":5},"f":{"0":7,"1":6},"b":{"0":[6,3,2]}}
,"C:\\Users\\samfi\\Downloads\\outputs\\lc-balance-wc\\src\\app\\transaction-builder\\transaction-builder.component.ts": {"path":"C:\\Users\\samfi\\Downloads\\outputs\\lc-balance-wc\\src\\app\\transaction-builder\\transaction-builder.component.ts","statementMap":{"0":{"start":{"line":1,"column":0},"end":{"line":1,"column":42}},"1":{"start":{"line":2,"column":0},"end":{"line":2,"column":47}},"2":{"start":{"line":3,"column":0},"end":{"line":3,"column":77}},"3":{"start":{"line":4,"column":0},"end":{"line":4,"column":67}},"4":{"start":{"line":5,"column":0},"end":{"line":5,"column":36}},"5":{"start":{"line":6,"column":0},"end":{"line":6,"column":49}},"6":{"start":{"line":7,"column":0},"end":{"line":7,"column":147}},"7":{"start":{"line":8,"column":0},"end":{"line":8,"column":64}},"8":{"start":{"line":9,"column":0},"end":{"line":9,"column":null}},"9":{"start":{"line":318,"column":31},"end":{"line":318,"column":62}},"10":{"start":{"line":55,"column":11},"end":{"line":55,"column":46}},"11":{"start":{"line":56,"column":11},"end":{"line":56,"column":46}},"12":{"start":{"line":67,"column":2},"end":{"line":67,"column":53}},"13":{"start":{"line":69,"column":2},"end":{"line":69,"column":54}},"14":{"start":{"line":71,"column":2},"end":{"line":71,"column":22}},"15":{"start":{"line":80,"column":2},"end":{"line":80,"column":49}},"16":{"start":{"line":82,"column":2},"end":{"line":82,"column":27}},"17":{"start":{"line":83,"column":2},"end":{"line":83,"column":87}},"18":{"start":{"line":84,"column":2},"end":{"line":84,"column":35}},"19":{"start":{"line":86,"column":2},"end":{"line":86,"column":60}},"20":{"start":{"line":87,"column":2},"end":{"line":87,"column":43}},"21":{"start":{"line":89,"column":2},"end":{"line":89,"column":18}},"22":{"start":{"line":90,"column":2},"end":{"line":90,"column":19}},"23":{"start":{"line":91,"column":11},"end":{"line":91,"column":32}},"24":{"start":{"line":100,"column":2},"end":{"line":100,"column":21}},"25":{"start":{"line":102,"column":2},"end":{"line":102,"column":56}},"26":{"start":{"line":104,"column":2},"end":{"line":104,"column":50}},"27":{"start":{"line":106,"column":2},"end":{"line":106,"column":53}},"28":{"start":{"line":107,"column":2},"end":{"line":107,"column":50}},"29":{"start":{"line":116,"column":2},"end":{"line":116,"column":66}},"30":{"start":{"line":117,"column":2},"end":{"line":117,"column":36}},"31":{"start":{"line":128,"column":2},"end":{"line":128,"column":41}},"32":{"start":{"line":129,"column":2},"end":{"line":129,"column":18}},"33":{"start":{"line":130,"column":2},"end":{"line":130,"column":19}},"34":{"start":{"line":131,"column":11},"end":{"line":131,"column":32}},"35":{"start":{"line":132,"column":2},"end":{"line":132,"column":56}},"36":{"start":{"line":144,"column":2},"end":{"line":144,"column":165}},"37":{"start":{"line":145,"column":2},"end":{"line":145,"column":36}},"38":{"start":{"line":157,"column":2},"end":{"line":157,"column":31}},"39":{"start":{"line":158,"column":2},"end":{"line":158,"column":34}},"40":{"start":{"line":159,"column":2},"end":{"line":159,"column":41}},"41":{"start":{"line":168,"column":2},"end":{"line":168,"column":29}},"42":{"start":{"line":180,"column":2},"end":{"line":180,"column":58}},"43":{"start":{"line":181,"column":2},"end":{"line":181,"column":26}},"44":{"start":{"line":190,"column":2},"end":{"line":190,"column":40}},"45":{"start":{"line":191,"column":2},"end":{"line":191,"column":31}},"46":{"start":{"line":192,"column":2},"end":{"line":192,"column":51}},"47":{"start":{"line":193,"column":2},"end":{"line":193,"column":51}},"48":{"start":{"line":195,"column":2},"end":{"line":195,"column":50}},"49":{"start":{"line":201,"column":2},"end":{"line":201,"column":53}},"50":{"start":{"line":208,"column":2},"end":{"line":208,"column":60}},"51":{"start":{"line":216,"column":2},"end":{"line":216,"column":45}},"52":{"start":{"line":224,"column":2},"end":{"line":224,"column":52}},"53":{"start":{"line":243,"column":2},"end":{"line":243,"column":23}},"54":{"start":{"line":250,"column":2},"end":{"line":250,"column":27}},"55":{"start":{"line":251,"column":2},"end":{"line":251,"column":49}},"56":{"start":{"line":252,"column":2},"end":{"line":252,"column":27}},"57":{"start":{"line":253,"column":2},"end":{"line":253,"column":43}},"58":{"start":{"line":254,"column":2},"end":{"line":254,"column":27}},"59":{"start":{"line":255,"column":2},"end":{"line":255,"column":25}},"60":{"start":{"line":256,"column":2},"end":{"line":256,"column":45}},"61":{"start":{"line":257,"column":2},"end":{"line":257,"column":22}},"62":{"start":{"line":258,"column":2},"end":{"line":258,"column":37}},"63":{"start":{"line":259,"column":2},"end":{"line":259,"column":25}},"64":{"start":{"line":261,"column":2},"end":{"line":261,"column":49}},"65":{"start":{"line":262,"column":2},"end":{"line":262,"column":40}},"66":{"start":{"line":264,"column":2},"end":{"line":264,"column":17}},"67":{"start":{"line":265,"column":2},"end":{"line":265,"column":18}},"68":{"start":{"line":266,"column":11},"end":{"line":266,"column":31}},"69":{"start":{"line":268,"column":2},"end":{"line":268,"column":20}},"70":{"start":{"line":270,"column":2},"end":{"line":270,"column":55}},"71":{"start":{"line":271,"column":2},"end":{"line":271,"column":48}},"72":{"start":{"line":272,"column":2},"end":{"line":272,"column":47}},"73":{"start":{"line":274,"column":2},"end":{"line":274,"column":21}},"74":{"start":{"line":275,"column":2},"end":{"line":275,"column":27}},"75":{"start":{"line":276,"column":2},"end":{"line":276,"column":36}},"76":{"start":{"line":277,"column":2},"end":{"line":277,"column":21}},"77":{"start":{"line":279,"column":2},"end":{"line":279,"column":26}},"78":{"start":{"line":281,"column":2},"end":{"line":281,"column":101}},"79":{"start":{"line":282,"column":2},"end":{"line":282,"column":75}},"80":{"start":{"line":283,"column":2},"end":{"line":283,"column":36}},"81":{"start":{"line":286,"column":2},"end":{"line":286,"column":30}},"82":{"start":{"line":298,"column":2},"end":{"line":298,"column":47}},"83":{"start":{"line":299,"column":2},"end":{"line":299,"column":49}},"84":{"start":{"line":300,"column":2},"end":{"line":300,"column":58}},"85":{"start":{"line":301,"column":2},"end":{"line":301,"column":33}},"86":{"start":{"line":302,"column":2},"end":{"line":302,"column":34}},"87":{"start":{"line":313,"column":2},"end":{"line":313,"column":41}},"88":{"start":{"line":314,"column":2},"end":{"line":314,"column":50}},"89":{"start":{"line":315,"column":2},"end":{"line":315,"column":25}},"90":{"start":{"line":316,"column":2},"end":{"line":316,"column":26}},"91":{"start":{"line":321,"column":4},"end":{"line":321,"column":93}},"92":{"start":{"line":325,"column":4},"end":{"line":325,"column":104}},"93":{"start":{"line":334,"column":4},"end":{"line":334,"column":76}},"94":{"start":{"line":338,"column":4},"end":{"line":338,"column":84}},"95":{"start":{"line":342,"column":4},"end":{"line":342,"column":97}},"96":{"start":{"line":347,"column":4},"end":{"line":347,"column":73}},"97":{"start":{"line":347,"column":41},"end":{"line":347,"column":73}},"98":{"start":{"line":348,"column":4},"end":{"line":348,"column":57}},"99":{"start":{"line":348,"column":33},"end":{"line":348,"column":57}},"100":{"start":{"line":349,"column":4},"end":{"line":349,"column":32}},"101":{"start":{"line":354,"column":4},"end":{"line":354,"column":72}},"102":{"start":{"line":354,"column":41},"end":{"line":354,"column":72}},"103":{"start":{"line":355,"column":4},"end":{"line":355,"column":56}},"104":{"start":{"line":355,"column":33},"end":{"line":355,"column":56}},"105":{"start":{"line":356,"column":4},"end":{"line":356,"column":47}},"106":{"start":{"line":360,"column":4},"end":{"line":360,"column":78}},"107":{"start":{"line":360,"column":41},"end":{"line":360,"column":78}},"108":{"start":{"line":361,"column":4},"end":{"line":361,"column":62}},"109":{"start":{"line":361,"column":33},"end":{"line":361,"column":62}},"110":{"start":{"line":362,"column":4},"end":{"line":362,"column":47}},"111":{"start":{"line":373,"column":21},"end":{"line":373,"column":92}},"112":{"start":{"line":374,"column":4},"end":{"line":377,"column":5}},"113":{"start":{"line":375,"column":23},"end":{"line":375,"column":73}},"114":{"start":{"line":376,"column":6},"end":{"line":376,"column":77}},"115":{"start":{"line":378,"column":4},"end":{"line":381,"column":5}},"116":{"start":{"line":379,"column":23},"end":{"line":379,"column":65}},"117":{"start":{"line":380,"column":6},"end":{"line":380,"column":77}},"118":{"start":{"line":382,"column":4},"end":{"line":382,"column":28}},"119":{"start":{"line":387,"column":21},"end":{"line":387,"column":48}},"120":{"start":{"line":390,"column":4},"end":{"line":390,"column":126}},"121":{"start":{"line":390,"column":113},"end":{"line":390,"column":126}},"122":{"start":{"line":391,"column":4},"end":{"line":391,"column":66}},"123":{"start":{"line":396,"column":4},"end":{"line":396,"column":68}},"124":{"start":{"line":400,"column":4},"end":{"line":400,"column":65}},"125":{"start":{"line":400,"column":40},"end":{"line":400,"column":65}},"126":{"start":{"line":402,"column":4},"end":{"line":402,"column":75}},"127":{"start":{"line":402,"column":50},"end":{"line":402,"column":75}},"128":{"start":{"line":403,"column":4},"end":{"line":403,"column":16}},"129":{"start":{"line":408,"column":4},"end":{"line":408,"column":80}},"130":{"start":{"line":412,"column":4},"end":{"line":412,"column":145}},"131":{"start":{"line":417,"column":4},"end":{"line":417,"column":95}},"132":{"start":{"line":429,"column":4},"end":{"line":429,"column":35}},"133":{"start":{"line":430,"column":4},"end":{"line":430,"column":85}},"134":{"start":{"line":434,"column":4},"end":{"line":434,"column":53}},"135":{"start":{"line":434,"column":27},"end":{"line":434,"column":53}},"136":{"start":{"line":438,"column":4},"end":{"line":438,"column":31}},"137":{"start":{"line":439,"column":4},"end":{"line":439,"column":38}},"138":{"start":{"line":440,"column":4},"end":{"line":440,"column":88}},"139":{"start":{"line":441,"column":4},"end":{"line":441,"column":56}},"140":{"start":{"line":441,"column":30},"end":{"line":441,"column":56}},"141":{"start":{"line":442,"column":4},"end":{"line":442,"column":29}},"142":{"start":{"line":443,"column":4},"end":{"line":443,"column":65}},"143":{"start":{"line":444,"column":4},"end":{"line":444,"column":80}},"144":{"start":{"line":447,"column":4},"end":{"line":447,"column":77}},"145":{"start":{"line":447,"column":46},"end":{"line":447,"column":77}},"146":{"start":{"line":448,"column":4},"end":{"line":448,"column":67}},"147":{"start":{"line":449,"column":4},"end":{"line":449,"column":73}},"148":{"start":{"line":450,"column":4},"end":{"line":450,"column":28}},"149":{"start":{"line":451,"column":4},"end":{"line":451,"column":33}},"150":{"start":{"line":452,"column":4},"end":{"line":452,"column":41}},"151":{"start":{"line":453,"column":4},"end":{"line":453,"column":69}},"152":{"start":{"line":454,"column":4},"end":{"line":454,"column":31}},"153":{"start":{"line":455,"column":4},"end":{"line":455,"column":28}},"154":{"start":{"line":456,"column":4},"end":{"line":456,"column":24}},"155":{"start":{"line":457,"column":4},"end":{"line":457,"column":25}},"156":{"start":{"line":458,"column":4},"end":{"line":458,"column":27}},"157":{"start":{"line":459,"column":4},"end":{"line":459,"column":25}},"158":{"start":{"line":460,"column":4},"end":{"line":460,"column":26}},"159":{"start":{"line":461,"column":4},"end":{"line":461,"column":28}},"160":{"start":{"line":462,"column":4},"end":{"line":462,"column":29}},"161":{"start":{"line":463,"column":4},"end":{"line":463,"column":25}},"162":{"start":{"line":464,"column":4},"end":{"line":464,"column":26}},"163":{"start":{"line":465,"column":4},"end":{"line":465,"column":33}},"164":{"start":{"line":466,"column":4},"end":{"line":466,"column":43}},"165":{"start":{"line":467,"column":4},"end":{"line":467,"column":31}},"166":{"start":{"line":468,"column":4},"end":{"line":468,"column":36}},"167":{"start":{"line":469,"column":4},"end":{"line":469,"column":36}},"168":{"start":{"line":470,"column":4},"end":{"line":470,"column":33}},"169":{"start":{"line":471,"column":4},"end":{"line":471,"column":29}},"170":{"start":{"line":472,"column":4},"end":{"line":472,"column":28}},"171":{"start":{"line":473,"column":4},"end":{"line":473,"column":28}},"172":{"start":{"line":474,"column":4},"end":{"line":474,"column":34}},"173":{"start":{"line":475,"column":4},"end":{"line":475,"column":34}},"174":{"start":{"line":476,"column":4},"end":{"line":476,"column":42}},"175":{"start":{"line":477,"column":4},"end":{"line":477,"column":45}},"176":{"start":{"line":478,"column":4},"end":{"line":478,"column":52}},"177":{"start":{"line":479,"column":4},"end":{"line":479,"column":37}},"178":{"start":{"line":480,"column":4},"end":{"line":480,"column":44}},"179":{"start":{"line":484,"column":4},"end":{"line":484,"column":32}},"180":{"start":{"line":485,"column":4},"end":{"line":485,"column":35}},"181":{"start":{"line":486,"column":4},"end":{"line":486,"column":27}},"182":{"start":{"line":487,"column":4},"end":{"line":487,"column":40}},"183":{"start":{"line":488,"column":4},"end":{"line":488,"column":29}},"184":{"start":{"line":490,"column":4},"end":{"line":497,"column":5}},"185":{"start":{"line":492,"column":6},"end":{"line":492,"column":52}},"186":{"start":{"line":493,"column":6},"end":{"line":493,"column":48}},"187":{"start":{"line":494,"column":6},"end":{"line":494,"column":27}},"188":{"start":{"line":501,"column":4},"end":{"line":501,"column":63}},"189":{"start":{"line":501,"column":56},"end":{"line":501,"column":63}},"190":{"start":{"line":502,"column":15},"end":{"line":502,"column":36}},"191":{"start":{"line":508,"column":4},"end":{"line":508,"column":50}},"192":{"start":{"line":509,"column":4},"end":{"line":509,"column":50}},"193":{"start":{"line":510,"column":4},"end":{"line":510,"column":25}},"194":{"start":{"line":520,"column":4},"end":{"line":538,"column":5}},"195":{"start":{"line":528,"column":6},"end":{"line":528,"column":73}},"196":{"start":{"line":529,"column":11},"end":{"line":538,"column":5}},"197":{"start":{"line":533,"column":6},"end":{"line":533,"column":73}},"198":{"start":{"line":534,"column":11},"end":{"line":538,"column":5}},"199":{"start":{"line":537,"column":6},"end":{"line":537,"column":73}},"200":{"start":{"line":539,"column":4},"end":{"line":539,"column":25}},"201":{"start":{"line":540,"column":4},"end":{"line":540,"column":83}},"202":{"start":{"line":540,"column":62},"end":{"line":540,"column":83}},"203":{"start":{"line":541,"column":4},"end":{"line":541,"column":71}},"204":{"start":{"line":541,"column":35},"end":{"line":541,"column":71}},"205":{"start":{"line":546,"column":4},"end":{"line":546,"column":19}},"206":{"start":{"line":547,"column":4},"end":{"line":547,"column":29}},"207":{"start":{"line":547,"column":22},"end":{"line":547,"column":29}},"208":{"start":{"line":548,"column":4},"end":{"line":555,"column":7}},"209":{"start":{"line":549,"column":22},"end":{"line":549,"column":96}},"210":{"start":{"line":549,"column":86},"end":{"line":549,"column":94}},"211":{"start":{"line":551,"column":6},"end":{"line":554,"column":9}},"212":{"start":{"line":552,"column":21},"end":{"line":552,"column":33}},"213":{"start":{"line":553,"column":8},"end":{"line":553,"column":56}},"214":{"start":{"line":553,"column":18},"end":{"line":553,"column":56}},"215":{"start":{"line":584,"column":4},"end":{"line":584,"column":28}},"216":{"start":{"line":585,"column":4},"end":{"line":589,"column":5}},"217":{"start":{"line":586,"column":6},"end":{"line":586,"column":28}},"218":{"start":{"line":587,"column":6},"end":{"line":587,"column":23}},"219":{"start":{"line":588,"column":6},"end":{"line":588,"column":13}},"220":{"start":{"line":590,"column":4},"end":{"line":601,"column":7}},"221":{"start":{"line":592,"column":8},"end":{"line":592,"column":40}},"222":{"start":{"line":593,"column":8},"end":{"line":593,"column":36}},"223":{"start":{"line":594,"column":8},"end":{"line":594,"column":81}},"224":{"start":{"line":594,"column":28},"end":{"line":594,"column":81}},"225":{"start":{"line":595,"column":8},"end":{"line":595,"column":39}},"226":{"start":{"line":598,"column":8},"end":{"line":598,"column":30}},"227":{"start":{"line":599,"column":8},"end":{"line":599,"column":25}},"228":{"start":{"line":606,"column":4},"end":{"line":620,"column":7}},"229":{"start":{"line":613,"column":23},"end":{"line":613,"column":43}},"230":{"start":{"line":614,"column":32},"end":{"line":614,"column":61}},"231":{"start":{"line":615,"column":28},"end":{"line":615,"column":53}},"232":{"start":{"line":618,"column":8},"end":{"line":618,"column":86}},"233":{"start":{"line":618,"column":55},"end":{"line":618,"column":86}},"234":{"start":{"line":625,"column":4},"end":{"line":625,"column":26}},"235":{"start":{"line":644,"column":4},"end":{"line":644,"column":35}},"236":{"start":{"line":645,"column":4},"end":{"line":645,"column":41}},"237":{"start":{"line":646,"column":4},"end":{"line":646,"column":29}},"238":{"start":{"line":646,"column":22},"end":{"line":646,"column":29}},"239":{"start":{"line":647,"column":4},"end":{"line":657,"column":7}},"240":{"start":{"line":648,"column":22},"end":{"line":648,"column":105}},"241":{"start":{"line":648,"column":88},"end":{"line":648,"column":103}},"242":{"start":{"line":650,"column":6},"end":{"line":656,"column":9}},"243":{"start":{"line":651,"column":24},"end":{"line":651,"column":117}},"244":{"start":{"line":651,"column":62},"end":{"line":651,"column":116}},"245":{"start":{"line":652,"column":8},"end":{"line":655,"column":9}},"246":{"start":{"line":653,"column":10},"end":{"line":653,"column":127}},"247":{"start":{"line":653,"column":82},"end":{"line":653,"column":124}},"248":{"start":{"line":654,"column":10},"end":{"line":654,"column":73}},"249":{"start":{"line":668,"column":65},"end":{"line":668,"column":67}},"250":{"start":{"line":669,"column":4},"end":{"line":672,"column":5}},"251":{"start":{"line":670,"column":24},"end":{"line":670,"column":83}},"252":{"start":{"line":671,"column":6},"end":{"line":671,"column":73}},"253":{"start":{"line":671,"column":33},"end":{"line":671,"column":73}},"254":{"start":{"line":673,"column":4},"end":{"line":676,"column":7}},"255":{"start":{"line":674,"column":17},"end":{"line":674,"column":93}},"256":{"start":{"line":675,"column":6},"end":{"line":675,"column":122}},"257":{"start":{"line":677,"column":4},"end":{"line":677,"column":16}},"258":{"start":{"line":689,"column":4},"end":{"line":689,"column":106}},"259":{"start":{"line":689,"column":62},"end":{"line":689,"column":96}},"260":{"start":{"line":690,"column":4},"end":{"line":690,"column":43}},"261":{"start":{"line":691,"column":4},"end":{"line":691,"column":79}},"262":{"start":{"line":692,"column":4},"end":{"line":692,"column":41}},"263":{"start":{"line":693,"column":4},"end":{"line":693,"column":41}},"264":{"start":{"line":707,"column":16},"end":{"line":707,"column":63}},"265":{"start":{"line":708,"column":4},"end":{"line":708,"column":32}},"266":{"start":{"line":708,"column":22},"end":{"line":708,"column":32}},"267":{"start":{"line":709,"column":4},"end":{"line":709,"column":93}},"268":{"start":{"line":713,"column":4},"end":{"line":713,"column":76}},"269":{"start":{"line":717,"column":4},"end":{"line":717,"column":71}},"270":{"start":{"line":717,"column":30},"end":{"line":717,"column":71}},"271":{"start":{"line":721,"column":4},"end":{"line":721,"column":92}},"272":{"start":{"line":721,"column":51},"end":{"line":721,"column":92}},"273":{"start":{"line":739,"column":15},"end":{"line":739,"column":36}},"274":{"start":{"line":740,"column":24},"end":{"line":740,"column":65}},"275":{"start":{"line":741,"column":4},"end":{"line":743,"column":5}},"276":{"start":{"line":742,"column":6},"end":{"line":742,"column":127}},"277":{"start":{"line":742,"column":32},"end":{"line":742,"column":125}},"278":{"start":{"line":744,"column":4},"end":{"line":744,"column":63}},"279":{"start":{"line":744,"column":51},"end":{"line":744,"column":63}},"280":{"start":{"line":745,"column":4},"end":{"line":745,"column":105}},"281":{"start":{"line":745,"column":93},"end":{"line":745,"column":105}},"282":{"start":{"line":746,"column":4},"end":{"line":749,"column":7}},"283":{"start":{"line":747,"column":19},"end":{"line":747,"column":65}},"284":{"start":{"line":748,"column":6},"end":{"line":748,"column":52}},"285":{"start":{"line":754,"column":4},"end":{"line":754,"column":31}},"286":{"start":{"line":757,"column":4},"end":{"line":757,"column":35}},"287":{"start":{"line":758,"column":4},"end":{"line":758,"column":27}},"288":{"start":{"line":774,"column":4},"end":{"line":785,"column":7}},"289":{"start":{"line":781,"column":23},"end":{"line":781,"column":42}},"290":{"start":{"line":782,"column":32},"end":{"line":782,"column":58}},"291":{"start":{"line":783,"column":28},"end":{"line":783,"column":52}},"292":{"start":{"line":790,"column":4},"end":{"line":790,"column":27}},"293":{"start":{"line":794,"column":4},"end":{"line":794,"column":74}},"294":{"start":{"line":798,"column":4},"end":{"line":798,"column":70}},"295":{"start":{"line":798,"column":29},"end":{"line":798,"column":70}},"296":{"start":{"line":802,"column":4},"end":{"line":802,"column":90}},"297":{"start":{"line":802,"column":49},"end":{"line":802,"column":90}},"298":{"start":{"line":807,"column":4},"end":{"line":807,"column":73}},"299":{"start":{"line":807,"column":57},"end":{"line":807,"column":73}},"300":{"start":{"line":808,"column":4},"end":{"line":808,"column":80}},"301":{"start":{"line":808,"column":64},"end":{"line":808,"column":80}},"302":{"start":{"line":809,"column":4},"end":{"line":809,"column":21}},"303":{"start":{"line":827,"column":15},"end":{"line":827,"column":33}},"304":{"start":{"line":828,"column":4},"end":{"line":834,"column":5}},"305":{"start":{"line":829,"column":6},"end":{"line":831,"column":8}},"306":{"start":{"line":830,"column":15},"end":{"line":830,"column":120}},"307":{"start":{"line":832,"column":11},"end":{"line":834,"column":5}},"308":{"start":{"line":833,"column":6},"end":{"line":833,"column":73}},"309":{"start":{"line":833,"column":32},"end":{"line":833,"column":71}},"310":{"start":{"line":841,"column":4},"end":{"line":841,"column":125}},"311":{"start":{"line":841,"column":113},"end":{"line":841,"column":125}},"312":{"start":{"line":842,"column":4},"end":{"line":845,"column":7}},"313":{"start":{"line":843,"column":19},"end":{"line":843,"column":64}},"314":{"start":{"line":844,"column":6},"end":{"line":844,"column":52}},"315":{"start":{"line":856,"column":14},"end":{"line":856,"column":61}},"316":{"start":{"line":857,"column":4},"end":{"line":857,"column":41}},"317":{"start":{"line":857,"column":12},"end":{"line":857,"column":41}},"318":{"start":{"line":858,"column":4},"end":{"line":858,"column":105}},"319":{"start":{"line":858,"column":47},"end":{"line":858,"column":103}},"320":{"start":{"line":870,"column":4},"end":{"line":870,"column":39}},"321":{"start":{"line":871,"column":4},"end":{"line":873,"column":5}},"322":{"start":{"line":872,"column":6},"end":{"line":872,"column":76}},"323":{"start":{"line":885,"column":4},"end":{"line":885,"column":62}},"324":{"start":{"line":885,"column":52},"end":{"line":885,"column":62}},"325":{"start":{"line":886,"column":17},"end":{"line":886,"column":63}},"326":{"start":{"line":887,"column":4},"end":{"line":887,"column":61}},"327":{"start":{"line":887,"column":51},"end":{"line":887,"column":61}},"328":{"start":{"line":888,"column":16},"end":{"line":888,"column":63}},"329":{"start":{"line":889,"column":18},"end":{"line":889,"column":69}},"330":{"start":{"line":890,"column":4},"end":{"line":890,"column":90}},"331":{"start":{"line":895,"column":26},"end":{"line":895,"column":43}},"332":{"start":{"line":896,"column":23},"end":{"line":896,"column":66}},"333":{"start":{"line":897,"column":4},"end":{"line":897,"column":55}},"334":{"start":{"line":908,"column":4},"end":{"line":908,"column":46}},"335":{"start":{"line":919,"column":4},"end":{"line":919,"column":55}},"336":{"start":{"line":923,"column":4},"end":{"line":923,"column":106}},"337":{"start":{"line":923,"column":62},"end":{"line":923,"column":96}},"338":{"start":{"line":927,"column":4},"end":{"line":929,"column":5}},"339":{"start":{"line":928,"column":6},"end":{"line":928,"column":98}},"340":{"start":{"line":930,"column":4},"end":{"line":930,"column":43}},"341":{"start":{"line":937,"column":4},"end":{"line":939,"column":5}},"342":{"start":{"line":938,"column":6},"end":{"line":938,"column":74}},"343":{"start":{"line":940,"column":4},"end":{"line":940,"column":79}},"344":{"start":{"line":940,"column":54},"end":{"line":940,"column":79}},"345":{"start":{"line":941,"column":4},"end":{"line":941,"column":32}},"346":{"start":{"line":964,"column":4},"end":{"line":964,"column":34}},"347":{"start":{"line":965,"column":4},"end":{"line":965,"column":34}},"348":{"start":{"line":966,"column":4},"end":{"line":966,"column":28}},"349":{"start":{"line":967,"column":21},"end":{"line":967,"column":63}},"350":{"start":{"line":968,"column":4},"end":{"line":968,"column":26}},"351":{"start":{"line":968,"column":19},"end":{"line":968,"column":26}},"352":{"start":{"line":969,"column":4},"end":{"line":969,"column":37}},"353":{"start":{"line":970,"column":4},"end":{"line":993,"column":7}},"354":{"start":{"line":972,"column":8},"end":{"line":976,"column":9}},"355":{"start":{"line":973,"column":10},"end":{"line":973,"column":44}},"356":{"start":{"line":974,"column":10},"end":{"line":974,"column":34}},"357":{"start":{"line":975,"column":10},"end":{"line":975,"column":17}},"358":{"start":{"line":977,"column":8},"end":{"line":987,"column":11}},"359":{"start":{"line":978,"column":34},"end":{"line":978,"column":108}},"360":{"start":{"line":978,"column":98},"end":{"line":978,"column":106}},"361":{"start":{"line":980,"column":10},"end":{"line":980,"column":44}},"362":{"start":{"line":981,"column":10},"end":{"line":984,"column":13}},"363":{"start":{"line":982,"column":25},"end":{"line":982,"column":37}},"364":{"start":{"line":983,"column":12},"end":{"line":983,"column":59}},"365":{"start":{"line":986,"column":10},"end":{"line":986,"column":111}},"366":{"start":{"line":986,"column":47},"end":{"line":986,"column":111}},"367":{"start":{"line":990,"column":8},"end":{"line":990,"column":42}},"368":{"start":{"line":991,"column":8},"end":{"line":991,"column":32}},"369":{"start":{"line":1005,"column":4},"end":{"line":1005,"column":104}},"370":{"start":{"line":1005,"column":60},"end":{"line":1005,"column":94}},"371":{"start":{"line":1006,"column":4},"end":{"line":1006,"column":34}},"372":{"start":{"line":1007,"column":4},"end":{"line":1010,"column":5}},"373":{"start":{"line":1008,"column":6},"end":{"line":1008,"column":27}},"374":{"start":{"line":1009,"column":6},"end":{"line":1009,"column":13}},"375":{"start":{"line":1011,"column":4},"end":{"line":1020,"column":7}},"376":{"start":{"line":1013,"column":8},"end":{"line":1013,"column":42}},"377":{"start":{"line":1014,"column":8},"end":{"line":1014,"column":29}},"378":{"start":{"line":1017,"column":8},"end":{"line":1017,"column":38}},"379":{"start":{"line":1018,"column":8},"end":{"line":1018,"column":29}},"380":{"start":{"line":1029,"column":4},"end":{"line":1029,"column":45}},"381":{"start":{"line":1029,"column":33},"end":{"line":1029,"column":45}},"382":{"start":{"line":1030,"column":23},"end":{"line":1030,"column":48}},"383":{"start":{"line":1031,"column":4},"end":{"line":1031,"column":84}},"384":{"start":{"line":1031,"column":72},"end":{"line":1031,"column":84}},"385":{"start":{"line":1032,"column":4},"end":{"line":1032,"column":89}},"386":{"start":{"line":1037,"column":4},"end":{"line":1037,"column":76}},"387":{"start":{"line":1037,"column":64},"end":{"line":1037,"column":76}},"388":{"start":{"line":1038,"column":4},"end":{"line":1038,"column":132}},"389":{"start":{"line":1043,"column":4},"end":{"line":1043,"column":76}},"390":{"start":{"line":1043,"column":64},"end":{"line":1043,"column":76}},"391":{"start":{"line":1044,"column":4},"end":{"line":1044,"column":117}},"392":{"start":{"line":1056,"column":4},"end":{"line":1056,"column":36}},"393":{"start":{"line":1057,"column":4},"end":{"line":1057,"column":36}},"394":{"start":{"line":1058,"column":4},"end":{"line":1061,"column":5}},"395":{"start":{"line":1059,"column":6},"end":{"line":1059,"column":33}},"396":{"start":{"line":1060,"column":6},"end":{"line":1060,"column":13}},"397":{"start":{"line":1066,"column":4},"end":{"line":1069,"column":5}},"398":{"start":{"line":1067,"column":6},"end":{"line":1067,"column":105}},"399":{"start":{"line":1068,"column":6},"end":{"line":1068,"column":13}},"400":{"start":{"line":1070,"column":4},"end":{"line":1070,"column":40}},"401":{"start":{"line":1074,"column":31},"end":{"line":1074,"column":86}},"402":{"start":{"line":1075,"column":4},"end":{"line":1086,"column":7}},"403":{"start":{"line":1077,"column":8},"end":{"line":1077,"column":45}},"404":{"start":{"line":1078,"column":8},"end":{"line":1078,"column":116}},"405":{"start":{"line":1078,"column":51},"end":{"line":1078,"column":114}},"406":{"start":{"line":1080,"column":8},"end":{"line":1080,"column":110}},"407":{"start":{"line":1080,"column":48},"end":{"line":1080,"column":110}},"408":{"start":{"line":1083,"column":8},"end":{"line":1083,"column":45}},"409":{"start":{"line":1084,"column":8},"end":{"line":1084,"column":35}},"410":{"start":{"line":1098,"column":21},"end":{"line":1098,"column":107}},"411":{"start":{"line":1099,"column":4},"end":{"line":1102,"column":5}},"412":{"start":{"line":1100,"column":6},"end":{"line":1100,"column":33}},"413":{"start":{"line":1101,"column":6},"end":{"line":1101,"column":13}},"414":{"start":{"line":1103,"column":31},"end":{"line":1103,"column":86}},"415":{"start":{"line":1104,"column":4},"end":{"line":1104,"column":40}},"416":{"start":{"line":1105,"column":4},"end":{"line":1141,"column":7}},"417":{"start":{"line":1107,"column":8},"end":{"line":1111,"column":9}},"418":{"start":{"line":1108,"column":10},"end":{"line":1108,"column":47}},"419":{"start":{"line":1109,"column":10},"end":{"line":1109,"column":37}},"420":{"start":{"line":1110,"column":10},"end":{"line":1110,"column":17}},"421":{"start":{"line":1112,"column":8},"end":{"line":1135,"column":11}},"422":{"start":{"line":1114,"column":12},"end":{"line":1121,"column":null}},"423":{"start":{"line":1120,"column":28},"end":{"line":1120,"column":126}},"424":{"start":{"line":1120,"column":45},"end":{"line":1120,"column":124}},"425":{"start":{"line":1121,"column":31},"end":{"line":1121,"column":46}},"426":{"start":{"line":1125,"column":10},"end":{"line":1125,"column":47}},"427":{"start":{"line":1130,"column":30},"end":{"line":1130,"column":92}},"428":{"start":{"line":1131,"column":10},"end":{"line":1133,"column":135}},"429":{"start":{"line":1133,"column":32},"end":{"line":1133,"column":133}},"430":{"start":{"line":1134,"column":10},"end":{"line":1134,"column":112}},"431":{"start":{"line":1134,"column":50},"end":{"line":1134,"column":112}},"432":{"start":{"line":1138,"column":8},"end":{"line":1138,"column":45}},"433":{"start":{"line":1139,"column":8},"end":{"line":1139,"column":35}},"434":{"start":{"line":1145,"column":4},"end":{"line":1145,"column":102}},"435":{"start":{"line":1145,"column":65},"end":{"line":1145,"column":92}},"436":{"start":{"line":1150,"column":4},"end":{"line":1162,"column":5}},"437":{"start":{"line":1151,"column":6},"end":{"line":1151,"column":85}},"438":{"start":{"line":1157,"column":6},"end":{"line":1159,"column":7}},"439":{"start":{"line":1158,"column":8},"end":{"line":1158,"column":86}},"440":{"start":{"line":1160,"column":6},"end":{"line":1160,"column":58}},"441":{"start":{"line":1161,"column":6},"end":{"line":1161,"column":27}},"442":{"start":{"line":1167,"column":4},"end":{"line":1167,"column":42}},"443":{"start":{"line":1167,"column":35},"end":{"line":1167,"column":42}},"444":{"start":{"line":1168,"column":4},"end":{"line":1168,"column":27}},"445":{"start":{"line":1169,"column":4},"end":{"line":1169,"column":28}},"446":{"start":{"line":1170,"column":4},"end":{"line":1185,"column":7}},"447":{"start":{"line":1172,"column":8},"end":{"line":1172,"column":32}},"448":{"start":{"line":1173,"column":8},"end":{"line":1173,"column":32}},"449":{"start":{"line":1174,"column":8},"end":{"line":1174,"column":47}},"450":{"start":{"line":1175,"column":8},"end":{"line":1175,"column":76}},"451":{"start":{"line":1179,"column":8},"end":{"line":1179,"column":45}},"452":{"start":{"line":1182,"column":8},"end":{"line":1182,"column":32}},"453":{"start":{"line":1183,"column":8},"end":{"line":1183,"column":54}},"454":{"start":{"line":1189,"column":4},"end":{"line":1192,"column":5}},"455":{"start":{"line":1190,"column":6},"end":{"line":1190,"column":43}},"456":{"start":{"line":1191,"column":6},"end":{"line":1191,"column":13}},"457":{"start":{"line":1193,"column":4},"end":{"line":1193,"column":32}},"458":{"start":{"line":1194,"column":4},"end":{"line":1233,"column":7}},"459":{"start":{"line":1196,"column":8},"end":{"line":1196,"column":37}},"460":{"start":{"line":1197,"column":8},"end":{"line":1197,"column":45}},"461":{"start":{"line":1206,"column":8},"end":{"line":1227,"column":9}},"462":{"start":{"line":1207,"column":10},"end":{"line":1207,"column":52}},"463":{"start":{"line":1208,"column":10},"end":{"line":1208,"column":31}},"464":{"start":{"line":1209,"column":15},"end":{"line":1227,"column":9}},"465":{"start":{"line":1215,"column":10},"end":{"line":1215,"column":52}},"466":{"start":{"line":1216,"column":10},"end":{"line":1216,"column":31}},"467":{"start":{"line":1217,"column":15},"end":{"line":1227,"column":9}},"468":{"start":{"line":1225,"column":10},"end":{"line":1225,"column":52}},"469":{"start":{"line":1226,"column":10},"end":{"line":1226,"column":31}},"470":{"start":{"line":1230,"column":8},"end":{"line":1230,"column":37}},"471":{"start":{"line":1231,"column":8},"end":{"line":1231,"column":45}},"472":{"start":{"line":1244,"column":4},"end":{"line":1244,"column":43}},"473":{"start":{"line":1244,"column":36},"end":{"line":1244,"column":43}},"474":{"start":{"line":1249,"column":4},"end":{"line":1251,"column":5}},"475":{"start":{"line":1250,"column":6},"end":{"line":1250,"column":71}},"476":{"start":{"line":1252,"column":4},"end":{"line":1252,"column":28}},"477":{"start":{"line":1253,"column":4},"end":{"line":1256,"column":5}},"478":{"start":{"line":1254,"column":6},"end":{"line":1254,"column":61}},"479":{"start":{"line":1255,"column":6},"end":{"line":1255,"column":13}},"480":{"start":{"line":1263,"column":4},"end":{"line":1266,"column":5}},"481":{"start":{"line":1264,"column":6},"end":{"line":1264,"column":167}},"482":{"start":{"line":1265,"column":6},"end":{"line":1265,"column":13}},"483":{"start":{"line":1267,"column":4},"end":{"line":1270,"column":5}},"484":{"start":{"line":1268,"column":6},"end":{"line":1268,"column":61}},"485":{"start":{"line":1269,"column":6},"end":{"line":1269,"column":13}},"486":{"start":{"line":1271,"column":4},"end":{"line":1346,"column":7}},"487":{"start":{"line":1283,"column":8},"end":{"line":1297,"column":9}},"488":{"start":{"line":1284,"column":10},"end":{"line":1295,"column":13}},"489":{"start":{"line":1285,"column":12},"end":{"line":1291,"column":13}},"490":{"start":{"line":1286,"column":28},"end":{"line":1288,"column":73}},"491":{"start":{"line":1289,"column":14},"end":{"line":1289,"column":212}},"492":{"start":{"line":1290,"column":14},"end":{"line":1290,"column":21}},"493":{"start":{"line":1292,"column":12},"end":{"line":1292,"column":45}},"494":{"start":{"line":1293,"column":12},"end":{"line":1293,"column":51}},"495":{"start":{"line":1294,"column":12},"end":{"line":1294,"column":40}},"496":{"start":{"line":1296,"column":10},"end":{"line":1296,"column":17}},"497":{"start":{"line":1298,"column":8},"end":{"line":1298,"column":41}},"498":{"start":{"line":1299,"column":8},"end":{"line":1299,"column":47}},"499":{"start":{"line":1300,"column":8},"end":{"line":1300,"column":36}},"500":{"start":{"line":1307,"column":25},"end":{"line":1307,"column":70}},"501":{"start":{"line":1308,"column":8},"end":{"line":1341,"column":9}},"502":{"start":{"line":1309,"column":10},"end":{"line":1339,"column":13}},"503":{"start":{"line":1319,"column":14},"end":{"line":1319,"column":51}},"504":{"start":{"line":1324,"column":14},"end":{"line":1332,"column":17}},"505":{"start":{"line":1325,"column":16},"end":{"line":1328,"column":17}},"506":{"start":{"line":1326,"column":18},"end":{"line":1326,"column":153}},"507":{"start":{"line":1327,"column":18},"end":{"line":1327,"column":25}},"508":{"start":{"line":1329,"column":16},"end":{"line":1329,"column":49}},"509":{"start":{"line":1330,"column":16},"end":{"line":1330,"column":55}},"510":{"start":{"line":1331,"column":16},"end":{"line":1331,"column":44}},"511":{"start":{"line":1335,"column":14},"end":{"line":1335,"column":43}},"512":{"start":{"line":1336,"column":14},"end":{"line":1336,"column":51}},"513":{"start":{"line":1337,"column":14},"end":{"line":1337,"column":68}},"514":{"start":{"line":1340,"column":10},"end":{"line":1340,"column":17}},"515":{"start":{"line":1342,"column":8},"end":{"line":1342,"column":37}},"516":{"start":{"line":1343,"column":8},"end":{"line":1343,"column":45}},"517":{"start":{"line":1344,"column":8},"end":{"line":1344,"column":54}},"518":{"start":{"line":1350,"column":4},"end":{"line":1350,"column":101}},"519":{"start":{"line":1350,"column":57},"end":{"line":1350,"column":91}},"520":{"start":{"line":1357,"column":4},"end":{"line":1359,"column":5}},"521":{"start":{"line":1358,"column":6},"end":{"line":1358,"column":73}},"522":{"start":{"line":1364,"column":4},"end":{"line":1372,"column":5}},"523":{"start":{"line":1365,"column":6},"end":{"line":1365,"column":79}},"524":{"start":{"line":1366,"column":6},"end":{"line":1366,"column":42}},"525":{"start":{"line":1367,"column":6},"end":{"line":1367,"column":42}},"526":{"start":{"line":1368,"column":6},"end":{"line":1368,"column":30}},"527":{"start":{"line":1369,"column":6},"end":{"line":1369,"column":35}},"528":{"start":{"line":1370,"column":6},"end":{"line":1370,"column":43}},"529":{"start":{"line":1371,"column":6},"end":{"line":1371,"column":30}},"530":{"start":{"line":1375,"column":4},"end":{"line":1377,"column":5}},"531":{"start":{"line":1376,"column":6},"end":{"line":1376,"column":71}},"532":{"start":{"line":1381,"column":4},"end":{"line":1383,"column":5}},"533":{"start":{"line":1382,"column":6},"end":{"line":1382,"column":75}},"534":{"start":{"line":1387,"column":4},"end":{"line":1391,"column":5}},"535":{"start":{"line":1388,"column":6},"end":{"line":1388,"column":72}},"536":{"start":{"line":1389,"column":6},"end":{"line":1389,"column":72}},"537":{"start":{"line":1390,"column":6},"end":{"line":1390,"column":27}},"538":{"start":{"line":1400,"column":4},"end":{"line":1410,"column":7}},"539":{"start":{"line":1406,"column":23},"end":{"line":1406,"column":43}},"540":{"start":{"line":1407,"column":32},"end":{"line":1407,"column":59}},"541":{"start":{"line":1408,"column":28},"end":{"line":1408,"column":53}},"542":{"start":{"line":1414,"column":4},"end":{"line":1414,"column":76}},"543":{"start":{"line":1418,"column":4},"end":{"line":1418,"column":73}},"544":{"start":{"line":1418,"column":30},"end":{"line":1418,"column":73}},"545":{"start":{"line":1422,"column":4},"end":{"line":1422,"column":94}},"546":{"start":{"line":1422,"column":51},"end":{"line":1422,"column":94}},"547":{"start":{"line":1435,"column":15},"end":{"line":1435,"column":36}},"548":{"start":{"line":1436,"column":4},"end":{"line":1439,"column":5}},"549":{"start":{"line":1437,"column":6},"end":{"line":1437,"column":35}},"550":{"start":{"line":1438,"column":6},"end":{"line":1438,"column":13}},"551":{"start":{"line":1440,"column":36},"end":{"line":1440,"column":122}},"552":{"start":{"line":1441,"column":4},"end":{"line":1441,"column":42}},"553":{"start":{"line":1442,"column":4},"end":{"line":1477,"column":7}},"554":{"start":{"line":1444,"column":8},"end":{"line":1448,"column":null}},"555":{"start":{"line":1446,"column":12},"end":{"line":1446,"column":70}},"556":{"start":{"line":1446,"column":37},"end":{"line":1446,"column":68}},"557":{"start":{"line":1448,"column":27},"end":{"line":1448,"column":100}},"558":{"start":{"line":1452,"column":25},"end":{"line":1452,"column":37}},"559":{"start":{"line":1453,"column":6},"end":{"line":1457,"column":7}},"560":{"start":{"line":1454,"column":8},"end":{"line":1454,"column":47}},"561":{"start":{"line":1455,"column":8},"end":{"line":1455,"column":37}},"562":{"start":{"line":1456,"column":8},"end":{"line":1456,"column":15}},"563":{"start":{"line":1458,"column":6},"end":{"line":1476,"column":9}},"564":{"start":{"line":1460,"column":10},"end":{"line":1462,"column":null}},"565":{"start":{"line":1461,"column":27},"end":{"line":1461,"column":41}},"566":{"start":{"line":1462,"column":29},"end":{"line":1462,"column":37}},"567":{"start":{"line":1466,"column":8},"end":{"line":1466,"column":47}},"568":{"start":{"line":1467,"column":8},"end":{"line":1475,"column":14}},"569":{"start":{"line":1468,"column":126},"end":{"line":1468,"column":168}},"570":{"start":{"line":1469,"column":23},"end":{"line":1475,"column":12}},"571":{"start":{"line":1482,"column":19},"end":{"line":1482,"column":97}},"572":{"start":{"line":1482,"column":55},"end":{"line":1482,"column":96}},"573":{"start":{"line":1483,"column":4},"end":{"line":1483,"column":24}},"574":{"start":{"line":1483,"column":17},"end":{"line":1483,"column":24}},"575":{"start":{"line":1484,"column":4},"end":{"line":1484,"column":54}},"576":{"start":{"line":1485,"column":4},"end":{"line":1485,"column":280}},"577":{"start":{"line":1486,"column":4},"end":{"line":1486,"column":59}},"578":{"start":{"line":1487,"column":4},"end":{"line":1487,"column":43}},"579":{"start":{"line":1488,"column":4},"end":{"line":1488,"column":32}},"580":{"start":{"line":1493,"column":4},"end":{"line":1493,"column":120}},"581":{"start":{"line":1493,"column":93},"end":{"line":1493,"column":120}},"582":{"start":{"line":1494,"column":4},"end":{"line":1497,"column":7}},"583":{"start":{"line":1495,"column":19},"end":{"line":1495,"column":65}},"584":{"start":{"line":1496,"column":6},"end":{"line":1496,"column":52}},"585":{"start":{"line":1502,"column":4},"end":{"line":1502,"column":104}},"586":{"start":{"line":1502,"column":60},"end":{"line":1502,"column":94}},"587":{"start":{"line":1503,"column":4},"end":{"line":1503,"column":28}},"588":{"start":{"line":1504,"column":4},"end":{"line":1507,"column":5}},"589":{"start":{"line":1505,"column":6},"end":{"line":1505,"column":87}},"590":{"start":{"line":1506,"column":6},"end":{"line":1506,"column":87}},"591":{"start":{"line":1508,"column":4},"end":{"line":1508,"column":43}},"592":{"start":{"line":1509,"column":4},"end":{"line":1509,"column":32}},"593":{"start":{"line":1514,"column":4},"end":{"line":1514,"column":53}},"594":{"start":{"line":1526,"column":4},"end":{"line":1526,"column":89}},"595":{"start":{"line":1526,"column":33},"end":{"line":1526,"column":89}},"596":{"start":{"line":1527,"column":4},"end":{"line":1527,"column":73}},"597":{"start":{"line":1527,"column":33},"end":{"line":1527,"column":73}},"598":{"start":{"line":1528,"column":4},"end":{"line":1528,"column":127}},"599":{"start":{"line":1528,"column":33},"end":{"line":1528,"column":127}},"600":{"start":{"line":1529,"column":4},"end":{"line":1529,"column":62}},"601":{"start":{"line":1534,"column":18},"end":{"line":1534,"column":44}},"602":{"start":{"line":1535,"column":4},"end":{"line":1535,"column":28}},"603":{"start":{"line":1535,"column":16},"end":{"line":1535,"column":28}},"604":{"start":{"line":1536,"column":4},"end":{"line":1536,"column":71}},"605":{"start":{"line":1536,"column":33},"end":{"line":1536,"column":71}},"606":{"start":{"line":1537,"column":4},"end":{"line":1537,"column":123}},"607":{"start":{"line":1537,"column":33},"end":{"line":1537,"column":123}},"608":{"start":{"line":1538,"column":4},"end":{"line":1538,"column":60}},"609":{"start":{"line":1549,"column":4},"end":{"line":1549,"column":59}},"610":{"start":{"line":1559,"column":4},"end":{"line":1561,"column":13}},"611":{"start":{"line":1565,"column":4},"end":{"line":1567,"column":20}},"612":{"start":{"line":1577,"column":4},"end":{"line":1577,"column":52}},"613":{"start":{"line":1577,"column":39},"end":{"line":1577,"column":52}},"614":{"start":{"line":1578,"column":4},"end":{"line":1578,"column":96}},"615":{"start":{"line":1578,"column":83},"end":{"line":1578,"column":96}},"616":{"start":{"line":1579,"column":4},"end":{"line":1579,"column":115}},"617":{"start":{"line":1579,"column":103},"end":{"line":1579,"column":115}},"618":{"start":{"line":1586,"column":4},"end":{"line":1588,"column":5}},"619":{"start":{"line":1587,"column":6},"end":{"line":1587,"column":68}},"620":{"start":{"line":1589,"column":4},"end":{"line":1589,"column":17}},"621":{"start":{"line":1603,"column":4},"end":{"line":1603,"column":47}},"622":{"start":{"line":1617,"column":4},"end":{"line":1621,"column":6}},"623":{"start":{"line":1626,"column":4},"end":{"line":1626,"column":44}},"624":{"start":{"line":1626,"column":26},"end":{"line":1626,"column":44}},"625":{"start":{"line":1627,"column":4},"end":{"line":1629,"column":5}},"626":{"start":{"line":1628,"column":6},"end":{"line":1628,"column":55}},"627":{"start":{"line":1630,"column":4},"end":{"line":1630,"column":81}},"628":{"start":{"line":1630,"column":42},"end":{"line":1630,"column":81}},"629":{"start":{"line":1631,"column":4},"end":{"line":1631,"column":21}},"630":{"start":{"line":1654,"column":4},"end":{"line":1654,"column":35}},"631":{"start":{"line":1655,"column":4},"end":{"line":1655,"column":32}},"632":{"start":{"line":1656,"column":4},"end":{"line":1656,"column":27}},"633":{"start":{"line":1657,"column":4},"end":{"line":1657,"column":40}},"634":{"start":{"line":1658,"column":4},"end":{"line":1658,"column":39}},"635":{"start":{"line":1658,"column":32},"end":{"line":1658,"column":39}},"636":{"start":{"line":1659,"column":4},"end":{"line":1662,"column":5}},"637":{"start":{"line":1660,"column":6},"end":{"line":1660,"column":63}},"638":{"start":{"line":1661,"column":6},"end":{"line":1661,"column":13}},"639":{"start":{"line":1663,"column":27},"end":{"line":1663,"column":53}},"640":{"start":{"line":1664,"column":4},"end":{"line":1667,"column":5}},"641":{"start":{"line":1665,"column":6},"end":{"line":1665,"column":196}},"642":{"start":{"line":1666,"column":6},"end":{"line":1666,"column":13}},"643":{"start":{"line":1668,"column":4},"end":{"line":1668,"column":33}},"644":{"start":{"line":1669,"column":23},"end":{"line":1673,"column":6}},"645":{"start":{"line":1674,"column":21},"end":{"line":1674,"column":65}},"646":{"start":{"line":1675,"column":4},"end":{"line":1704,"column":7}},"647":{"start":{"line":1677,"column":8},"end":{"line":1677,"column":38}},"648":{"start":{"line":1678,"column":8},"end":{"line":1678,"column":40}},"649":{"start":{"line":1679,"column":8},"end":{"line":1679,"column":32}},"650":{"start":{"line":1682,"column":8},"end":{"line":1686,"column":9}},"651":{"start":{"line":1683,"column":10},"end":{"line":1683,"column":40}},"652":{"start":{"line":1684,"column":10},"end":{"line":1684,"column":63}},"653":{"start":{"line":1685,"column":10},"end":{"line":1685,"column":17}},"654":{"start":{"line":1692,"column":8},"end":{"line":1702,"column":11}},"655":{"start":{"line":1694,"column":12},"end":{"line":1694,"column":42}},"656":{"start":{"line":1695,"column":12},"end":{"line":1695,"column":44}},"657":{"start":{"line":1696,"column":12},"end":{"line":1696,"column":36}},"658":{"start":{"line":1699,"column":12},"end":{"line":1699,"column":42}},"659":{"start":{"line":1700,"column":12},"end":{"line":1700,"column":73}},"660":{"start":{"line":1709,"column":4},"end":{"line":1709,"column":92}},"661":{"start":{"line":1709,"column":75},"end":{"line":1709,"column":92}},"662":{"start":{"line":1713,"column":4},"end":{"line":1713,"column":73}},"663":{"start":{"line":1713,"column":46},"end":{"line":1713,"column":73}},"664":{"start":{"line":1714,"column":4},"end":{"line":1714,"column":26}},"665":{"start":{"line":1728,"column":21},"end":{"line":1728,"column":41}},"666":{"start":{"line":1729,"column":4},"end":{"line":1729,"column":56}},"667":{"start":{"line":1729,"column":49},"end":{"line":1729,"column":56}},"668":{"start":{"line":1730,"column":4},"end":{"line":1730,"column":36}},"669":{"start":{"line":1731,"column":4},"end":{"line":1731,"column":85}},"670":{"start":{"line":1732,"column":4},"end":{"line":1732,"column":30}},"671":{"start":{"line":1733,"column":4},"end":{"line":1733,"column":30}},"672":{"start":{"line":1734,"column":4},"end":{"line":1734,"column":21}},"673":{"start":{"line":1746,"column":21},"end":{"line":1746,"column":41}},"674":{"start":{"line":1747,"column":4},"end":{"line":1747,"column":26}},"675":{"start":{"line":1747,"column":19},"end":{"line":1747,"column":26}},"676":{"start":{"line":1748,"column":4},"end":{"line":1748,"column":36}},"677":{"start":{"line":1752,"column":4},"end":{"line":1752,"column":62}},"678":{"start":{"line":1753,"column":4},"end":{"line":1753,"column":27}},"679":{"start":{"line":1764,"column":4},"end":{"line":1764,"column":40}},"680":{"start":{"line":1765,"column":4},"end":{"line":1765,"column":27}},"681":{"start":{"line":1766,"column":4},"end":{"line":1766,"column":29}},"682":{"start":{"line":1767,"column":23},"end":{"line":1767,"column":45}},"683":{"start":{"line":1768,"column":4},"end":{"line":1768,"column":28}},"684":{"start":{"line":1768,"column":21},"end":{"line":1768,"column":28}},"685":{"start":{"line":1769,"column":4},"end":{"line":1769,"column":31}},"686":{"start":{"line":1770,"column":4},"end":{"line":1780,"column":7}},"687":{"start":{"line":1772,"column":8},"end":{"line":1772,"column":36}},"688":{"start":{"line":1773,"column":8},"end":{"line":1773,"column":76}},"689":{"start":{"line":1773,"column":52},"end":{"line":1773,"column":74}},"690":{"start":{"line":1774,"column":8},"end":{"line":1774,"column":35}},"691":{"start":{"line":1777,"column":8},"end":{"line":1777,"column":36}},"692":{"start":{"line":1778,"column":8},"end":{"line":1778,"column":31}},"693":{"start":{"line":1784,"column":4},"end":{"line":1784,"column":102}},"694":{"start":{"line":1784,"column":65},"end":{"line":1784,"column":92}},"695":{"start":{"line":1787,"column":4},"end":{"line":1787,"column":33}},"696":{"start":{"line":1817,"column":4},"end":{"line":1817,"column":46}},"697":{"start":{"line":1817,"column":39},"end":{"line":1817,"column":46}},"698":{"start":{"line":1818,"column":23},"end":{"line":1818,"column":62}},"699":{"start":{"line":1820,"column":4},"end":{"line":1824,"column":5}},"700":{"start":{"line":1821,"column":6},"end":{"line":1822,"column":25}},"701":{"start":{"line":1821,"column":32},"end":{"line":1821,"column":47}},"702":{"start":{"line":1822,"column":11},"end":{"line":1822,"column":25}},"703":{"start":{"line":1823,"column":6},"end":{"line":1823,"column":13}},"704":{"start":{"line":1829,"column":4},"end":{"line":1836,"column":5}},"705":{"start":{"line":1834,"column":6},"end":{"line":1834,"column":28}},"706":{"start":{"line":1835,"column":6},"end":{"line":1835,"column":13}},"707":{"start":{"line":1837,"column":4},"end":{"line":1837,"column":28}},"708":{"start":{"line":1838,"column":4},"end":{"line":1838,"column":29}},"709":{"start":{"line":1839,"column":16},"end":{"line":1841,"column":74}},"710":{"start":{"line":1842,"column":4},"end":{"line":1852,"column":7}},"711":{"start":{"line":1844,"column":8},"end":{"line":1844,"column":33}},"712":{"start":{"line":1845,"column":8},"end":{"line":1845,"column":47}},"713":{"start":{"line":1846,"column":8},"end":{"line":1846,"column":36}},"714":{"start":{"line":1849,"column":8},"end":{"line":1849,"column":33}},"715":{"start":{"line":1850,"column":8},"end":{"line":1850,"column":55}},"716":{"start":{"line":1861,"column":33},"end":{"line":1861,"column":110}},"717":{"start":{"line":1862,"column":33},"end":{"line":1862,"column":109}},"718":{"start":{"line":1872,"column":29},"end":{"line":1872,"column":103}},"719":{"start":{"line":1876,"column":37},"end":{"line":1876,"column":173}},"720":{"start":{"line":1877,"column":25},"end":{"line":1877,"column":69}},"721":{"start":{"line":1878,"column":24},"end":{"line":1878,"column":143}},"722":{"start":{"line":1879,"column":4},"end":{"line":1950,"column":6}},"723":{"start":{"line":1937,"column":46},"end":{"line":1937,"column":76}},"724":{"start":{"line":1938,"column":46},"end":{"line":1938,"column":99}},"725":{"start":{"line":1939,"column":42},"end":{"line":1939,"column":104}},"726":{"start":{"line":1941,"column":18},"end":{"line":1941,"column":108}},"727":{"start":{"line":1942,"column":40},"end":{"line":1942,"column":119}},"728":{"start":{"line":1943,"column":48},"end":{"line":1943,"column":103}},"729":{"start":{"line":1954,"column":4},"end":{"line":1956,"column":5}},"730":{"start":{"line":1955,"column":6},"end":{"line":1955,"column":105}},"731":{"start":{"line":1955,"column":29},"end":{"line":1955,"column":105}},"732":{"start":{"line":1960,"column":4},"end":{"line":1963,"column":5}},"733":{"start":{"line":1961,"column":6},"end":{"line":1961,"column":64}},"734":{"start":{"line":1962,"column":6},"end":{"line":1962,"column":13}},"735":{"start":{"line":1964,"column":4},"end":{"line":1967,"column":5}},"736":{"start":{"line":1965,"column":6},"end":{"line":1965,"column":109}},"737":{"start":{"line":1966,"column":6},"end":{"line":1966,"column":13}},"738":{"start":{"line":1968,"column":4},"end":{"line":1971,"column":5}},"739":{"start":{"line":1969,"column":6},"end":{"line":1969,"column":85}},"740":{"start":{"line":1970,"column":6},"end":{"line":1970,"column":13}},"741":{"start":{"line":1972,"column":4},"end":{"line":1975,"column":5}},"742":{"start":{"line":1973,"column":6},"end":{"line":1973,"column":104}},"743":{"start":{"
[...]
,"end":{"line":2705,"column":5}}]},"371":{"loc":{"start":{"line":2688,"column":8},"end":{"line":2688,"column":144}},"type":"binary-expr","locations":[{"start":{"line":2688,"column":8},"end":{"line":2688,"column":71}},{"start":{"line":2688,"column":75},"end":{"line":2688,"column":115}},{"start":{"line":2688,"column":119},"end":{"line":2688,"column":144}}]},"372":{"loc":{"start":{"line":2710,"column":4},"end":{"line":2719,"column":5}},"type":"if","locations":[{"start":{"line":2710,"column":4},"end":{"line":2719,"column":5}}]},"373":{"loc":{"start":{"line":2710,"column":8},"end":{"line":2710,"column":92}},"type":"binary-expr","locations":[{"start":{"line":2710,"column":8},"end":{"line":2710,"column":56}},{"start":{"line":2710,"column":60},"end":{"line":2710,"column":92}}]},"374":{"loc":{"start":{"line":2739,"column":16},"end":{"line":2739,"column":44}},"type":"binary-expr","locations":[{"start":{"line":2739,"column":16},"end":{"line":2739,"column":36}},{"start":{"line":2739,"column":40},"end":{"line":2739,"column":44}}]},"375":{"loc":{"start":{"line":2740,"column":16},"end":{"line":2740,"column":44}},"type":"binary-expr","locations":[{"start":{"line":2740,"column":16},"end":{"line":2740,"column":36}},{"start":{"line":2740,"column":40},"end":{"line":2740,"column":44}}]},"376":{"loc":{"start":{"line":2758,"column":8},"end":{"line":2766,"column":9}},"type":"if","locations":[{"start":{"line":2758,"column":8},"end":{"line":2766,"column":9}}]},"377":{"loc":{"start":{"line":2762,"column":14},"end":{"line":2762,"column":108}},"type":"if","locations":[{"start":{"line":2762,"column":14},"end":{"line":2762,"column":108}}]},"378":{"loc":{"start":{"line":2769,"column":8},"end":{"line":2777,"column":9}},"type":"if","locations":[{"start":{"line":2769,"column":8},"end":{"line":2777,"column":9}}]},"379":{"loc":{"start":{"line":2773,"column":14},"end":{"line":2773,"column":100}},"type":"if","locations":[{"start":{"line":2773,"column":14},"end":{"line":2773,"column":100}}]},"380":{"loc":{"start":{"line":2786,"column":4},"end":{"line":2788,"column":5}},"type":"if","locations":[{"start":{"line":2786,"column":4},"end":{"line":2788,"column":5}}]},"381":{"loc":{"start":{"line":2786,"column":8},"end":{"line":2786,"column":106}},"type":"binary-expr","locations":[{"start":{"line":2786,"column":8},"end":{"line":2786,"column":28}},{"start":{"line":2786,"column":32},"end":{"line":2786,"column":62}},{"start":{"line":2786,"column":66},"end":{"line":2786,"column":106}}]},"382":{"loc":{"start":{"line":2789,"column":4},"end":{"line":2791,"column":5}},"type":"if","locations":[{"start":{"line":2789,"column":4},"end":{"line":2791,"column":5}}]},"383":{"loc":{"start":{"line":2789,"column":8},"end":{"line":2789,"column":82}},"type":"binary-expr","locations":[{"start":{"line":2789,"column":8},"end":{"line":2789,"column":20}},{"start":{"line":2789,"column":24},"end":{"line":2789,"column":46}},{"start":{"line":2789,"column":50},"end":{"line":2789,"column":82}}]},"384":{"loc":{"start":{"line":2796,"column":28},"end":{"line":2796,"column":103}},"type":"binary-expr","locations":[{"start":{"line":2796,"column":28},"end":{"line":2796,"column":95}},{"start":{"line":2796,"column":99},"end":{"line":2796,"column":103}}]},"385":{"loc":{"start":{"line":2797,"column":4},"end":{"line":2801,"column":5}},"type":"if","locations":[{"start":{"line":2797,"column":4},"end":{"line":2801,"column":5}}]},"386":{"loc":{"start":{"line":2814,"column":36},"end":{"line":2814,"column":119}},"type":"binary-expr","locations":[{"start":{"line":2814,"column":36},"end":{"line":2814,"column":111}},{"start":{"line":2814,"column":115},"end":{"line":2814,"column":119}}]},"387":{"loc":{"start":{"line":2815,"column":4},"end":{"line":2819,"column":5}},"type":"if","locations":[{"start":{"line":2815,"column":4},"end":{"line":2819,"column":5}}]}},"s":{"0":4,"1":4,"2":4,"3":4,"4":4,"5":4,"6":4,"7":4,"8":4,"9":290,"10":290,"11":290,"12":290,"13":290,"14":290,"15":290,"16":290,"17":290,"18":290,"19":290,"20":290,"21":290,"22":290,"23":290,"24":290,"25":290,"26":290,"27":290,"28":290,"29":290,"30":290,"31":290,"32":290,"33":290,"34":290,"35":290,"36":290,"37":290,"38":290,"39":290,"40":290,"41":290,"42":290,"43":290,"44":290,"45":290,"46":290,"47":290,"48":290,"49":290,"50":290,"51":290,"52":290,"53":290,"54":290,"55":290,"56":290,"57":290,"58":290,"59":290,"60":290,"61":290,"62":290,"63":290,"64":290,"65":290,"66":290,"67":290,"68":290,"69":290,"70":290,"71":290,"72":290,"73":290,"74":290,"75":290,"76":290,"77":290,"78":290,"79":290,"80":290,"81":290,"82":290,"83":290,"84":290,"85":290,"86":290,"87":290,"88":290,"89":290,"90":290,"91":911,"92":293,"93":5,"94":111,"95":2,"96":3,"97":1,"98":2,"99":1,"100":1,"101":4,"102":1,"103":3,"104":1,"105":2,"106":4,"107":1,"108":3,"109":1,"110":2,"111":6,"112":6,"113":2,"114":2,"115":4,"116":2,"117":2,"118":2,"119":5,"120":5,"121":2,"122":3,"123":3,"124":44,"125":38,"126":6,"127":1,"128":5,"129":236,"130":229,"131":3,"132":4,"133":4,"134":4,"135":2,"136":196,"137":196,"138":196,"139":196,"140":59,"141":196,"142":196,"143":196,"144":196,"145":18,"146":196,"147":196,"148":196,"149":196,"150":196,"151":196,"152":196,"153":196,"154":196,"155":196,"156":196,"157":196,"158":196,"159":196,"160":196,"161":196,"162":196,"163":196,"164":196,"165":196,"166":196,"167":196,"168":196,"169":196,"170":196,"171":196,"172":196,"173":196,"174":196,"175":196,"176":196,"177":196,"178":196,"179":196,"180":196,"181":196,"182":196,"183":196,"184":196,"185":158,"186":158,"187":158,"188":25,"189":2,"190":23,"191":23,"192":23,"193":23,"194":181,"195":1,"196":180,"197":1,"198":179,"199":1,"200":181,"201":181,"202":72,"203":181,"204":91,"205":179,"206":179,"207":169,"208":10,"209":13,"210":1,"211":10,"212":13,"213":13,"214":12,"215":189,"216":189,"217":5,"218":5,"219":5,"220":184,"221":179,"222":179,"223":179,"224":179,"225":179,"226":5,"227":5,"228":85,"229":85,"230":85,"231":85,"232":79,"233":18,"234":2,"235":18,"236":18,"237":18,"238":13,"239":5,"240":8,"241":1,"242":5,"243":8,"244":6,"245":8,"246":5,"247":5,"248":5,"249":4,"250":4,"251":5,"252":5,"253":5,"254":4,"255":3,"256":3,"257":4,"258":3,"259":3,"260":3,"261":3,"262":3,"263":3,"264":3,"265":3,"266":1,"267":2,"268":4,"269":2,"270":1,"271":2,"272":1,"273":9,"274":9,"275":9,"276":7,"277":11,"278":9,"279":6,"280":3,"281":2,"282":1,"283":3,"284":3,"285":94,"286":94,"287":94,"288":97,"289":97,"290":97,"291":97,"292":1,"293":4,"294":2,"295":1,"296":2,"297":1,"298":100,"299":23,"300":77,"301":45,"302":32,"303":3,"304":3,"305":1,"306":4,"307":2,"308":1,"309":3,"310":3,"311":1,"312":2,"313":3,"314":3,"315":7,"316":7,"317":1,"318":6,"319":11,"320":3,"321":3,"322":1,"323":10,"324":2,"325":8,"326":8,"327":4,"328":4,"329":4,"330":4,"331":4,"332":4,"333":4,"334":36,"335":8,"336":10,"337":8,"338":10,"339":2,"340":10,"341":10,"342":4,"343":10,"344":3,"345":10,"346":4,"347":4,"348":4,"349":4,"350":4,"351":1,"352":3,"353":3,"354":2,"355":1,"356":1,"357":1,"358":1,"359":1,"360":0,"361":1,"362":1,"363":1,"364":1,"365":1,"366":1,"367":1,"368":1,"369":4,"370":4,"371":4,"372":4,"373":1,"374":1,"375":3,"376":2,"377":2,"378":1,"379":1,"380":15,"381":1,"382":14,"383":14,"384":4,"385":10,"386":3,"387":1,"388":2,"389":3,"390":1,"391":2,"392":11,"393":11,"394":11,"395":1,"396":1,"397":10,"398":4,"399":4,"400":6,"401":6,"402":6,"403":5,"404":5,"405":3,"406":5,"407":2,"408":1,"409":1,"410":7,"411":7,"412":1,"413":1,"414":6,"415":6,"416":6,"417":5,"418":2,"419":2,"420":2,"421":3,"422":3,"423":2,"424":2,"425":1,"426":3,"427":3,"428":3,"429":2,"430":3,"431":1,"432":1,"433":1,"434":12,"435":11,"436":12,"437":6,"438":6,"439":3,"440":6,"441":6,"442":5,"443":1,"444":4,"445":4,"446":4,"447":2,"448":2,"449":2,"450":2,"451":2,"452":2,"453":2,"454":57,"455":24,"456":24,"457":33,"458":33,"459":31,"460":31,"461":31,"462":4,"463":4,"464":27,"465":2,"466":2,"467":25,"468":4,"469":4,"470":2,"471":2,"472":15,"473":1,"474":14,"475":5,"476":14,"477":14,"478":1,"479":1,"480":13,"481":1,"482":1,"483":12,"484":1,"485":1,"486":11,"487":5,"488":4,"489":4,"490":2,"491":2,"492":2,"493":2,"494":2,"495":2,"496":4,"497":1,"498":1,"499":1,"500":6,"501":6,"502":4,"503":2,"504":2,"505":2,"506":1,"507":1,"508":1,"509":1,"510":1,"511":2,"512":2,"513":2,"514":4,"515":2,"516":2,"517":2,"518":8,"519":7,"520":8,"521":3,"522":8,"523":4,"524":4,"525":4,"526":4,"527":4,"528":4,"529":4,"530":8,"531":2,"532":8,"533":3,"534":8,"535":2,"536":2,"537":2,"538":7,"539":7,"540":7,"541":7,"542":3,"543":2,"544":1,"545":3,"546":2,"547":3,"548":3,"549":0,"550":0,"551":3,"552":3,"553":3,"554":3,"555":2,"556":2,"557":1,"558":3,"559":3,"560":1,"561":1,"562":1,"563":2,"564":2,"565":1,"566":1,"567":2,"568":2,"569":2,"570":1,"571":2,"572":2,"573":2,"574":1,"575":1,"576":1,"577":1,"578":1,"579":1,"580":2,"581":1,"582":1,"583":2,"584":2,"585":3,"586":3,"587":3,"588":3,"589":2,"590":2,"591":3,"592":3,"593":146,"594":100,"595":9,"596":91,"597":8,"598":83,"599":28,"600":55,"601":34,"602":34,"603":19,"604":15,"605":2,"606":13,"607":11,"608":2,"609":33,"610":78,"611":7,"612":16,"613":2,"614":14,"615":7,"616":7,"617":4,"618":3,"619":2,"620":1,"621":3,"622":7,"623":5,"624":1,"625":4,"626":1,"627":3,"628":1,"629":2,"630":35,"631":35,"632":35,"633":35,"634":35,"635":2,"636":33,"637":1,"638":1,"639":32,"640":32,"641":2,"642":2,"643":30,"644":30,"645":30,"646":30,"647":26,"648":26,"649":26,"650":4,"651":1,"652":1,"653":1,"654":3,"655":2,"656":2,"657":2,"658":1,"659":1,"660":36,"661":6,"662":30,"663":5,"664":25,"665":47,"666":47,"667":11,"668":36,"669":36,"670":36,"671":36,"672":36,"673":46,"674":46,"675":19,"676":27,"677":27,"678":27,"679":31,"680":31,"681":31,"682":31,"683":31,"684":1,"685":30,"686":30,"687":28,"688":28,"689":7,"690":28,"691":2,"692":2,"693":2,"694":3,"695":2,"696":9,"697":1,"698":8,"699":8,"700":2,"701":1,"702":1,"703":2,"704":6,"705":2,"706":2,"707":4,"708":4,"709":4,"710":4,"711":3,"712":3,"713":3,"714":1,"715":1,"716":203,"717":203,"718":203,"719":203,"720":203,"721":203,"722":203,"723":3,"724":3,"725":2,"726":2,"727":2,"728":2,"729":203,"730":1624,"731":920,"732":37,"733":1,"734":1,"735":36,"736":1,"737":1,"738":35,"739":1,"740":1,"741":34,"742":1,"743":1,"744":33,"745":1,"746":1,"747":32,"748":1,"749":1,"750":31,"751":1,"752":1,"753":30,"754":4,"755":2,"756":2,"757":1,"758":1,"759":29,"760":1,"761":1,"762":28,"763":1,"764":1,"765":27,"766":4,"767":1,"768":1,"769":3,"770":3,"771":1,"772":1,"773":2,"774":25,"775":6,"776":1,"777":1,"778":5,"779":5,"780":1,"781":1,"782":4,"783":23,"784":23,"785":1,"786":23,"787":12,"788":23,"789":4,"790":4,"791":2,"792":23,"793":5,"794":18,"795":17,"796":1,"797":1,"798":22,"799":1,"800":22,"801":1,"802":22,"803":22,"804":22,"805":22,"806":22,"807":22,"808":3,"809":3,"810":3,"811":3,"812":3,"813":3,"814":2,"815":2,"816":1,"817":1,"818":1,"819":1,"820":1,"821":1,"822":1,"823":1,"824":1,"825":1,"826":3,"827":19,"828":3,"829":3,"830":3,"831":3,"832":2,"833":2,"834":2,"835":1,"836":1,"837":1,"838":1,"839":1,"840":1,"841":1,"842":1,"843":1,"844":1,"845":3,"846":16,"847":4,"848":4,"849":4,"850":4,"851":3,"852":3,"853":3,"854":2,"855":2,"856":2,"857":1,"858":1,"859":1,"860":1,"861":1,"862":1,"863":1,"864":1,"865":1,"866":1,"867":1,"868":1,"869":4,"870":12,"871":4,"872":4,"873":4,"874":4,"875":3,"876":3,"877":2,"878":2,"879":1,"880":1,"881":1,"882":1,"883":1,"884":1,"885":1,"886":1,"887":1,"888":1,"889":1,"890":1,"891":4,"892":8,"893":7,"894":7,"895":7,"896":7,"897":7,"898":1,"899":1,"900":1,"901":4,"902":2,"903":2,"904":2,"905":1,"906":1,"907":1,"908":1,"909":1,"910":1,"911":2,"912":2,"913":17,"914":1,"915":16,"916":16,"917":16,"918":16,"919":8,"920":7,"921":1,"922":1,"923":8,"924":8,"925":2,"926":1,"927":1,"928":1,"929":2,"930":6,"931":3,"932":2,"933":1,"934":1,"935":3,"936":3,"937":2,"938":2,"939":2,"940":2,"941":1,"942":1,"943":2,"944":1,"945":1,"946":1,"947":1,"948":1,"949":1,"950":1,"951":3,"952":1,"953":2,"954":2,"955":2,"956":1,"957":1,"958":1,"959":1,"960":1,"961":1,"962":1,"963":1,"964":7,"965":6,"966":2,"967":2,"968":4,"969":3,"970":3,"971":1,"972":1,"973":1,"974":1,"975":1,"976":1,"977":1,"978":3,"979":2,"980":1,"981":1,"982":2,"983":1,"984":1,"985":1,"986":1,"987":1,"988":1,"989":1,"990":1,"991":1,"992":1,"993":1,"994":1,"995":1,"996":3,"997":1,"998":2,"999":2,"1000":1,"1001":1,"1002":1,"1003":1,"1004":1,"1005":1,"1006":13,"1007":2,"1008":11,"1009":11,"1010":11,"1011":11,"1012":6,"1013":5,"1014":5,"1015":5,"1016":5,"1017":5,"1018":1,"1019":1,"1020":11,"1021":2,"1022":1,"1023":1,"1024":1,"1025":2,"1026":9,"1027":2,"1028":1,"1029":1,"1030":1,"1031":2,"1032":7,"1033":3,"1034":2,"1035":1,"1036":1,"1037":1,"1038":1,"1039":1,"1040":3,"1041":4,"1042":2,"1043":1,"1044":1,"1045":1,"1046":2,"1047":2,"1048":45,"1049":45,"1050":45,"1051":45,"1052":45,"1053":45,"1054":45,"1055":45,"1056":45,"1057":45,"1058":45,"1059":45,"1060":45,"1061":44,"1062":42,"1063":2,"1064":44,"1065":43,"1066":2,"1067":1,"1068":44,"1069":44,"1070":39,"1071":37,"1072":37,"1073":1,"1074":2,"1075":44,"1076":38,"1077":36,"1078":36,"1079":2,"1080":2,"1081":1,"1082":5,"1083":5,"1084":1,"1085":5,"1086":1,"1087":6,"1088":6,"1089":6,"1090":1,"1091":1,"1092":1,"1093":5,"1094":4,"1095":1,"1096":5,"1097":4,"1098":1,"1099":1,"1100":5,"1101":5,"1102":5,"1103":1,"1104":1,"1105":1,"1106":4,"1107":3,"1108":1,"1109":4,"1110":3,"1111":1,"1112":1,"1113":4,"1114":4},"f":{"0":290,"1":911,"2":293,"3":5,"4":111,"5":2,"6":3,"7":4,"8":4,"9":6,"10":5,"11":3,"12":44,"13":236,"14":229,"15":3,"16":4,"17":196,"18":25,"19":181,"20":179,"21":13,"22":1,"23":10,"24":13,"25":189,"26":179,"27":5,"28":85,"29":85,"30":85,"31":85,"32":79,"33":2,"34":18,"35":8,"36":1,"37":5,"38":8,"39":6,"40":5,"41":4,"42":3,"43":3,"44":3,"45":3,"46":4,"47":2,"48":2,"49":9,"50":11,"51":3,"52":94,"53":97,"54":97,"55":97,"56":97,"57":1,"58":4,"59":2,"60":2,"61":100,"62":3,"63":4,"64":3,"65":3,"66":7,"67":11,"68":3,"69":10,"70":4,"71":36,"72":8,"73":10,"74":8,"75":4,"76":2,"77":1,"78":0,"79":1,"80":1,"81":1,"82":4,"83":4,"84":2,"85":1,"86":15,"87":3,"88":3,"89":11,"90":5,"91":3,"92":1,"93":7,"94":5,"95":3,"96":2,"97":2,"98":1,"99":3,"100":2,"101":1,"102":12,"103":11,"104":5,"105":2,"106":2,"107":57,"108":31,"109":2,"110":15,"111":5,"112":4,"113":6,"114":2,"115":2,"116":2,"117":8,"118":7,"119":7,"120":7,"121":7,"122":7,"123":3,"124":2,"125":3,"126":3,"127":3,"128":2,"129":2,"130":1,"131":3,"132":2,"133":1,"134":1,"135":2,"136":2,"137":1,"138":2,"139":2,"140":2,"141":2,"142":3,"143":3,"144":146,"145":100,"146":34,"147":33,"148":78,"149":7,"150":16,"151":3,"152":7,"153":5,"154":35,"155":26,"156":4,"157":2,"158":1,"159":36,"160":47,"161":46,"162":31,"163":28,"164":7,"165":2,"166":2,"167":3,"168":9,"169":3,"170":1,"171":203,"172":3,"173":3,"174":2,"175":2,"176":2,"177":2,"178":37,"179":2,"180":1,"181":1,"182":1,"183":2,"184":1,"185":1,"186":1,"187":3,"188":2,"189":1,"190":1,"191":1,"192":1,"193":3,"194":2,"195":1,"196":1,"197":1,"198":1,"199":7,"200":1,"201":4,"202":1,"203":1,"204":17,"205":7,"206":1,"207":1,"208":1,"209":2,"210":1,"211":2,"212":1,"213":2,"214":1,"215":1,"216":3,"217":2,"218":1,"219":1,"220":7,"221":6,"222":1,"223":3,"224":2,"225":1,"226":2,"227":1,"228":1,"229":1,"230":3,"231":1,"232":1,"233":13,"234":6,"235":5,"236":1,"237":1,"238":1,"239":1,"240":1,"241":2,"242":1,"243":1,"244":1,"245":1,"246":1,"247":45,"248":44,"249":42,"250":2,"251":43,"252":2,"253":1,"254":37,"255":2,"256":36,"257":2,"258":1,"259":5,"260":6,"261":6,"262":4,"263":1,"264":4,"265":1,"266":1,"267":5,"268":5,"269":3,"270":1,"271":3,"272":1,"273":1},"b":{"0":[911,876],"1":[279,14],"2":[2,3],"3":[111,110],"4":[1,1],"5":[1],"6":[1],"7":[1],"8":[1],"9":[2,1],"10":[1],"11":[1],"12":[2,1],"13":[6,1],"14":[2],"15":[1,1],"16":[2],"17":[1,1],"18":[2],"19":[5,4,2],"20":[3,3],"21":[38],"22":[1],"23":[236,232],"24":[229,227,227],"25":[3,2,1],"26":[2,2],"27":[2],"28":[137,59],"29":[59],"30":[196,125],"31":[18],"32":[196,180],"33":[196,102],"34":[158,38],"35":[2],"36":[25,24],"37":[1,180],"38":[181,36],"39":[1,179],"40":[180,14],"41":[1],"42":[179,28,22],"43":[72],"44":[181,130],"45":[91],"46":[169],"47":[12],"48":[5],"49":[184,181],"50":[179],"51":[75],"52":[85,83],"53":[18],"54":[13],"55":[8,0],"56":[6,5],"57":[5],"58":[5,4],"59":[5,1],"60":[1,2],"61":[2,1],"62":[2,1],"63":[3,1],"64":[3,1],"65":[1],"66":[1,1],"67":[1],"68":[1],"69":[7],"70":[11,5],"71":[3,2],"72":[6],"73":[2],"74":[3,1],"75":[3,2],"76":[1],"77":[1],"78":[23],"79":[45],"80":[1,2],"81":[4,3,2,2],"82":[1],"83":[3,2],"84":[1],"85":[3,2],"86":[3,2],"87":[1],"88":[11,1],"89":[1],"90":[2],"91":[4],"92":[8,6],"93":[2,2],"94":[4,4],"95":[2,2],"96":[36,1],"97":[2,6],"98":[10,2],"99":[2],"100":[10,2],"101":[1,1],"102":[4],"103":[10,8],"104":[3],"105":[1],"106":[1],"107":[1,1],"108":[1],"109":[4,1],"110":[1],"111":[1],"112":[4],"113":[14,13,12],"114":[1],"115":[3,2],"116":[1,1],"117":[1],"118":[3,2],"119":[1],"120":[4],"121":[6,3],"122":[3,2],"123":[2],"124":[7,1],"125":[1],"126":[6,0],"127":[2],"128":[2,2],"129":[2,2,2,2],"130":[1],"131":[12,2],"132":[6],"133":[12,7],"134":[6,1],"135":[3],"136":[3,1],"137":[1],"138":[3,1],"139":[24],"140":[4,27],"141":[2,25],"142":[27,3],"143":[4],"144":[1],"145":[5],"146":[1],"147":[1],"148":[13,7],"149":[1],"150":[12,6],"151":[11,5],"152":[11,6],"153":[4],"154":[5,5],"155":[2],"156":[2,0],"157":[2,0],"158":[2,0],"159":[4],"160":[4,0],"161":[4,4],"162":[1],"163":[8,1],"164":[3],"165":[8,4],"166":[4],"167":[8,4],"168":[2],"169":[8,3],"170":[3],"171":[8,3],"172":[2],"173":[8,3,3,3],"174":[2,1],"175":[2,1],"176":[7,6],"177":[1],"178":[2],"179":[0],"180":[0,3],"181":[1],"182":[2,1],"183":[1,0],"184":[1],"185":[1,0],"186":[1,0],"187":[1],"188":[2,2],"189":[2,2],"190":[3,1],"191":[2],"192":[2,1],"193":[2,1],"194":[146,40],"195":[9],"196":[9,5],"197":[8],"198":[8,1],"199":[28],"200":[28,8,7],"201":[55,19],"202":[19],"203":[2],"204":[2,1],"205":[11],"206":[11,3,1],"207":[2,1],"208":[33,2],"209":[76,2],"210":[76,36],"211":[6,1],"212":[1,5],"213":[2],"214":[7],"215":[4],"216":[7,6],"217":[2],"218":[3,2],"219":[7,5,4],"220":[4,1],"221":[1],"222":[1],"223":[4,1],"224":[1],"225":[2],"226":[1],"227":[2],"228":[32,14],"229":[8,22],"230":[4,26],"231":[1],"232":[6],"233":[36,35],"234":[5],"235":[11],"236":[47,36],"237":[19],"238":[27,19],"239":[1],"240":[2,1],"241":[1],"242":[2],"243":[1,1],"244":[2],"245":[6,4,2],"246":[2,1],"247":[2,2],"248":[203,54],"249":[203,40],"250":[203,18],"251":[203,32,26],"252":[203,196],"253":[203,44,43,25],"254":[5,198],"255":[5,193],"256":[3,190],"257":[20,170],"258":[7,163],"259":[10,193],"260":[203,198],"261":[203,139],"262":[3,200],"263":[203,159],"264":[3,200],"265":[18,185],"266":[203,187,18],"267":[3,2],"268":[1,1],"269":[2,2],"270":[1,1],"271":[1,1],"272":[2,2],"273":[1,1],"274":[920],"275":[1],"276":[37,37,37,36,36],"277":[1],"278":[36,14],"279":[1],"280":[35,12,1],"281":[1],"282":[34,6],"283":[1],"284":[33,10,5],"285":[1],"286":[32,11,5],"287":[1],"288":[31,7],"289":[4],"290":[2,2],"291":[1],"292":[2,1],"293":[1],"294":[29,9],"295":[1,0],"296":[1],"297":[28,4,3],"298":[4],"299":[1],"300":[1],"301":[1,1],"302":[6],"303":[25,6],"304":[1],"305":[1],"306":[4,0],"307":[23,0],"308":[1],"309":[23,5],"310":[12],"311":[4],"312":[2],"313":[5,18],"314":[5,3],"315":[5,5],"316":[17,1],"317":[1],"318":[22,8],"319":[1],"320":[22,5],"321":[3],"322":[22,3,3],"323":[3,0],"324":[3,0],"325":[1,0],"326":[3],"327":[19,7,3],"328":[2,2,0],"329":[1,0,0],"330":[1,0],"331":[4],"332":[16,4],"333":[3,3,0],"334":[3,0],"335":[3,0],"336":[2,2,0],"337":[1,0,0],"338":[1,0],"339":[4],"340":[12,4,4],"341":[1,0,0],"342":[1,0],"343":[1,0,0],"344":[1,0],"345":[2],"346":[4,3],"347":[1],"348":[15,1],"349":[8],"350":[16,8],"351":[1,0],"352":[2],"353":[8,2],"354":[3],"355":[6,3],"356":[1,2],"357":[2],"358":[2],"359":[6,5],"360":[3],"361":[4,3],"362":[1,0],"363":[1],"364":[2],"365":[13,12],"366":[2],"367":[11,2],"368":[2],"369":[9,5],"370":[3],"371":[7,3,3],"372":[2],"373":[4,2],"374":[45,45],"375":[45,43],"376":[39],"377":[1],"378":[38],"379":[2],"380":[1],"381":[5,3,2],"382":[1],"383":[5,1,1],"384":[6,1],"385":[1],"386":[5,1],"387":[1]}}
}
