TN:
SF:src\app\business-case-runner\balance-case-api.service.ts
FN:34,(anonymous_0)
FN:36,(anonymous_1)
FN:40,(anonymous_2)
FNF:3
FNH:3
FNDA:3,(anonymous_0)
FNDA:1,(anonymous_1)
FNDA:2,(anonymous_2)
DA:1,2
DA:2,2
DA:33,2
DA:34,3
DA:37,1
DA:41,2
LF:6
LH:6
BRF:0
BRH:0
end_of_record
TN:
SF:src\app\business-case-runner\business-case-runner.component.ts
FN:33,(anonymous_0)
FN:35,(anonymous_1)
FN:37,(anonymous_2)
FN:47,(anonymous_3)
FN:52,(anonymous_4)
FN:58,(anonymous_5)
FN:63,(anonymous_6)
FN:67,(anonymous_7)
FN:74,(anonymous_8)
FN:79,(anonymous_9)
FN:86,(anonymous_10)
FN:90,(anonymous_11)
FN:99,(anonymous_12)
FN:108,(anonymous_13)
FN:115,(anonymous_14)
FNF:15
FNH:15
FNDA:17,(anonymous_0)
FNDA:3,(anonymous_1)
FNDA:1,(anonymous_2)
FNDA:2,(anonymous_3)
FNDA:2,(anonymous_4)
FNDA:5,(anonymous_5)
FNDA:1,(anonymous_6)
FNDA:2,(anonymous_7)
FNDA:6,(anonymous_8)
FNDA:11,(anonymous_9)
FNDA:5,(anonymous_10)
FNDA:2,(anonymous_11)
FNDA:7,(anonymous_12)
FNDA:6,(anonymous_13)
FNDA:10,(anonymous_14)
DA:1,1
DA:2,1
DA:3,1
DA:4,1
DA:5,1
DA:21,1
DA:22,17
DA:23,17
DA:24,17
DA:26,17
DA:27,17
DA:28,17
DA:29,17
DA:30,17
DA:31,17
DA:33,17
DA:36,3
DA:38,1
DA:39,1
DA:47,2
DA:53,2
DA:59,5
DA:60,4
DA:61,4
DA:62,4
DA:64,1
DA:65,1
DA:68,2
DA:69,2
DA:75,6
DA:76,6
DA:77,6
DA:78,6
DA:79,6
DA:80,11
DA:81,11
DA:82,3
DA:83,3
DA:85,8
DA:87,5
DA:88,5
DA:91,2
DA:92,2
DA:96,6
DA:100,7
DA:101,6
DA:102,4
DA:103,3
DA:104,2
DA:105,1
DA:109,6
DA:110,5
DA:111,4
DA:112,3
DA:116,10
DA:117,9
DA:118,7
DA:119,7
DA:120,6
DA:121,5
DA:122,2
DA:126,3
DA:127,2
DA:128,2
DA:130,1
LF:65
LH:65
BRDA:53,0,0,2
BRDA:53,0,1,1
BRDA:59,1,0,1
BRDA:69,2,0,2
BRDA:69,2,1,1
BRDA:81,3,0,3
BRDA:92,4,0,2
BRDA:92,4,1,1
BRDA:100,5,0,1
BRDA:101,6,0,2
BRDA:101,7,0,6
BRDA:101,7,1,2
BRDA:101,8,0,1
BRDA:101,8,1,1
BRDA:102,9,0,1
BRDA:103,10,0,1
BRDA:104,11,0,1
BRDA:109,12,0,1
BRDA:110,13,0,1
BRDA:111,14,0,1
BRDA:112,15,0,3
BRDA:112,15,1,1
BRDA:112,16,0,1
BRDA:112,16,1,2
BRDA:116,17,0,1
BRDA:117,18,0,2
BRDA:117,19,0,2
BRDA:117,19,1,1
BRDA:119,20,0,1
BRDA:120,21,0,1
BRDA:121,22,0,2
BRDA:124,23,0,1
BRDA:124,23,1,1
BRDA:126,24,0,2
BRDA:127,25,0,1
BRDA:127,25,1,1
BRF:36
BRH:36
end_of_record
TN:
SF:src\app\transaction-builder\api-error.ts
FN:8,describeApiError
FNF:1
FNH:1
FNDA:45,describeApiError
DA:8,8
DA:9,45
LF:2
LH:2
BRDA:9,0,0,45
BRDA:9,0,1,1
BRF:2
BRH:2
end_of_record
TN:
SF:src\app\transaction-builder\balance-component-api.service.ts
FN:231,(anonymous_0)
FN:233,(anonymous_1)
FN:237,(anonymous_2)
FN:241,(anonymous_3)
FN:246,(anonymous_4)
FN:251,(anonymous_5)
FN:256,(anonymous_6)
FN:260,(anonymous_7)
FN:289,(anonymous_8)
FN:308,(anonymous_9)
FN:313,(anonymous_10)
FN:326,(anonymous_11)
FN:337,(anonymous_12)
FNF:13
FNH:12
FNDA:25,(anonymous_0)
FNDA:1,(anonymous_1)
FNDA:1,(anonymous_2)
FNDA:2,(anonymous_3)
FNDA:2,(anonymous_4)
FNDA:1,(anonymous_5)
FNDA:1,(anonymous_6)
FNDA:5,(anonymous_7)
FNDA:9,(anonymous_8)
FNDA:1,(anonymous_9)
FNDA:1,(anonymous_10)
FNDA:1,(anonymous_11)
FNDA:0,(anonymous_12)
DA:1,8
DA:2,8
DA:228,8
DA:229,25
DA:231,25
DA:234,1
DA:238,1
DA:242,2
DA:247,2
DA:252,1
DA:257,1
DA:261,5
DA:262,5
DA:263,5
DA:264,5
DA:299,9
DA:300,9
DA:301,9
DA:302,9
DA:303,9
DA:304,9
DA:305,9
DA:309,1
DA:314,1
DA:327,1
DA:338,0
LF:26
LH:25
BRDA:262,0,0,2
BRDA:263,1,0,2
BRDA:293,2,0,3
BRDA:294,3,0,3
BRDA:300,4,0,4
BRDA:301,5,0,2
BRDA:302,6,0,2
BRDA:303,7,0,2
BRDA:304,8,0,1
BRF:9
BRH:9
end_of_record
TN:
SF:src\app\transaction-builder\balance-component.model.ts
FN:113,isToleranceApplicable
FN:118,defaultLcInstrumentTypeForSide
FN:136,(anonymous_2)
FN:145,childInstrumentTypesOf
FN:199,decimalPlacesForCurrency
FN:220,(anonymous_5)
FN:240,amountExceedsCurrencyDecimals
FN:256,groupThousands
FN:947,movementTypeMatchesFunction
FN:949,(anonymous_9)
FN:975,resolveFunctionForMovement
FN:976,(anonymous_11)
FN:990,payExistingUtilizeFunctionFor
FN:991,(anonymous_13)
FNF:14
FNH:14
FNDA:414,isToleranceApplicable
FNDA:247,defaultLcInstrumentTypeForSide
FNDA:12,(anonymous_2)
FNDA:48,childInstrumentTypesOf
FNDA:369,decimalPlacesForCurrency
FNDA:120,(anonymous_5)
FNDA:82,amountExceedsCurrencyDecimals
FNDA:16,groupThousands
FNDA:62,movementTypeMatchesFunction
FNDA:19,(anonymous_9)
FNDA:39,resolveFunctionForMovement
FNDA:218,(anonymous_11)
FNDA:8,payExistingUtilizeFunctionFor
FNDA:48,(anonymous_13)
DA:40,12
DA:54,12
DA:68,12
DA:84,12
DA:85,12
DA:88,12
DA:91,12
DA:94,12
DA:113,12
DA:114,414
DA:118,12
DA:119,247
DA:136,12
DA:137,12
DA:138,120
DA:139,12
DA:140,120
DA:142,12
DA:145,12
DA:146,48
DA:161,12
DA:182,12
DA:199,12
DA:200,369
DA:220,120
DA:240,12
DA:241,82
DA:242,78
DA:243,78
DA:256,12
DA:257,16
DA:258,16
DA:259,77
DA:260,77
DA:261,77
DA:263,16
DA:277,12
DA:567,12
DA:573,12
DA:583,12
DA:605,12
DA:796,12
DA:948,62
DA:949,33
DA:950,31
DA:951,30
DA:952,29
DA:953,28
DA:975,12
DA:976,218
DA:990,12
DA:991,48
LF:52
LH:52
BRDA:114,0,0,414
BRDA:114,0,1,237
BRDA:119,1,0,182
BRDA:119,1,1,65
BRDA:146,2,0,48
BRDA:146,2,1,0
BRDA:200,3,0,369
BRDA:200,3,1,346
BRDA:200,4,0,369
BRDA:200,4,1,22
BRDA:241,5,0,4
BRDA:241,6,0,82
BRDA:241,6,1,81
BRDA:241,6,2,79
BRDA:243,7,0,78
BRDA:243,7,1,11
BRDA:260,8,0,17
BRDA:260,9,0,77
BRDA:260,9,1,62
BRDA:948,10,0,29
BRDA:949,11,0,2
BRDA:950,12,0,1
BRDA:951,13,0,1
BRDA:951,14,0,30
BRDA:951,14,1,1
BRDA:952,15,0,1
BRDA:952,16,0,29
BRDA:952,16,1,1
BRDA:976,17,0,218
BRDA:976,17,1,62
BRDA:991,18,0,48
BRDA:991,18,1,32
BRF:32
BRH:31
end_of_record
TN:
SF:src\app\transaction-builder\builder-fields.ts
FN:31,buildFields
FN:116,(anonymous_1)
FN:168,(anonymous_2)
FN:169,(anonymous_3)
FN:170,(anonymous_4)
FN:171,(anonymous_5)
FN:172,(anonymous_6)
FN:173,(anonymous_7)
FN:219,toReadOnlyFields
FN:220,(anonymous_9)
FNF:10
FNH:10
FNDA:327,buildFields
FNDA:6,(anonymous_1)
FNDA:5,(anonymous_2)
FNDA:5,(anonymous_3)
FNDA:4,(anonymous_4)
FNDA:4,(anonymous_5)
FNDA:4,(anonymous_6)
FNDA:4,(anonymous_7)
FNDA:37,toReadOnlyFields
FNDA:296,(anonymous_9)
DA:3,7
DA:4,7
DA:31,7
DA:32,327
DA:51,327
DA:52,327
DA:62,327
DA:68,327
DA:69,327
DA:70,327
DA:73,327
DA:78,327
DA:80,327
DA:116,6
DA:168,5
DA:169,5
DA:170,4
DA:171,4
DA:172,4
DA:173,4
DA:196,327
DA:197,2616
DA:199,327
DA:219,7
DA:220,296
LF:25
LH:25
BRDA:51,0,0,327
BRDA:51,0,1,74
BRDA:52,1,0,327
BRDA:52,1,1,292
BRDA:52,1,2,23
BRDA:62,2,0,327
BRDA:62,2,1,19
BRDA:68,3,0,327
BRDA:68,3,1,35
BRDA:68,3,2,35
BRDA:69,4,0,327
BRDA:69,4,1,318
BRDA:70,5,0,327
BRDA:70,5,1,117
BRDA:70,5,2,115
BRDA:70,5,3,40
BRDA:78,6,0,327
BRDA:78,6,1,259
BRDA:85,7,0,5
BRDA:85,7,1,322
BRDA:87,8,0,6
BRDA:87,8,1,316
BRDA:89,9,0,6
BRDA:89,9,1,310
BRDA:91,10,0,24
BRDA:91,10,1,286
BRDA:96,11,0,9
BRDA:96,11,1,277
BRDA:102,12,0,12
BRDA:102,12,1,315
BRDA:102,13,0,327
BRDA:102,13,1,321
BRDA:123,14,0,76
BRDA:123,14,1,251
BRDA:125,15,0,72
BRDA:125,15,1,255
BRDA:128,16,0,76
BRDA:128,16,1,251
BRDA:140,17,0,327
BRDA:140,17,1,240
BRDA:147,18,0,8
BRDA:147,18,1,319
BRDA:149,19,0,327
BRDA:149,19,1,210
BRDA:157,20,0,8
BRDA:157,20,1,319
BRDA:165,21,0,76
BRDA:165,21,1,251
BRDA:165,22,0,327
BRDA:165,22,1,259
BRDA:165,22,2,76
BRDA:169,23,0,5
BRDA:169,23,1,4
BRDA:170,24,0,2
BRDA:170,24,1,2
BRDA:170,25,0,4
BRDA:170,25,1,4
BRDA:171,26,0,2
BRDA:171,26,1,2
BRDA:172,27,0,2
BRDA:172,27,1,2
BRDA:172,28,0,4
BRDA:172,28,1,4
BRDA:173,29,0,2
BRDA:173,29,1,2
BRDA:197,30,0,1512
BRF:66
BRH:66
end_of_record
TN:
SF:src\app\transaction-builder\catalog-picker.service.ts
FN:30,(anonymous_0)
FN:37,(anonymous_1)
FN:40,(anonymous_2)
FN:43,(anonymous_3)
FN:46,(anonymous_4)
FN:49,(anonymous_5)
FN:53,(anonymous_6)
FN:57,(anonymous_7)
FN:61,(anonymous_8)
FN:65,(anonymous_9)
FN:88,(anonymous_10)
FN:94,(anonymous_11)
FN:102,(anonymous_12)
FN:105,(anonymous_13)
FN:105,(anonymous_14)
FN:105,(anonymous_15)
FN:106,(anonymous_16)
FNF:17
FNH:17
FNDA:966,(anonymous_0)
FNDA:21,(anonymous_1)
FNDA:219,(anonymous_2)
FNDA:11,(anonymous_3)
FNDA:224,(anonymous_4)
FNDA:4,(anonymous_5)
FNDA:681,(anonymous_6)
FNDA:6,(anonymous_7)
FNDA:7,(anonymous_8)
FNDA:201,(anonymous_9)
FNDA:191,(anonymous_10)
FNDA:5,(anonymous_11)
FNDA:191,(anonymous_12)
FNDA:13,(anonymous_13)
FNDA:1,(anonymous_14)
FNDA:10,(anonymous_15)
FNDA:13,(anonymous_16)
DA:1,5
DA:4,5
DA:24,5
DA:25,966
DA:26,966
DA:27,966
DA:32,966
DA:34,966
DA:38,21
DA:41,219
DA:44,11
DA:47,224
DA:50,4
DA:54,681
DA:58,6
DA:62,7
DA:73,201
DA:74,201
DA:75,5
DA:76,5
DA:77,5
DA:85,196
DA:89,191
DA:90,191
DA:91,191
DA:92,191
DA:95,5
DA:96,5
DA:103,191
DA:104,191
DA:105,13
DA:106,10
DA:107,13
DA:108,13
LF:34
LH:34
BRDA:74,0,0,5
BRDA:86,1,0,196
BRDA:86,1,1,193
BRDA:104,2,0,181
BRDA:108,3,0,12
BRF:5
BRH:5
end_of_record
TN:
SF:src\app\transaction-builder\checker-actions.service.ts
FN:68,(anonymous_0)
FN:75,(anonymous_1)
FN:79,(anonymous_2)
FN:94,(anonymous_3)
FN:101,(anonymous_4)
FN:102,(anonymous_5)
FN:122,(anonymous_6)
FN:129,(anonymous_7)
FN:130,(anonymous_8)
FN:144,(anonymous_9)
FN:152,(anonymous_10)
FN:153,(anonymous_11)
FN:161,(anonymous_12)
FN:162,(anonymous_13)
FN:166,(anonymous_14)
FN:173,(anonymous_15)
FN:174,(anonymous_16)
FN:184,(anonymous_17)
FN:192,(anonymous_18)
FN:194,(anonymous_19)
FN:195,(anonymous_20)
FN:200,(anonymous_21)
FN:201,(anonymous_22)
FN:209,(anonymous_23)
FN:210,(anonymous_24)
FN:219,(anonymous_25)
FN:221,(anonymous_26)
FN:222,(anonymous_27)
FN:229,(anonymous_28)
FN:237,(anonymous_29)
FN:238,(anonymous_30)
FN:246,(anonymous_31)
FN:248,(anonymous_32)
FN:249,(anonymous_33)
FN:267,(anonymous_34)
FN:272,(anonymous_35)
FN:272,(anonymous_36)
FN:273,(anonymous_37)
FN:294,(anonymous_38)
FN:301,(anonymous_39)
FN:317,(anonymous_40)
FN:318,(anonymous_41)
FN:341,(anonymous_42)
FN:348,(anonymous_43)
FN:357,(anonymous_44)
FN:366,(anonymous_45)
FN:368,(anonymous_46)
FN:369,(anonymous_47)
FN:374,(anonymous_48)
FN:381,(anonymous_49)
FN:382,(anonymous_50)
FN:387,(anonymous_51)
FN:398,(anonymous_52)
FN:399,(anonymous_53)
FNF:54
FNH:54
FNDA:344,(anonymous_0)
FNDA:26,(anonymous_1)
FNDA:34,(anonymous_2)
FNDA:16,(anonymous_3)
FNDA:13,(anonymous_4)
FNDA:2,(anonymous_5)
FNDA:9,(anonymous_6)
FNDA:4,(anonymous_7)
FNDA:2,(anonymous_8)
FNDA:6,(anonymous_9)
FNDA:4,(anonymous_10)
FNDA:1,(anonymous_11)
FNDA:2,(anonymous_12)
FNDA:1,(anonymous_13)
FNDA:4,(anonymous_14)
FNDA:3,(anonymous_15)
FNDA:1,(anonymous_16)
FNDA:13,(anonymous_17)
FNDA:7,(anonymous_18)
FNDA:6,(anonymous_19)
FNDA:1,(anonymous_20)
FNDA:1,(anonymous_21)
FNDA:1,(anonymous_22)
FNDA:1,(anonymous_23)
FNDA:1,(anonymous_24)
FNDA:2,(anonymous_25)
FNDA:1,(anonymous_26)
FNDA:1,(anonymous_27)
FNDA:1,(anonymous_28)
FNDA:1,(anonymous_29)
FNDA:1,(anonymous_30)
FNDA:4,(anonymous_31)
FNDA:3,(anonymous_32)
FNDA:1,(anonymous_33)
FNDA:15,(anonymous_34)
FNDA:6,(anonymous_35)
FNDA:5,(anonymous_36)
FNDA:1,(anonymous_37)
FNDA:16,(anonymous_38)
FNDA:13,(anonymous_39)
FNDA:3,(anonymous_40)
FNDA:7,(anonymous_41)
FNDA:13,(anonymous_42)
FNDA:11,(anonymous_43)
FNDA:2,(anonymous_44)
FNDA:3,(anonymous_45)
FNDA:2,(anonymous_46)
FNDA:1,(anonymous_47)
FNDA:5,(anonymous_48)
FNDA:4,(anonymous_49)
FNDA:1,(anonymous_50)
FNDA:4,(anonymous_51)
FNDA:2,(anonymous_52)
FNDA:1,(anonymous_53)
DA:1,6
DA:2,6
DA:3,6
DA:4,6
DA:6,6
DA:67,6
DA:68,344
DA:76,26
DA:80,34
DA:92,34
DA:93,16
DA:95,16
DA:96,1
DA:100,15
DA:101,13
DA:103,2
DA:120,18
DA:121,9
DA:123,9
DA:124,3
DA:128,6
DA:129,4
DA:130,2
DA:142,9
DA:143,6
DA:145,6
DA:146,1
DA:150,5
DA:151,5
DA:152,4
DA:153,1
DA:159,3
DA:160,3
DA:161,2
DA:162,1
DA:171,4
DA:172,4
DA:173,3
DA:174,1
DA:190,13
DA:191,12
DA:192,12
DA:193,7
DA:194,6
DA:195,1
DA:198,12
DA:199,2
DA:200,1
DA:201,1
DA:207,10
DA:208,2
DA:209,1
DA:210,1
DA:217,8
DA:218,3
DA:220,2
DA:221,1
DA:223,1
DA:229,1
DA:235,5
DA:236,2
DA:237,1
DA:238,1
DA:242,3
DA:247,4
DA:248,3
DA:249,1
DA:268,15
DA:269,8
DA:270,8
DA:271,7
DA:272,6
DA:273,1
DA:300,16
DA:301,16
DA:302,13
DA:308,16
DA:309,16
DA:311,16
DA:313,16
DA:314,4
DA:315,4
DA:316,3
DA:318,7
DA:319,3
DA:346,13
DA:347,13
DA:349,11
DA:350,3
DA:352,8
DA:353,5
DA:355,3
DA:358,2
DA:367,3
DA:368,2
DA:369,1
DA:380,5
DA:381,4
DA:382,1
DA:392,4
DA:393,1
DA:397,3
DA:398,2
DA:399,1
LF:104
LH:104
BRDA:80,0,0,33
BRDA:80,0,1,1
BRDA:92,1,0,16
BRDA:95,2,0,1
BRDA:97,3,0,1
BRDA:97,3,1,0
BRDA:104,4,0,2
BRDA:104,4,1,0
BRDA:104,5,0,2
BRDA:104,5,1,0
BRDA:104,5,2,0
BRDA:120,6,0,9
BRDA:123,7,0,3
BRDA:142,8,0,6
BRDA:145,9,0,1
BRDA:150,10,0,5
BRDA:150,10,1,3
BRDA:159,11,0,3
BRDA:159,11,1,3
BRDA:171,12,0,4
BRDA:171,12,1,3
BRDA:190,13,0,1
BRDA:198,14,0,2
BRDA:198,15,0,12
BRDA:198,15,1,2
BRDA:207,16,0,2
BRDA:207,17,0,10
BRDA:207,17,1,5
BRDA:217,18,0,3
BRDA:217,19,0,8
BRDA:217,19,1,3
BRDA:217,19,2,3
BRDA:235,20,0,2
BRDA:235,21,0,5
BRDA:235,21,1,2
BRDA:268,22,0,7
BRDA:270,23,0,1
BRDA:272,24,0,6
BRDA:272,24,1,2
BRDA:272,25,0,5
BRDA:272,25,1,4
BRDA:300,26,0,16
BRDA:300,26,1,2
BRDA:300,26,2,1
BRDA:311,27,0,16
BRDA:311,27,1,2
BRDA:311,27,2,2
BRDA:311,27,3,14
BRDA:311,27,4,2
BRDA:311,27,5,2
BRDA:311,27,6,0
BRDA:313,28,0,12
BRDA:315,29,0,1
BRDA:318,30,0,7
BRDA:318,30,1,4
BRDA:321,31,0,1
BRDA:321,31,1,2
BRDA:321,32,0,1
BRDA:321,32,1,1
BRDA:321,32,2,0
BRDA:322,33,0,2
BRDA:322,33,1,1
BRDA:322,34,0,2
BRDA:322,34,1,2
BRDA:322,34,2,0
BRDA:323,35,0,2
BRDA:323,35,1,1
BRDA:324,36,0,2
BRDA:324,36,1,2
BRDA:324,36,2,1
BRDA:346,37,0,13
BRDA:346,37,1,7
BRDA:349,38,0,3
BRDA:349,39,0,11
BRDA:349,39,1,9
BRDA:352,40,0,5
BRDA:352,41,0,8
BRDA:352,41,1,6
BRDA:359,42,0,2
BRDA:359,42,1,0
BRDA:392,43,0,1
BRF:81
BRH:73
end_of_record
TN:
SF:src\app\transaction-builder\function-policy.ts
FN:61,isCreatingMovement
FN:65,requiredNaturalKeyFields
FN:78,ibNumberLabel
FN:82,hasParent
FN:86,parentOptions
FN:102,carriedCurrency
FN:107,usesTwoFieldSearch
FN:111,toleranceApplicable
FN:116,isReady
FN:121,lcNumberFromParent
FN:132,contextLcNumber
FN:144,contextSecondaryRef
FN:157,checkerSecondaryField
FN:161,checkerSecondaryLabel
FN:170,parentTenorFamily
FNF:15
FNH:15
FNDA:1182,isCreatingMovement
FNDA:333,requiredNaturalKeyFields
FNDA:8,ibNumberLabel
FNDA:226,hasParent
FNDA:5,parentOptions
FNDA:391,carriedCurrency
FNDA:259,usesTwoFieldSearch
FNDA:370,toleranceApplicable
FNDA:6,isReady
FNDA:195,lcNumberFromParent
FNDA:110,contextLcNumber
FNDA:42,contextSecondaryRef
FNDA:93,checkerSecondaryField
FNDA:11,checkerSecondaryLabel
FNDA:106,parentTenorFamily
DA:2,9
DA:61,9
DA:62,1182
DA:65,9
DA:66,333
DA:78,9
DA:79,8
DA:82,9
DA:83,226
DA:86,9
DA:87,5
DA:102,9
DA:103,391
DA:107,9
DA:108,259
DA:111,9
DA:112,370
DA:116,9
DA:117,6
DA:121,9
DA:122,195
DA:132,9
DA:133,110
DA:134,101
DA:135,91
DA:136,68
DA:144,9
DA:145,42
DA:146,42
DA:147,18
DA:148,15
DA:149,4
DA:157,9
DA:158,93
DA:161,9
DA:162,11
DA:170,9
DA:171,106
DA:172,77
DA:173,33
LF:40
LH:40
BRDA:62,0,0,1182
BRDA:62,0,1,1127
BRDA:66,1,0,311
BRDA:66,1,1,22
BRDA:79,2,0,2
BRDA:79,2,1,6
BRDA:83,3,0,226
BRDA:83,3,1,224
BRDA:87,4,0,3
BRDA:87,4,1,2
BRDA:103,5,0,391
BRDA:103,5,1,351
BRDA:103,5,2,264
BRDA:108,6,0,259
BRDA:108,6,1,253
BRDA:112,7,0,370
BRDA:112,7,1,365
BRDA:112,7,2,365
BRDA:117,8,0,6
BRDA:117,8,1,4
BRDA:117,8,2,3
BRDA:122,9,0,195
BRDA:122,9,1,67
BRDA:133,10,0,9
BRDA:133,11,0,9
BRDA:133,11,1,5
BRDA:134,12,0,10
BRDA:134,13,0,10
BRDA:134,13,1,2
BRDA:135,14,0,23
BRDA:135,15,0,23
BRDA:135,15,1,6
BRDA:135,15,2,4
BRDA:136,16,0,68
BRDA:136,16,1,23
BRDA:146,17,0,24
BRDA:147,18,0,3
BRDA:147,19,0,3
BRDA:147,19,1,1
BRDA:148,20,0,11
BRDA:148,21,0,11
BRDA:148,21,1,3
BRDA:148,21,2,1
BRDA:149,22,0,4
BRDA:149,22,1,2
BRDA:158,23,0,88
BRDA:158,23,1,5
BRDA:158,24,0,88
BRDA:158,24,1,43
BRDA:162,25,0,8
BRDA:162,25,1,3
BRDA:163,26,0,2
BRDA:163,26,1,6
BRDA:171,27,0,29
BRDA:172,28,0,44
BRF:55
BRH:55
end_of_record
TN:
SF:src\app\transaction-builder\index-picker.component.ts
FN:33,(anonymous_0)
FN:68,(anonymous_1)
FNF:2
FNH:2
FNDA:7,(anonymous_0)
FNDA:6,(anonymous_1)
DA:1,6
DA:2,6
DA:3,6
DA:33,6
DA:34,7
DA:35,7
DA:36,7
DA:37,7
DA:38,7
DA:39,7
DA:41,7
DA:42,7
DA:43,7
DA:44,7
DA:45,7
DA:48,7
DA:49,7
DA:50,7
DA:51,7
DA:52,7
DA:54,7
DA:69,6
DA:70,6
LF:23
LH:23
BRDA:70,0,0,6
BRDA:70,0,1,3
BRDA:70,0,2,2
BRF:3
BRH:3
end_of_record
TN:
SF:src\app\transaction-builder\inquire-events.service.ts
FN:128,(anonymous_0)
FN:152,(anonymous_1)
FN:157,(anonymous_2)
FN:162,(anonymous_3)
FN:179,(anonymous_4)
FN:180,(anonymous_5)
FN:184,(anonymous_6)
FN:191,(anonymous_7)
FN:195,(anonymous_8)
FN:201,(anonymous_9)
FN:209,(anonymous_10)
FN:219,(anonymous_11)
FN:242,(anonymous_12)
FN:248,(anonymous_13)
FN:254,(anonymous_14)
FN:259,(anonymous_15)
FN:273,(anonymous_16)
FN:276,(anonymous_17)
FN:276,(anonymous_18)
FN:278,(anonymous_19)
FN:284,(anonymous_20)
FN:286,(anonymous_21)
FN:286,(anonymous_22)
FN:287,(anonymous_23)
FN:305,(anonymous_24)
FN:316,(anonymous_25)
FN:318,(anonymous_26)
FN:318,(anonymous_27)
FN:319,(anonymous_28)
FN:320,(anonymous_29)
FN:383,(anonymous_30)
FN:388,(anonymous_31)
FN:474,(anonymous_32)
FN:475,(anonymous_33)
FN:481,(anonymous_34)
FN:483,(anonymous_35)
FNF:36
FNH:36
FNDA:370,(anonymous_0)
FNDA:5,(anonymous_1)
FNDA:2,(anonymous_2)
FNDA:4,(anonymous_3)
FNDA:2,(anonymous_4)
FNDA:3,(anonymous_5)
FNDA:29,(anonymous_6)
FNDA:29,(anonymous_7)
FNDA:1,(anonymous_8)
FNDA:16,(anonymous_9)
FNDA:17,(anonymous_10)
FNDA:1,(anonymous_11)
FNDA:7,(anonymous_12)
FNDA:15,(anonymous_13)
FNDA:13,(anonymous_14)
FNDA:1,(anonymous_15)
FNDA:13,(anonymous_16)
FNDA:26,(anonymous_17)
FNDA:13,(anonymous_18)
FNDA:104,(anonymous_19)
FNDA:16,(anonymous_20)
FNDA:15,(anonymous_21)
FNDA:112,(anonymous_22)
FNDA:1,(anonymous_23)
FNDA:112,(anonymous_24)
FNDA:26,(anonymous_25)
FNDA:25,(anonymous_26)
FNDA:3,(anonymous_27)
FNDA:25,(anonymous_28)
FNDA:1,(anonymous_29)
FNDA:33,(anonymous_30)
FNDA:29,(anonymous_31)
FNDA:19,(anonymous_32)
FNDA:1,(anonymous_33)
FNDA:19,(anonymous_34)
FNDA:19,(anonymous_35)
DA:1,6
DA:3,6
DA:4,6
DA:6,6
DA:7,6
DA:9,6
DA:10,6
DA:127,6
DA:128,370
DA:130,370
DA:131,370
DA:132,370
DA:133,370
DA:134,370
DA:137,370
DA:138,370
DA:149,370
DA:153,5
DA:154,5
DA:158,2
DA:159,2
DA:163,4
DA:164,4
DA:167,370
DA:169,370
DA:170,370
DA:171,370
DA:173,370
DA:176,370
DA:177,370
DA:180,3
DA:185,29
DA:186,29
DA:187,25
DA:192,29
DA:196,1
DA:197,1
DA:198,1
DA:202,16
DA:203,16
DA:204,16
DA:205,16
DA:206,16
DA:210,17
DA:211,17
DA:212,17
DA:213,17
DA:214,17
DA:215,17
DA:216,17
DA:220,1
DA:243,7
DA:244,5
DA:245,3
DA:249,15
DA:250,15
DA:251,15
DA:252,14
DA:253,14
DA:255,13
DA:256,13
DA:257,13
DA:260,1
DA:261,1
DA:274,13
DA:275,13
DA:276,26
DA:277,13
DA:278,104
DA:279,13
DA:280,13
DA:285,16
DA:286,112
DA:287,1
DA:306,112
DA:307,112
DA:308,110
DA:310,2
DA:317,26
DA:318,25
DA:319,25
DA:320,1
DA:384,33
DA:385,33
DA:389,29
DA:390,29
DA:391,29
DA:392,29
DA:394,29
DA:406,29
DA:408,29
DA:417,29
DA:418,29
DA:420,29
DA:421,29
DA:422,29
DA:423,29
DA:427,29
DA:433,29
DA:434,29
DA:435,29
DA:436,29
DA:438,29
DA:447,29
DA:448,8
DA:449,8
DA:450,8
DA:458,29
DA:459,22
DA:460,22
DA:468,29
DA:469,29
DA:471,29
DA:472,20
DA:473,20
DA:474,19
DA:482,19
DA:483,19
DA:484,18
LF:119
LH:119
BRDA:159,0,0,1
BRDA:164,1,0,3
BRDA:180,2,0,2
BRDA:180,2,1,1
BRDA:186,3,0,4
BRDA:186,4,0,29
BRDA:186,4,1,25
BRDA:186,4,2,3
BRDA:187,5,0,25
BRDA:187,5,1,24
BRDA:243,6,0,2
BRDA:243,7,0,2
BRDA:243,7,1,1
BRDA:244,8,0,2
BRDA:244,9,0,1
BRDA:244,9,1,1
BRDA:251,10,0,1
BRDA:306,11,0,112
BRDA:306,11,1,110
BRDA:306,11,2,4
BRDA:306,11,3,3
BRDA:306,11,4,2
BRDA:307,12,0,110
BRDA:318,13,0,3
BRDA:318,13,1,22
BRDA:385,14,0,33
BRDA:385,14,1,28
BRDA:385,15,0,5
BRDA:385,15,1,28
BRDA:391,16,0,29
BRDA:391,16,1,3
BRDA:399,17,0,29
BRDA:399,17,1,28
BRDA:402,18,0,29
BRDA:402,18,1,26
BRDA:403,19,0,29
BRDA:403,19,1,8
BRDA:404,20,0,29
BRDA:404,20,1,28
BRDA:415,21,0,29
BRDA:415,21,1,24
BRDA:415,22,0,2
BRDA:415,22,1,22
BRDA:421,23,0,29
BRDA:421,23,1,28
BRDA:423,24,0,2
BRDA:423,24,1,27
BRDA:427,25,0,4
BRDA:427,25,1,25
BRDA:427,26,0,4
BRDA:427,26,1,3
BRDA:427,26,2,2
BRDA:427,27,0,25
BRDA:427,27,1,18
BRDA:433,28,0,4
BRDA:433,28,1,25
BRDA:433,29,0,4
BRDA:433,29,1,3
BRDA:433,29,2,3
BRDA:433,30,0,25
BRDA:433,30,1,24
BRDA:434,31,0,4
BRDA:434,31,1,25
BRDA:434,32,0,4
BRDA:434,32,1,3
BRDA:434,32,2,3
BRDA:434,33,0,25
BRDA:434,33,1,24
BRDA:435,34,0,29
BRDA:435,34,1,4
BRDA:436,35,0,25
BRDA:436,35,1,4
BRDA:436,36,0,25
BRDA:436,36,1,0
BRDA:443,37,0,21
BRDA:443,37,1,8
BRDA:443,38,0,8
BRDA:443,38,1,5
BRDA:444,39,0,21
BRDA:444,39,1,8
BRDA:447,40,0,8
BRDA:448,41,0,7
BRDA:448,41,1,1
BRDA:449,42,0,1
BRDA:449,42,1,7
BRDA:449,43,0,8
BRDA:449,43,1,1
BRDA:454,44,0,1
BRDA:454,44,1,7
BRDA:455,45,0,1
BRDA:455,45,1,7
BRDA:458,46,0,22
BRDA:459,47,0,2
BRDA:459,47,1,20
BRDA:459,48,0,22
BRDA:459,48,1,2
BRDA:464,49,0,2
BRDA:464,49,1,20
BRDA:465,50,0,2
BRDA:465,50,1,20
BRDA:469,51,0,2
BRDA:469,51,1,27
BRDA:469,52,0,1
BRDA:469,52,1,26
BRDA:471,53,0,20
BRDA:472,54,0,1
BRDA:472,54,1,19
BRDA:472,55,0,0
BRDA:472,55,1,19
BRDA:482,56,0,1
BRDA:484,57,0,18
BRF:111
BRH:109
end_of_record
TN:
SF:src\app\transaction-builder\look-up-panel.service.ts
FN:30,(anonymous_0)
FN:68,(anonymous_1)
FN:75,(anonymous_2)
FN:81,(anonymous_3)
FN:93,(anonymous_4)
FN:107,(anonymous_5)
FN:114,(anonymous_6)
FN:125,(anonymous_7)
FN:136,(anonymous_8)
FN:152,(anonymous_9)
FN:160,(anonymous_10)
FN:181,(anonymous_11)
FN:184,(anonymous_12)
FN:185,(anonymous_13)
FN:186,(anonymous_14)
FN:196,(anonymous_15)
FN:197,(anonymous_16)
FN:206,(anonymous_17)
FN:207,(anonymous_18)
FN:211,(anonymous_19)
FN:216,(anonymous_20)
FN:227,(anonymous_21)
FN:228,(anonymous_22)
FN:236,(anonymous_23)
FN:237,(anonymous_24)
FN:238,(anonymous_25)
FN:243,(anonymous_26)
FN:244,(anonymous_27)
FN:252,(anonymous_28)
FN:253,(anonymous_29)
FN:254,(anonymous_30)
FN:259,(anonymous_31)
FN:271,(anonymous_32)
FN:271,(anonymous_33)
FN:272,(anonymous_34)
FN:277,(anonymous_35)
FN:284,(anonymous_36)
FN:288,(anonymous_37)
FN:292,(anonymous_38)
FN:300,(anonymous_39)
FNF:40
FNH:40
FNDA:322,(anonymous_0)
FNDA:3,(anonymous_1)
FNDA:4,(anonymous_2)
FNDA:4,(anonymous_3)
FNDA:6,(anonymous_4)
FNDA:5,(anonymous_5)
FNDA:3,(anonymous_6)
FNDA:3,(anonymous_7)
FNDA:231,(anonymous_8)
FNDA:35,(anonymous_9)
FNDA:45,(anonymous_10)
FNDA:44,(anonymous_11)
FNDA:42,(anonymous_12)
FNDA:44,(anonymous_13)
FNDA:2,(anonymous_14)
FNDA:41,(anonymous_15)
FNDA:1,(anonymous_16)
FNDA:40,(anonymous_17)
FNDA:2,(anonymous_18)
FNDA:1,(anonymous_19)
FNDA:5,(anonymous_20)
FNDA:6,(anonymous_21)
FNDA:6,(anonymous_22)
FNDA:4,(anonymous_23)
FNDA:5,(anonymous_24)
FNDA:1,(anonymous_25)
FNDA:5,(anonymous_26)
FNDA:5,(anonymous_27)
FNDA:3,(anonymous_28)
FNDA:4,(anonymous_29)
FNDA:1,(anonymous_30)
FNDA:53,(anonymous_31)
FNDA:50,(anonymous_32)
FNDA:4,(anonymous_33)
FNDA:3,(anonymous_34)
FNDA:81,(anonymous_35)
FNDA:77,(anonymous_36)
FNDA:4,(anonymous_37)
FNDA:44,(anonymous_38)
FNDA:35,(anonymous_39)
DA:2,5
DA:3,5
DA:29,5
DA:31,322
DA:32,322
DA:35,322
DA:36,322
DA:37,322
DA:40,322
DA:50,322
DA:51,322
DA:52,322
DA:53,322
DA:54,322
DA:62,322
DA:63,322
DA:64,322
DA:65,322
DA:69,3
DA:70,2
DA:71,1
DA:76,4
DA:77,3
DA:78,2
DA:82,4
DA:83,3
DA:84,2
DA:94,6
DA:95,6
DA:96,2
DA:97,2
DA:99,4
DA:100,2
DA:101,2
DA:103,2
DA:108,5
DA:109,5
DA:110,3
DA:115,3
DA:126,3
DA:137,231
DA:139,231
DA:153,35
DA:154,35
DA:155,35
DA:156,35
DA:157,35
DA:161,45
DA:162,45
DA:163,45
DA:164,45
DA:165,45
DA:166,45
DA:167,45
DA:168,45
DA:169,45
DA:170,45
DA:171,45
DA:172,45
DA:173,45
DA:174,45
DA:182,44
DA:184,42
DA:185,44
DA:186,2
DA:191,44
DA:192,44
DA:193,41
DA:196,41
DA:197,1
DA:202,44
DA:203,40
DA:206,40
DA:207,2
DA:211,1
DA:217,5
DA:218,5
DA:219,1
DA:221,5
DA:222,1
DA:228,6
DA:229,6
DA:230,1
DA:231,1
DA:232,1
DA:234,5
DA:236,4
DA:237,5
DA:238,1
DA:244,5
DA:245,5
DA:246,1
DA:247,1
DA:248,1
DA:250,4
DA:252,3
DA:253,4
DA:254,1
DA:265,53
DA:270,53
DA:271,50
DA:272,3
DA:283,81
DA:285,77
DA:286,77
DA:288,4
DA:293,44
DA:295,4
DA:296,3
DA:301,35
DA:303,29
DA:304,25
LF:112
LH:112
BRDA:69,0,0,1
BRDA:70,1,0,1
BRDA:76,2,0,1
BRDA:77,3,0,1
BRDA:78,4,0,2
BRDA:78,4,1,1
BRDA:82,5,0,1
BRDA:83,6,0,1
BRDA:84,7,0,2
BRDA:84,7,1,1
BRDA:94,8,0,6
BRDA:94,8,1,1
BRDA:95,9,0,2
BRDA:97,10,0,1
BRDA:97,10,1,1
BRDA:99,11,0,2
BRDA:101,12,0,1
BRDA:101,12,1,1
BRDA:109,13,0,2
BRDA:109,14,0,5
BRDA:109,14,1,4
BRDA:109,14,2,2
BRDA:110,15,0,3
BRDA:110,15,1,3
BRDA:126,16,0,1
BRDA:126,16,1,2
BRDA:139,17,0,63
BRDA:177,18,0,45
BRDA:177,18,1,45
BRDA:178,19,0,45
BRDA:178,19,1,43
BRDA:192,20,0,41
BRDA:202,21,0,40
BRDA:218,22,0,1
BRDA:218,23,0,5
BRDA:218,23,1,3
BRDA:218,23,2,2
BRDA:221,24,0,1
BRDA:221,25,0,5
BRDA:221,25,1,1
BRDA:221,25,2,1
BRDA:228,26,0,6
BRDA:228,26,1,1
BRDA:229,27,0,1
BRDA:244,28,0,5
BRDA:244,28,1,1
BRDA:245,29,0,1
BRDA:286,30,0,3
BRDA:293,31,0,40
BRDA:295,32,0,1
BRDA:301,33,0,6
BRDA:301,34,0,35
BRDA:301,34,1,34
BRDA:303,35,0,4
BRF:54
BRH:54
end_of_record
TN:
SF:src\app\transaction-builder\maker-submit.service.ts
FN:75,(anonymous_0)
FN:77,(anonymous_1)
FN:94,(anonymous_2)
FN:111,(anonymous_3)
FN:114,(anonymous_4)
FN:115,(anonymous_5)
FN:125,(anonymous_6)
FN:132,(anonymous_7)
FN:137,(anonymous_8)
FN:151,(anonymous_9)
FN:156,(anonymous_10)
FN:166,(anonymous_11)
FN:173,(anonymous_12)
FN:178,(anonymous_13)
FN:195,(anonymous_14)
FN:209,(anonymous_15)
FN:218,(anonymous_16)
FN:228,(anonymous_17)
FN:238,(anonymous_18)
FN:245,(anonymous_19)
FN:250,(anonymous_20)
FN:258,(anonymous_21)
FN:270,(anonymous_22)
FN:271,(anonymous_23)
FN:281,(anonymous_24)
FN:291,(anonymous_25)
FN:298,(anonymous_26)
FN:300,(anonymous_27)
FN:301,(anonymous_28)
FNF:29
FNH:29
FNDA:344,(anonymous_0)
FNDA:46,(anonymous_1)
FNDA:8,(anonymous_2)
FNDA:6,(anonymous_3)
FNDA:4,(anonymous_4)
FNDA:2,(anonymous_5)
FNDA:2,(anonymous_6)
FNDA:7,(anonymous_7)
FNDA:5,(anonymous_8)
FNDA:3,(anonymous_9)
FNDA:2,(anonymous_10)
FNDA:2,(anonymous_11)
FNDA:10,(anonymous_12)
FNDA:8,(anonymous_13)
FNDA:6,(anonymous_14)
FNDA:4,(anonymous_15)
FNDA:2,(anonymous_16)
FNDA:2,(anonymous_17)
FNDA:2,(anonymous_18)
FNDA:9,(anonymous_19)
FNDA:7,(anonymous_20)
FNDA:5,(anonymous_21)
FNDA:3,(anonymous_22)
FNDA:2,(anonymous_23)
FNDA:2,(anonymous_24)
FNDA:2,(anonymous_25)
FNDA:12,(anonymous_26)
FNDA:10,(anonymous_27)
FNDA:2,(anonymous_28)
DA:1,6
DA:2,6
DA:3,6
DA:4,6
DA:6,6
DA:74,6
DA:75,344
DA:78,46
DA:79,8
DA:81,38
DA:82,7
DA:84,31
DA:85,10
DA:87,21
DA:88,9
DA:90,12
DA:95,8
DA:96,8
DA:97,8
DA:98,8
DA:99,8
DA:110,8
DA:112,6
DA:113,6
DA:114,4
DA:116,2
DA:126,2
DA:133,7
DA:134,7
DA:135,7
DA:136,7
DA:138,5
DA:139,5
DA:150,5
DA:151,3
DA:157,2
DA:167,2
DA:174,10
DA:175,10
DA:176,10
DA:177,10
DA:179,8
DA:180,8
DA:194,8
DA:196,6
DA:197,6
DA:208,6
DA:209,4
DA:219,2
DA:229,2
DA:239,2
DA:246,9
DA:247,9
DA:248,9
DA:249,9
DA:251,7
DA:252,7
DA:259,5
DA:269,5
DA:270,3
DA:272,2
DA:282,2
DA:292,2
DA:299,12
DA:300,10
DA:302,2
LF:66
LH:66
BRDA:78,0,0,8
BRDA:78,1,0,46
BRDA:78,1,1,9
BRDA:78,1,2,8
BRDA:81,2,0,7
BRDA:81,3,0,38
BRDA:81,3,1,17
BRDA:81,3,2,7
BRDA:84,4,0,10
BRDA:84,5,0,31
BRDA:84,5,1,10
BRDA:87,6,0,9
BRDA:87,7,0,21
BRDA:87,7,1,9
BRDA:87,7,2,9
BRDA:102,8,0,8
BRDA:102,8,1,0
BRDA:108,9,0,8
BRDA:108,9,1,4
BRDA:119,10,0,2
BRDA:119,10,1,0
BRDA:141,11,0,5
BRDA:141,11,1,5
BRDA:141,11,2,3
BRDA:167,12,0,2
BRDA:167,12,1,0
BRDA:167,12,2,0
BRDA:167,13,0,2
BRDA:167,13,1,0
BRDA:182,14,0,8
BRDA:182,14,1,8
BRDA:182,14,2,4
BRDA:191,15,0,8
BRDA:191,15,1,1
BRDA:192,16,0,8
BRDA:192,16,1,1
BRDA:199,17,0,6
BRDA:199,17,1,6
BRDA:199,17,2,3
BRDA:239,18,0,2
BRDA:239,18,1,0
BRDA:239,18,2,0
BRDA:239,19,0,2
BRDA:239,19,1,0
BRDA:292,20,0,2
BRDA:292,20,1,0
BRDA:292,20,2,0
BRDA:292,21,0,2
BRDA:292,21,1,0
BRDA:302,22,0,2
BRDA:302,22,1,0
BRDA:302,22,2,0
BRDA:302,23,0,2
BRDA:302,23,1,0
BRF:54
BRH:40
end_of_record
TN:
SF:src\app\transaction-builder\paged-list-state.ts
FN:22,(anonymous_0)
FN:24,(anonymous_1)
FN:28,(anonymous_2)
FN:34,(anonymous_3)
FN:39,(anonymous_4)
FNF:5
FNH:5
FNDA:1346,(anonymous_0)
FNDA:23,(anonymous_1)
FNDA:698,(anonymous_2)
FNDA:10,(anonymous_3)
FNDA:14,(anonymous_4)
DA:18,7
DA:19,1346
DA:20,1346
DA:22,1346
DA:25,23
DA:29,698
DA:30,698
DA:35,10
DA:40,14
LF:9
LH:9
BRDA:35,0,0,5
BRDA:35,0,1,5
BRDA:40,1,0,8
BRDA:40,1,1,6
BRF:4
BRH:4
end_of_record
TN:
SF:src\app\transaction-builder\submit-rules.ts
FN:64,validateSubmit
FN:67,(anonymous_1)
FN:168,buildSubmitRequest
FNF:3
FNH:3
FNDA:67,validateSubmit
FNDA:33,(anonymous_1)
FNDA:36,buildSubmitRequest
DA:2,6
DA:3,6
DA:64,6
DA:65,67
DA:66,67
DA:67,67
DA:69,67
DA:70,2
DA:72,65
DA:73,2
DA:75,63
DA:76,2
DA:78,61
DA:79,2
DA:81,59
DA:82,2
DA:88,57
DA:89,2
DA:91,55
DA:92,2
DA:94,53
DA:95,2
DA:101,51
DA:102,9
DA:103,5
DA:104,4
DA:105,2
DA:111,49
DA:112,4
DA:116,45
DA:117,3
DA:128,42
DA:129,8
DA:130,2
DA:132,6
DA:133,6
DA:134,2
DA:136,4
DA:147,38
DA:148,10
DA:149,2
DA:151,8
DA:152,8
DA:153,2
DA:155,6
DA:157,34
DA:168,6
DA:169,36
DA:170,36
DA:178,36
DA:179,36
DA:180,36
DA:181,13
DA:182,13
DA:185,36
DA:186,14
DA:191,22
DA:192,20
DA:194,2
DA:197,34
DA:198,4
DA:200,34
DA:201,2
DA:208,34
DA:209,10
DA:211,34
LF:66
LH:66
BRDA:69,0,0,2
BRDA:69,1,0,67
BRDA:69,1,1,67
BRDA:69,1,2,67
BRDA:69,1,3,65
BRDA:69,1,4,65
BRDA:72,2,0,2
BRDA:75,3,0,2
BRDA:75,4,0,63
BRDA:75,4,1,17
BRDA:78,5,0,2
BRDA:78,6,0,61
BRDA:78,6,1,25
BRDA:78,6,2,2
BRDA:81,7,0,2
BRDA:81,8,0,59
BRDA:81,8,1,12
BRDA:88,9,0,2
BRDA:88,10,0,57
BRDA:88,10,1,21
BRDA:88,10,2,11
BRDA:91,11,0,2
BRDA:91,12,0,55
BRDA:91,12,1,20
BRDA:91,12,2,10
BRDA:94,13,0,2
BRDA:94,14,0,53
BRDA:94,14,1,16
BRDA:101,15,0,9
BRDA:102,16,0,5
BRDA:102,16,1,4
BRDA:104,17,0,2
BRDA:104,18,0,4
BRDA:104,18,1,2
BRDA:111,19,0,4
BRDA:111,20,0,49
BRDA:111,20,1,14
BRDA:112,21,0,4
BRDA:112,21,1,1
BRDA:116,22,0,3
BRDA:116,23,0,45
BRDA:116,23,1,8
BRDA:116,23,2,6
BRDA:128,24,0,8
BRDA:129,25,0,2
BRDA:133,26,0,2
BRDA:136,27,0,2
BRDA:136,27,1,2
BRDA:147,28,0,10
BRDA:147,29,0,38
BRDA:147,29,1,10
BRDA:148,30,0,2
BRDA:152,31,0,2
BRDA:155,32,0,5
BRDA:155,32,1,1
BRDA:173,33,0,36
BRDA:173,33,1,11
BRDA:178,34,0,2
BRDA:178,35,0,36
BRDA:178,35,1,12
BRDA:179,36,0,15
BRDA:180,37,0,13
BRDA:182,38,0,5
BRDA:185,39,0,14
BRDA:185,39,1,22
BRDA:188,40,0,14
BRDA:188,40,1,9
BRDA:189,41,0,14
BRDA:189,41,1,14
BRDA:191,42,0,20
BRDA:191,42,1,2
BRDA:197,43,0,4
BRDA:197,44,0,34
BRDA:197,44,1,12
BRDA:200,45,0,2
BRDA:200,46,0,34
BRDA:200,46,1,6
BRDA:208,47,0,10
BRDA:208,48,0,34
BRDA:208,48,1,12
BRF:80
BRH:80
end_of_record
TN:
SF:src\app\transaction-builder\transaction-builder.component.ts
FN:326,(anonymous_0)
FN:331,(anonymous_1)
FN:339,(anonymous_2)
FN:352,(anonymous_3)
FN:356,(anonymous_4)
FN:360,(anonymous_5)
FN:364,(anonymous_6)
FN:368,(anonymous_7)
FN:372,(anonymous_8)
FN:376,(anonymous_9)
FN:380,(anonymous_10)
FN:385,(anonymous_11)
FN:389,(anonymous_12)
FN:393,(anonymous_13)
FN:405,(anonymous_14)
FN:410,(anonymous_15)
FN:473,(anonymous_16)
FN:486,(anonymous_17)
FN:518,(anonymous_18)
FN:524,(anonymous_19)
FN:531,(anonymous_20)
FN:550,(anonymous_21)
FN:554,(anonymous_22)
FN:554,(anonymous_23)
FN:554,(anonymous_24)
FN:555,(anonymous_25)
FN:556,(anonymous_26)
FN:560,(anonymous_27)
FN:575,(anonymous_28)
FN:581,(anonymous_29)
FN:596,(anonymous_30)
FN:597,(anonymous_31)
FN:619,(anonymous_32)
FN:625,(anonymous_33)
FN:630,(anonymous_34)
FN:649,(anonymous_35)
FN:653,(anonymous_36)
FN:657,(anonymous_37)
FN:664,(anonymous_38)
FN:683,(anonymous_39)
FN:693,(anonymous_40)
FN:697,(anonymous_41)
FN:702,(anonymous_42)
FN:707,(anonymous_43)
FN:724,(anonymous_44)
FN:727,(anonymous_45)
FN:729,(anonymous_46)
FN:755,(anonymous_47)
FN:768,(anonymous_48)
FN:771,(anonymous_49)
FN:782,(anonymous_50)
FN:797,(anonymous_51)
FN:817,(anonymous_52)
FN:830,(anonymous_53)
FN:841,(anonymous_54)
FN:846,(anonymous_55)
FN:850,(anonymous_56)
FN:856,(anonymous_57)
FN:860,(anonymous_58)
FN:861,(anonymous_59)
FN:907,(anonymous_60)
FN:918,(anonymous_61)
FN:924,(anonymous_62)
FN:924,(anonymous_63)
FN:924,(anonymous_64)
FN:926,(anonymous_65)
FN:934,(anonymous_66)
FN:949,(anonymous_67)
FN:950,(anonymous_68)
FN:957,(anonymous_69)
FN:961,(anonymous_70)
FN:973,(anonymous_71)
FN:981,(anonymous_72)
FN:987,(anonymous_73)
FN:1000,(anonymous_74)
FN:1021,(anonymous_75)
FN:1023,(anonymous_76)
FN:1027,(anonymous_77)
FN:1042,(anonymous_78)
FN:1051,(anonymous_79)
FN:1058,(anonymous_80)
FN:1065,(anonymous_81)
FN:1065,(anonymous_82)
FN:1066,(anonymous_83)
FN:1069,(anonymous_84)
FN:1078,(anonymous_85)
FN:1082,(anonymous_86)
FN:1089,(anonymous_87)
FN:1090,(anonymous_88)
FN:1127,(anonymous_89)
FN:1133,(anonymous_90)
FN:1138,(anonymous_91)
FN:1145,(anonymous_92)
FN:1152,(anonymous_93)
FN:1190,(anonymous_94)
FN:1204,(anonymous_95)
FN:1232,(anonymous_96)
FN:1240,(anonymous_97)
FN:1268,(anonymous_98)
FN:1276,(anonymous_99)
FN:1277,(anonymous_100)
FN:1333,(anonymous_101)
FN:1342,(anonymous_102)
FN:1347,(anonymous_103)
FN:1364,(anonymous_104)
FN:1378,(anonymous_105)
FN:1380,(anonymous_106)
FN:1380,(anonymous_107)
FN:1381,(anonymous_108)
FN:1384,(anonymous_109)
FN:1392,(anonymous_110)
FN:1394,(anonymous_111)
FN:1395,(anonymous_112)
FN:1398,(anonymous_113)
FN:1402,(anonymous_114)
FN:1405,(anonymous_115)
FN:1417,(anonymous_116)
FN:1418,(anonymous_117)
FN:1441,(anonymous_118)
FN:1443,(anonymous_119)
FN:1450,(anonymous_120)
FN:1451,(anonymous_121)
FN:1468,(anonymous_122)
FN:1473,(anonymous_123)
FN:1484,(anonymous_124)
FN:1488,(anonymous_125)
FN:1499,(anonymous_126)
FN:1503,(anonymous_127)
FN:1507,(anonymous_128)
FN:1517,(anonymous_129)
FN:1576,(anonymous_130)
FN:1590,(anonymous_131)
FN:1599,(anonymous_132)
FN:1627,(anonymous_133)
FN:1649,(anonymous_134)
FN:1654,(anonymous_135)
FN:1675,(anonymous_136)
FN:1689,(anonymous_137)
FN:1707,(anonymous_138)
FN:1715,(anonymous_139)
FN:1717,(anonymous_140)
FN:1720,(anonymous_141)
FN:1727,(anonymous_142)
FN:1728,(anonymous_143)
FN:1760,(anonymous_144)
FN:1799,(anonymous_145)
FN:1804,(anonymous_146)
FN:1818,(anonymous_147)
FN:1844,(anonymous_148)
FN:1854,(anonymous_149)
FN:1873,(anonymous_150)
FN:1884,(anonymous_151)
FN:1902,(anonymous_152)
FN:1914,(anonymous_153)
FN:1933,(anonymous_154)
FN:1957,(anonymous_155)
FN:1970,(anonymous_156)
FN:1988,(anonymous_157)
FN:1993,(anonymous_158)
FN:1999,(anonymous_159)
FN:2027,(anonymous_160)
FN:2036,(anonymous_161)
FN:2062,(anonymous_162)
FN:2067,(anonymous_163)
FN:2078,(anonymous_164)
FN:2098,(anonymous_165)
FN:2116,(anonymous_166)
FN:2119,(anonymous_167)
FN:2131,(anonymous_168)
FN:2135,(anonymous_169)
FNF:170
FNH:169
FNDA:322,(anonymous_0)
FNDA:45,(anonymous_1)
FNDA:2,(anonymous_2)
FNDA:314,(anonymous_3)
FNDA:21,(anonymous_4)
FNDA:4,(anonymous_5)
FNDA:7,(anonymous_6)
FNDA:2,(anonymous_7)
FNDA:61,(anonymous_8)
FNDA:150,(anonymous_9)
FNDA:3,(anonymous_10)
FNDA:4,(anonymous_11)
FNDA:3,(anonymous_12)
FNDA:3,(anonymous_13)
FNDA:4,(anonymous_14)
FNDA:227,(anonymous_15)
FNDA:26,(anonymous_16)
FNDA:206,(anonymous_17)
FNDA:94,(anonymous_18)
FNDA:88,(anonymous_19)
FNDA:2,(anonymous_20)
FNDA:22,(anonymous_21)
FNDA:8,(anonymous_22)
FNDA:1,(anonymous_23)
FNDA:5,(anonymous_24)
FNDA:8,(anonymous_25)
FNDA:6,(anonymous_26)
FNDA:5,(anonymous_27)
FNDA:4,(anonymous_28)
FNDA:3,(anonymous_29)
FNDA:3,(anonymous_30)
FNDA:3,(anonymous_31)
FNDA:3,(anonymous_32)
FNDA:2,(anonymous_33)
FNDA:2,(anonymous_34)
FNDA:9,(anonymous_35)
FNDA:11,(anonymous_36)
FNDA:3,(anonymous_37)
FNDA:96,(anonymous_38)
FNDA:99,(anonymous_39)
FNDA:1,(anonymous_40)
FNDA:2,(anonymous_41)
FNDA:2,(anonymous_42)
FNDA:102,(anonymous_43)
FNDA:4,(anonymous_44)
FNDA:5,(anonymous_45)
FNDA:3,(anonymous_46)
FNDA:2,(anonymous_47)
FNDA:7,(anonymous_48)
FNDA:11,(anonymous_49)
FNDA:3,(anonymous_50)
FNDA:10,(anonymous_51)
FNDA:4,(anonymous_52)
FNDA:8,(anonymous_53)
FNDA:8,(anonymous_54)
FNDA:6,(anonymous_55)
FNDA:3,(anonymous_56)
FNDA:2,(anonymous_57)
FNDA:14,(anonymous_58)
FNDA:11,(anonymous_59)
FNDA:4,(anonymous_60)
FNDA:2,(anonymous_61)
FNDA:1,(anonymous_62)
FNDA:0,(anonymous_63)
FNDA:1,(anonymous_64)
FNDA:1,(anonymous_65)
FNDA:1,(anonymous_66)
FNDA:4,(anonymous_67)
FNDA:4,(anonymous_68)
FNDA:2,(anonymous_69)
FNDA:1,(anonymous_70)
FNDA:15,(anonymous_71)
FNDA:3,(anonymous_72)
FNDA:3,(anonymous_73)
FNDA:8,(anonymous_74)
FNDA:4,(anonymous_75)
FNDA:3,(anonymous_76)
FNDA:1,(anonymous_77)
FNDA:5,(anonymous_78)
FNDA:3,(anonymous_79)
FNDA:3,(anonymous_80)
FNDA:2,(anonymous_81)
FNDA:2,(anonymous_82)
FNDA:1,(anonymous_83)
FNDA:3,(anonymous_84)
FNDA:2,(anonymous_85)
FNDA:1,(anonymous_86)
FNDA:14,(anonymous_87)
FNDA:14,(anonymous_88)
FNDA:4,(anonymous_89)
FNDA:2,(anonymous_90)
FNDA:1,(anonymous_91)
FNDA:55,(anonymous_92)
FNDA:31,(anonymous_93)
FNDA:2,(anonymous_94)
FNDA:11,(anonymous_95)
FNDA:4,(anonymous_96)
FNDA:3,(anonymous_97)
FNDA:3,(anonymous_98)
FNDA:10,(anonymous_99)
FNDA:9,(anonymous_100)
FNDA:8,(anonymous_101)
FNDA:2,(anonymous_102)
FNDA:3,(anonymous_103)
FNDA:4,(anonymous_104)
FNDA:4,(anonymous_105)
FNDA:3,(anonymous_106)
FNDA:2,(anonymous_107)
FNDA:1,(anonymous_108)
FNDA:4,(anonymous_109)
FNDA:2,(anonymous_110)
FNDA:1,(anonymous_111)
FNDA:1,(anonymous_112)
FNDA:2,(anonymous_113)
FNDA:2,(anonymous_114)
FNDA:1,(anonymous_115)
FNDA:2,(anonymous_116)
FNDA:2,(anonymous_117)
FNDA:2,(anonymous_118)
FNDA:2,(anonymous_119)
FNDA:3,(anonymous_120)
FNDA:3,(anonymous_121)
FNDA:2,(anonymous_122)
FNDA:140,(anonymous_123)
FNDA:104,(anonymous_124)
FNDA:36,(anonymous_125)
FNDA:33,(anonymous_126)
FNDA:36,(anonymous_127)
FNDA:7,(anonymous_128)
FNDA:26,(anonymous_129)
FNDA:3,(anonymous_130)
FNDA:7,(anonymous_131)
FNDA:5,(anonymous_132)
FNDA:35,(anonymous_133)
FNDA:28,(anonymous_134)
FNDA:1,(anonymous_135)
FNDA:46,(anonymous_136)
FNDA:51,(anonymous_137)
FNDA:31,(anonymous_138)
FNDA:28,(anonymous_139)
FNDA:7,(anonymous_140)
FNDA:2,(anonymous_141)
FNDA:2,(anonymous_142)
FNDA:3,(anonymous_143)
FNDA:13,(anonymous_144)
FNDA:5,(anonymous_145)
FNDA:2,(anonymous_146)
FNDA:254,(anonymous_147)
FNDA:13,(anonymous_148)
FNDA:7,(anonymous_149)
FNDA:40,(anonymous_150)
FNDA:65,(anonymous_151)
FNDA:25,(anonymous_152)
FNDA:24,(anonymous_153)
FNDA:24,(anonymous_154)
FNDA:40,(anonymous_155)
FNDA:24,(anonymous_156)
FNDA:4,(anonymous_157)
FNDA:1,(anonymous_158)
FNDA:1,(anonymous_159)
FNDA:6,(anonymous_160)
FNDA:16,(anonymous_161)
FNDA:17,(anonymous_162)
FNDA:16,(anonymous_163)
FNDA:29,(anonymous_164)
FNDA:23,(anonymous_165)
FNDA:3,(anonymous_166)
FNDA:2,(anonymous_167)
FNDA:13,(anonymous_168)
FNDA:11,(anonymous_169)
DA:1,5
DA:2,5
DA:3,5
DA:4,5
DA:5,5
DA:6,5
DA:7,5
DA:8,5
DA:9,5
DA:10,5
DA:11,5
DA:12,5
DA:13,5
DA:14,5
DA:15,5
DA:25,5
DA:26,5
DA:27,5
DA:47,5
DA:48,322
DA:49,322
DA:60,322
DA:69,322
DA:71,322
DA:73,322
DA:82,322
DA:84,322
DA:85,322
DA:86,322
DA:88,322
DA:89,322
DA:93,322
DA:95,322
DA:96,322
DA:105,322
DA:106,322
DA:117,322
DA:130,322
DA:137,322
DA:149,322
DA:150,322
DA:151,322
DA:160,322
DA:172,322
DA:173,322
DA:182,322
DA:183,322
DA:184,322
DA:185,322
DA:187,322
DA:197,322
DA:203,322
DA:210,322
DA:218,322
DA:225,322
DA:233,322
DA:252,322
DA:259,322
DA:260,322
DA:261,322
DA:262,322
DA:263,322
DA:264,322
DA:265,322
DA:266,322
DA:267,322
DA:268,322
DA:270,322
DA:271,322
DA:274,322
DA:275,322
DA:277,322
DA:278,322
DA:279,322
DA:280,322
DA:289,322
DA:298,322
DA:300,322
DA:327,322
DA:328,322
DA:329,322
DA:331,322
DA:332,322
DA:333,322
DA:334,322
DA:335,322
DA:340,2
DA:341,2
DA:353,314
DA:357,21
DA:361,4
DA:365,7
DA:369,2
DA:373,61
DA:377,150
DA:381,3
DA:386,4
DA:390,3
DA:394,3
DA:406,4
DA:407,4
DA:411,227
DA:412,227
DA:413,227
DA:414,227
DA:415,227
DA:416,227
DA:419,227
DA:420,227
DA:421,227
DA:422,227
DA:423,227
DA:424,227
DA:425,227
DA:426,227
DA:427,227
DA:428,227
DA:429,227
DA:430,227
DA:431,227
DA:432,227
DA:433,227
DA:434,227
DA:435,227
DA:436,227
DA:437,227
DA:438,227
DA:439,227
DA:440,227
DA:441,227
DA:442,227
DA:443,227
DA:444,227
DA:445,227
DA:446,227
DA:447,227
DA:448,227
DA:449,227
DA:450,227
DA:451,227
DA:452,227
DA:453,227
DA:457,227
DA:458,227
DA:459,227
DA:460,227
DA:461,227
DA:463,227
DA:465,182
DA:466,182
DA:467,182
DA:474,26
DA:475,24
DA:481,24
DA:482,24
DA:483,24
DA:493,206
DA:501,1
DA:502,205
DA:506,1
DA:507,204
DA:510,1
DA:512,206
DA:513,206
DA:514,206
DA:519,94
DA:525,88
DA:532,2
DA:551,22
DA:552,22
DA:553,22
DA:554,8
DA:555,5
DA:556,8
DA:557,8
DA:558,5
DA:560,5
DA:562,5
DA:576,4
DA:577,4
DA:578,5
DA:579,5
DA:581,4
DA:582,3
DA:583,3
DA:585,4
DA:597,3
DA:598,3
DA:599,3
DA:600,3
DA:601,3
DA:606,3
DA:620,3
DA:621,3
DA:622,2
DA:626,2
DA:627,2
DA:631,2
DA:632,2
DA:650,9
DA:651,9
DA:652,9
DA:653,11
DA:655,9
DA:656,3
DA:657,1
DA:658,3
DA:659,3
DA:665,96
DA:668,96
DA:669,96
DA:684,99
DA:694,1
DA:698,2
DA:699,2
DA:703,2
DA:704,2
DA:708,102
DA:725,4
DA:726,4
DA:727,5
DA:728,2
DA:729,3
DA:749,4
DA:754,3
DA:755,1
DA:756,2
DA:757,2
DA:769,7
DA:770,7
DA:771,11
DA:783,3
DA:784,3
DA:785,1
DA:798,10
DA:799,8
DA:800,8
DA:801,4
DA:802,4
DA:803,4
DA:818,4
DA:819,4
DA:820,4
DA:831,8
DA:842,8
DA:847,6
DA:851,3
DA:857,2
DA:861,14
DA:865,14
DA:866,2
DA:870,14
DA:871,11
DA:872,11
DA:874,14
DA:881,14
DA:882,5
DA:884,14
DA:885,14
DA:908,4
DA:909,4
DA:910,4
DA:911,4
DA:912,4
DA:913,3
DA:917,3
DA:919,2
DA:920,1
DA:921,1
DA:922,1
DA:924,1
DA:925,1
DA:926,1
DA:927,1
DA:928,1
DA:931,1
DA:935,1
DA:936,1
DA:950,4
DA:951,4
DA:952,4
DA:953,1
DA:954,1
DA:956,3
DA:958,2
DA:959,2
DA:962,1
DA:963,1
DA:974,15
DA:975,14
DA:976,14
DA:977,10
DA:982,3
DA:983,2
DA:988,3
DA:989,2
DA:1001,8
DA:1002,8
DA:1003,8
DA:1004,1
DA:1005,1
DA:1011,7
DA:1012,2
DA:1013,2
DA:1015,5
DA:1019,5
DA:1020,5
DA:1022,4
DA:1023,4
DA:1025,4
DA:1028,1
DA:1029,1
DA:1043,5
DA:1044,5
DA:1045,1
DA:1046,1
DA:1048,4
DA:1049,4
DA:1050,4
DA:1052,3
DA:1053,0
DA:1054,0
DA:1055,0
DA:1057,3
DA:1059,3
DA:1065,2
DA:1066,1
DA:1070,3
DA:1075,3
DA:1076,3
DA:1078,2
DA:1079,3
DA:1083,1
DA:1084,1
DA:1090,14
DA:1095,14
DA:1096,7
DA:1102,7
DA:1103,3
DA:1105,7
DA:1106,7
DA:1111,14
DA:1112,3
DA:1113,3
DA:1128,4
DA:1129,3
DA:1130,3
DA:1131,3
DA:1132,3
DA:1134,2
DA:1135,2
DA:1136,2
DA:1139,1
DA:1140,1
DA:1146,55
DA:1147,22
DA:1148,22
DA:1150,33
DA:1151,33
DA:1153,31
DA:1154,31
DA:1163,31
DA:1164,4
DA:1165,4
DA:1166,27
DA:1176,1
DA:1177,1
DA:1178,26
DA:1186,4
DA:1187,4
DA:1191,2
DA:1192,2
DA:1205,11
DA:1206,10
DA:1207,10
DA:1208,1
DA:1209,1
DA:1217,9
DA:1218,1
DA:1219,1
DA:1221,8
DA:1222,1
DA:1223,1
DA:1225,7
DA:1239,4
DA:1240,3
DA:1241,3
DA:1242,2
DA:1245,2
DA:1246,2
DA:1248,1
DA:1251,1
DA:1252,1
DA:1253,1
DA:1255,1
DA:1256,1
DA:1258,3
DA:1260,1
DA:1261,1
DA:1262,1
DA:1263,1
DA:1265,1
DA:1266,1
DA:1269,3
DA:1270,3
DA:1271,3
DA:1277,10
DA:1281,10
DA:1282,9
DA:1283,9
DA:1291,10
DA:1292,4
DA:1298,10
DA:1299,5
DA:1300,5
DA:1301,5
DA:1302,5
DA:1303,5
DA:1304,5
DA:1305,5
DA:1309,10
DA:1310,3
DA:1315,10
DA:1316,4
DA:1321,10
DA:1322,3
DA:1323,3
DA:1324,3
DA:1334,8
DA:1343,2
DA:1344,2
DA:1348,3
DA:1349,3
DA:1365,4
DA:1366,4
DA:1367,0
DA:1368,0
DA:1370,4
DA:1371,4
DA:1377,4
DA:1379,4
DA:1380,3
DA:1381,1
DA:1385,4
DA:1386,4
DA:1387,2
DA:1388,2
DA:1389,2
DA:1391,2
DA:1393,2
DA:1394,1
DA:1395,1
DA:1399,2
DA:1400,2
DA:1403,2
DA:1405,1
DA:1418,2
DA:1419,2
DA:1420,1
DA:1421,1
DA:1431,1
DA:1432,1
DA:1433,1
DA:1435,1
DA:1436,1
DA:1437,1
DA:1442,2
DA:1443,1
DA:1444,2
DA:1445,2
DA:1451,3
DA:1452,3
DA:1453,3
DA:1454,2
DA:1455,2
DA:1460,3
DA:1461,2
DA:1462,2
DA:1464,3
DA:1465,3
DA:1469,2
DA:1474,140
DA:1485,104
DA:1489,36
DA:1500,33
DA:1504,36
DA:1508,7
DA:1518,26
DA:1529,24
DA:1530,6
DA:1532,18
DA:1533,4
DA:1546,14
DA:1547,1
DA:1553,13
DA:1560,3
DA:1561,2
DA:1563,1
DA:1577,3
DA:1591,7
DA:1600,5
DA:1601,4
DA:1602,1
DA:1604,3
DA:1605,2
DA:1628,35
DA:1629,35
DA:1630,35
DA:1631,35
DA:1632,35
DA:1633,32
DA:1634,1
DA:1635,1
DA:1637,31
DA:1638,31
DA:1639,2
DA:1640,2
DA:1642,29
DA:1643,29
DA:1648,29
DA:1650,28
DA:1651,28
DA:1652,28
DA:1655,1
DA:1656,1
DA:1676,46
DA:1677,46
DA:1678,35
DA:1690,51
DA:1691,51
DA:1692,29
DA:1696,29
DA:1697,29
DA:1708,31
DA:1709,31
DA:1710,31
DA:1711,31
DA:1712,31
DA:1713,30
DA:1714,30
DA:1716,28
DA:1717,28
DA:1718,28
DA:1721,2
DA:1722,2
DA:1728,3
DA:1731,2
DA:1761,13
DA:1762,12
DA:1764,12
DA:1765,2
DA:1766,1
DA:1767,2
DA:1773,10
DA:1778,2
DA:1779,2
DA:1790,8
DA:1791,1
DA:1792,1
DA:1795,7
DA:1796,7
DA:1797,7
DA:1798,7
DA:1800,5
DA:1801,5
DA:1802,5
DA:1805,2
DA:1806,2
DA:1819,254
DA:1845,13
DA:1855,7
DA:1874,40
DA:1875,40
DA:1876,40
DA:1877,15
DA:1878,15
DA:1880,25
DA:1885,65
DA:1903,25
DA:1904,25
DA:1905,25
DA:1915,24
DA:1934,24
DA:1935,24
DA:1936,24
DA:1937,24
DA:1938,24
DA:1939,24
DA:1940,24
DA:1941,2
DA:1942,24
DA:1944,24
DA:1945,13
DA:1948,13
DA:1949,13
DA:1950,13
DA:1951,13
DA:1953,11
DA:1954,11
DA:1958,40
DA:1959,25
DA:1960,25
DA:1962,24
DA:1963,24
DA:1964,24
DA:1965,24
DA:1966,24
DA:1967,24
DA:1968,24
DA:1970,24
DA:1989,4
DA:1990,2
DA:1991,2
DA:1992,2
DA:1994,1
DA:1995,1
DA:1996,1
DA:1997,1
DA:2000,1
DA:2001,1
DA:2004,2
DA:2006,2
DA:2028,6
DA:2029,6
DA:2030,6
DA:2031,6
DA:2032,6
DA:2037,16
DA:2038,16
DA:2063,17
DA:2064,16
DA:2065,16
DA:2066,16
DA:2067,16
DA:2068,16
DA:2069,6
DA:2070,6
DA:2071,6
DA:2072,6
DA:2074,10
DA:2079,29
DA:2099,23
DA:2100,16
DA:2101,16
DA:2103,7
DA:2104,1
DA:2105,1
DA:2106,1
DA:2107,1
DA:2109,1
DA:2110,1
DA:2112,6
DA:2117,3
DA:2118,2
DA:2119,2
DA:2132,13
DA:2133,11
DA:2134,11
DA:2135,11
LF:659
LH:654
BRDA:328,0,0,322
BRDA:329,1,0,322
BRDA:415,2,0,227
BRDA:415,2,1,145
BRDA:419,3,0,30
BRDA:419,4,0,227
BRDA:419,4,1,200
BRDA:425,5,0,227
BRDA:425,5,1,131
BRDA:463,6,0,182
BRDA:463,6,1,45
BRDA:474,7,0,2
BRDA:474,8,0,26
BRDA:474,8,1,25
BRDA:493,9,0,1
BRDA:493,9,1,205
BRDA:493,10,0,206
BRDA:493,10,1,40
BRDA:502,11,0,1
BRDA:502,11,1,204
BRDA:502,12,0,205
BRDA:502,12,1,13
BRDA:507,13,0,1
BRDA:507,14,0,204
BRDA:507,14,1,25
BRDA:507,14,2,25
BRDA:513,15,0,83
BRDA:513,16,0,206
BRDA:513,16,1,138
BRDA:514,17,0,93
BRDA:518,18,0,86
BRDA:520,19,0,94
BRDA:520,19,1,92
BRDA:525,20,0,22
BRDA:553,21,0,17
BRDA:556,22,0,8
BRDA:556,22,1,0
BRDA:556,23,0,6
BRDA:556,23,1,5
BRDA:557,24,0,5
BRDA:560,25,0,5
BRDA:560,25,1,4
BRDA:578,26,0,5
BRDA:578,26,1,1
BRDA:583,27,0,1
BRDA:583,27,1,2
BRDA:583,28,0,2
BRDA:583,28,1,1
BRDA:583,29,0,2
BRDA:583,29,1,1
BRDA:597,30,0,3
BRDA:597,30,1,1
BRDA:599,31,0,3
BRDA:599,31,1,1
BRDA:621,32,0,1
BRDA:622,33,0,1
BRDA:622,33,1,1
BRDA:627,34,0,1
BRDA:632,35,0,1
BRDA:652,36,0,7
BRDA:653,37,0,11
BRDA:653,37,1,5
BRDA:653,38,0,3
BRDA:653,38,1,2
BRDA:655,39,0,6
BRDA:656,40,0,2
BRDA:656,41,0,3
BRDA:656,41,1,1
BRDA:659,42,0,3
BRDA:659,42,1,2
BRDA:699,43,0,1
BRDA:704,44,0,1
BRDA:726,45,0,2
BRDA:726,45,1,2
BRDA:727,46,0,5
BRDA:727,46,1,4
BRDA:727,46,2,3
BRDA:727,46,3,3
BRDA:728,47,0,1
BRDA:729,48,0,3
BRDA:729,48,1,2
BRDA:749,49,0,3
BRDA:750,50,0,4
BRDA:750,50,1,2
BRDA:750,50,2,1
BRDA:757,51,0,2
BRDA:757,51,1,2
BRDA:770,52,0,1
BRDA:771,53,0,11
BRDA:771,53,1,1
BRDA:784,54,0,1
BRDA:798,55,0,2
BRDA:800,56,0,4
BRDA:800,57,0,8
BRDA:800,57,1,6
BRDA:802,58,0,2
BRDA:802,58,1,2
BRDA:802,59,0,4
BRDA:802,59,1,4
BRDA:820,60,0,2
BRDA:820,60,1,2
BRDA:842,61,0,2
BRDA:842,61,1,6
BRDA:857,62,0,1
BRDA:861,63,0,14
BRDA:861,63,1,3
BRDA:865,64,0,2
BRDA:865,65,0,14
BRDA:865,65,1,2
BRDA:866,66,0,1
BRDA:866,66,1,1
BRDA:870,67,0,11
BRDA:881,68,0,5
BRDA:881,69,0,14
BRDA:881,69,1,11
BRDA:884,70,0,3
BRDA:912,71,0,1
BRDA:919,72,0,1
BRDA:928,73,0,1
BRDA:928,73,1,1
BRDA:931,74,0,1
BRDA:950,75,0,4
BRDA:950,75,1,1
BRDA:952,76,0,1
BRDA:974,77,0,1
BRDA:976,78,0,4
BRDA:976,79,0,14
BRDA:976,79,1,13
BRDA:976,79,2,12
BRDA:982,80,0,1
BRDA:982,81,0,3
BRDA:982,81,1,2
BRDA:983,82,0,1
BRDA:983,82,1,1
BRDA:988,83,0,1
BRDA:988,84,0,3
BRDA:988,84,1,2
BRDA:1003,85,0,1
BRDA:1011,86,0,2
BRDA:1019,87,0,5
BRDA:1019,87,1,2
BRDA:1023,88,0,3
BRDA:1023,88,1,2
BRDA:1025,89,0,2
BRDA:1043,90,0,5
BRDA:1043,90,1,1
BRDA:1044,91,0,1
BRDA:1048,92,0,4
BRDA:1048,92,1,0
BRDA:1052,93,0,0
BRDA:1065,94,0,2
BRDA:1065,94,1,2
BRDA:1078,95,0,2
BRDA:1078,95,1,2
BRDA:1078,95,2,2
BRDA:1078,95,3,2
BRDA:1079,96,0,1
BRDA:1090,97,0,14
BRDA:1090,97,1,2
BRDA:1095,98,0,7
BRDA:1095,99,0,14
BRDA:1095,99,1,8
BRDA:1096,100,0,7
BRDA:1096,100,1,1
BRDA:1102,101,0,3
BRDA:1103,102,0,3
BRDA:1103,102,1,1
BRDA:1111,103,0,3
BRDA:1128,104,0,1
BRDA:1132,105,0,3
BRDA:1132,105,1,1
BRDA:1146,106,0,22
BRDA:1163,107,0,4
BRDA:1163,107,1,27
BRDA:1166,108,0,1
BRDA:1166,108,1,26
BRDA:1166,109,0,27
BRDA:1166,109,1,1
BRDA:1178,110,0,4
BRDA:1205,111,0,1
BRDA:1207,112,0,1
BRDA:1217,113,0,1
BRDA:1217,114,0,9
BRDA:1217,114,1,4
BRDA:1221,115,0,1
BRDA:1221,116,0,8
BRDA:1221,116,1,5
BRDA:1228,117,0,7
BRDA:1228,117,1,4
BRDA:1229,118,0,7
BRDA:1229,118,1,3
BRDA:1239,119,0,3
BRDA:1239,120,0,4
BRDA:1239,120,1,4
BRDA:1241,121,0,2
BRDA:1242,122,0,1
BRDA:1242,122,1,1
BRDA:1245,123,0,1
BRDA:1245,123,1,1
BRDA:1245,124,0,2
BRDA:1245,124,1,1
BRDA:1251,125,0,1
BRDA:1261,126,0,1
BRDA:1277,127,0,10
BRDA:1277,127,1,1
BRDA:1281,128,0,9
BRDA:1291,129,0,4
BRDA:1291,130,0,10
BRDA:1291,130,1,5
BRDA:1298,131,0,5
BRDA:1298,132,0,10
BRDA:1298,132,1,5
BRDA:1309,133,0,3
BRDA:1309,134,0,10
BRDA:1309,134,1,4
BRDA:1315,135,0,4
BRDA:1315,136,0,10
BRDA:1315,136,1,4
BRDA:1321,137,0,3
BRDA:1321,138,0,10
BRDA:1321,138,1,4
BRDA:1321,138,2,4
BRDA:1321,138,3,4
BRDA:1322,139,0,3
BRDA:1322,139,1,1
BRDA:1323,140,0,3
BRDA:1323,140,1,2
BRDA:1335,141,0,8
BRDA:1335,141,1,7
BRDA:1344,142,0,1
BRDA:1349,143,0,2
BRDA:1366,144,0,0
BRDA:1386,145,0,2
BRDA:1403,146,0,2
BRDA:1403,146,1,1
BRDA:1408,147,0,1
BRDA:1408,147,1,0
BRDA:1419,148,0,1
BRDA:1424,149,0,1
BRDA:1424,149,1,0
BRDA:1431,150,0,1
BRDA:1435,151,0,1
BRDA:1435,151,1,0
BRDA:1442,152,0,1
BRDA:1442,153,0,2
BRDA:1442,153,1,2
BRDA:1445,154,0,2
BRDA:1445,154,1,2
BRDA:1451,155,0,3
BRDA:1451,155,1,1
BRDA:1453,156,0,2
BRDA:1454,157,0,2
BRDA:1454,157,1,1
BRDA:1455,158,0,2
BRDA:1455,158,1,1
BRDA:1460,159,0,2
BRDA:1500,160,0,33
BRDA:1500,160,1,2
BRDA:1518,161,0,2
BRDA:1529,162,0,6
BRDA:1530,163,0,6
BRDA:1530,163,1,6
BRDA:1532,164,0,4
BRDA:1534,165,0,4
BRDA:1534,165,1,3
BRDA:1534,165,2,3
BRDA:1546,166,0,1
BRDA:1553,167,0,10
BRDA:1560,168,0,2
BRDA:1577,169,0,3
BRDA:1577,169,1,2
BRDA:1592,170,0,7
BRDA:1592,170,1,5
BRDA:1592,170,2,4
BRDA:1594,171,0,4
BRDA:1594,171,1,1
BRDA:1600,172,0,1
BRDA:1601,173,0,1
BRDA:1601,174,0,4
BRDA:1601,174,1,1
BRDA:1604,175,0,1
BRDA:1632,176,0,3
BRDA:1633,177,0,1
BRDA:1638,178,0,2
BRDA:1638,179,0,31
BRDA:1638,179,1,10
BRDA:1645,180,0,4
BRDA:1645,180,1,25
BRDA:1646,181,0,4
BRDA:1646,181,1,25
BRDA:1677,182,0,11
BRDA:1677,183,0,46
BRDA:1677,183,1,37
BRDA:1691,184,0,22
BRDA:1696,185,0,29
BRDA:1696,185,1,23
BRDA:1712,186,0,1
BRDA:1728,187,0,2
BRDA:1728,187,1,1
BRDA:1761,188,0,1
BRDA:1764,189,0,2
BRDA:1765,190,0,1
BRDA:1765,190,1,1
BRDA:1773,191,0,2
BRDA:1774,192,0,10
BRDA:1774,192,1,7
BRDA:1774,192,2,2
BRDA:1776,193,0,2
BRDA:1776,193,1,1
BRDA:1790,194,0,1
BRDA:1790,195,0,8
BRDA:1790,195,1,5
BRDA:1790,195,2,3
BRDA:1797,196,0,4
BRDA:1797,196,1,3
BRDA:1855,197,0,4
BRDA:1855,197,1,3
BRDA:1876,198,0,15
BRDA:1904,199,0,1
BRDA:1935,200,0,3
BRDA:1936,201,0,3
BRDA:1937,202,0,1
BRDA:1938,203,0,3
BRDA:1939,204,0,3
BRDA:1940,205,0,2
BRDA:1942,206,0,1
BRDA:1944,207,0,13
BRDA:1954,208,0,10
BRDA:1954,209,0,11
BRDA:1954,209,1,10
BRDA:1958,210,0,15
BRDA:1960,211,0,1
BRDA:1989,212,0,2
BRDA:1989,213,0,4
BRDA:1989,213,1,3
BRDA:2027,214,0,0
BRDA:2032,215,0,5
BRDA:2063,216,0,1
BRDA:2068,217,0,6
BRDA:2068,218,0,16
BRDA:2068,218,1,16
BRDA:2099,219,0,16
BRDA:2103,220,0,1
BRDA:2117,221,0,1
BRDA:2132,222,0,2
BRDA:2132,223,0,13
BRDA:2132,223,1,12
BRF:347
BRH:339
end_of_record
