TN:
SF:src\app\business-case-runner\balance-case-api.service.ts
FN:34,(anonymous_0)
FN:36,(anonymous_1)
FN:40,(anonymous_2)
FNF:3
FNH:3
FNDA:3,(anonymous_0)
FNDA:1,(anonymous_1)
FNDA:2,(anonymous_2)
DA:1,2
DA:2,2
DA:33,2
DA:34,3
DA:37,1
DA:41,2
LF:6
LH:6
BRF:0
BRH:0
end_of_record
TN:
SF:src\app\business-case-runner\business-case-runner.component.ts
FN:33,(anonymous_0)
FN:35,(anonymous_1)
FN:37,(anonymous_2)
FN:47,(anonymous_3)
FN:52,(anonymous_4)
FN:58,(anonymous_5)
FN:63,(anonymous_6)
FN:67,(anonymous_7)
FN:74,(anonymous_8)
FN:79,(anonymous_9)
FN:86,(anonymous_10)
FN:90,(anonymous_11)
FN:99,(anonymous_12)
FN:108,(anonymous_13)
FN:115,(anonymous_14)
FNF:15
FNH:15
FNDA:17,(anonymous_0)
FNDA:3,(anonymous_1)
FNDA:1,(anonymous_2)
FNDA:2,(anonymous_3)
FNDA:2,(anonymous_4)
FNDA:5,(anonymous_5)
FNDA:1,(anonymous_6)
FNDA:2,(anonymous_7)
FNDA:6,(anonymous_8)
FNDA:11,(anonymous_9)
FNDA:5,(anonymous_10)
FNDA:2,(anonymous_11)
FNDA:7,(anonymous_12)
FNDA:6,(anonymous_13)
FNDA:10,(anonymous_14)
DA:1,1
DA:2,1
DA:3,1
DA:4,1
DA:5,1
DA:21,1
DA:22,17
DA:23,17
DA:24,17
DA:26,17
DA:27,17
DA:28,17
DA:29,17
DA:30,17
DA:31,17
DA:33,17
DA:36,3
DA:38,1
DA:39,1
DA:47,2
DA:53,2
DA:59,5
DA:60,4
DA:61,4
DA:62,4
DA:64,1
DA:65,1
DA:68,2
DA:69,2
DA:75,6
DA:76,6
DA:77,6
DA:78,6
DA:79,6
DA:80,11
DA:81,11
DA:82,3
DA:83,3
DA:85,8
DA:87,5
DA:88,5
DA:91,2
DA:92,2
DA:96,6
DA:100,7
DA:101,6
DA:102,4
DA:103,3
DA:104,2
DA:105,1
DA:109,6
DA:110,5
DA:111,4
DA:112,3
DA:116,10
DA:117,9
DA:118,7
DA:119,7
DA:120,6
DA:121,5
DA:122,2
DA:126,3
DA:127,2
DA:128,2
DA:130,1
LF:65
LH:65
BRDA:53,0,0,2
BRDA:53,0,1,1
BRDA:59,1,0,1
BRDA:69,2,0,2
BRDA:69,2,1,1
BRDA:81,3,0,3
BRDA:92,4,0,2
BRDA:92,4,1,1
BRDA:100,5,0,1
BRDA:101,6,0,2
BRDA:101,7,0,6
BRDA:101,7,1,2
BRDA:101,8,0,1
BRDA:101,8,1,1
BRDA:102,9,0,1
BRDA:103,10,0,1
BRDA:104,11,0,1
BRDA:109,12,0,1
BRDA:110,13,0,1
BRDA:111,14,0,1
BRDA:112,15,0,3
BRDA:112,15,1,1
BRDA:112,16,0,1
BRDA:112,16,1,2
BRDA:116,17,0,1
BRDA:117,18,0,2
BRDA:117,19,0,2
BRDA:117,19,1,1
BRDA:119,20,0,1
BRDA:120,21,0,1
BRDA:121,22,0,2
BRDA:124,23,0,1
BRDA:124,23,1,1
BRDA:126,24,0,2
BRDA:127,25,0,1
BRDA:127,25,1,1
BRF:36
BRH:36
end_of_record
TN:
SF:src\app\transaction-builder\api-error.ts
FN:8,describeApiError
FNF:1
FNH:1
FNDA:44,describeApiError
DA:8,8
DA:9,44
LF:2
LH:2
BRDA:9,0,0,44
BRDA:9,0,1,1
BRF:2
BRH:2
end_of_record
TN:
SF:src\app\transaction-builder\balance-component-api.service.ts
FN:251,(anonymous_0)
FN:253,(anonymous_1)
FN:257,(anonymous_2)
FN:261,(anonymous_3)
FN:266,(anonymous_4)
FN:277,(anonymous_5)
FN:281,(anonymous_6)
FN:310,(anonymous_7)
FN:329,(anonymous_8)
FN:334,(anonymous_9)
FN:347,(anonymous_10)
FN:358,(anonymous_11)
FNF:12
FNH:11
FNDA:24,(anonymous_0)
FNDA:1,(anonymous_1)
FNDA:1,(anonymous_2)
FNDA:2,(anonymous_3)
FNDA:2,(anonymous_4)
FNDA:1,(anonymous_5)
FNDA:5,(anonymous_6)
FNDA:9,(anonymous_7)
FNDA:1,(anonymous_8)
FNDA:1,(anonymous_9)
FNDA:1,(anonymous_10)
FNDA:0,(anonymous_11)
DA:1,8
DA:2,8
DA:248,8
DA:249,24
DA:251,24
DA:254,1
DA:258,1
DA:262,2
DA:267,2
DA:278,1
DA:282,5
DA:283,5
DA:284,5
DA:285,5
DA:320,9
DA:321,9
DA:322,9
DA:323,9
DA:324,9
DA:325,9
DA:326,9
DA:330,1
DA:335,1
DA:348,1
DA:359,0
LF:25
LH:24
BRDA:283,0,0,2
BRDA:284,1,0,2
BRDA:314,2,0,3
BRDA:315,3,0,3
BRDA:321,4,0,4
BRDA:322,5,0,2
BRDA:323,6,0,2
BRDA:324,7,0,2
BRDA:325,8,0,1
BRF:9
BRH:9
end_of_record
TN:
SF:src\app\transaction-builder\balance-component.model.ts
FN:113,isToleranceApplicable
FN:118,defaultLcInstrumentTypeForSide
FN:136,(anonymous_2)
FN:145,childInstrumentTypesOf
FN:199,decimalPlacesForCurrency
FN:220,(anonymous_5)
FN:240,amountExceedsCurrencyDecimals
FN:256,groupThousands
FN:965,movementTypeMatchesFunction
FN:967,(anonymous_9)
FN:993,resolveFunctionForMovement
FN:994,(anonymous_11)
FN:1007,(anonymous_12)
FN:1071,isEarmarkFunction
FN:1091,payExistingUtilizeFunctionFor
FN:1092,(anonymous_15)
FNF:16
FNH:16
FNDA:414,isToleranceApplicable
FNDA:246,defaultLcInstrumentTypeForSide
FNDA:12,(anonymous_2)
FNDA:48,childInstrumentTypesOf
FNDA:369,decimalPlacesForCurrency
FNDA:120,(anonymous_5)
FNDA:82,amountExceedsCurrencyDecimals
FNDA:16,groupThousands
FNDA:67,movementTypeMatchesFunction
FNDA:21,(anonymous_9)
FNDA:42,resolveFunctionForMovement
FNDA:249,(anonymous_11)
FNDA:4,(anonymous_12)
FNDA:52,isEarmarkFunction
FNDA:9,payExistingUtilizeFunctionFor
FNDA:53,(anonymous_15)
DA:40,12
DA:54,12
DA:68,12
DA:84,12
DA:85,12
DA:88,12
DA:91,12
DA:94,12
DA:113,12
DA:114,414
DA:118,12
DA:119,246
DA:136,12
DA:137,12
DA:138,120
DA:139,12
DA:140,120
DA:142,12
DA:145,12
DA:146,48
DA:161,12
DA:182,12
DA:199,12
DA:200,369
DA:220,120
DA:240,12
DA:241,82
DA:242,78
DA:243,78
DA:256,12
DA:257,16
DA:258,16
DA:259,77
DA:260,77
DA:261,77
DA:263,16
DA:277,12
DA:578,12
DA:584,12
DA:594,12
DA:616,12
DA:807,12
DA:966,67
DA:967,36
DA:968,34
DA:969,33
DA:970,32
DA:971,31
DA:993,12
DA:994,249
DA:995,42
DA:1006,6
DA:1007,4
DA:1009,5
DA:1071,12
DA:1076,52
DA:1077,48
DA:1091,12
DA:1092,53
LF:59
LH:59
BRDA:114,0,0,414
BRDA:114,0,1,240
BRDA:119,1,0,183
BRDA:119,1,1,63
BRDA:146,2,0,48
BRDA:146,2,1,0
BRDA:200,3,0,369
BRDA:200,3,1,346
BRDA:200,4,0,369
BRDA:200,4,1,22
BRDA:241,5,0,4
BRDA:241,6,0,82
BRDA:241,6,1,81
BRDA:241,6,2,79
BRDA:243,7,0,78
BRDA:243,7,1,11
BRDA:260,8,0,17
BRDA:260,9,0,77
BRDA:260,9,1,62
BRDA:966,10,0,31
BRDA:967,11,0,2
BRDA:968,12,0,1
BRDA:969,13,0,1
BRDA:969,14,0,33
BRDA:969,14,1,1
BRDA:970,15,0,1
BRDA:970,16,0,32
BRDA:970,16,1,2
BRDA:994,17,0,249
BRDA:994,17,1,67
BRDA:995,18,0,36
BRDA:1006,19,0,1
BRDA:1006,20,0,6
BRDA:1006,20,1,1
BRDA:1076,21,0,4
BRDA:1077,22,0,48
BRDA:1077,22,1,26
BRDA:1077,22,2,31
BRDA:1077,22,3,9
BRDA:1092,23,0,53
BRDA:1092,23,1,37
BRF:41
BRH:40
end_of_record
TN:
SF:src\app\transaction-builder\builder-fields.ts
FN:31,buildFields
FN:130,(anonymous_1)
FN:176,(anonymous_2)
FN:177,(anonymous_3)
FN:178,(anonymous_4)
FN:179,(anonymous_5)
FN:180,(anonymous_6)
FN:181,(anonymous_7)
FN:227,toReadOnlyFields
FN:228,(anonymous_9)
FNF:10
FNH:10
FNDA:327,buildFields
FNDA:6,(anonymous_1)
FNDA:5,(anonymous_2)
FNDA:5,(anonymous_3)
FNDA:4,(anonymous_4)
FNDA:4,(anonymous_5)
FNDA:4,(anonymous_6)
FNDA:4,(anonymous_7)
FNDA:37,toReadOnlyFields
FNDA:296,(anonymous_9)
DA:3,7
DA:4,7
DA:31,7
DA:32,327
DA:51,327
DA:52,327
DA:62,327
DA:68,327
DA:69,327
DA:70,327
DA:73,327
DA:78,327
DA:80,327
DA:130,6
DA:176,5
DA:177,5
DA:178,4
DA:179,4
DA:180,4
DA:181,4
DA:204,327
DA:205,2616
DA:207,327
DA:227,7
DA:228,296
LF:25
LH:25
BRDA:51,0,0,327
BRDA:51,0,1,76
BRDA:52,1,0,327
BRDA:52,1,1,292
BRDA:52,1,2,23
BRDA:62,2,0,327
BRDA:62,2,1,19
BRDA:68,3,0,327
BRDA:68,3,1,35
BRDA:68,3,2,35
BRDA:69,4,0,327
BRDA:69,4,1,318
BRDA:70,5,0,327
BRDA:70,5,1,117
BRDA:70,5,2,115
BRDA:70,5,3,40
BRDA:78,6,0,327
BRDA:78,6,1,259
BRDA:92,7,0,327
BRDA:92,7,1,237
BRDA:99,8,0,5
BRDA:99,8,1,322
BRDA:101,9,0,6
BRDA:101,9,1,316
BRDA:103,10,0,6
BRDA:103,10,1,310
BRDA:105,11,0,24
BRDA:105,11,1,286
BRDA:110,12,0,9
BRDA:110,12,1,277
BRDA:116,13,0,12
BRDA:116,13,1,315
BRDA:116,14,0,327
BRDA:116,14,1,321
BRDA:137,15,0,76
BRDA:137,15,1,251
BRDA:139,16,0,73
BRDA:139,16,1,254
BRDA:142,17,0,76
BRDA:142,17,1,251
BRDA:155,18,0,8
BRDA:155,18,1,319
BRDA:157,19,0,327
BRDA:157,19,1,210
BRDA:165,20,0,8
BRDA:165,20,1,319
BRDA:173,21,0,76
BRDA:173,21,1,251
BRDA:173,22,0,327
BRDA:173,22,1,259
BRDA:173,22,2,76
BRDA:177,23,0,5
BRDA:177,23,1,4
BRDA:178,24,0,2
BRDA:178,24,1,2
BRDA:178,25,0,4
BRDA:178,25,1,4
BRDA:179,26,0,2
BRDA:179,26,1,2
BRDA:180,27,0,2
BRDA:180,27,1,2
BRDA:180,28,0,4
BRDA:180,28,1,4
BRDA:181,29,0,2
BRDA:181,29,1,2
BRDA:205,30,0,1515
BRF:66
BRH:66
end_of_record
TN:
SF:src\app\transaction-builder\catalog-picker.service.ts
FN:30,(anonymous_0)
FN:37,(anonymous_1)
FN:40,(anonymous_2)
FN:43,(anonymous_3)
FN:46,(anonymous_4)
FN:49,(anonymous_5)
FN:53,(anonymous_6)
FN:57,(anonymous_7)
FN:61,(anonymous_8)
FN:65,(anonymous_9)
FN:88,(anonymous_10)
FN:94,(anonymous_11)
FN:102,(anonymous_12)
FN:105,(anonymous_13)
FN:105,(anonymous_14)
FN:105,(anonymous_15)
FN:106,(anonymous_16)
FNF:17
FNH:17
FNDA:1041,(anonymous_0)
FNDA:21,(anonymous_1)
FNDA:218,(anonymous_2)
FNDA:11,(anonymous_3)
FNDA:223,(anonymous_4)
FNDA:4,(anonymous_5)
FNDA:678,(anonymous_6)
FNDA:6,(anonymous_7)
FNDA:7,(anonymous_8)
FNDA:200,(anonymous_9)
FNDA:190,(anonymous_10)
FNDA:5,(anonymous_11)
FNDA:190,(anonymous_12)
FNDA:13,(anonymous_13)
FNDA:1,(anonymous_14)
FNDA:10,(anonymous_15)
FNDA:13,(anonymous_16)
DA:1,5
DA:4,5
DA:24,5
DA:25,1041
DA:26,1041
DA:27,1041
DA:32,1041
DA:34,1041
DA:38,21
DA:41,218
DA:44,11
DA:47,223
DA:50,4
DA:54,678
DA:58,6
DA:62,7
DA:73,200
DA:74,200
DA:75,5
DA:76,5
DA:77,5
DA:85,195
DA:89,190
DA:90,190
DA:91,190
DA:92,190
DA:95,5
DA:96,5
DA:103,190
DA:104,190
DA:105,13
DA:106,10
DA:107,13
DA:108,13
LF:34
LH:34
BRDA:74,0,0,5
BRDA:86,1,0,195
BRDA:86,1,1,192
BRDA:104,2,0,180
BRDA:108,3,0,12
BRF:5
BRH:5
end_of_record
TN:
SF:src\app\transaction-builder\checker-actions.service.ts
FN:68,(anonymous_0)
FN:75,(anonymous_1)
FN:79,(anonymous_2)
FN:103,(anonymous_3)
FN:106,(anonymous_4)
FN:113,(anonymous_5)
FN:114,(anonymous_6)
FN:134,(anonymous_7)
FN:141,(anonymous_8)
FN:142,(anonymous_9)
FN:156,(anonymous_10)
FN:164,(anonymous_11)
FN:165,(anonymous_12)
FN:173,(anonymous_13)
FN:174,(anonymous_14)
FN:178,(anonymous_15)
FN:185,(anonymous_16)
FN:186,(anonymous_17)
FN:196,(anonymous_18)
FN:204,(anonymous_19)
FN:206,(anonymous_20)
FN:207,(anonymous_21)
FN:212,(anonymous_22)
FN:213,(anonymous_23)
FN:221,(anonymous_24)
FN:222,(anonymous_25)
FN:231,(anonymous_26)
FN:233,(anonymous_27)
FN:234,(anonymous_28)
FN:241,(anonymous_29)
FN:249,(anonymous_30)
FN:250,(anonymous_31)
FN:258,(anonymous_32)
FN:260,(anonymous_33)
FN:261,(anonymous_34)
FN:279,(anonymous_35)
FN:284,(anonymous_36)
FN:284,(anonymous_37)
FN:285,(anonymous_38)
FN:306,(anonymous_39)
FN:313,(anonymous_40)
FN:329,(anonymous_41)
FN:330,(anonymous_42)
FN:353,(anonymous_43)
FN:360,(anonymous_44)
FN:369,(anonymous_45)
FN:378,(anonymous_46)
FN:380,(anonymous_47)
FN:381,(anonymous_48)
FN:386,(anonymous_49)
FN:393,(anonymous_50)
FN:394,(anonymous_51)
FN:399,(anonymous_52)
FN:410,(anonymous_53)
FN:411,(anonymous_54)
FNF:55
FNH:55
FNDA:370,(anonymous_0)
FNDA:26,(anonymous_1)
FNDA:35,(anonymous_2)
FNDA:10,(anonymous_3)
FNDA:7,(anonymous_4)
FNDA:4,(anonymous_5)
FNDA:2,(anonymous_6)
FNDA:9,(anonymous_7)
FNDA:4,(anonymous_8)
FNDA:2,(anonymous_9)
FNDA:6,(anonymous_10)
FNDA:4,(anonymous_11)
FNDA:1,(anonymous_12)
FNDA:2,(anonymous_13)
FNDA:1,(anonymous_14)
FNDA:4,(anonymous_15)
FNDA:3,(anonymous_16)
FNDA:1,(anonymous_17)
FNDA:13,(anonymous_18)
FNDA:7,(anonymous_19)
FNDA:6,(anonymous_20)
FNDA:1,(anonymous_21)
FNDA:1,(anonymous_22)
FNDA:1,(anonymous_23)
FNDA:1,(anonymous_24)
FNDA:1,(anonymous_25)
FNDA:2,(anonymous_26)
FNDA:1,(anonymous_27)
FNDA:1,(anonymous_28)
FNDA:1,(anonymous_29)
FNDA:1,(anonymous_30)
FNDA:1,(anonymous_31)
FNDA:4,(anonymous_32)
FNDA:3,(anonymous_33)
FNDA:1,(anonymous_34)
FNDA:15,(anonymous_35)
FNDA:6,(anonymous_36)
FNDA:5,(anonymous_37)
FNDA:1,(anonymous_38)
FNDA:17,(anonymous_39)
FNDA:14,(anonymous_40)
FNDA:3,(anonymous_41)
FNDA:7,(anonymous_42)
FNDA:14,(anonymous_43)
FNDA:12,(anonymous_44)
FNDA:2,(anonymous_45)
FNDA:3,(anonymous_46)
FNDA:2,(anonymous_47)
FNDA:1,(anonymous_48)
FNDA:5,(anonymous_49)
FNDA:4,(anonymous_50)
FNDA:1,(anonymous_51)
FNDA:4,(anonymous_52)
FNDA:2,(anonymous_53)
FNDA:1,(anonymous_54)
DA:1,6
DA:2,6
DA:3,6
DA:4,6
DA:6,6
DA:67,6
DA:68,370
DA:76,26
DA:80,35
DA:101,35
DA:102,17
DA:103,10
DA:105,7
DA:107,7
DA:108,1
DA:112,6
DA:113,4
DA:115,2
DA:132,18
DA:133,9
DA:135,9
DA:136,3
DA:140,6
DA:141,4
DA:142,2
DA:154,9
DA:155,6
DA:157,6
DA:158,1
DA:162,5
DA:163,5
DA:164,4
DA:165,1
DA:171,3
DA:172,3
DA:173,2
DA:174,1
DA:183,4
DA:184,4
DA:185,3
DA:186,1
DA:202,13
DA:203,12
DA:204,12
DA:205,7
DA:206,6
DA:207,1
DA:210,12
DA:211,2
DA:212,1
DA:213,1
DA:219,10
DA:220,2
DA:221,1
DA:222,1
DA:229,8
DA:230,3
DA:232,2
DA:233,1
DA:235,1
DA:241,1
DA:247,5
DA:248,2
DA:249,1
DA:250,1
DA:254,3
DA:259,4
DA:260,3
DA:261,1
DA:280,15
DA:281,8
DA:282,8
DA:283,7
DA:284,6
DA:285,1
DA:312,17
DA:313,17
DA:314,14
DA:320,17
DA:321,17
DA:323,17
DA:325,17
DA:326,5
DA:327,5
DA:328,3
DA:330,7
DA:331,3
DA:358,14
DA:359,14
DA:361,12
DA:362,3
DA:364,9
DA:365,5
DA:367,4
DA:370,2
DA:379,3
DA:380,2
DA:381,1
DA:392,5
DA:393,4
DA:394,1
DA:404,4
DA:405,1
DA:409,3
DA:410,2
DA:411,1
LF:106
LH:106
BRDA:80,0,0,34
BRDA:80,0,1,1
BRDA:101,1,0,17
BRDA:102,2,0,10
BRDA:107,3,0,1
BRDA:109,4,0,1
BRDA:109,4,1,0
BRDA:116,5,0,2
BRDA:116,5,1,0
BRDA:116,6,0,2
BRDA:116,6,1,0
BRDA:116,6,2,0
BRDA:132,7,0,9
BRDA:135,8,0,3
BRDA:154,9,0,6
BRDA:157,10,0,1
BRDA:162,11,0,5
BRDA:162,11,1,3
BRDA:171,12,0,3
BRDA:171,12,1,3
BRDA:183,13,0,4
BRDA:183,13,1,3
BRDA:202,14,0,1
BRDA:210,15,0,2
BRDA:210,16,0,12
BRDA:210,16,1,2
BRDA:219,17,0,2
BRDA:219,18,0,10
BRDA:219,18,1,5
BRDA:229,19,0,3
BRDA:229,20,0,8
BRDA:229,20,1,3
BRDA:229,20,2,3
BRDA:247,21,0,2
BRDA:247,22,0,5
BRDA:247,22,1,2
BRDA:280,23,0,7
BRDA:282,24,0,1
BRDA:284,25,0,6
BRDA:284,25,1,2
BRDA:284,26,0,5
BRDA:284,26,1,4
BRDA:312,27,0,17
BRDA:312,27,1,3
BRDA:312,27,2,2
BRDA:323,28,0,17
BRDA:323,28,1,3
BRDA:323,28,2,3
BRDA:323,28,3,14
BRDA:323,28,4,2
BRDA:323,28,5,2
BRDA:323,28,6,0
BRDA:325,29,0,12
BRDA:327,30,0,2
BRDA:330,31,0,7
BRDA:330,31,1,4
BRDA:333,32,0,1
BRDA:333,32,1,2
BRDA:333,33,0,1
BRDA:333,33,1,1
BRDA:333,33,2,0
BRDA:334,34,0,2
BRDA:334,34,1,1
BRDA:334,35,0,2
BRDA:334,35,1,2
BRDA:334,35,2,0
BRDA:335,36,0,2
BRDA:335,36,1,1
BRDA:336,37,0,2
BRDA:336,37,1,2
BRDA:336,37,2,1
BRDA:358,38,0,14
BRDA:358,38,1,7
BRDA:361,39,0,3
BRDA:361,40,0,12
BRDA:361,40,1,10
BRDA:364,41,0,5
BRDA:364,42,0,9
BRDA:364,42,1,7
BRDA:371,43,0,2
BRDA:371,43,1,0
BRDA:404,44,0,1
BRF:82
BRH:74
end_of_record
TN:
SF:src\app\transaction-builder\function-policy.ts
FN:61,isCreatingMovement
FN:65,requiredNaturalKeyFields
FN:78,ibNumberLabel
FN:82,hasParent
FN:86,parentOptions
FN:102,carriedCurrency
FN:107,usesTwoFieldSearch
FN:111,toleranceApplicable
FN:116,isReady
FN:121,lcNumberFromParent
FN:132,contextLcNumber
FN:144,contextSecondaryRef
FN:157,checkerSecondaryField
FN:161,checkerSecondaryLabel
FN:170,parentTenorFamily
FNF:15
FNH:15
FNDA:1191,isCreatingMovement
FNDA:337,requiredNaturalKeyFields
FNDA:8,ibNumberLabel
FNDA:226,hasParent
FNDA:5,parentOptions
FNDA:393,carriedCurrency
FNDA:263,usesTwoFieldSearch
FNDA:370,toleranceApplicable
FNDA:6,isReady
FNDA:197,lcNumberFromParent
FNDA:112,contextLcNumber
FNDA:43,contextSecondaryRef
FNDA:95,checkerSecondaryField
FNDA:11,checkerSecondaryLabel
FNDA:103,parentTenorFamily
DA:2,9
DA:61,9
DA:62,1191
DA:65,9
DA:66,337
DA:78,9
DA:79,8
DA:82,9
DA:83,226
DA:86,9
DA:87,5
DA:102,9
DA:103,393
DA:107,9
DA:108,263
DA:111,9
DA:112,370
DA:116,9
DA:117,6
DA:121,9
DA:122,197
DA:132,9
DA:133,112
DA:134,103
DA:135,93
DA:136,70
DA:144,9
DA:145,43
DA:146,43
DA:147,18
DA:148,15
DA:149,4
DA:157,9
DA:158,95
DA:161,9
DA:162,11
DA:170,9
DA:171,103
DA:172,74
DA:173,30
LF:40
LH:40
BRDA:62,0,0,1191
BRDA:62,0,1,1136
BRDA:66,1,0,315
BRDA:66,1,1,22
BRDA:79,2,0,2
BRDA:79,2,1,6
BRDA:83,3,0,226
BRDA:83,3,1,224
BRDA:87,4,0,3
BRDA:87,4,1,2
BRDA:103,5,0,393
BRDA:103,5,1,353
BRDA:103,5,2,263
BRDA:108,6,0,263
BRDA:108,6,1,257
BRDA:112,7,0,370
BRDA:112,7,1,365
BRDA:112,7,2,365
BRDA:117,8,0,6
BRDA:117,8,1,4
BRDA:117,8,2,3
BRDA:122,9,0,197
BRDA:122,9,1,67
BRDA:133,10,0,9
BRDA:133,11,0,9
BRDA:133,11,1,5
BRDA:134,12,0,10
BRDA:134,13,0,10
BRDA:134,13,1,2
BRDA:135,14,0,23
BRDA:135,15,0,23
BRDA:135,15,1,6
BRDA:135,15,2,4
BRDA:136,16,0,70
BRDA:136,16,1,23
BRDA:146,17,0,25
BRDA:147,18,0,3
BRDA:147,19,0,3
BRDA:147,19,1,1
BRDA:148,20,0,11
BRDA:148,21,0,11
BRDA:148,21,1,3
BRDA:148,21,2,1
BRDA:149,22,0,4
BRDA:149,22,1,2
BRDA:158,23,0,90
BRDA:158,23,1,5
BRDA:158,24,0,90
BRDA:158,24,1,45
BRDA:162,25,0,8
BRDA:162,25,1,3
BRDA:163,26,0,2
BRDA:163,26,1,6
BRDA:171,27,0,29
BRDA:172,28,0,44
BRF:55
BRH:55
end_of_record
TN:
SF:src\app\transaction-builder\index-picker.component.ts
FN:33,(anonymous_0)
FN:68,(anonymous_1)
FNF:2
FNH:2
FNDA:7,(anonymous_0)
FNDA:6,(anonymous_1)
DA:1,6
DA:2,6
DA:3,6
DA:33,6
DA:34,7
DA:35,7
DA:36,7
DA:37,7
DA:38,7
DA:39,7
DA:41,7
DA:42,7
DA:43,7
DA:44,7
DA:45,7
DA:48,7
DA:49,7
DA:50,7
DA:51,7
DA:52,7
DA:54,7
DA:69,6
DA:70,6
LF:23
LH:23
BRDA:70,0,0,6
BRDA:70,0,1,3
BRDA:70,0,2,2
BRF:3
BRH:3
end_of_record
TN:
SF:src\app\transaction-builder\inquire-events.service.ts
FN:119,functionForEvent
FN:124,toEventRows
FN:143,movementsOf$
FN:145,(anonymous_3)
FN:145,(anonymous_4)
FN:146,(anonymous_5)
FN:164,childMovementsOf$
FN:166,(anonymous_7)
FN:166,(anonymous_8)
FN:167,(anonymous_9)
FN:168,(anonymous_10)
FN:244,(anonymous_11)
FN:268,(anonymous_12)
FN:273,(anonymous_13)
FN:278,(anonymous_14)
FN:295,(anonymous_15)
FN:296,(anonymous_16)
FN:300,(anonymous_17)
FN:307,(anonymous_18)
FN:311,(anonymous_19)
FN:317,(anonymous_20)
FN:325,(anonymous_21)
FN:335,(anonymous_22)
FN:358,(anonymous_23)
FN:364,(anonymous_24)
FN:370,(anonymous_25)
FN:375,(anonymous_26)
FN:389,(anonymous_27)
FN:392,(anonymous_28)
FN:392,(anonymous_29)
FN:394,(anonymous_30)
FN:457,(anonymous_31)
FN:461,(anonymous_32)
FN:556,(anonymous_33)
FN:557,(anonymous_34)
FN:563,(anonymous_35)
FN:565,(anonymous_36)
FNF:37
FNH:37
FNDA:35,functionForEvent
FNDA:125,toEventRows
FNDA:81,movementsOf$
FNDA:77,(anonymous_3)
FNDA:125,(anonymous_4)
FNDA:4,(anonymous_5)
FNDA:28,childMovementsOf$
FNDA:27,(anonymous_7)
FNDA:5,(anonymous_8)
FNDA:27,(anonymous_9)
FNDA:1,(anonymous_10)
FNDA:395,(anonymous_11)
FNDA:5,(anonymous_12)
FNDA:2,(anonymous_13)
FNDA:4,(anonymous_14)
FNDA:2,(anonymous_15)
FNDA:3,(anonymous_16)
FNDA:29,(anonymous_17)
FNDA:29,(anonymous_18)
FNDA:1,(anonymous_19)
FNDA:16,(anonymous_20)
FNDA:17,(anonymous_21)
FNDA:1,(anonymous_22)
FNDA:7,(anonymous_23)
FNDA:15,(anonymous_24)
FNDA:13,(anonymous_25)
FNDA:1,(anonymous_26)
FNDA:13,(anonymous_27)
FNDA:26,(anonymous_28)
FNDA:13,(anonymous_29)
FNDA:104,(anonymous_30)
FNDA:33,(anonymous_31)
FNDA:29,(anonymous_32)
FNDA:19,(anonymous_33)
FNDA:1,(anonymous_34)
FNDA:19,(anonymous_35)
FNDA:19,(anonymous_36)
DA:1,6
DA:3,6
DA:4,6
DA:6,6
DA:7,6
DA:9,6
DA:10,6
DA:119,6
DA:120,35
DA:121,35
DA:124,6
DA:125,125
DA:126,125
DA:127,122
DA:129,3
DA:143,6
DA:144,81
DA:145,125
DA:146,4
DA:164,6
DA:165,28
DA:166,27
DA:167,27
DA:168,1
DA:243,6
DA:244,395
DA:246,395
DA:247,395
DA:248,395
DA:249,395
DA:250,395
DA:253,395
DA:254,395
DA:265,395
DA:269,5
DA:270,5
DA:274,2
DA:275,2
DA:279,4
DA:280,4
DA:283,395
DA:285,395
DA:286,395
DA:287,395
DA:289,395
DA:292,395
DA:293,395
DA:296,3
DA:301,29
DA:302,29
DA:303,25
DA:308,29
DA:312,1
DA:313,1
DA:314,1
DA:318,16
DA:319,16
DA:320,16
DA:321,16
DA:322,16
DA:326,17
DA:327,17
DA:328,17
DA:329,17
DA:330,17
DA:331,17
DA:332,17
DA:336,1
DA:359,7
DA:360,5
DA:361,3
DA:365,15
DA:366,15
DA:367,15
DA:368,14
DA:369,14
DA:371,13
DA:372,13
DA:373,13
DA:376,1
DA:377,1
DA:390,13
DA:391,13
DA:392,26
DA:393,13
DA:394,104
DA:395,13
DA:396,13
DA:458,33
DA:462,29
DA:463,29
DA:464,29
DA:465,29
DA:467,29
DA:479,29
DA:481,29
DA:490,29
DA:491,29
DA:493,29
DA:494,29
DA:495,29
DA:505,29
DA:509,29
DA:515,29
DA:516,29
DA:517,29
DA:518,29
DA:520,29
DA:529,29
DA:530,8
DA:531,8
DA:532,8
DA:540,29
DA:541,22
DA:542,22
DA:550,29
DA:551,29
DA:553,29
DA:554,20
DA:555,20
DA:556,19
DA:564,19
DA:565,19
DA:566,18
LF:124
LH:124
BRDA:121,0,0,35
BRDA:121,0,1,29
BRDA:121,1,0,6
BRDA:121,1,1,29
BRDA:125,2,0,125
BRDA:125,2,1,118
BRDA:125,2,2,12
BRDA:125,2,3,7
BRDA:125,2,4,4
BRDA:126,3,0,122
BRDA:166,4,0,4
BRDA:166,4,1,23
BRDA:275,5,0,1
BRDA:280,6,0,3
BRDA:296,7,0,2
BRDA:296,7,1,1
BRDA:302,8,0,4
BRDA:302,9,0,29
BRDA:302,9,1,25
BRDA:302,9,2,3
BRDA:303,10,0,25
BRDA:303,10,1,24
BRDA:359,11,0,2
BRDA:359,12,0,2
BRDA:359,12,1,1
BRDA:360,13,0,2
BRDA:360,14,0,1
BRDA:360,14,1,1
BRDA:367,15,0,1
BRDA:464,16,0,29
BRDA:464,16,1,3
BRDA:472,17,0,29
BRDA:472,17,1,28
BRDA:475,18,0,29
BRDA:475,18,1,26
BRDA:476,19,0,29
BRDA:476,19,1,8
BRDA:477,20,0,29
BRDA:477,20,1,28
BRDA:488,21,0,29
BRDA:488,21,1,24
BRDA:488,22,0,2
BRDA:488,22,1,22
BRDA:494,23,0,29
BRDA:494,23,1,28
BRDA:509,24,0,4
BRDA:509,24,1,25
BRDA:509,25,0,4
BRDA:509,25,1,3
BRDA:509,25,2,2
BRDA:509,26,0,25
BRDA:509,26,1,18
BRDA:515,27,0,4
BRDA:515,27,1,25
BRDA:515,28,0,4
BRDA:515,28,1,3
BRDA:515,28,2,3
BRDA:515,29,0,25
BRDA:515,29,1,24
BRDA:516,30,0,4
BRDA:516,30,1,25
BRDA:516,31,0,4
BRDA:516,31,1,3
BRDA:516,31,2,3
BRDA:516,32,0,25
BRDA:516,32,1,24
BRDA:517,33,0,29
BRDA:517,33,1,4
BRDA:518,34,0,25
BRDA:518,34,1,4
BRDA:518,35,0,25
BRDA:518,35,1,0
BRDA:525,36,0,21
BRDA:525,36,1,8
BRDA:525,37,0,8
BRDA:525,37,1,5
BRDA:526,38,0,21
BRDA:526,38,1,8
BRDA:529,39,0,8
BRDA:530,40,0,7
BRDA:530,40,1,1
BRDA:531,41,0,1
BRDA:531,41,1,7
BRDA:531,42,0,8
BRDA:531,42,1,1
BRDA:536,43,0,1
BRDA:536,43,1,7
BRDA:537,44,0,1
BRDA:537,44,1,7
BRDA:540,45,0,22
BRDA:541,46,0,2
BRDA:541,46,1,20
BRDA:541,47,0,22
BRDA:541,47,1,2
BRDA:546,48,0,2
BRDA:546,48,1,20
BRDA:547,49,0,2
BRDA:547,49,1,20
BRDA:551,50,0,2
BRDA:551,50,1,27
BRDA:551,51,0,1
BRDA:551,51,1,26
BRDA:553,52,0,20
BRDA:554,53,0,1
BRDA:554,53,1,19
BRDA:554,54,0,0
BRDA:554,54,1,19
BRDA:564,55,0,1
BRDA:566,56,0,18
BRF:109
BRH:107
end_of_record
TN:
SF:src\app\transaction-builder\look-up-panel.service.ts
FN:32,(anonymous_0)
FN:83,(anonymous_1)
FN:90,(anonymous_2)
FN:96,(anonymous_3)
FN:110,(anonymous_4)
FN:120,(anonymous_5)
FN:134,(anonymous_6)
FN:141,(anonymous_7)
FN:152,(anonymous_8)
FN:163,(anonymous_9)
FN:179,(anonymous_10)
FN:187,(anonymous_11)
FN:208,(anonymous_12)
FN:216,(anonymous_13)
FN:217,(anonymous_14)
FN:218,(anonymous_15)
FN:229,(anonymous_16)
FN:230,(anonymous_17)
FN:239,(anonymous_18)
FN:240,(anonymous_19)
FN:244,(anonymous_20)
FN:249,(anonymous_21)
FN:260,(anonymous_22)
FN:261,(anonymous_23)
FN:270,(anonymous_24)
FN:271,(anonymous_25)
FN:272,(anonymous_26)
FN:277,(anonymous_27)
FN:278,(anonymous_28)
FN:287,(anonymous_29)
FN:288,(anonymous_30)
FN:289,(anonymous_31)
FN:316,(anonymous_32)
FN:330,(anonymous_33)
FN:333,(anonymous_34)
FN:333,(anonymous_35)
FN:334,(anonymous_36)
FN:339,(anonymous_37)
FN:346,(anonymous_38)
FN:350,(anonymous_39)
FN:354,(anonymous_40)
FN:362,(anonymous_41)
FNF:42
FNH:41
FNDA:347,(anonymous_0)
FNDA:3,(anonymous_1)
FNDA:4,(anonymous_2)
FNDA:4,(anonymous_3)
FNDA:2,(anonymous_4)
FNDA:6,(anonymous_5)
FNDA:5,(anonymous_6)
FNDA:3,(anonymous_7)
FNDA:3,(anonymous_8)
FNDA:230,(anonymous_9)
FNDA:42,(anonymous_10)
FNDA:55,(anonymous_11)
FNDA:54,(anonymous_12)
FNDA:52,(anonymous_13)
FNDA:54,(anonymous_14)
FNDA:2,(anonymous_15)
FNDA:51,(anonymous_16)
FNDA:1,(anonymous_17)
FNDA:49,(anonymous_18)
FNDA:2,(anonymous_19)
FNDA:1,(anonymous_20)
FNDA:5,(anonymous_21)
FNDA:6,(anonymous_22)
FNDA:6,(anonymous_23)
FNDA:4,(anonymous_24)
FNDA:5,(anonymous_25)
FNDA:1,(anonymous_26)
FNDA:5,(anonymous_27)
FNDA:5,(anonymous_28)
FNDA:3,(anonymous_29)
FNDA:4,(anonymous_30)
FNDA:1,(anonymous_31)
FNDA:63,(anonymous_32)
FNDA:2,(anonymous_33)
FNDA:63,(anonymous_34)
FNDA:7,(anonymous_35)
FNDA:0,(anonymous_36)
FNDA:100,(anonymous_37)
FNDA:96,(anonymous_38)
FNDA:4,(anonymous_39)
FNDA:54,(anonymous_40)
FNDA:42,(anonymous_41)
DA:1,5
DA:3,5
DA:4,5
DA:5,5
DA:31,5
DA:33,347
DA:34,347
DA:37,347
DA:38,347
DA:39,347
DA:55,347
DA:65,347
DA:66,347
DA:67,347
DA:68,347
DA:69,347
DA:77,347
DA:78,347
DA:79,347
DA:80,347
DA:84,3
DA:85,2
DA:86,1
DA:91,4
DA:92,3
DA:93,2
DA:97,4
DA:98,3
DA:99,2
DA:111,2
DA:121,6
DA:122,6
DA:123,2
DA:124,2
DA:126,4
DA:127,2
DA:128,2
DA:130,2
DA:135,5
DA:136,5
DA:137,3
DA:142,3
DA:153,3
DA:164,230
DA:166,230
DA:180,42
DA:181,42
DA:182,42
DA:183,42
DA:184,42
DA:188,55
DA:189,55
DA:190,55
DA:191,55
DA:192,55
DA:193,55
DA:194,55
DA:195,55
DA:196,55
DA:197,55
DA:198,55
DA:199,55
DA:200,55
DA:201,55
DA:213,54
DA:216,52
DA:217,54
DA:218,2
DA:224,54
DA:225,54
DA:226,51
DA:229,51
DA:230,1
DA:235,54
DA:236,49
DA:239,49
DA:240,2
DA:244,1
DA:250,5
DA:251,5
DA:252,1
DA:254,5
DA:255,1
DA:261,6
DA:262,6
DA:263,1
DA:264,1
DA:265,1
DA:267,5
DA:270,4
DA:271,5
DA:272,1
DA:278,5
DA:279,5
DA:280,1
DA:281,1
DA:282,1
DA:284,4
DA:287,3
DA:288,4
DA:289,1
DA:324,63
DA:328,63
DA:330,2
DA:332,63
DA:333,63
DA:334,0
DA:345,100
DA:347,96
DA:348,96
DA:350,4
DA:355,54
DA:357,5
DA:358,3
DA:363,42
DA:365,34
DA:376,29
DA:377,28
LF:118
LH:117
BRDA:84,0,0,1
BRDA:85,1,0,1
BRDA:91,2,0,1
BRDA:92,3,0,1
BRDA:93,4,0,2
BRDA:93,4,1,1
BRDA:97,5,0,1
BRDA:98,6,0,1
BRDA:99,7,0,2
BRDA:99,7,1,1
BRDA:121,8,0,6
BRDA:121,8,1,1
BRDA:122,9,0,2
BRDA:124,10,0,1
BRDA:124,10,1,1
BRDA:126,11,0,2
BRDA:128,12,0,1
BRDA:128,12,1,1
BRDA:136,13,0,2
BRDA:136,14,0,5
BRDA:136,14,1,4
BRDA:136,14,2,2
BRDA:137,15,0,3
BRDA:137,15,1,3
BRDA:153,16,0,1
BRDA:153,16,1,2
BRDA:166,17,0,61
BRDA:204,18,0,55
BRDA:204,18,1,55
BRDA:205,19,0,55
BRDA:205,19,1,53
BRDA:219,20,0,2
BRDA:219,20,1,52
BRDA:225,21,0,51
BRDA:235,22,0,49
BRDA:251,23,0,1
BRDA:251,24,0,5
BRDA:251,24,1,3
BRDA:251,24,2,2
BRDA:254,25,0,1
BRDA:254,26,0,5
BRDA:254,26,1,1
BRDA:254,26,2,1
BRDA:261,27,0,6
BRDA:261,27,1,1
BRDA:262,28,0,1
BRDA:278,29,0,5
BRDA:278,29,1,1
BRDA:279,30,0,1
BRDA:322,31,0,9
BRDA:348,32,0,3
BRDA:355,33,0,49
BRDA:357,34,0,2
BRDA:363,35,0,8
BRDA:363,36,0,42
BRDA:363,36,1,40
BRDA:365,37,0,5
BRDA:376,38,0,1
BRF:58
BRH:58
end_of_record
TN:
SF:src\app\transaction-builder\maker-submit.service.ts
FN:75,(anonymous_0)
FN:77,(anonymous_1)
FN:94,(anonymous_2)
FN:111,(anonymous_3)
FN:114,(anonymous_4)
FN:115,(anonymous_5)
FN:125,(anonymous_6)
FN:132,(anonymous_7)
FN:137,(anonymous_8)
FN:151,(anonymous_9)
FN:156,(anonymous_10)
FN:166,(anonymous_11)
FN:173,(anonymous_12)
FN:178,(anonymous_13)
FN:195,(anonymous_14)
FN:209,(anonymous_15)
FN:218,(anonymous_16)
FN:228,(anonymous_17)
FN:238,(anonymous_18)
FN:245,(anonymous_19)
FN:250,(anonymous_20)
FN:258,(anonymous_21)
FN:270,(anonymous_22)
FN:271,(anonymous_23)
FN:281,(anonymous_24)
FN:291,(anonymous_25)
FN:298,(anonymous_26)
FN:300,(anonymous_27)
FN:301,(anonymous_28)
FNF:29
FNH:29
FNDA:369,(anonymous_0)
FNDA:46,(anonymous_1)
FNDA:8,(anonymous_2)
FNDA:6,(anonymous_3)
FNDA:4,(anonymous_4)
FNDA:2,(anonymous_5)
FNDA:2,(anonymous_6)
FNDA:7,(anonymous_7)
FNDA:5,(anonymous_8)
FNDA:3,(anonymous_9)
FNDA:2,(anonymous_10)
FNDA:2,(anonymous_11)
FNDA:10,(anonymous_12)
FNDA:8,(anonymous_13)
FNDA:6,(anonymous_14)
FNDA:4,(anonymous_15)
FNDA:2,(anonymous_16)
FNDA:2,(anonymous_17)
FNDA:2,(anonymous_18)
FNDA:9,(anonymous_19)
FNDA:7,(anonymous_20)
FNDA:5,(anonymous_21)
FNDA:3,(anonymous_22)
FNDA:2,(anonymous_23)
FNDA:2,(anonymous_24)
FNDA:2,(anonymous_25)
FNDA:12,(anonymous_26)
FNDA:10,(anonymous_27)
FNDA:2,(anonymous_28)
DA:1,6
DA:2,6
DA:3,6
DA:4,6
DA:6,6
DA:74,6
DA:75,369
DA:78,46
DA:79,8
DA:81,38
DA:82,7
DA:84,31
DA:85,10
DA:87,21
DA:88,9
DA:90,12
DA:95,8
DA:96,8
DA:97,8
DA:98,8
DA:99,8
DA:110,8
DA:112,6
DA:113,6
DA:114,4
DA:116,2
DA:126,2
DA:133,7
DA:134,7
DA:135,7
DA:136,7
DA:138,5
DA:139,5
DA:150,5
DA:151,3
DA:157,2
DA:167,2
DA:174,10
DA:175,10
DA:176,10
DA:177,10
DA:179,8
DA:180,8
DA:194,8
DA:196,6
DA:197,6
DA:208,6
DA:209,4
DA:219,2
DA:229,2
DA:239,2
DA:246,9
DA:247,9
DA:248,9
DA:249,9
DA:251,7
DA:252,7
DA:259,5
DA:269,5
DA:270,3
DA:272,2
DA:282,2
DA:292,2
DA:299,12
DA:300,10
DA:302,2
LF:66
LH:66
BRDA:78,0,0,8
BRDA:78,1,0,46
BRDA:78,1,1,9
BRDA:78,1,2,8
BRDA:81,2,0,7
BRDA:81,3,0,38
BRDA:81,3,1,17
BRDA:81,3,2,7
BRDA:84,4,0,10
BRDA:84,5,0,31
BRDA:84,5,1,10
BRDA:87,6,0,9
BRDA:87,7,0,21
BRDA:87,7,1,9
BRDA:87,7,2,9
BRDA:102,8,0,8
BRDA:102,8,1,0
BRDA:108,9,0,8
BRDA:108,9,1,4
BRDA:119,10,0,2
BRDA:119,10,1,0
BRDA:141,11,0,5
BRDA:141,11,1,5
BRDA:141,11,2,3
BRDA:167,12,0,2
BRDA:167,12,1,0
BRDA:167,12,2,0
BRDA:167,13,0,2
BRDA:167,13,1,0
BRDA:182,14,0,8
BRDA:182,14,1,8
BRDA:182,14,2,4
BRDA:191,15,0,8
BRDA:191,15,1,1
BRDA:192,16,0,8
BRDA:192,16,1,1
BRDA:199,17,0,6
BRDA:199,17,1,6
BRDA:199,17,2,3
BRDA:239,18,0,2
BRDA:239,18,1,0
BRDA:239,18,2,0
BRDA:239,19,0,2
BRDA:239,19,1,0
BRDA:292,20,0,2
BRDA:292,20,1,0
BRDA:292,20,2,0
BRDA:292,21,0,2
BRDA:292,21,1,0
BRDA:302,22,0,2
BRDA:302,22,1,0
BRDA:302,22,2,0
BRDA:302,23,0,2
BRDA:302,23,1,0
BRF:54
BRH:40
end_of_record
TN:
SF:src\app\transaction-builder\paged-list-state.ts
FN:22,(anonymous_0)
FN:24,(anonymous_1)
FN:28,(anonymous_2)
FN:34,(anonymous_3)
FN:39,(anonymous_4)
FNF:5
FNH:5
FNDA:1446,(anonymous_0)
FNDA:23,(anonymous_1)
FNDA:695,(anonymous_2)
FNDA:10,(anonymous_3)
FNDA:14,(anonymous_4)
DA:18,7
DA:19,1446
DA:20,1446
DA:22,1446
DA:25,23
DA:29,695
DA:30,695
DA:35,10
DA:40,14
LF:9
LH:9
BRDA:35,0,0,5
BRDA:35,0,1,5
BRDA:40,1,0,8
BRDA:40,1,1,6
BRF:4
BRH:4
end_of_record
TN:
SF:src\app\transaction-builder\submit-rules.ts
FN:64,validateSubmit
FN:67,(anonymous_1)
FN:168,buildSubmitRequest
FNF:3
FNH:3
FNDA:67,validateSubmit
FNDA:33,(anonymous_1)
FNDA:36,buildSubmitRequest
DA:2,6
DA:3,6
DA:64,6
DA:65,67
DA:66,67
DA:67,67
DA:69,67
DA:70,2
DA:72,65
DA:73,2
DA:75,63
DA:76,2
DA:78,61
DA:79,2
DA:81,59
DA:82,2
DA:88,57
DA:89,2
DA:91,55
DA:92,2
DA:94,53
DA:95,2
DA:101,51
DA:102,9
DA:103,5
DA:104,4
DA:105,2
DA:111,49
DA:112,4
DA:116,45
DA:117,3
DA:128,42
DA:129,8
DA:130,2
DA:132,6
DA:133,6
DA:134,2
DA:136,4
DA:147,38
DA:148,10
DA:149,2
DA:151,8
DA:152,8
DA:153,2
DA:155,6
DA:157,34
DA:168,6
DA:169,36
DA:170,36
DA:178,36
DA:179,36
DA:180,36
DA:181,13
DA:182,13
DA:185,36
DA:186,14
DA:191,22
DA:192,20
DA:194,2
DA:197,34
DA:198,4
DA:200,34
DA:201,2
DA:208,34
DA:209,10
DA:211,34
LF:66
LH:66
BRDA:69,0,0,2
BRDA:69,1,0,67
BRDA:69,1,1,67
BRDA:69,1,2,67
BRDA:69,1,3,65
BRDA:69,1,4,65
BRDA:72,2,0,2
BRDA:75,3,0,2
BRDA:75,4,0,63
BRDA:75,4,1,17
BRDA:78,5,0,2
BRDA:78,6,0,61
BRDA:78,6,1,25
BRDA:78,6,2,2
BRDA:81,7,0,2
BRDA:81,8,0,59
BRDA:81,8,1,12
BRDA:88,9,0,2
BRDA:88,10,0,57
BRDA:88,10,1,21
BRDA:88,10,2,11
BRDA:91,11,0,2
BRDA:91,12,0,55
BRDA:91,12,1,20
BRDA:91,12,2,10
BRDA:94,13,0,2
BRDA:94,14,0,53
BRDA:94,14,1,16
BRDA:101,15,0,9
BRDA:102,16,0,5
BRDA:102,16,1,4
BRDA:104,17,0,2
BRDA:104,18,0,4
BRDA:104,18,1,2
BRDA:111,19,0,4
BRDA:111,20,0,49
BRDA:111,20,1,14
BRDA:112,21,0,4
BRDA:112,21,1,1
BRDA:116,22,0,3
BRDA:116,23,0,45
BRDA:116,23,1,8
BRDA:116,23,2,6
BRDA:128,24,0,8
BRDA:129,25,0,2
BRDA:133,26,0,2
BRDA:136,27,0,2
BRDA:136,27,1,2
BRDA:147,28,0,10
BRDA:147,29,0,38
BRDA:147,29,1,10
BRDA:148,30,0,2
BRDA:152,31,0,2
BRDA:155,32,0,5
BRDA:155,32,1,1
BRDA:173,33,0,36
BRDA:173,33,1,11
BRDA:178,34,0,2
BRDA:178,35,0,36
BRDA:178,35,1,12
BRDA:179,36,0,15
BRDA:180,37,0,13
BRDA:182,38,0,5
BRDA:185,39,0,14
BRDA:185,39,1,22
BRDA:188,40,0,14
BRDA:188,40,1,9
BRDA:189,41,0,14
BRDA:189,41,1,14
BRDA:191,42,0,20
BRDA:191,42,1,2
BRDA:197,43,0,4
BRDA:197,44,0,34
BRDA:197,44,1,12
BRDA:200,45,0,2
BRDA:200,46,0,34
BRDA:200,46,1,6
BRDA:208,47,0,10
BRDA:208,48,0,34
BRDA:208,48,1,12
BRF:80
BRH:80
end_of_record
TN:
SF:src\app\transaction-builder\transaction-builder.component.ts
FN:339,(anonymous_0)
FN:367,(anonymous_1)
FN:372,(anonymous_2)
FN:384,(anonymous_3)
FN:399,(anonymous_4)
FN:403,(anonymous_5)
FN:407,(anonymous_6)
FN:411,(anonymous_7)
FN:415,(anonymous_8)
FN:419,(anonymous_9)
FN:423,(anonymous_10)
FN:427,(anonymous_11)
FN:432,(anonymous_12)
FN:436,(anonymous_13)
FN:440,(anonymous_14)
FN:452,(anonymous_15)
FN:457,(anonymous_16)
FN:522,(anonymous_17)
FN:535,(anonymous_18)
FN:567,(anonymous_19)
FN:573,(anonymous_20)
FN:580,(anonymous_21)
FN:599,(anonymous_22)
FN:603,(anonymous_23)
FN:603,(anonymous_24)
FN:603,(anonymous_25)
FN:604,(anonymous_26)
FN:605,(anonymous_27)
FN:609,(anonymous_28)
FN:624,(anonymous_29)
FN:630,(anonymous_30)
FN:645,(anonymous_31)
FN:646,(anonymous_32)
FN:668,(anonymous_33)
FN:674,(anonymous_34)
FN:679,(anonymous_35)
FN:698,(anonymous_36)
FN:702,(anonymous_37)
FN:706,(anonymous_38)
FN:713,(anonymous_39)
FN:732,(anonymous_40)
FN:742,(anonymous_41)
FN:746,(anonymous_42)
FN:751,(anonymous_43)
FN:756,(anonymous_44)
FN:773,(anonymous_45)
FN:776,(anonymous_46)
FN:778,(anonymous_47)
FN:804,(anonymous_48)
FN:817,(anonymous_49)
FN:820,(anonymous_50)
FN:831,(anonymous_51)
FN:846,(anonymous_52)
FN:866,(anonymous_53)
FN:879,(anonymous_54)
FN:903,(anonymous_55)
FN:928,(anonymous_56)
FN:955,(anonymous_57)
FN:961,(anonymous_58)
FN:969,(anonymous_59)
FN:973,(anonymous_60)
FN:974,(anonymous_61)
FN:1020,(anonymous_62)
FN:1031,(anonymous_63)
FN:1037,(anonymous_64)
FN:1037,(anonymous_65)
FN:1037,(anonymous_66)
FN:1039,(anonymous_67)
FN:1047,(anonymous_68)
FN:1062,(anonymous_69)
FN:1063,(anonymous_70)
FN:1070,(anonymous_71)
FN:1074,(anonymous_72)
FN:1086,(anonymous_73)
FN:1094,(anonymous_74)
FN:1100,(anonymous_75)
FN:1113,(anonymous_76)
FN:1134,(anonymous_77)
FN:1136,(anonymous_78)
FN:1140,(anonymous_79)
FN:1155,(anonymous_80)
FN:1164,(anonymous_81)
FN:1171,(anonymous_82)
FN:1178,(anonymous_83)
FN:1178,(anonymous_84)
FN:1179,(anonymous_85)
FN:1182,(anonymous_86)
FN:1205,(anonymous_87)
FN:1209,(anonymous_88)
FN:1216,(anonymous_89)
FN:1217,(anonymous_90)
FN:1254,(anonymous_91)
FN:1260,(anonymous_92)
FN:1265,(anonymous_93)
FN:1272,(anonymous_94)
FN:1279,(anonymous_95)
FN:1317,(anonymous_96)
FN:1331,(anonymous_97)
FN:1359,(anonymous_98)
FN:1367,(anonymous_99)
FN:1395,(anonymous_100)
FN:1403,(anonymous_101)
FN:1404,(anonymous_102)
FN:1460,(anonymous_103)
FN:1469,(anonymous_104)
FN:1474,(anonymous_105)
FN:1491,(anonymous_106)
FN:1505,(anonymous_107)
FN:1507,(anonymous_108)
FN:1507,(anonymous_109)
FN:1508,(anonymous_110)
FN:1511,(anonymous_111)
FN:1519,(anonymous_112)
FN:1521,(anonymous_113)
FN:1522,(anonymous_114)
FN:1525,(anonymous_115)
FN:1529,(anonymous_116)
FN:1532,(anonymous_117)
FN:1544,(anonymous_118)
FN:1545,(anonymous_119)
FN:1568,(anonymous_120)
FN:1570,(anonymous_121)
FN:1577,(anonymous_122)
FN:1578,(anonymous_123)
FN:1595,(anonymous_124)
FN:1600,(anonymous_125)
FN:1611,(anonymous_126)
FN:1615,(anonymous_127)
FN:1626,(anonymous_128)
FN:1630,(anonymous_129)
FN:1634,(anonymous_130)
FN:1644,(anonymous_131)
FN:1703,(anonymous_132)
FN:1717,(anonymous_133)
FN:1726,(anonymous_134)
FN:1754,(anonymous_135)
FN:1776,(anonymous_136)
FN:1781,(anonymous_137)
FN:1802,(anonymous_138)
FN:1816,(anonymous_139)
FN:1834,(anonymous_140)
FN:1842,(anonymous_141)
FN:1844,(anonymous_142)
FN:1847,(anonymous_143)
FN:1854,(anonymous_144)
FN:1855,(anonymous_145)
FN:1887,(anonymous_146)
FN:1926,(anonymous_147)
FN:1931,(anonymous_148)
FN:1945,(anonymous_149)
FN:1971,(anonymous_150)
FN:1981,(anonymous_151)
FN:2000,(anonymous_152)
FN:2011,(anonymous_153)
FN:2029,(anonymous_154)
FN:2041,(anonymous_155)
FN:2060,(anonymous_156)
FN:2084,(anonymous_157)
FN:2097,(anonymous_158)
FN:2114,(anonymous_159)
FN:2136,(anonymous_160)
FN:2145,(anonymous_161)
FN:2171,(anonymous_162)
FN:2176,(anonymous_163)
FN:2187,(anonymous_164)
FN:2207,(anonymous_165)
FN:2225,(anonymous_166)
FN:2228,(anonymous_167)
FN:2240,(anonymous_168)
FN:2244,(anonymous_169)
FNF:170
FNH:169
FNDA:4,(anonymous_0)
FNDA:347,(anonymous_1)
FNDA:55,(anonymous_2)
FNDA:3,(anonymous_3)
FNDA:315,(anonymous_4)
FNDA:21,(anonymous_5)
FNDA:4,(anonymous_6)
FNDA:7,(anonymous_7)
FNDA:2,(anonymous_8)
FNDA:63,(anonymous_9)
FNDA:152,(anonymous_10)
FNDA:3,(anonymous_11)
FNDA:4,(anonymous_12)
FNDA:3,(anonymous_13)
FNDA:3,(anonymous_14)
FNDA:4,(anonymous_15)
FNDA:226,(anonymous_16)
FNDA:26,(anonymous_17)
FNDA:205,(anonymous_18)
FNDA:96,(anonymous_19)
FNDA:90,(anonymous_20)
FNDA:2,(anonymous_21)
FNDA:22,(anonymous_22)
FNDA:8,(anonymous_23)
FNDA:1,(anonymous_24)
FNDA:5,(anonymous_25)
FNDA:8,(anonymous_26)
FNDA:6,(anonymous_27)
FNDA:5,(anonymous_28)
FNDA:4,(anonymous_29)
FNDA:3,(anonymous_30)
FNDA:3,(anonymous_31)
FNDA:3,(anonymous_32)
FNDA:3,(anonymous_33)
FNDA:2,(anonymous_34)
FNDA:2,(anonymous_35)
FNDA:9,(anonymous_36)
FNDA:11,(anonymous_37)
FNDA:3,(anonymous_38)
FNDA:93,(anonymous_39)
FNDA:96,(anonymous_40)
FNDA:1,(anonymous_41)
FNDA:2,(anonymous_42)
FNDA:2,(anonymous_43)
FNDA:99,(anonymous_44)
FNDA:4,(anonymous_45)
FNDA:5,(anonymous_46)
FNDA:3,(anonymous_47)
FNDA:2,(anonymous_48)
FNDA:7,(anonymous_49)
FNDA:11,(anonymous_50)
FNDA:3,(anonymous_51)
FNDA:10,(anonymous_52)
FNDA:4,(anonymous_53)
FNDA:7,(anonymous_54)
FNDA:30,(anonymous_55)
FNDA:13,(anonymous_56)
FNDA:8,(anonymous_57)
FNDA:3,(anonymous_58)
FNDA:2,(anonymous_59)
FNDA:15,(anonymous_60)
FNDA:12,(anonymous_61)
FNDA:4,(anonymous_62)
FNDA:2,(anonymous_63)
FNDA:1,(anonymous_64)
FNDA:0,(anonymous_65)
FNDA:1,(anonymous_66)
FNDA:1,(anonymous_67)
FNDA:1,(anonymous_68)
FNDA:4,(anonymous_69)
FNDA:4,(anonymous_70)
FNDA:2,(anonymous_71)
FNDA:1,(anonymous_72)
FNDA:15,(anonymous_73)
FNDA:3,(anonymous_74)
FNDA:3,(anonymous_75)
FNDA:9,(anonymous_76)
FNDA:4,(anonymous_77)
FNDA:3,(anonymous_78)
FNDA:1,(anonymous_79)
FNDA:6,(anonymous_80)
FNDA:4,(anonymous_81)
FNDA:4,(anonymous_82)
FNDA:3,(anonymous_83)
FNDA:3,(anonymous_84)
FNDA:1,(anonymous_85)
FNDA:4,(anonymous_86)
FNDA:3,(anonymous_87)
FNDA:1,(anonymous_88)
FNDA:14,(anonymous_89)
FNDA:14,(anonymous_90)
FNDA:4,(anonymous_91)
FNDA:2,(anonymous_92)
FNDA:1,(anonymous_93)
FNDA:56,(anonymous_94)
FNDA:32,(anonymous_95)
FNDA:2,(anonymous_96)
FNDA:11,(anonymous_97)
FNDA:4,(anonymous_98)
FNDA:3,(anonymous_99)
FNDA:3,(anonymous_100)
FNDA:10,(anonymous_101)
FNDA:9,(anonymous_102)
FNDA:8,(anonymous_103)
FNDA:2,(anonymous_104)
FNDA:3,(anonymous_105)
FNDA:4,(anonymous_106)
FNDA:4,(anonymous_107)
FNDA:3,(anonymous_108)
FNDA:2,(anonymous_109)
FNDA:1,(anonymous_110)
FNDA:4,(anonymous_111)
FNDA:2,(anonymous_112)
FNDA:1,(anonymous_113)
FNDA:1,(anonymous_114)
FNDA:2,(anonymous_115)
FNDA:2,(anonymous_116)
FNDA:1,(anonymous_117)
FNDA:2,(anonymous_118)
FNDA:2,(anonymous_119)
FNDA:2,(anonymous_120)
FNDA:2,(anonymous_121)
FNDA:3,(anonymous_122)
FNDA:3,(anonymous_123)
FNDA:2,(anonymous_124)
FNDA:143,(anonymous_125)
FNDA:106,(anonymous_126)
FNDA:37,(anonymous_127)
FNDA:34,(anonymous_128)
FNDA:37,(anonymous_129)
FNDA:7,(anonymous_130)
FNDA:26,(anonymous_131)
FNDA:3,(anonymous_132)
FNDA:7,(anonymous_133)
FNDA:5,(anonymous_134)
FNDA:36,(anonymous_135)
FNDA:29,(anonymous_136)
FNDA:1,(anonymous_137)
FNDA:47,(anonymous_138)
FNDA:52,(anonymous_139)
FNDA:32,(anonymous_140)
FNDA:29,(anonymous_141)
FNDA:7,(anonymous_142)
FNDA:2,(anonymous_143)
FNDA:2,(anonymous_144)
FNDA:3,(anonymous_145)
FNDA:13,(anonymous_146)
FNDA:6,(anonymous_147)
FNDA:2,(anonymous_148)
FNDA:254,(anonymous_149)
FNDA:13,(anonymous_150)
FNDA:7,(anonymous_151)
FNDA:40,(anonymous_152)
FNDA:65,(anonymous_153)
FNDA:25,(anonymous_154)
FNDA:24,(anonymous_155)
FNDA:24,(anonymous_156)
FNDA:40,(anonymous_157)
FNDA:24,(anonymous_158)
FNDA:2,(anonymous_159)
FNDA:6,(anonymous_160)
FNDA:16,(anonymous_161)
FNDA:17,(anonymous_162)
FNDA:16,(anonymous_163)
FNDA:29,(anonymous_164)
FNDA:23,(anonymous_165)
FNDA:3,(anonymous_166)
FNDA:2,(anonymous_167)
FNDA:13,(anonymous_168)
FNDA:11,(anonymous_169)
DA:1,5
DA:2,5
DA:3,5
DA:4,5
DA:5,5
DA:6,5
DA:7,5
DA:8,5
DA:9,5
DA:10,5
DA:11,5
DA:12,5
DA:13,5
DA:14,5
DA:15,5
DA:26,5
DA:27,5
DA:28,5
DA:48,5
DA:49,347
DA:50,347
DA:61,347
DA:70,347
DA:72,347
DA:74,347
DA:83,347
DA:85,347
DA:86,347
DA:87,347
DA:89,347
DA:90,347
DA:94,347
DA:96,347
DA:97,347
DA:106,347
DA:107,347
DA:118,347
DA:131,347
DA:138,347
DA:150,347
DA:151,347
DA:152,347
DA:161,347
DA:173,347
DA:174,347
DA:183,347
DA:184,347
DA:185,347
DA:186,347
DA:188,347
DA:198,347
DA:204,347
DA:211,347
DA:219,347
DA:226,347
DA:234,347
DA:253,347
DA:260,347
DA:261,347
DA:262,347
DA:263,347
DA:264,347
DA:265,347
DA:266,347
DA:267,347
DA:268,347
DA:269,347
DA:271,347
DA:272,347
DA:275,347
DA:276,347
DA:278,347
DA:279,347
DA:280,347
DA:281,347
DA:290,347
DA:299,347
DA:306,347
DA:318,347
DA:320,347
DA:340,4
DA:368,347
DA:369,347
DA:370,347
DA:372,347
DA:373,55
DA:374,55
DA:375,55
DA:377,347
DA:378,347
DA:379,347
DA:380,347
DA:385,3
DA:386,3
DA:387,3
DA:388,3
DA:400,315
DA:404,21
DA:408,4
DA:412,7
DA:416,2
DA:420,63
DA:424,152
DA:428,3
DA:433,4
DA:437,3
DA:441,3
DA:453,4
DA:454,4
DA:458,226
DA:459,226
DA:460,226
DA:461,226
DA:462,226
DA:463,226
DA:466,226
DA:467,226
DA:468,226
DA:469,226
DA:470,226
DA:471,226
DA:472,226
DA:473,226
DA:474,226
DA:475,226
DA:476,226
DA:477,226
DA:478,226
DA:479,226
DA:480,226
DA:481,226
DA:482,226
DA:483,226
DA:484,226
DA:485,226
DA:486,226
DA:487,226
DA:488,226
DA:489,226
DA:490,226
DA:491,226
DA:492,226
DA:493,226
DA:494,226
DA:495,226
DA:496,226
DA:497,226
DA:498,226
DA:499,226
DA:500,226
DA:501,226
DA:502,226
DA:506,226
DA:507,226
DA:508,226
DA:509,226
DA:510,226
DA:512,226
DA:514,181
DA:515,181
DA:516,181
DA:523,26
DA:524,24
DA:530,24
DA:531,24
DA:532,24
DA:542,205
DA:550,1
DA:551,204
DA:555,1
DA:556,203
DA:559,1
DA:561,205
DA:562,205
DA:563,205
DA:568,96
DA:574,90
DA:581,2
DA:600,22
DA:601,22
DA:602,22
DA:603,8
DA:604,5
DA:605,8
DA:606,8
DA:607,5
DA:609,5
DA:611,5
DA:625,4
DA:626,4
DA:627,5
DA:628,5
DA:630,4
DA:631,3
DA:632,3
DA:634,4
DA:646,3
DA:647,3
DA:648,3
DA:649,3
DA:650,3
DA:655,3
DA:669,3
DA:670,3
DA:671,2
DA:675,2
DA:676,2
DA:680,2
DA:681,2
DA:699,9
DA:700,9
DA:701,9
DA:702,11
DA:704,9
DA:705,3
DA:706,1
DA:707,3
DA:708,3
DA:714,93
DA:717,93
DA:718,93
DA:733,96
DA:743,1
DA:747,2
DA:748,2
DA:752,2
DA:753,2
DA:757,99
DA:774,4
DA:775,4
DA:776,5
DA:777,2
DA:778,3
DA:798,4
DA:803,3
DA:804,1
DA:805,2
DA:806,2
DA:818,7
DA:819,7
DA:820,11
DA:832,3
DA:833,3
DA:834,1
DA:847,10
DA:848,8
DA:849,8
DA:850,4
DA:851,4
DA:852,4
DA:867,4
DA:868,4
DA:869,4
DA:880,7
DA:909,30
DA:910,30
DA:911,21
DA:912,4
DA:934,13
DA:935,10
DA:936,3
DA:937,1
DA:938,0
DA:956,8
DA:957,8
DA:958,8
DA:962,3
DA:963,3
DA:964,3
DA:970,2
DA:974,15
DA:978,15
DA:979,3
DA:983,15
DA:984,12
DA:985,12
DA:987,15
DA:994,15
DA:995,6
DA:997,15
DA:998,15
DA:1021,4
DA:1022,4
DA:1023,4
DA:1024,4
DA:1025,4
DA:1026,3
DA:1030,3
DA:1032,2
DA:1033,1
DA:1034,1
DA:1035,1
DA:1037,1
DA:1038,1
DA:1039,1
DA:1040,1
DA:1041,1
DA:1044,1
DA:1048,1
DA:1049,1
DA:1063,4
DA:1064,4
DA:1065,4
DA:1066,1
DA:1067,1
DA:1069,3
DA:1071,2
DA:1072,2
DA:1075,1
DA:1076,1
DA:1087,15
DA:1088,14
DA:1089,14
DA:1090,10
DA:1095,3
DA:1096,2
DA:1101,3
DA:1102,2
DA:1114,9
DA:1115,9
DA:1116,9
DA:1117,1
DA:1118,1
DA:1124,8
DA:1125,3
DA:1126,3
DA:1128,5
DA:1132,5
DA:1133,5
DA:1135,4
DA:1136,4
DA:1138,4
DA:1141,1
DA:1142,1
DA:1156,6
DA:1157,6
DA:1158,1
DA:1159,1
DA:1161,5
DA:1162,5
DA:1163,5
DA:1165,4
DA:1166,0
DA:1167,0
DA:1168,0
DA:1170,4
DA:1172,4
DA:1178,3
DA:1179,1
DA:1183,4
DA:1202,4
DA:1203,4
DA:1205,3
DA:1206,4
DA:1210,1
DA:1211,1
DA:1217,14
DA:1222,14
DA:1223,7
DA:1229,7
DA:1230,3
DA:1232,7
DA:1233,7
DA:1238,14
DA:1239,3
DA:1240,3
DA:1255,4
DA:1256,3
DA:1257,3
DA:1258,3
DA:1259,3
DA:1261,2
DA:1262,2
DA:1263,2
DA:1266,1
DA:1267,1
DA:1273,56
DA:1274,22
DA:1275,22
DA:1277,34
DA:1278,34
DA:1280,32
DA:1281,32
DA:1290,32
DA:1291,4
DA:1292,4
DA:1293,28
DA:1303,1
DA:1304,1
DA:1305,27
DA:1313,4
DA:1314,4
DA:1318,2
DA:1319,2
DA:1332,11
DA:1333,10
DA:1334,10
DA:1335,1
DA:1336,1
DA:1344,9
DA:1345,1
DA:1346,1
DA:1348,8
DA:1349,1
DA:1350,1
DA:1352,7
DA:1366,4
DA:1367,3
DA:1368,3
DA:1369,2
DA:1372,2
DA:1373,2
DA:1375,1
DA:1378,1
DA:1379,1
DA:1380,1
DA:1382,1
DA:1383,1
DA:1385,3
DA:1387,1
DA:1388,1
DA:1389,1
DA:1390,1
DA:1392,1
DA:1393,1
DA:1396,3
DA:1397,3
DA:1398,3
DA:1404,10
DA:1408,10
DA:1409,9
DA:1410,9
DA:1418,10
DA:1419,4
DA:1425,10
DA:1426,5
DA:1427,5
DA:1428,5
DA:1429,5
DA:1430,5
DA:1431,5
DA:1432,5
DA:1436,10
DA:1437,3
DA:1442,10
DA:1443,4
DA:1448,10
DA:1449,3
DA:1450,3
DA:1451,3
DA:1461,8
DA:1470,2
DA:1471,2
DA:1475,3
DA:1476,3
DA:1492,4
DA:1493,4
DA:1494,0
DA:1495,0
DA:1497,4
DA:1498,4
DA:1504,4
DA:1506,4
DA:1507,3
DA:1508,1
DA:1512,4
DA:1513,4
DA:1514,2
DA:1515,2
DA:1516,2
DA:1518,2
DA:1520,2
DA:1521,1
DA:1522,1
DA:1526,2
DA:1527,2
DA:1530,2
DA:1532,1
DA:1545,2
DA:1546,2
DA:1547,1
DA:1548,1
DA:1558,1
DA:1559,1
DA:1560,1
DA:1562,1
DA:1563,1
DA:1564,1
DA:1569,2
DA:1570,1
DA:1571,2
DA:1572,2
DA:1578,3
DA:1579,3
DA:1580,3
DA:1581,2
DA:1582,2
DA:1587,3
DA:1588,2
DA:1589,2
DA:1591,3
DA:1592,3
DA:1596,2
DA:1601,143
DA:1612,106
DA:1616,37
DA:1627,34
DA:1631,37
DA:1635,7
DA:1645,26
DA:1656,24
DA:1657,6
DA:1659,18
DA:1660,4
DA:1673,14
DA:1674,1
DA:1680,13
DA:1687,3
DA:1688,2
DA:1690,1
DA:1704,3
DA:1718,7
DA:1727,5
DA:1728,4
DA:1729,1
DA:1731,3
DA:1732,2
DA:1755,36
DA:1756,36
DA:1757,36
DA:1758,36
DA:1759,36
DA:1760,33
DA:1761,1
DA:1762,1
DA:1764,32
DA:1765,32
DA:1766,2
DA:1767,2
DA:1769,30
DA:1770,30
DA:1775,30
DA:1777,29
DA:1778,29
DA:1779,29
DA:1782,1
DA:1783,1
DA:1803,47
DA:1804,47
DA:1805,36
DA:1817,52
DA:1818,52
DA:1819,30
DA:1823,30
DA:1824,30
DA:1835,32
DA:1836,32
DA:1837,32
DA:1838,32
DA:1839,32
DA:1840,31
DA:1841,31
DA:1843,29
DA:1844,29
DA:1845,29
DA:1848,2
DA:1849,2
DA:1855,3
DA:1858,2
DA:1888,13
DA:1889,12
DA:1891,12
DA:1892,2
DA:1893,1
DA:1894,2
DA:1900,10
DA:1905,1
DA:1906,1
DA:1917,9
DA:1918,1
DA:1919,1
DA:1922,8
DA:1923,8
DA:1924,8
DA:1925,8
DA:1927,6
DA:1928,6
DA:1929,6
DA:1932,2
DA:1933,2
DA:1946,254
DA:1972,13
DA:1982,7
DA:2001,40
DA:2002,40
DA:2003,40
DA:2004,15
DA:2005,15
DA:2007,25
DA:2012,65
DA:2030,25
DA:2031,25
DA:2032,25
DA:2042,24
DA:2061,24
DA:2062,24
DA:2063,24
DA:2064,24
DA:2065,24
DA:2066,24
DA:2067,24
DA:2068,2
DA:2069,24
DA:2071,24
DA:2072,13
DA:2075,13
DA:2076,13
DA:2077,13
DA:2078,13
DA:2080,11
DA:2081,11
DA:2085,40
DA:2086,25
DA:2087,25
DA:2089,24
DA:2090,24
DA:2091,24
DA:2092,24
DA:2093,24
DA:2094,24
DA:2095,24
DA:2097,24
DA:2115,2
DA:2137,6
DA:2138,6
DA:2139,6
DA:2140,6
DA:2141,6
DA:2146,16
DA:2147,16
DA:2172,17
DA:2173,16
DA:2174,16
DA:2175,16
DA:2176,16
DA:2177,16
DA:2178,6
DA:2179,6
DA:2180,6
DA:2181,6
DA:2183,10
DA:2188,29
DA:2208,23
DA:2209,16
DA:2210,16
DA:2212,7
DA:2213,1
DA:2214,1
DA:2215,1
DA:2216,1
DA:2218,1
DA:2219,1
DA:2221,6
DA:2226,3
DA:2227,2
DA:2228,2
DA:2241,13
DA:2242,11
DA:2243,11
DA:2244,11
LF:670
LH:664
BRDA:340,0,0,4
BRDA:340,0,1,3
BRDA:369,1,0,347
BRDA:370,2,0,347
BRDA:462,3,0,226
BRDA:462,3,1,142
BRDA:466,4,0,30
BRDA:466,5,0,226
BRDA:466,5,1,199
BRDA:472,6,0,226
BRDA:472,6,1,133
BRDA:512,7,0,181
BRDA:512,7,1,45
BRDA:523,8,0,2
BRDA:523,9,0,26
BRDA:523,9,1,25
BRDA:542,10,0,1
BRDA:542,10,1,204
BRDA:542,11,0,205
BRDA:542,11,1,40
BRDA:551,12,0,1
BRDA:551,12,1,203
BRDA:551,13,0,204
BRDA:551,13,1,13
BRDA:556,14,0,1
BRDA:556,15,0,203
BRDA:556,15,1,25
BRDA:556,15,2,25
BRDA:562,16,0,85
BRDA:562,17,0,205
BRDA:562,17,1,140
BRDA:563,18,0,90
BRDA:567,19,0,88
BRDA:569,20,0,96
BRDA:569,20,1,94
BRDA:574,21,0,22
BRDA:602,22,0,17
BRDA:605,23,0,8
BRDA:605,23,1,0
BRDA:605,24,0,6
BRDA:605,24,1,5
BRDA:606,25,0,5
BRDA:609,26,0,5
BRDA:609,26,1,4
BRDA:627,27,0,5
BRDA:627,27,1,1
BRDA:632,28,0,1
BRDA:632,28,1,2
BRDA:632,29,0,2
BRDA:632,29,1,1
BRDA:632,30,0,2
BRDA:632,30,1,1
BRDA:646,31,0,3
BRDA:646,31,1,1
BRDA:648,32,0,3
BRDA:648,32,1,1
BRDA:670,33,0,1
BRDA:671,34,0,1
BRDA:671,34,1,1
BRDA:676,35,0,1
BRDA:681,36,0,1
BRDA:701,37,0,7
BRDA:702,38,0,11
BRDA:702,38,1,5
BRDA:702,39,0,3
BRDA:702,39,1,2
BRDA:704,40,0,6
BRDA:705,41,0,2
BRDA:705,42,0,3
BRDA:705,42,1,1
BRDA:708,43,0,3
BRDA:708,43,1,2
BRDA:748,44,0,1
BRDA:753,45,0,1
BRDA:775,46,0,2
BRDA:775,46,1,2
BRDA:776,47,0,5
BRDA:776,47,1,4
BRDA:776,47,2,3
BRDA:776,47,3,3
BRDA:777,48,0,1
BRDA:778,49,0,3
BRDA:778,49,1,2
BRDA:798,50,0,3
BRDA:799,51,0,4
BRDA:799,51,1,2
BRDA:799,51,2,1
BRDA:806,52,0,2
BRDA:806,52,1,2
BRDA:819,53,0,1
BRDA:820,54,0,11
BRDA:820,54,1,1
BRDA:833,55,0,1
BRDA:847,56,0,2
BRDA:849,57,0,4
BRDA:849,58,0,8
BRDA:849,58,1,6
BRDA:851,59,0,2
BRDA:851,59,1,2
BRDA:851,60,0,4
BRDA:851,60,1,4
BRDA:869,61,0,2
BRDA:869,61,1,2
BRDA:910,62,0,9
BRDA:910,63,0,6
BRDA:910,63,1,3
BRDA:911,64,0,17
BRDA:911,65,0,9
BRDA:911,65,1,8
BRDA:934,66,0,3
BRDA:935,67,0,7
BRDA:935,68,0,4
BRDA:935,68,1,3
BRDA:936,69,0,2
BRDA:936,70,0,3
BRDA:936,70,1,2
BRDA:937,71,0,1
BRDA:957,72,0,8
BRDA:957,72,1,0
BRDA:958,73,0,8
BRDA:958,73,1,8
BRDA:970,74,0,1
BRDA:974,75,0,15
BRDA:974,75,1,3
BRDA:978,76,0,3
BRDA:978,77,0,15
BRDA:978,77,1,3
BRDA:979,78,0,2
BRDA:979,78,1,1
BRDA:983,79,0,12
BRDA:994,80,0,6
BRDA:994,81,0,15
BRDA:994,81,1,12
BRDA:997,82,0,3
BRDA:1025,83,0,1
BRDA:1032,84,0,1
BRDA:1041,85,0,1
BRDA:1041,85,1,1
BRDA:1044,86,0,1
BRDA:1063,87,0,4
BRDA:1063,87,1,1
BRDA:1065,88,0,1
BRDA:1087,89,0,1
BRDA:1089,90,0,4
BRDA:1089,91,0,14
BRDA:1089,91,1,13
BRDA:1089,91,2,12
BRDA:1095,92,0,1
BRDA:1095,93,0,3
BRDA:1095,93,1,2
BRDA:1096,94,0,1
BRDA:1096,94,1,1
BRDA:1101,95,0,1
BRDA:1101,96,0,3
BRDA:1101,96,1,2
BRDA:1116,97,0,1
BRDA:1124,98,0,3
BRDA:1132,99,0,5
BRDA:1132,99,1,2
BRDA:1136,100,0,3
BRDA:1136,100,1,2
BRDA:1138,101,0,2
BRDA:1156,102,0,6
BRDA:1156,102,1,1
BRDA:1157,103,0,1
BRDA:1161,104,0,5
BRDA:1161,104,1,0
BRDA:1165,105,0,0
BRDA:1178,106,0,3
BRDA:1178,106,1,3
BRDA:1205,107,0,3
BRDA:1205,107,1,3
BRDA:1205,107,2,2
BRDA:1205,108,0,3
BRDA:1205,108,1,0
BRDA:1206,109,0,1
BRDA:1217,110,0,14
BRDA:1217,110,1,2
BRDA:1222,111,0,7
BRDA:1222,112,0,14
BRDA:1222,112,1,8
BRDA:1223,113,0,7
BRDA:1223,113,1,1
BRDA:1229,114,0,3
BRDA:1230,115,0,3
BRDA:1230,115,1,1
BRDA:1238,116,0,3
BRDA:1255,117,0,1
BRDA:1259,118,0,3
BRDA:1259,118,1,1
BRDA:1273,119,0,22
BRDA:1290,120,0,4
BRDA:1290,120,1,28
BRDA:1293,121,0,1
BRDA:1293,121,1,27
BRDA:1293,122,0,28
BRDA:1293,122,1,1
BRDA:1305,123,0,4
BRDA:1332,124,0,1
BRDA:1334,125,0,1
BRDA:1344,126,0,1
BRDA:1344,127,0,9
BRDA:1344,127,1,4
BRDA:1348,128,0,1
BRDA:1348,129,0,8
BRDA:1348,129,1,5
BRDA:1355,130,0,7
BRDA:1355,130,1,4
BRDA:1356,131,0,7
BRDA:1356,131,1,3
BRDA:1366,132,0,3
BRDA:1366,133,0,4
BRDA:1366,133,1,4
BRDA:1368,134,0,2
BRDA:1369,135,0,1
BRDA:1369,135,1,1
BRDA:1372,136,0,1
BRDA:1372,136,1,1
BRDA:1372,137,0,2
BRDA:1372,137,1,1
BRDA:1378,138,0,1
BRDA:1388,139,0,1
BRDA:1404,140,0,10
BRDA:1404,140,1,1
BRDA:1408,141,0,9
BRDA:1418,142,0,4
BRDA:1418,143,0,10
BRDA:1418,143,1,5
BRDA:1425,144,0,5
BRDA:1425,145,0,10
BRDA:1425,145,1,5
BRDA:1436,146,0,3
BRDA:1436,147,0,10
BRDA:1436,147,1,4
BRDA:1442,148,0,4
BRDA:1442,149,0,10
BRDA:1442,149,1,4
BRDA:1448,150,0,3
BRDA:1448,151,0,10
BRDA:1448,151,1,4
BRDA:1448,151,2,4
BRDA:1448,151,3,4
BRDA:1449,152,0,3
BRDA:1449,152,1,1
BRDA:1450,153,0,3
BRDA:1450,153,1,2
BRDA:1462,154,0,8
BRDA:1462,154,1,7
BRDA:1471,155,0,1
BRDA:1476,156,0,2
BRDA:1493,157,0,0
BRDA:1513,158,0,2
BRDA:1530,159,0,2
BRDA:1530,159,1,1
BRDA:1535,160,0,1
BRDA:1535,160,1,0
BRDA:1546,161,0,1
BRDA:1551,162,0,1
BRDA:1551,162,1,0
BRDA:1558,163,0,1
BRDA:1562,164,0,1
BRDA:1562,164,1,0
BRDA:1569,165,0,1
BRDA:1569,166,0,2
BRDA:1569,166,1,2
BRDA:1572,167,0,2
BRDA:1572,167,1,2
BRDA:1578,168,0,3
BRDA:1578,168,1,1
BRDA:1580,169,0,2
BRDA:1581,170,0,2
BRDA:1581,170,1,1
BRDA:1582,171,0,2
BRDA:1582,171,1,1
BRDA:1587,172,0,2
BRDA:1627,173,0,34
BRDA:1627,173,1,2
BRDA:1645,174,0,2
BRDA:1656,175,0,6
BRDA:1657,176,0,6
BRDA:1657,176,1,6
BRDA:1659,177,0,4
BRDA:1661,178,0,4
BRDA:1661,178,1,3
BRDA:1661,178,2,3
BRDA:1673,179,0,1
BRDA:1680,180,0,10
BRDA:1687,181,0,2
BRDA:1704,182,0,3
BRDA:1704,182,1,2
BRDA:1719,183,0,7
BRDA:1719,183,1,5
BRDA:1719,183,2,4
BRDA:1721,184,0,4
BRDA:1721,184,1,1
BRDA:1727,185,0,1
BRDA:1728,186,0,1
BRDA:1728,187,0,4
BRDA:1728,187,1,1
BRDA:1731,188,0,1
BRDA:1759,189,0,3
BRDA:1760,190,0,1
BRDA:1765,191,0,2
BRDA:1765,192,0,32
BRDA:1765,192,1,10
BRDA:1772,193,0,4
BRDA:1772,193,1,26
BRDA:1773,194,0,4
BRDA:1773,194,1,26
BRDA:1804,195,0,11
BRDA:1804,196,0,47
BRDA:1804,196,1,38
BRDA:1818,197,0,22
BRDA:1823,198,0,30
BRDA:1823,198,1,24
BRDA:1839,199,0,1
BRDA:1855,200,0,2
BRDA:1855,200,1,1
BRDA:1888,201,0,1
BRDA:1891,202,0,2
BRDA:1892,203,0,1
BRDA:1892,203,1,1
BRDA:1900,204,0,1
BRDA:1901,205,0,10
BRDA:1901,205,1,7
BRDA:1901,205,2,1
BRDA:1903,206,0,1
BRDA:1903,206,1,1
BRDA:1917,207,0,1
BRDA:1917,208,0,9
BRDA:1917,208,1,6
BRDA:1917,208,2,3
BRDA:1924,209,0,5
BRDA:1924,209,1,3
BRDA:1982,210,0,4
BRDA:1982,210,1,3
BRDA:2003,211,0,15
BRDA:2031,212,0,1
BRDA:2062,213,0,3
BRDA:2063,214,0,3
BRDA:2064,215,0,1
BRDA:2065,216,0,3
BRDA:2066,217,0,3
BRDA:2067,218,0,2
BRDA:2069,219,0,1
BRDA:2071,220,0,13
BRDA:2081,221,0,10
BRDA:2081,222,0,11
BRDA:2081,222,1,10
BRDA:2085,223,0,15
BRDA:2087,224,0,1
BRDA:2136,225,0,0
BRDA:2141,226,0,5
BRDA:2172,227,0,1
BRDA:2177,228,0,6
BRDA:2177,229,0,16
BRDA:2177,229,1,16
BRDA:2208,230,0,16
BRDA:2212,231,0,1
BRDA:2226,232,0,1
BRDA:2241,233,0,2
BRDA:2241,234,0,13
BRDA:2241,234,1,12
BRF:363
BRH:353
end_of_record
