TN:
SF:src\app\payment-component\business-case-fields.ts
FN:4,headerFields
FN:52,buildHeaderFields
FNF:2
FNH:2
FNDA:73,headerFields
FNDA:79,buildHeaderFields
DA:5,73
DA:21,73
DA:22,1
DA:34,73
DA:52,2
DA:53,79
LF:6
LH:6
BRDA:21,0,0,1
BRDA:53,1,0,73
BRDA:53,1,1,6
BRF:3
BRH:3
end_of_record
TN:
SF:src\app\payment-component\business-case-registry.ts
FN:21,leg
FN:42,rtgsLeg
FN:342,(anonymous_2)
FN:345,(anonymous_3)
FNF:4
FNH:4
FNDA:76,leg
FNDA:8,rtgsLeg
FNDA:22,(anonymous_2)
FNDA:506,(anonymous_3)
DA:19,2
DA:29,76
DA:43,8
DA:50,2
DA:237,2
DA:281,2
DA:324,2
DA:326,2
DA:340,2
DA:342,22
DA:345,506
LF:11
LH:11
BRDA:27,0,0,68
BRDA:31,1,0,38
BRDA:31,1,1,38
BRF:3
BRH:3
end_of_record
TN:
SF:src\app\payment-component\business-case-request.ts
FN:11,buildConfirmRequest
FNF:1
FNH:1
FNDA:29,buildConfirmRequest
DA:11,2
DA:19,29
DA:33,29
DA:34,9
DA:36,29
LF:5
LH:5
BRDA:30,0,0,1
BRDA:30,0,1,28
BRDA:31,1,0,1
BRDA:31,1,1,28
BRDA:33,2,0,9
BRF:5
BRH:5
end_of_record
TN:
SF:src\app\payment-component\business-case-runner.component.ts
FN:142,(anonymous_0)
FN:143,(anonymous_1)
FN:147,(anonymous_2)
FN:152,(anonymous_3)
FN:160,(anonymous_4)
FN:170,(anonymous_5)
FN:187,(anonymous_6)
FN:189,(anonymous_7)
FN:201,(anonymous_8)
FN:202,(anonymous_9)
FN:207,(anonymous_10)
FN:212,(anonymous_11)
FN:216,(anonymous_12)
FN:220,(anonymous_13)
FN:221,(anonymous_14)
FN:248,(anonymous_15)
FN:251,(anonymous_16)
FN:256,(anonymous_17)
FN:257,(anonymous_18)
FN:258,(anonymous_19)
FN:262,(anonymous_20)
FN:266,(anonymous_21)
FN:277,(anonymous_22)
FN:290,(anonymous_23)
FN:350,(anonymous_24)
FN:400,(anonymous_25)
FN:401,(anonymous_26)
FN:405,(anonymous_27)
FN:426,(anonymous_28)
FN:429,(anonymous_29)
FN:449,(anonymous_30)
FN:494,(anonymous_31)
FN:495,(anonymous_32)
FN:496,(anonymous_33)
FN:497,(anonymous_34)
FN:501,(anonymous_35)
FN:512,(anonymous_36)
FN:516,(anonymous_37)
FN:520,(anonymous_38)
FN:523,(anonymous_39)
FN:528,(anonymous_40)
FN:534,(anonymous_41)
FN:539,(anonymous_42)
FN:543,(anonymous_43)
FN:548,(anonymous_44)
FN:551,(anonymous_45)
FN:555,(anonymous_46)
FN:560,(anonymous_47)
FN:585,(anonymous_48)
FN:588,(anonymous_49)
FN:594,(anonymous_50)
FN:612,(anonymous_51)
FN:624,(anonymous_52)
FN:633,(anonymous_53)
FN:681,(anonymous_54)
FN:693,(anonymous_55)
FN:709,(anonymous_56)
FN:721,(anonymous_57)
FN:730,(anonymous_58)
FN:737,(anonymous_59)
FNF:60
FNH:59
FNDA:86,(anonymous_0)
FNDA:85,(anonymous_1)
FNDA:85,(anonymous_2)
FNDA:41,(anonymous_3)
FNDA:2,(anonymous_4)
FNDA:15,(anonymous_5)
FNDA:45,(anonymous_6)
FNDA:28,(anonymous_7)
FNDA:16,(anonymous_8)
FNDA:3,(anonymous_9)
FNDA:39,(anonymous_10)
FNDA:39,(anonymous_11)
FNDA:35,(anonymous_12)
FNDA:2,(anonymous_13)
FNDA:12,(anonymous_14)
FNDA:107,(anonymous_15)
FNDA:95,(anonymous_16)
FNDA:8,(anonymous_17)
FNDA:15,(anonymous_18)
FNDA:8,(anonymous_19)
FNDA:36,(anonymous_20)
FNDA:7,(anonymous_21)
FNDA:9,(anonymous_22)
FNDA:15,(anonymous_23)
FNDA:28,(anonymous_24)
FNDA:28,(anonymous_25)
FNDA:54,(anonymous_26)
FNDA:27,(anonymous_27)
FNDA:16,(anonymous_28)
FNDA:12,(anonymous_29)
FNDA:42,(anonymous_30)
FNDA:8,(anonymous_31)
FNDA:5,(anonymous_32)
FNDA:18,(anonymous_33)
FNDA:18,(anonymous_34)
FNDA:21,(anonymous_35)
FNDA:8,(anonymous_36)
FNDA:9,(anonymous_37)
FNDA:11,(anonymous_38)
FNDA:11,(anonymous_39)
FNDA:3,(anonymous_40)
FNDA:3,(anonymous_41)
FNDA:5,(anonymous_42)
FNDA:2,(anonymous_43)
FNDA:2,(anonymous_44)
FNDA:1,(anonymous_45)
FNDA:1,(anonymous_46)
FNDA:77,(anonymous_47)
FNDA:0,(anonymous_48)
FNDA:1,(anonymous_49)
FNDA:19,(anonymous_50)
FNDA:12,(anonymous_51)
FNDA:3,(anonymous_52)
FNDA:10,(anonymous_53)
FNDA:3,(anonymous_54)
FNDA:2,(anonymous_55)
FNDA:1,(anonymous_56)
FNDA:1,(anonymous_57)
FNDA:6,(anonymous_58)
FNDA:3,(anonymous_59)
DA:1,1
DA:2,1
DA:3,1
DA:4,1
DA:5,1
DA:6,1
DA:7,1
DA:9,1
DA:10,1
DA:11,1
DA:12,1
DA:13,1
DA:14,1
DA:15,1
DA:16,1
DA:17,1
DA:45,1
DA:46,86
DA:48,86
DA:49,86
DA:51,86
DA:52,86
DA:53,86
DA:54,86
DA:56,86
DA:57,86
DA:58,86
DA:59,86
DA:79,86
DA:80,86
DA:83,86
DA:84,86
DA:86,86
DA:87,86
DA:88,86
DA:90,86
DA:91,86
DA:92,86
DA:95,86
DA:107,86
DA:121,86
DA:136,86
DA:137,86
DA:142,86
DA:143,86
DA:144,85
DA:146,86
DA:147,86
DA:148,85
DA:153,41
DA:161,2
DA:171,15
DA:172,15
DA:173,15
DA:188,45
DA:189,45
DA:190,28
DA:191,26
DA:192,26
DA:193,15
DA:194,15
DA:195,11
DA:198,45
DA:199,9
DA:201,45
DA:202,45
DA:203,45
DA:208,39
DA:213,39
DA:217,35
DA:221,12
DA:249,107
DA:251,95
DA:257,15
DA:258,8
DA:263,36
DA:267,7
DA:268,7
DA:278,9
DA:279,9
DA:291,15
DA:292,15
DA:351,28
DA:352,28
DA:353,20
DA:354,20
DA:357,17
DA:359,4
DA:361,13
DA:362,13
DA:363,13
DA:365,17
DA:367,28
DA:401,54
DA:402,28
DA:403,28
DA:405,28
DA:407,28
DA:410,28
DA:414,28
DA:416,28
DA:427,16
DA:430,12
DA:450,42
DA:451,42
DA:452,42
DA:453,11
DA:454,11
DA:455,9
DA:456,9
DA:459,2
DA:461,9
DA:463,42
DA:495,8
DA:496,18
DA:497,18
DA:502,21
DA:503,21
DA:504,21
DA:506,8
DA:507,8
DA:508,8
DA:509,8
DA:513,8
DA:514,8
DA:517,9
DA:518,9
DA:521,11
DA:524,11
DA:529,3
DA:530,2
DA:535,3
DA:536,2
DA:540,5
DA:541,5
DA:544,2
DA:545,2
DA:549,2
DA:552,1
DA:556,1
DA:557,1
DA:561,77
DA:562,77
DA:564,77
DA:565,77
DA:566,77
DA:567,77
DA:568,77
DA:569,77
DA:570,77
DA:571,77
DA:572,77
DA:573,77
DA:574,77
DA:575,77
DA:576,77
DA:577,77
DA:578,77
DA:579,77
DA:580,77
DA:581,77
DA:583,77
DA:585,74
DA:588,1
DA:595,19
DA:597,17
DA:598,2
DA:599,2
DA:601,15
DA:602,15
DA:603,15
DA:611,15
DA:613,12
DA:622,12
DA:626,3
DA:627,3
DA:628,3
DA:634,10
DA:635,10
DA:644,10
DA:648,10
DA:649,1
DA:650,1
DA:651,1
DA:652,1
DA:655,9
DA:657,1
DA:658,1
DA:659,1
DA:660,1
DA:663,8
DA:665,8
DA:666,6
DA:674,6
DA:675,1
DA:676,1
DA:677,1
DA:678,1
DA:680,5
DA:682,3
DA:691,3
DA:695,2
DA:696,2
DA:697,2
DA:698,2
DA:708,2
DA:710,1
DA:719,1
DA:722,1
DA:723,1
DA:724,1
DA:725,1
DA:731,6
DA:732,3
DA:734,3
DA:738,3
LF:216
LH:216
BRDA:153,0,0,41
BRDA:153,0,1,41
BRDA:173,1,0,2
BRDA:173,1,1,13
BRDA:190,2,0,2
BRDA:190,3,0,28
BRDA:190,3,1,26
BRDA:190,3,2,26
BRDA:192,4,0,11
BRDA:194,5,0,11
BRDA:198,6,0,9
BRDA:221,7,0,2
BRDA:221,7,1,1
BRDA:250,8,0,107
BRDA:250,8,1,97
BRDA:250,8,2,2
BRDA:257,9,0,8
BRDA:257,9,1,1
BRDA:258,10,0,8
BRDA:258,10,1,1
BRDA:263,11,0,7
BRDA:263,11,1,29
BRDA:263,12,0,7
BRDA:263,12,1,1
BRDA:267,13,0,7
BRDA:267,13,1,1
BRDA:278,14,0,1
BRDA:278,14,1,8
BRDA:278,15,0,9
BRDA:278,15,1,8
BRDA:278,15,2,8
BRDA:291,16,0,15
BRDA:291,16,1,2
BRDA:353,17,0,20
BRDA:353,17,1,2
BRDA:354,18,0,3
BRDA:354,19,0,20
BRDA:354,19,1,18
BRDA:357,20,0,4
BRDA:357,20,1,13
BRDA:365,21,0,8
BRDA:365,21,1,9
BRDA:401,22,0,28
BRDA:401,22,1,1
BRDA:402,23,0,28
BRDA:402,23,1,23
BRDA:402,23,2,1
BRDA:405,24,0,27
BRDA:405,24,1,1
BRDA:407,25,0,16
BRDA:407,25,1,12
BRDA:417,26,0,2
BRDA:417,26,1,26
BRDA:419,27,0,28
BRDA:419,27,1,1
BRDA:420,28,0,28
BRDA:420,28,1,28
BRDA:421,29,0,28
BRDA:421,29,1,1
BRDA:422,30,0,28
BRDA:422,30,1,1
BRDA:453,31,0,11
BRDA:453,31,1,2
BRDA:454,32,0,2
BRDA:454,33,0,11
BRDA:454,33,1,9
BRDA:456,34,0,2
BRDA:496,35,0,9
BRDA:496,35,1,9
BRDA:504,36,0,13
BRDA:504,37,0,21
BRDA:504,37,1,14
BRDA:507,38,0,7
BRDA:508,39,0,1
BRDA:529,40,0,1
BRDA:535,41,0,1
BRDA:581,42,0,75
BRDA:581,42,1,2
BRDA:583,43,0,74
BRDA:583,44,0,77
BRDA:583,44,1,75
BRDA:595,45,0,2
BRDA:595,46,0,19
BRDA:595,46,1,18
BRDA:597,47,0,2
BRDA:648,48,0,1
BRDA:655,49,0,1
BRDA:655,50,0,9
BRDA:655,50,1,8
BRDA:665,51,0,6
BRDA:674,52,0,1
BRDA:674,53,0,6
BRDA:674,53,1,5
BRDA:731,54,0,3
BRDA:734,55,0,2
BRDA:734,55,1,1
BRF:96
BRH:96
end_of_record
TN:
SF:src\app\payment-component\currency.service.ts
FN:34,(anonymous_0)
FN:36,(anonymous_1)
FN:39,(anonymous_2)
FN:40,(anonymous_3)
FN:47,(anonymous_4)
FN:48,(anonymous_5)
FN:48,(anonymous_6)
FN:52,(anonymous_7)
FN:53,(anonymous_8)
FN:53,(anonymous_9)
FN:68,(anonymous_10)
FN:69,(anonymous_11)
FN:69,(anonymous_12)
FNF:13
FNH:13
FNDA:8,(anonymous_0)
FNDA:10,(anonymous_1)
FNDA:7,(anonymous_2)
FNDA:1,(anonymous_3)
FNDA:7,(anonymous_4)
FNDA:7,(anonymous_5)
FNDA:7,(anonymous_6)
FNDA:1,(anonymous_7)
FNDA:1,(anonymous_8)
FNDA:2,(anonymous_9)
FNDA:3,(anonymous_10)
FNDA:3,(anonymous_11)
FNDA:4,(anonymous_12)
DA:1,4
DA:2,4
DA:3,4
DA:4,4
DA:31,4
DA:34,8
DA:37,10
DA:38,8
DA:39,7
DA:40,1
DA:44,10
DA:48,7
DA:53,2
DA:69,4
LF:14
LH:14
BRDA:37,0,0,8
BRDA:39,1,0,7
BRDA:39,1,1,1
BRDA:69,2,0,4
BRDA:69,2,1,1
BRF:5
BRH:5
end_of_record
TN:
SF:src\app\payment-component\fx-rate.service.ts
FN:21,(anonymous_0)
FN:23,(anonymous_1)
FN:26,(anonymous_2)
FN:27,(anonymous_3)
FN:42,(anonymous_4)
FN:50,(anonymous_5)
FNF:6
FNH:6
FNDA:10,(anonymous_0)
FNDA:5,(anonymous_1)
FNDA:3,(anonymous_2)
FNDA:1,(anonymous_3)
FNDA:7,(anonymous_4)
FNDA:10,(anonymous_5)
DA:1,3
DA:2,3
DA:3,3
DA:4,3
DA:18,3
DA:21,10
DA:24,5
DA:25,4
DA:26,3
DA:27,1
DA:31,5
DA:43,7
DA:44,5
DA:45,5
DA:46,5
DA:47,3
DA:51,10
DA:52,8
DA:53,8
DA:54,3
DA:55,3
DA:56,2
LF:22
LH:22
BRDA:24,0,0,4
BRDA:26,1,0,3
BRDA:26,1,1,1
BRDA:43,2,0,2
BRDA:46,3,0,2
BRDA:46,4,0,5
BRDA:46,4,1,4
BRDA:51,5,0,2
BRDA:53,6,0,5
BRDA:55,7,0,1
BRF:10
BRH:10
end_of_record
TN:
SF:src\app\payment-component\leg-allocator.component.ts
FN:134,money
FN:138,clampPct
FN:240,(anonymous_2)
FN:242,(anonymous_3)
FN:247,(anonymous_4)
FN:260,(anonymous_5)
FN:270,(anonymous_6)
FN:288,(anonymous_7)
FN:290,(anonymous_8)
FN:291,(anonymous_9)
FN:294,(anonymous_10)
FN:298,(anonymous_11)
FN:318,(anonymous_12)
FN:325,(anonymous_13)
FN:351,(anonymous_14)
FN:355,(anonymous_15)
FN:359,(anonymous_16)
FN:360,(anonymous_17)
FN:363,(anonymous_18)
FN:368,(anonymous_19)
FN:372,(anonymous_20)
FN:376,(anonymous_21)
FN:387,(anonymous_22)
FN:396,(anonymous_23)
FN:407,(anonymous_24)
FN:459,(anonymous_25)
FN:471,(anonymous_26)
FN:482,(anonymous_27)
FN:485,(anonymous_28)
FN:514,(anonymous_29)
FN:526,(anonymous_30)
FN:526,(anonymous_31)
FN:544,(anonymous_32)
FN:576,(anonymous_33)
FN:578,(anonymous_34)
FN:601,(anonymous_35)
FN:631,(anonymous_36)
FN:680,(anonymous_37)
FN:733,(anonymous_38)
FN:750,(anonymous_39)
FN:786,(anonymous_40)
FN:858,(anonymous_41)
FN:935,(anonymous_42)
FN:946,(anonymous_43)
FN:959,(anonymous_44)
FN:999,(anonymous_45)
FN:1051,(anonymous_46)
FN:1060,(anonymous_47)
FN:1072,(anonymous_48)
FN:1079,(anonymous_49)
FN:1085,(anonymous_50)
FN:1086,(anonymous_51)
FN:1093,(anonymous_52)
FN:1096,(anonymous_53)
FN:1116,(anonymous_54)
FN:1117,(anonymous_55)
FN:1120,(anonymous_56)
FN:1140,(anonymous_57)
FN:1141,(anonymous_58)
FN:1142,(anonymous_59)
FN:1148,(anonymous_60)
FN:1161,(anonymous_61)
FN:1197,(anonymous_62)
FN:1217,(anonymous_63)
FN:1219,(anonymous_64)
FN:1220,(anonymous_65)
FN:1250,(anonymous_66)
FN:1257,(anonymous_67)
FNF:68
FNH:68
FNDA:817,money
FNDA:73,clampPct
FNDA:139,(anonymous_2)
FNDA:139,(anonymous_3)
FNDA:67,(anonymous_4)
FNDA:1708,(anonymous_5)
FNDA:69,(anonymous_6)
FNDA:464,(anonymous_7)
FNDA:879,(anonymous_8)
FNDA:879,(anonymous_9)
FNDA:137,(anonymous_10)
FNDA:7,(anonymous_11)
FNDA:138,(anonymous_12)
FNDA:294,(anonymous_13)
FNDA:2,(anonymous_14)
FNDA:2,(anonymous_15)
FNDA:457,(anonymous_16)
FNDA:868,(anonymous_17)
FNDA:454,(anonymous_18)
FNDA:1,(anonymous_19)
FNDA:1,(anonymous_20)
FNDA:878,(anonymous_21)
FNDA:8,(anonymous_22)
FNDA:15,(anonymous_23)
FNDA:64,(anonymous_24)
FNDA:13,(anonymous_25)
FNDA:29,(anonymous_26)
FNDA:5,(anonymous_27)
FNDA:15,(anonymous_28)
FNDA:6,(anonymous_29)
FNDA:9,(anonymous_30)
FNDA:2,(anonymous_31)
FNDA:14,(anonymous_32)
FNDA:15,(anonymous_33)
FNDA:15,(anonymous_34)
FNDA:3,(anonymous_35)
FNDA:9,(anonymous_36)
FNDA:37,(anonymous_37)
FNDA:32,(anonymous_38)
FNDA:73,(anonymous_39)
FNDA:73,(anonymous_40)
FNDA:38,(anonymous_41)
FNDA:106,(anonymous_42)
FNDA:38,(anonymous_43)
FNDA:45,(anonymous_44)
FNDA:24,(anonymous_45)
FNDA:69,(anonymous_46)
FNDA:6,(anonymous_47)
FNDA:6,(anonymous_48)
FNDA:3,(anonymous_49)
FNDA:120,(anonymous_50)
FNDA:220,(anonymous_51)
FNDA:2,(anonymous_52)
FNDA:2,(anonymous_53)
FNDA:67,(anonymous_54)
FNDA:50,(anonymous_55)
FNDA:50,(anonymous_56)
FNDA:276,(anonymous_57)
FNDA:526,(anonymous_58)
FNDA:510,(anonymous_59)
FNDA:510,(anonymous_60)
FNDA:221,(anonymous_61)
FNDA:179,(anonymous_62)
FNDA:453,(anonymous_63)
FNDA:857,(anonymous_64)
FNDA:842,(anonymous_65)
FNDA:403,(anonymous_66)
FNDA:835,(anonymous_67)
DA:1,2
DA:2,2
DA:3,2
DA:5,2
DA:6,2
DA:7,2
DA:92,2
DA:100,2
DA:135,817
DA:139,73
DA:140,73
DA:177,2
DA:181,139
DA:207,139
DA:209,139
DA:211,139
DA:219,139
DA:221,139
DA:222,139
DA:223,139
DA:233,139
DA:235,139
DA:240,139
DA:241,139
DA:242,139
DA:243,139
DA:248,67
DA:249,67
DA:250,67
DA:261,1708
DA:271,69
DA:272,69
DA:273,2
DA:274,2
DA:276,67
DA:277,67
DA:278,6
DA:283,61
DA:289,464
DA:290,879
DA:291,879
DA:295,137
DA:299,7
DA:302,2
DA:303,2
DA:310,5
DA:311,3
DA:313,5
DA:314,1
DA:319,138
DA:320,138
DA:321,138
DA:322,138
DA:332,294
DA:333,294
DA:334,294
DA:352,2
DA:356,2
DA:360,868
DA:364,454
DA:369,1
DA:373,1
DA:377,878
DA:388,8
DA:389,2
DA:391,6
DA:392,6
DA:393,2
DA:397,15
DA:408,64
DA:409,40
DA:460,13
DA:461,13
DA:462,30
DA:463,22
DA:464,17
DA:468,5
DA:471,29
DA:472,13
DA:483,5
DA:484,5
DA:485,15
DA:486,5
DA:487,5
DA:489,5
DA:490,5
DA:493,1
DA:494,1
DA:495,1
DA:503,4
DA:504,4
DA:505,9
DA:506,9
DA:507,9
DA:508,9
DA:509,9
DA:510,9
DA:517,6
DA:526,9
DA:527,6
DA:528,6
DA:529,9
DA:534,9
DA:536,6
DA:538,6
DA:539,9
DA:546,14
DA:547,14
DA:550,14
DA:551,14
DA:552,13
DA:554,1
DA:555,1
DA:556,1
DA:577,15
DA:578,15
DA:579,15
DA:580,15
DA:581,14
DA:583,15
DA:602,3
DA:603,3
DA:604,3
DA:605,3
DA:606,3
DA:607,2
DA:614,2
DA:623,3
DA:632,9
DA:633,2
DA:635,7
DA:636,7
DA:637,5
DA:639,2
DA:681,37
DA:682,37
DA:683,37
DA:684,37
DA:685,37
DA:687,27
DA:689,27
DA:690,16
DA:692,12
DA:693,12
DA:694,12
DA:695,12
DA:696,12
DA:699,4
DA:700,4
DA:701,4
DA:702,9
DA:703,9
DA:704,9
DA:705,9
DA:706,9
DA:707,9
DA:708,9
DA:709,9
DA:711,4
DA:716,11
DA:717,11
DA:719,8
DA:720,8
DA:721,8
DA:722,8
DA:723,8
DA:726,3
DA:727,3
DA:728,3
DA:729,3
DA:734,32
DA:735,32
DA:736,32
DA:737,32
DA:740,32
DA:751,73
DA:752,73
DA:753,73
DA:754,73
DA:755,73
DA:756,37
DA:757,37
DA:759,36
DA:761,73
DA:762,73
DA:763,73
DA:764,73
DA:770,73
DA:787,73
DA:788,37
DA:789,37
DA:791,36
DA:859,38
DA:860,38
DA:861,38
DA:862,38
DA:863,38
DA:865,23
DA:867,23
DA:868,10
DA:870,7
DA:871,7
DA:872,7
DA:873,7
DA:874,7
DA:875,7
DA:878,3
DA:879,3
DA:880,3
DA:881,8
DA:882,8
DA:883,8
DA:884,8
DA:885,8
DA:886,8
DA:887,8
DA:888,8
DA:890,3
DA:895,13
DA:896,13
DA:898,6
DA:899,6
DA:900,6
DA:901,6
DA:902,6
DA:905,7
DA:906,7
DA:907,7
DA:908,7
DA:936,106
DA:937,100
DA:938,24
DA:939,24
DA:940,24
DA:941,24
DA:942,24
DA:947,38
DA:948,38
DA:949,38
DA:952,38
DA:956,38
DA:963,45
DA:964,45
DA:965,45
DA:966,45
DA:967,45
DA:968,32
DA:969,32
DA:970,32
DA:972,13
DA:977,45
DA:978,45
DA:979,45
DA:980,45
DA:982,45
DA:1001,24
DA:1002,24
DA:1005,24
DA:1008,24
DA:1009,24
DA:1010,24
DA:1011,6
DA:1012,6
DA:1013,6
DA:1015,18
DA:1022,24
DA:1023,24
DA:1024,24
DA:1025,24
DA:1027,24
DA:1052,69
DA:1053,38
DA:1054,38
DA:1056,31
DA:1061,6
DA:1073,6
DA:1074,6
DA:1075,6
DA:1076,6
DA:1080,3
DA:1081,3
DA:1086,220
DA:1087,120
DA:1088,114
DA:1090,120
DA:1094,2
DA:1095,1
DA:1096,2
DA:1098,1
DA:1117,67
DA:1118,67
DA:1119,67
DA:1120,50
DA:1121,50
DA:1123,67
DA:1141,526
DA:1142,510
DA:1147,276
DA:1148,510
DA:1158,276
DA:1160,276
DA:1161,221
DA:1162,151
DA:1169,136
DA:1170,136
DA:1172,151
DA:1177,151
DA:1181,125
DA:1195,125
DA:1196,123
DA:1197,179
DA:1198,123
DA:1201,276
DA:1218,453
DA:1219,857
DA:1221,842
DA:1231,842
DA:1232,3
DA:1234,842
DA:1243,49
DA:1244,49
DA:1245,49
DA:1246,3
DA:1248,842
DA:1251,403
DA:1252,403
DA:1253,403
DA:1255,453
DA:1257,835
DA:1258,453
DA:1259,453
LF:331
LH:331
BRDA:139,0,0,73
BRDA:139,0,1,2
BRDA:250,1,0,58
BRDA:250,1,1,9
BRDA:261,2,0,1708
BRDA:261,2,1,17
BRDA:272,3,0,2
BRDA:277,4,0,6
BRDA:277,4,1,61
BRDA:299,5,0,2
BRDA:302,6,0,1
BRDA:310,7,0,3
BRDA:311,8,0,3
BRDA:311,8,1,1
BRDA:313,9,0,1
BRDA:319,10,0,138
BRDA:319,10,1,0
BRDA:330,11,0,156
BRDA:337,12,0,6
BRDA:337,12,1,288
BRDA:352,13,0,1
BRDA:352,13,1,1
BRDA:377,14,0,878
BRDA:377,14,1,878
BRDA:388,15,0,2
BRDA:389,16,0,1
BRDA:389,16,1,1
BRDA:392,17,0,4
BRDA:408,18,0,24
BRDA:460,19,0,13
BRDA:460,19,1,3
BRDA:462,20,0,8
BRDA:463,21,0,17
BRDA:463,21,1,5
BRDA:464,22,0,12
BRDA:464,22,1,5
BRDA:471,23,0,5
BRDA:483,24,0,0
BRDA:487,25,0,0
BRDA:490,26,0,1
BRDA:504,27,0,13
BRDA:504,27,1,11
BRDA:507,28,0,0
BRDA:529,29,0,7
BRDA:539,30,0,2
BRDA:551,31,0,13
BRDA:551,31,1,1
BRDA:580,32,0,14
BRDA:602,33,0,2
BRDA:602,33,1,1
BRDA:603,34,0,2
BRDA:603,34,1,1
BRDA:606,35,0,1
BRDA:606,36,0,3
BRDA:606,36,1,2
BRDA:632,37,0,2
BRDA:633,38,0,1
BRDA:633,38,1,1
BRDA:636,39,0,5
BRDA:685,40,0,10
BRDA:689,41,0,16
BRDA:690,42,0,12
BRDA:701,43,0,13
BRDA:701,43,1,11
BRDA:704,44,0,0
BRDA:717,45,0,8
BRDA:754,46,0,73
BRDA:754,46,1,37
BRDA:755,47,0,37
BRDA:755,47,1,36
BRDA:770,48,0,1
BRDA:770,49,0,73
BRDA:770,49,1,37
BRDA:787,50,0,37
BRDA:787,50,1,36
BRDA:863,51,0,15
BRDA:867,52,0,10
BRDA:868,53,0,7
BRDA:880,54,0,11
BRDA:880,54,1,10
BRDA:883,55,0,0
BRDA:896,56,0,6
BRDA:936,57,0,6
BRDA:937,58,0,76
BRDA:937,59,0,100
BRDA:937,59,1,24
BRDA:939,60,0,0
BRDA:949,61,0,33
BRDA:949,61,1,5
BRDA:964,62,0,45
BRDA:964,62,1,2
BRDA:966,63,0,45
BRDA:966,63,1,32
BRDA:967,64,0,32
BRDA:967,64,1,13
BRDA:969,65,0,0
BRDA:979,66,0,44
BRDA:979,66,1,1
BRDA:982,67,0,1
BRDA:982,68,0,45
BRDA:982,68,1,32
BRDA:1002,69,0,24
BRDA:1002,69,1,1
BRDA:1005,70,0,23
BRDA:1005,70,1,1
BRDA:1009,71,0,24
BRDA:1009,71,1,6
BRDA:1010,72,0,6
BRDA:1010,72,1,18
BRDA:1012,73,0,0
BRDA:1022,74,0,23
BRDA:1022,74,1,1
BRDA:1024,75,0,23
BRDA:1024,75,1,1
BRDA:1027,76,0,0
BRDA:1027,77,0,24
BRDA:1027,77,1,6
BRDA:1052,78,0,38
BRDA:1052,78,1,31
BRDA:1074,79,0,4
BRDA:1080,80,0,3
BRDA:1080,80,1,0
BRDA:1087,81,0,114
BRDA:1094,82,0,1
BRDA:1117,83,0,67
BRDA:1117,83,1,50
BRDA:1117,84,0,50
BRDA:1117,84,1,0
BRDA:1119,85,0,50
BRDA:1121,86,0,0
BRDA:1160,87,0,151
BRDA:1160,87,1,125
BRDA:1162,88,0,136
BRDA:1181,89,0,124
BRDA:1181,89,1,1
BRDA:1195,90,0,123
BRDA:1195,91,0,125
BRDA:1195,91,1,125
BRDA:1231,92,0,3
BRDA:1231,93,0,842
BRDA:1231,93,1,11
BRDA:1234,94,0,49
BRDA:1245,95,0,46
BRDA:1245,95,1,3
BRDA:1253,96,0,358
BRDA:1253,96,1,45
BRDA:1253,97,0,32
BRDA:1253,97,1,13
BRDA:1257,98,0,453
BRDA:1257,98,1,451
BRDA:1257,98,2,448
BRDA:1257,99,0,835
BRDA:1257,99,1,834
BRF:153
BRH:140
end_of_record
TN:
SF:src\app\payment-component\payment-component-api.service.ts
FN:14,(anonymous_0)
FN:38,(anonymous_1)
FN:45,(anonymous_2)
FN:49,(anonymous_3)
FN:50,(anonymous_4)
FN:58,(anonymous_5)
FN:69,(anonymous_6)
FN:72,(anonymous_7)
FN:77,(anonymous_8)
FNF:9
FNH:9
FNDA:6,(anonymous_0)
FNDA:7,(anonymous_1)
FNDA:5,(anonymous_2)
FNDA:3,(anonymous_3)
FNDA:2,(anonymous_4)
FNDA:2,(anonymous_5)
FNDA:1,(anonymous_6)
FNDA:3,(anonymous_7)
FNDA:3,(anonymous_8)
DA:1,2
DA:2,2
DA:3,2
DA:13,2
DA:14,6
DA:15,6
DA:16,6
DA:35,2
DA:36,7
DA:38,7
DA:46,5
DA:49,3
DA:50,2
DA:63,2
DA:69,1
DA:74,3
DA:77,3
LF:17
LH:17
BRDA:15,0,0,3
BRDA:15,0,1,3
BRDA:74,1,0,2
BRDA:74,1,1,1
BRDA:74,2,0,3
BRDA:74,2,1,3
BRDA:74,2,2,2
BRDA:74,2,3,2
BRF:8
BRH:8
end_of_record
TN:
SF:src\app\payment-component\payment-component.types.ts
FNF:0
FNH:0
DA:8,1
DA:19,1
DA:22,1
DA:30,1
DA:33,1
DA:36,1
DA:39,1
DA:42,1
DA:45,1
DA:48,1
DA:51,1
DA:82,1
DA:86,1
LF:13
LH:13
BRF:0
BRH:0
end_of_record
TN:
SF:src\app\payment-component\response-viewer.component.ts
FN:55,parseFxAccount
FN:68,(anonymous_1)
FN:88,(anonymous_2)
FN:113,(anonymous_3)
FN:137,(anonymous_4)
FN:138,(anonymous_5)
FN:164,(anonymous_6)
FN:168,(anonymous_7)
FN:169,(anonymous_8)
FN:171,(anonymous_9)
FN:172,(anonymous_10)
FN:176,(anonymous_11)
FN:197,(anonymous_12)
FN:284,(anonymous_13)
FN:286,(anonymous_14)
FN:304,(anonymous_15)
FN:306,(anonymous_16)
FN:308,(anonymous_17)
FN:308,(anonymous_18)
FN:309,(anonymous_19)
FN:309,(anonymous_20)
FN:322,(anonymous_21)
FN:323,(anonymous_22)
FN:325,(anonymous_23)
FN:326,(anonymous_24)
FNF:25
FNH:25
FNDA:32,parseFxAccount
FNDA:35,(anonymous_1)
FNDA:2,(anonymous_2)
FNDA:5,(anonymous_3)
FNDA:30,(anonymous_4)
FNDA:78,(anonymous_5)
FNDA:25,(anonymous_6)
FNDA:114,(anonymous_7)
FNDA:136,(anonymous_8)
FNDA:68,(anonymous_9)
FNDA:68,(anonymous_10)
FNDA:22,(anonymous_11)
FNDA:40,(anonymous_12)
FNDA:15,(anonymous_13)
FNDA:39,(anonymous_14)
FNDA:24,(anonymous_15)
FNDA:15,(anonymous_16)
FNDA:39,(anonymous_17)
FNDA:21,(anonymous_18)
FNDA:39,(anonymous_19)
FNDA:18,(anonymous_20)
FNDA:2,(anonymous_21)
FNDA:4,(anonymous_22)
FNDA:2,(anonymous_23)
FNDA:4,(anonymous_24)
DA:1,2
DA:2,2
DA:3,2
DA:51,2
DA:52,2
DA:56,32
DA:57,32
DA:58,32
DA:68,2
DA:69,35
DA:70,35
DA:71,35
DA:72,35
DA:73,35
DA:84,35
DA:85,35
DA:89,2
DA:100,35
DA:114,5
DA:120,35
DA:138,78
DA:165,25
DA:166,25
DA:168,114
DA:169,136
DA:171,68
DA:172,68
DA:173,22
DA:174,22
DA:176,22
DA:177,22
DA:178,22
DA:179,4
DA:180,1
DA:182,22
DA:184,22
DA:190,22
DA:192,22
DA:193,22
DA:194,22
DA:195,22
DA:196,12
DA:197,12
DA:198,40
DA:199,10
DA:200,10
DA:202,12
DA:203,10
DA:204,10
DA:205,10
DA:208,22
DA:209,22
DA:210,22
DA:211,22
DA:212,22
DA:213,10
DA:214,10
DA:215,10
DA:216,10
DA:218,6
DA:222,4
DA:223,4
DA:224,4
DA:228,22
DA:229,22
DA:230,22
DA:231,22
DA:232,22
DA:233,22
DA:234,22
DA:235,22
DA:236,22
DA:285,15
DA:286,15
DA:287,39
DA:288,39
DA:289,24
DA:292,15
DA:293,26
DA:294,33
DA:297,15
DA:298,4
DA:300,15
DA:301,2
DA:304,15
DA:306,24
DA:307,24
DA:308,39
DA:309,39
DA:310,24
DA:311,24
DA:323,4
DA:326,4
LF:93
LH:93
BRDA:57,0,0,12
BRDA:57,0,1,20
BRDA:89,1,0,1
BRDA:89,1,1,1
BRDA:114,2,0,5
BRDA:114,2,1,1
BRDA:138,3,0,30
BRDA:138,3,1,2
BRDA:138,4,0,78
BRDA:138,4,1,75
BRDA:166,5,0,3
BRDA:168,6,0,114
BRDA:168,6,1,112
BRDA:171,7,0,68
BRDA:171,7,1,38
BRDA:171,7,2,26
BRDA:172,8,0,68
BRDA:172,8,1,30
BRDA:172,8,2,20
BRDA:179,9,0,3
BRDA:180,10,0,1
BRDA:180,10,1,1
BRDA:195,11,0,10
BRDA:198,12,0,30
BRDA:198,13,0,40
BRDA:198,13,1,28
BRDA:198,13,2,16
BRDA:200,14,0,10
BRDA:200,14,1,10
BRDA:200,14,2,10
BRDA:202,15,0,2
BRDA:205,16,0,7
BRDA:205,16,1,3
BRDA:213,17,0,1
BRDA:213,17,1,9
BRDA:214,18,0,9
BRDA:214,18,1,1
BRDA:216,19,0,6
BRDA:216,19,1,4
BRDA:218,20,0,1
BRDA:218,20,1,5
BRDA:223,21,0,4
BRDA:223,21,1,2
BRDA:224,22,0,1
BRDA:224,22,1,3
BRDA:229,23,0,22
BRDA:234,24,0,12
BRDA:235,25,0,3
BRDA:288,26,0,15
BRDA:288,26,1,24
BRDA:294,27,0,33
BRDA:294,27,1,33
BRDA:298,28,0,1
BRDA:298,28,1,3
BRDA:301,29,0,0
BRDA:301,29,1,2
BRDA:306,30,0,0
BRDA:306,30,1,15
BRDA:306,31,0,2
BRDA:306,31,1,13
BRDA:307,32,0,24
BRDA:307,32,1,23
BRDA:323,33,0,2
BRDA:323,33,1,1
BRDA:326,34,0,2
BRDA:326,34,1,1
BRF:66
BRH:64
end_of_record
TN:
SF:src\app\payment-component\suspense-entries.component.ts
FN:59,(anonymous_0)
FN:63,(anonymous_1)
FN:67,(anonymous_2)
FN:73,(anonymous_3)
FN:74,(anonymous_4)
FN:78,(anonymous_5)
FN:97,(anonymous_6)
FN:99,(anonymous_7)
FNF:8
FNH:8
FNDA:12,(anonymous_0)
FNDA:1,(anonymous_1)
FNDA:14,(anonymous_2)
FNDA:2,(anonymous_3)
FNDA:3,(anonymous_4)
FNDA:3,(anonymous_5)
FNDA:19,(anonymous_6)
FNDA:23,(anonymous_7)
DA:1,2
DA:2,2
DA:3,2
DA:5,2
DA:26,2
DA:50,2
DA:53,12
DA:54,12
DA:56,12
DA:60,12
DA:64,1
DA:68,14
DA:69,14
DA:70,14
DA:74,3
DA:75,2
DA:79,3
DA:98,19
DA:99,23
LF:19
LH:19
BRF:0
BRH:0
end_of_record
