TN:
SF:src\app\tb-icon.component.ts
FNF:0
FNH:0
DA:1,11
DA:2,11
DA:91,11
LF:3
LH:3
BRF:0
BRH:0
end_of_record
TN:
SF:src\app\theme.service.ts
FN:46,(anonymous_0)
FN:32,(anonymous_1)
FN:56,(anonymous_2)
FN:66,(anonymous_3)
FN:74,(anonymous_4)
FN:81,(anonymous_5)
FN:86,(anonymous_6)
FN:91,(anonymous_7)
FN:102,(anonymous_8)
FN:112,(anonymous_9)
FNF:10
FNH:10
FNDA:18,(anonymous_0)
FNDA:2,(anonymous_1)
FNDA:18,(anonymous_2)
FNDA:10,(anonymous_3)
FNDA:10,(anonymous_4)
FNDA:3,(anonymous_5)
FNDA:33,(anonymous_6)
FNDA:24,(anonymous_7)
FNDA:30,(anonymous_8)
FNDA:30,(anonymous_9)
DA:1,1
DA:6,1
DA:7,1
DA:27,1
DA:28,18
DA:31,18
DA:32,18
DA:44,18
DA:47,18
DA:53,18
DA:57,18
DA:58,18
DA:59,16
DA:63,17
DA:67,10
DA:68,10
DA:75,10
DA:76,10
DA:77,10
DA:82,3
DA:83,3
DA:87,33
DA:88,24
DA:92,24
DA:93,21
DA:103,30
DA:104,30
DA:105,30
DA:106,30
DA:107,30
DA:108,30
DA:113,30
DA:114,21
DA:115,17
DA:116,17
DA:117,9
DA:118,7
DA:119,7
LF:38
LH:38
BRDA:59,0,0,1
BRDA:59,1,0,16
BRDA:59,1,1,16
BRDA:59,1,2,16
BRDA:87,2,0,9
BRDA:88,3,0,5
BRDA:88,3,1,19
BRDA:92,4,0,3
BRDA:92,5,0,24
BRDA:92,5,1,24
BRDA:105,6,0,0
BRDA:107,7,0,30
BRDA:113,8,0,21
BRDA:113,8,1,9
BRDA:114,9,0,4
BRDA:114,10,0,21
BRDA:114,10,1,19
BRDA:114,10,2,19
BRDA:117,11,0,7
BRF:19
BRH:18
end_of_record
TN:
SF:src\app\business-case-runner\balance-case-api.service.ts
FN:35,(anonymous_0)
FN:37,(anonymous_1)
FN:41,(anonymous_2)
FN:46,(anonymous_3)
FNF:4
FNH:4
FNDA:4,(anonymous_0)
FNDA:1,(anonymous_1)
FNDA:2,(anonymous_2)
FNDA:1,(anonymous_3)
DA:1,2
DA:2,2
DA:34,2
DA:35,4
DA:38,1
DA:42,2
DA:47,1
LF:7
LH:7
BRF:0
BRH:0
end_of_record
TN:
SF:src\app\business-case-runner\business-case-runner.component.ts
FN:37,(anonymous_0)
FN:39,(anonymous_1)
FN:41,(anonymous_2)
FN:51,(anonymous_3)
FN:56,(anonymous_4)
FN:62,(anonymous_5)
FN:67,(anonymous_6)
FN:71,(anonymous_7)
FN:78,(anonymous_8)
FN:83,(anonymous_9)
FN:90,(anonymous_10)
FN:94,(anonymous_11)
FN:104,(anonymous_12)
FN:109,(anonymous_13)
FN:113,(anonymous_14)
FN:120,(anonymous_15)
FN:129,(anonymous_16)
FN:136,(anonymous_17)
FN:148,(anonymous_18)
FNF:19
FNH:19
FNDA:22,(anonymous_0)
FNDA:3,(anonymous_1)
FNDA:1,(anonymous_2)
FNDA:2,(anonymous_3)
FNDA:2,(anonymous_4)
FNDA:5,(anonymous_5)
FNDA:1,(anonymous_6)
FNDA:2,(anonymous_7)
FNDA:6,(anonymous_8)
FNDA:11,(anonymous_9)
FNDA:5,(anonymous_10)
FNDA:2,(anonymous_11)
FNDA:5,(anonymous_12)
FNDA:1,(anonymous_13)
FNDA:2,(anonymous_14)
FNDA:7,(anonymous_15)
FNDA:6,(anonymous_16)
FNDA:11,(anonymous_17)
FNDA:2,(anonymous_18)
DA:1,1
DA:2,1
DA:3,1
DA:4,1
DA:5,1
DA:21,1
DA:22,22
DA:23,22
DA:24,22
DA:26,22
DA:27,22
DA:28,22
DA:29,22
DA:30,22
DA:31,22
DA:34,22
DA:35,22
DA:37,22
DA:40,3
DA:42,1
DA:43,1
DA:51,2
DA:57,2
DA:63,5
DA:64,4
DA:65,4
DA:66,4
DA:68,1
DA:69,1
DA:72,2
DA:73,2
DA:79,6
DA:80,6
DA:81,6
DA:82,6
DA:83,6
DA:84,11
DA:85,11
DA:86,3
DA:87,3
DA:89,8
DA:91,5
DA:92,5
DA:95,2
DA:96,2
DA:100,6
DA:105,5
DA:106,4
DA:107,4
DA:108,4
DA:110,1
DA:111,1
DA:114,2
DA:115,2
DA:121,7
DA:122,6
DA:123,4
DA:124,3
DA:125,2
DA:126,1
DA:130,6
DA:131,5
DA:132,4
DA:133,3
DA:137,11
DA:138,10
DA:139,8
DA:140,8
DA:141,7
DA:142,6
DA:143,2
DA:147,4
DA:148,2
DA:150,3
DA:151,2
DA:152,2
DA:154,1
LF:77
LH:77
BRDA:57,0,0,2
BRDA:57,0,1,1
BRDA:63,1,0,1
BRDA:73,2,0,2
BRDA:73,2,1,1
BRDA:85,3,0,3
BRDA:96,4,0,2
BRDA:96,4,1,1
BRDA:105,5,0,1
BRDA:115,6,0,2
BRDA:115,6,1,1
BRDA:121,7,0,1
BRDA:122,8,0,2
BRDA:122,9,0,6
BRDA:122,9,1,2
BRDA:122,10,0,1
BRDA:122,10,1,1
BRDA:123,11,0,1
BRDA:124,12,0,1
BRDA:125,13,0,1
BRDA:130,14,0,1
BRDA:131,15,0,1
BRDA:132,16,0,1
BRDA:133,17,0,3
BRDA:133,17,1,1
BRDA:133,18,0,1
BRDA:133,18,1,2
BRDA:137,19,0,1
BRDA:138,20,0,2
BRDA:138,21,0,2
BRDA:138,21,1,1
BRDA:140,22,0,1
BRDA:141,23,0,1
BRDA:142,24,0,2
BRDA:145,25,0,1
BRDA:145,25,1,1
BRDA:147,26,0,1
BRDA:147,27,0,4
BRDA:147,27,1,3
BRDA:147,27,2,1
BRDA:148,28,0,2
BRDA:148,28,1,0
BRDA:150,29,0,2
BRDA:151,30,0,1
BRDA:151,30,1,1
BRF:45
BRH:44
end_of_record
TN:
SF:src\app\transaction-builder\account-entries-dialog.component.ts
FN:41,(anonymous_0)
FN:73,(anonymous_1)
FN:78,(anonymous_2)
FN:83,(anonymous_3)
FN:88,(anonymous_4)
FN:93,(anonymous_5)
FN:97,(anonymous_6)
FN:109,(anonymous_7)
FN:113,(anonymous_8)
FN:117,(anonymous_9)
FNF:10
FNH:10
FNDA:24,(anonymous_0)
FNDA:6,(anonymous_1)
FNDA:6,(anonymous_2)
FNDA:2,(anonymous_3)
FNDA:2,(anonymous_4)
FNDA:6,(anonymous_5)
FNDA:7,(anonymous_6)
FNDA:3,(anonymous_7)
FNDA:4,(anonymous_8)
FNDA:1,(anonymous_9)
DA:1,5
DA:2,5
DA:4,5
DA:5,5
DA:41,5
DA:43,24
DA:45,24
DA:47,24
DA:56,24
DA:59,24
DA:74,6
DA:79,6
DA:84,2
DA:89,2
DA:94,6
DA:98,7
DA:110,3
DA:114,4
DA:118,1
LF:19
LH:19
BRF:0
BRH:0
end_of_record
TN:
SF:src\app\transaction-builder\api-error.ts
FN:16,describeApiError
FN:34,notFoundMessage
FNF:2
FNH:2
FNDA:66,describeApiError
FNDA:10,notFoundMessage
DA:16,16
DA:17,66
DA:18,66
DA:34,16
DA:35,10
LF:5
LH:5
BRDA:18,0,0,66
BRDA:18,0,1,4
BRDA:18,0,2,2
BRF:3
BRH:3
end_of_record
TN:
SF:src\app\transaction-builder\balance-component-api.service.ts
FN:240,(anonymous_0)
FN:242,(anonymous_1)
FN:246,(anonymous_2)
FN:250,(anonymous_3)
FN:254,(anonymous_4)
FN:258,(anonymous_5)
FN:262,(anonymous_6)
FN:267,(anonymous_7)
FN:277,(anonymous_8)
FN:282,(anonymous_9)
FN:287,(anonymous_10)
FN:292,(anonymous_11)
FN:302,(anonymous_12)
FN:311,(anonymous_13)
FN:329,(anonymous_14)
FN:351,(anonymous_15)
FN:366,(anonymous_16)
FN:379,(anonymous_17)
FN:385,(anonymous_18)
FN:390,(anonymous_19)
FN:400,(anonymous_20)
FN:410,(anonymous_21)
FN:424,(anonymous_22)
FN:437,(anonymous_23)
FNF:24
FNH:21
FNDA:44,(anonymous_0)
FNDA:1,(anonymous_1)
FNDA:1,(anonymous_2)
FNDA:1,(anonymous_3)
FNDA:1,(anonymous_4)
FNDA:1,(anonymous_5)
FNDA:2,(anonymous_6)
FNDA:2,(anonymous_7)
FNDA:1,(anonymous_8)
FNDA:0,(anonymous_9)
FNDA:1,(anonymous_10)
FNDA:1,(anonymous_11)
FNDA:5,(anonymous_12)
FNDA:1,(anonymous_13)
FNDA:9,(anonymous_14)
FNDA:0,(anonymous_15)
FNDA:3,(anonymous_16)
FNDA:3,(anonymous_17)
FNDA:1,(anonymous_18)
FNDA:1,(anonymous_19)
FNDA:1,(anonymous_20)
FNDA:0,(anonymous_21)
FNDA:5,(anonymous_22)
FNDA:3,(anonymous_23)
DA:1,16
DA:2,16
DA:237,16
DA:238,44
DA:240,44
DA:243,1
DA:247,1
DA:251,1
DA:255,1
DA:259,1
DA:263,2
DA:268,2
DA:278,1
DA:283,0
DA:288,1
DA:293,1
DA:303,5
DA:304,5
DA:305,5
DA:306,5
DA:307,5
DA:312,1
DA:340,9
DA:341,9
DA:342,9
DA:343,9
DA:344,9
DA:345,9
DA:346,9
DA:347,9
DA:352,0
DA:353,0
DA:354,0
DA:367,3
DA:368,3
DA:369,3
DA:380,3
DA:381,3
DA:382,3
DA:386,1
DA:391,1
DA:401,1
DA:411,0
DA:425,5
DA:426,5
DA:427,5
DA:428,5
DA:438,3
DA:439,3
DA:440,3
DA:441,3
DA:442,3
DA:443,3
DA:444,3
DA:445,3
LF:55
LH:50
BRDA:302,0,0,5
BRDA:304,1,0,2
BRDA:305,2,0,2
BRDA:306,3,0,0
BRDA:333,4,0,3
BRDA:334,5,0,3
BRDA:341,6,0,4
BRDA:342,7,0,2
BRDA:343,8,0,2
BRDA:344,9,0,2
BRDA:345,10,0,1
BRDA:346,11,0,0
BRDA:351,12,0,0
BRDA:351,13,0,0
BRDA:353,14,0,0
BRDA:366,15,0,2
BRDA:368,16,0,1
BRDA:379,17,0,2
BRDA:381,18,0,1
BRDA:426,19,0,1
BRDA:427,20,0,1
BRDA:439,21,0,2
BRDA:440,22,0,1
BRDA:441,23,0,1
BRDA:442,24,0,1
BRDA:443,25,0,1
BRDA:444,26,0,1
BRF:27
BRH:22
end_of_record
TN:
SF:src\app\transaction-builder\balance-component.model.ts
FN:115,isToleranceApplicable
FN:120,defaultLcInstrumentTypeForSide
FN:125,(anonymous_2)
FN:134,childInstrumentTypesOf
FN:165,decimalPlacesForCurrency
FN:170,(anonymous_5)
FN:179,amountExceedsCurrencyDecimals
FN:186,groupThousands
FN:279,tenorTypeLabel
FN:282,(anonymous_9)
FN:601,isEarmarkFunction
FN:611,displayStatus
FN:657,functionActionIcon
FN:666,statusBadgeIcon
FN:688,isCloseMovement
FN:693,isExpireMovement
FN:706,isReversalMovement
FN:709,isReopenMovement
FN:727,systemMovementLabel
FN:743,isBatchActor
FN:748,statusBadgeClass
FN:778,contractStatusBadgeClass
FN:792,contractStatusLabel
FN:798,displayMovementType
FN:810,displayMovementAmount
FN:835,accountingSetLabel
FN:872,accountingSetStatusLabel
FN:878,accountingSetStatusBadgeClass
FNF:28
FNH:28
FNDA:704,isToleranceApplicable
FNDA:136,defaultLcInstrumentTypeForSide
FNDA:22,(anonymous_2)
FNDA:74,childInstrumentTypesOf
FNDA:980,decimalPlacesForCurrency
FNDA:220,(anonymous_5)
FNDA:107,amountExceedsCurrencyDecimals
FNDA:16,groupThousands
FNDA:83,tenorTypeLabel
FNDA:99,(anonymous_9)
FNDA:108,isEarmarkFunction
FNDA:65,displayStatus
FNDA:23,functionActionIcon
FNDA:17,statusBadgeIcon
FNDA:109,isCloseMovement
FNDA:97,isExpireMovement
FNDA:4,isReversalMovement
FNDA:3,isReopenMovement
FNDA:10,systemMovementLabel
FNDA:7,isBatchActor
FNDA:44,statusBadgeClass
FNDA:19,contractStatusBadgeClass
FNDA:8,contractStatusLabel
FNDA:20,displayMovementType
FNDA:12,displayMovementAmount
FNDA:21,accountingSetLabel
FNDA:14,accountingSetStatusLabel
FNDA:7,accountingSetStatusBadgeClass
DA:25,22
DA:51,22
DA:72,22
DA:88,22
DA:89,22
DA:92,22
DA:95,22
DA:98,22
DA:115,22
DA:116,704
DA:120,22
DA:121,136
DA:125,22
DA:126,22
DA:127,220
DA:128,22
DA:129,220
DA:131,22
DA:134,22
DA:135,74
DA:139,22
DA:148,22
DA:165,22
DA:166,980
DA:170,220
DA:179,22
DA:180,107
DA:181,103
DA:182,103
DA:186,22
DA:187,16
DA:188,16
DA:189,77
DA:190,77
DA:191,77
DA:193,16
DA:197,22
DA:272,22
DA:279,22
DA:280,83
DA:281,74
DA:282,99
DA:285,22
DA:293,22
DA:299,22
DA:458,22
DA:601,22
DA:606,108
DA:607,102
DA:611,22
DA:622,65
DA:627,61
DA:628,58
DA:629,58
DA:630,34
DA:631,8
DA:651,22
DA:652,22
DA:653,22
DA:654,22
DA:657,22
DA:658,23
DA:659,16
DA:660,13
DA:661,8
DA:662,4
DA:666,22
DA:667,17
DA:668,11
DA:669,7
DA:670,2
DA:689,109
DA:694,97
DA:706,22
DA:707,4
DA:709,22
DA:710,3
DA:727,22
DA:728,10
DA:729,8
DA:730,6
DA:741,22
DA:743,22
DA:744,7
DA:748,22
DA:755,44
DA:756,35
DA:757,21
DA:758,5
DA:759,0
DA:778,22
DA:779,19
DA:780,17
DA:785,11
DA:786,9
DA:787,3
DA:788,1
DA:792,22
DA:793,8
DA:794,6
DA:798,22
DA:803,20
DA:804,10
DA:806,10
DA:810,22
DA:815,12
DA:816,5
DA:818,7
DA:835,22
DA:836,21
DA:838,3
DA:840,4
DA:842,4
DA:845,4
DA:847,6
DA:872,22
DA:873,14
DA:874,12
DA:878,22
DA:879,7
DA:880,5
LF:121
LH:120
BRDA:116,0,0,704
BRDA:116,0,1,493
BRDA:121,1,0,104
BRDA:121,1,1,32
BRDA:135,2,0,74
BRDA:135,2,1,0
BRDA:166,3,0,980
BRDA:166,3,1,954
BRDA:166,4,0,980
BRDA:166,4,1,91
BRDA:180,5,0,4
BRDA:180,6,0,107
BRDA:180,6,1,106
BRDA:180,6,2,104
BRDA:182,7,0,103
BRDA:182,7,1,11
BRDA:190,8,0,17
BRDA:190,9,0,77
BRDA:190,9,1,62
BRDA:280,10,0,9
BRDA:281,11,0,20
BRDA:281,11,1,54
BRDA:282,12,0,74
BRDA:282,12,1,1
BRDA:606,13,0,6
BRDA:607,14,0,102
BRDA:607,14,1,60
BRDA:607,14,2,66
BRDA:607,14,3,11
BRDA:622,15,0,4
BRDA:622,16,0,65
BRDA:622,16,1,6
BRDA:622,16,2,5
BRDA:622,17,0,1
BRDA:622,17,1,3
BRDA:627,18,0,3
BRDA:627,19,0,61
BRDA:627,19,1,3
BRDA:627,19,2,2
BRDA:627,20,0,1
BRDA:627,20,1,2
BRDA:629,21,0,24
BRDA:629,22,0,15
BRDA:629,22,1,9
BRDA:629,23,0,6
BRDA:629,23,1,9
BRDA:630,24,0,26
BRDA:630,25,0,11
BRDA:630,25,1,15
BRDA:658,26,0,7
BRDA:659,27,0,3
BRDA:660,28,0,5
BRDA:661,29,0,4
BRDA:667,30,0,6
BRDA:667,31,0,17
BRDA:667,31,1,12
BRDA:668,32,0,4
BRDA:669,33,0,5
BRDA:728,34,0,2
BRDA:729,35,0,2
BRDA:744,36,0,7
BRDA:744,36,1,4
BRDA:755,37,0,9
BRDA:755,38,0,44
BRDA:755,38,1,36
BRDA:755,38,2,11
BRDA:755,38,3,8
BRDA:756,39,0,14
BRDA:756,40,0,3
BRDA:756,40,1,11
BRDA:756,41,0,14
BRDA:756,41,1,6
BRDA:757,42,0,16
BRDA:757,43,0,5
BRDA:757,43,1,11
BRDA:758,44,0,5
BRDA:758,45,0,5
BRDA:758,45,1,2
BRDA:779,46,0,2
BRDA:779,47,0,19
BRDA:779,47,1,8
BRDA:780,48,0,6
BRDA:785,49,0,2
BRDA:786,50,0,6
BRDA:787,51,0,2
BRDA:793,52,0,2
BRDA:793,53,0,8
BRDA:793,53,1,5
BRDA:803,54,0,10
BRDA:803,55,0,20
BRDA:803,55,1,11
BRDA:804,56,0,6
BRDA:804,56,1,4
BRDA:806,57,0,10
BRDA:806,57,1,2
BRDA:815,58,0,5
BRDA:815,59,0,12
BRDA:815,59,1,7
BRDA:815,59,2,6
BRDA:818,60,0,7
BRDA:818,60,1,3
BRDA:836,61,0,3
BRDA:836,61,1,4
BRDA:836,61,2,4
BRDA:836,61,3,2
BRDA:836,61,4,4
BRDA:836,61,5,6
BRDA:873,62,0,2
BRDA:874,63,0,5
BRDA:874,63,1,7
BRDA:879,64,0,2
BRDA:880,65,0,2
BRDA:880,65,1,3
BRF:113
BRH:112
end_of_record
TN:
SF:src\app\transaction-builder\balance-snapshot-box.component.ts
FN:32,(anonymous_0)
FNF:1
FNH:1
FNDA:1,(anonymous_0)
DA:1,6
DA:2,6
DA:32,6
DA:33,1
DA:34,1
DA:35,1
DA:37,1
LF:7
LH:7
BRF:0
BRH:0
end_of_record
TN:
SF:src\app\transaction-builder\builder-fields.ts
FN:60,deriveFixPendingLockFlags
FN:96,isFixPendingFieldEditable
FN:111,deriveAmountLockFlags
FN:169,amountFieldLabel
FN:188,buildFields
FN:286,(anonymous_5)
FN:407,(anonymous_6)
FN:408,(anonymous_7)
FN:409,(anonymous_8)
FN:410,(anonymous_9)
FN:411,(anonymous_10)
FN:412,(anonymous_11)
FN:442,toReadOnlyFields
FN:443,(anonymous_13)
FN:465,(anonymous_14)
FN:466,(anonymous_15)
FN:467,(anonymous_16)
FN:468,(anonymous_17)
FN:469,(anonymous_18)
FN:470,(anonymous_19)
FN:471,(anonymous_20)
FN:472,(anonymous_21)
FN:473,(anonymous_22)
FN:474,(anonymous_23)
FN:475,(anonymous_24)
FN:476,(anonymous_25)
FN:477,(anonymous_26)
FN:481,reconstructOriginalModel
FN:483,(anonymous_28)
FNF:29
FNH:29
FNDA:487,deriveFixPendingLockFlags
FNDA:18,isFixPendingFieldEditable
FNDA:487,deriveAmountLockFlags
FNDA:469,amountFieldLabel
FNDA:469,buildFields
FNDA:6,(anonymous_5)
FNDA:5,(anonymous_6)
FNDA:5,(anonymous_7)
FNDA:4,(anonymous_8)
FNDA:4,(anonymous_9)
FNDA:4,(anonymous_10)
FNDA:4,(anonymous_11)
FNDA:46,toReadOnlyFields
FNDA:495,(anonymous_13)
FNDA:74,(anonymous_14)
FNDA:74,(anonymous_15)
FNDA:74,(anonymous_16)
FNDA:74,(anonymous_17)
FNDA:74,(anonymous_18)
FNDA:74,(anonymous_19)
FNDA:74,(anonymous_20)
FNDA:74,(anonymous_21)
FNDA:74,(anonymous_22)
FNDA:74,(anonymous_23)
FNDA:74,(anonymous_24)
FNDA:74,(anonymous_25)
FNDA:74,(anonymous_26)
FNDA:74,reconstructOriginalModel
FNDA:962,(anonymous_28)
DA:3,9
DA:4,9
DA:5,9
DA:68,487
DA:69,487
DA:70,487
DA:71,487
DA:96,9
DA:97,18
DA:98,18
DA:99,18
DA:100,18
DA:101,18
DA:102,18
DA:112,487
DA:128,487
DA:130,487
DA:139,487
DA:143,487
DA:148,487
DA:158,487
DA:159,487
DA:160,487
DA:173,469
DA:174,463
DA:175,4
DA:177,459
DA:178,5
DA:180,454
DA:181,24
DA:183,430
DA:184,427
DA:185,395
DA:188,9
DA:189,469
DA:190,469
DA:191,469
DA:198,469
DA:200,469
DA:203,469
DA:204,469
DA:210,469
DA:212,469
DA:214,469
DA:219,469
DA:220,469
DA:221,469
DA:222,469
DA:223,469
DA:224,469
DA:225,469
DA:226,469
DA:227,469
DA:229,469
DA:286,6
DA:407,5
DA:408,5
DA:409,4
DA:410,4
DA:411,4
DA:412,4
DA:430,469
DA:431,5159
DA:433,469
DA:442,9
DA:443,495
DA:464,9
DA:465,74
DA:466,74
DA:467,74
DA:468,74
DA:469,74
DA:470,74
DA:471,74
DA:472,74
DA:473,74
DA:474,74
DA:475,74
DA:476,74
DA:477,74
DA:481,9
DA:482,74
DA:483,74
DA:484,962
DA:486,74
LF:85
LH:85
BRDA:69,0,0,487
BRDA:69,0,1,49
BRDA:70,1,0,487
BRDA:70,1,1,49
BRDA:72,2,0,487
BRDA:72,2,1,49
BRDA:81,3,0,487
BRDA:81,3,1,49
BRDA:82,4,0,487
BRDA:82,4,1,49
BRDA:82,4,2,49
BRDA:83,5,0,487
BRDA:83,5,1,49
BRDA:83,5,2,49
BRDA:84,6,0,487
BRDA:84,6,1,49
BRDA:85,7,0,487
BRDA:85,7,1,49
BRDA:85,7,2,49
BRDA:86,8,0,487
BRDA:86,8,1,49
BRDA:86,8,2,49
BRDA:97,9,0,18
BRDA:97,9,1,0
BRDA:99,10,0,18
BRDA:99,10,1,12
BRDA:99,10,2,12
BRDA:99,10,3,0
BRDA:100,11,0,18
BRDA:100,11,1,18
BRDA:128,12,0,487
BRDA:128,12,1,422
BRDA:128,12,2,98
BRDA:130,13,0,487
BRDA:130,13,1,459
BRDA:130,13,2,27
BRDA:139,14,0,487
BRDA:139,14,1,20
BRDA:143,15,0,487
BRDA:143,15,1,28
BRDA:143,15,2,28
BRDA:148,16,0,487
BRDA:148,16,1,12
BRDA:159,17,0,487
BRDA:159,17,1,474
BRDA:159,17,2,468
BRDA:159,17,3,465
BRDA:159,17,4,461
BRDA:173,18,0,6
BRDA:174,19,0,4
BRDA:177,20,0,5
BRDA:180,21,0,24
BRDA:183,22,0,3
BRDA:184,23,0,32
BRDA:190,24,0,466
BRDA:190,24,1,3
BRDA:200,25,0,469
BRDA:200,25,1,457
BRDA:203,26,0,469
BRDA:203,26,1,335
BRDA:204,27,0,469
BRDA:204,27,1,186
BRDA:204,27,2,180
BRDA:204,27,3,41
BRDA:210,28,0,469
BRDA:210,28,1,459
BRDA:210,28,2,283
BRDA:214,29,0,469
BRDA:214,29,1,335
BRDA:248,30,0,109
BRDA:248,30,1,360
BRDA:250,31,0,31
BRDA:250,31,1,438
BRDA:250,32,0,31
BRDA:250,32,1,19
BRDA:250,33,0,438
BRDA:250,33,1,341
BRDA:260,34,0,0
BRDA:260,34,1,469
BRDA:263,35,0,469
BRDA:263,35,1,461
BRDA:265,36,0,469
BRDA:265,36,1,424
BRDA:266,37,0,5
BRDA:266,37,1,464
BRDA:276,38,0,469
BRDA:276,38,1,461
BRDA:296,39,0,29
BRDA:296,39,1,440
BRDA:313,40,0,14
BRDA:313,40,1,455
BRDA:329,41,0,31
BRDA:329,41,1,438
BRDA:338,42,0,143
BRDA:338,42,1,326
BRDA:340,43,0,31
BRDA:340,43,1,438
BRDA:342,44,0,114
BRDA:342,44,1,324
BRDA:346,45,0,469
BRDA:346,45,1,330
BRDA:347,46,0,143
BRDA:347,46,1,326
BRDA:354,47,0,8
BRDA:354,47,1,461
BRDA:369,48,0,14
BRDA:369,48,1,455
BRDA:371,49,0,10
BRDA:371,49,1,445
BRDA:373,50,0,50
BRDA:373,50,1,395
BRDA:377,51,0,186
BRDA:377,51,1,283
BRDA:379,52,0,61
BRDA:379,52,1,222
BRDA:380,53,0,61
BRDA:380,53,1,0
BRDA:382,54,0,469
BRDA:382,54,1,459
BRDA:382,54,2,445
BRDA:384,55,0,469
BRDA:384,55,1,283
BRDA:390,56,0,14
BRDA:390,56,1,455
BRDA:392,57,0,10
BRDA:392,57,1,445
BRDA:396,58,0,469
BRDA:396,58,1,459
BRDA:404,59,0,143
BRDA:404,59,1,326
BRDA:404,60,0,469
BRDA:404,60,1,335
BRDA:404,60,2,143
BRDA:404,60,3,143
BRDA:408,61,0,5
BRDA:408,61,1,4
BRDA:409,62,0,2
BRDA:409,62,1,2
BRDA:409,63,0,4
BRDA:409,63,1,4
BRDA:410,64,0,2
BRDA:410,64,1,2
BRDA:411,65,0,2
BRDA:411,65,1,2
BRDA:411,66,0,4
BRDA:411,66,1,4
BRDA:412,67,0,2
BRDA:412,67,1,2
BRDA:431,68,0,2326
BRDA:469,69,0,74
BRDA:469,69,1,71
BRDA:472,70,0,74
BRDA:472,70,1,61
BRDA:473,71,0,74
BRDA:473,71,1,16
BRDA:474,72,0,74
BRDA:474,72,1,71
BRDA:475,73,0,74
BRDA:475,73,1,70
BRDA:476,74,0,74
BRDA:476,74,1,69
BRDA:477,75,0,74
BRDA:477,75,1,70
BRF:163
BRH:159
end_of_record
TN:
SF:src\app\transaction-builder\catalog-picker.service.ts
FN:61,(anonymous_0)
FN:68,(anonymous_1)
FN:71,(anonymous_2)
FN:74,(anonymous_3)
FN:77,(anonymous_4)
FN:80,(anonymous_5)
FN:83,(anonymous_6)
FN:87,(anonymous_7)
FN:91,(anonymous_8)
FN:95,(anonymous_9)
FN:99,(anonymous_10)
FN:128,(anonymous_11)
FN:131,(anonymous_12)
FN:137,(anonymous_13)
FN:145,(anonymous_14)
FN:151,(anonymous_15)
FN:151,(anonymous_16)
FN:151,(anonymous_17)
FN:152,(anonymous_18)
FNF:19
FNH:19
FNDA:1106,(anonymous_0)
FNDA:25,(anonymous_1)
FNDA:25,(anonymous_2)
FNDA:29,(anonymous_3)
FNDA:621,(anonymous_4)
FNDA:4,(anonymous_5)
FNDA:8,(anonymous_6)
FNDA:1065,(anonymous_7)
FNDA:6,(anonymous_8)
FNDA:7,(anonymous_9)
FNDA:234,(anonymous_10)
FNDA:222,(anonymous_11)
FNDA:221,(anonymous_12)
FNDA:6,(anonymous_13)
FNDA:222,(anonymous_14)
FNDA:37,(anonymous_15)
FNDA:1,(anonymous_16)
FNDA:31,(anonymous_17)
FNDA:36,(anonymous_18)
DA:1,6
DA:4,6
DA:12,6
DA:45,6
DA:46,1106
DA:47,1106
DA:57,1106
DA:58,1106
DA:62,1106
DA:63,1106
DA:65,1106
DA:69,25
DA:72,25
DA:75,29
DA:78,621
DA:81,4
DA:84,8
DA:88,1065
DA:92,6
DA:96,7
DA:112,234
DA:113,234
DA:114,6
DA:115,6
DA:116,6
DA:118,228
DA:123,228
DA:124,228
DA:125,228
DA:129,222
DA:130,222
DA:131,222
DA:132,221
DA:133,221
DA:135,221
DA:138,6
DA:139,6
DA:146,222
DA:147,222
DA:148,190
DA:149,190
DA:151,37
DA:152,31
DA:153,36
DA:154,36
DA:156,31
LF:46
LH:46
BRDA:113,0,0,6
BRDA:123,1,0,220
BRDA:123,1,1,8
BRDA:123,2,0,8
BRDA:123,2,1,1
BRDA:124,3,0,228
BRDA:124,3,1,226
BRDA:126,4,0,228
BRDA:126,4,1,225
BRDA:130,5,0,214
BRDA:130,5,1,8
BRDA:132,6,0,214
BRDA:132,6,1,7
BRDA:147,7,0,190
BRDA:154,8,0,35
BRF:15
BRH:15
end_of_record
TN:
SF:src\app\transaction-builder\checker-actions.service.ts
FN:50,(anonymous_0)
FN:53,(anonymous_1)
FN:57,(anonymous_2)
FN:68,(anonymous_3)
FN:80,(anonymous_4)
FN:94,(anonymous_5)
FN:95,(anonymous_6)
FN:106,(anonymous_7)
FN:114,(anonymous_8)
FN:115,(anonymous_9)
FN:123,(anonymous_10)
FN:124,(anonymous_11)
FN:135,(anonymous_12)
FN:138,(anonymous_13)
FN:139,(anonymous_14)
FN:144,(anonymous_15)
FN:149,(anonymous_16)
FN:154,(anonymous_17)
FN:155,(anonymous_18)
FN:178,(anonymous_19)
FN:182,(anonymous_20)
FN:182,(anonymous_21)
FN:183,(anonymous_22)
FN:195,(anonymous_23)
FN:198,(anonymous_24)
FN:201,(anonymous_25)
FN:204,(anonymous_26)
FN:216,(anonymous_27)
FN:221,(anonymous_28)
FN:221,(anonymous_29)
FN:222,(anonymous_30)
FN:234,(anonymous_31)
FN:241,(anonymous_32)
FN:259,(anonymous_33)
FN:260,(anonymous_34)
FN:274,(anonymous_35)
FN:310,(anonymous_36)
FN:311,(anonymous_37)
FN:321,(anonymous_38)
FN:329,(anonymous_39)
FN:338,(anonymous_40)
FN:347,(anonymous_41)
FN:349,(anonymous_42)
FN:350,(anonymous_43)
FN:355,(anonymous_44)
FN:362,(anonymous_45)
FN:363,(anonymous_46)
FN:368,(anonymous_47)
FN:379,(anonymous_48)
FN:380,(anonymous_49)
FNF:50
FNH:36
FNDA:218,(anonymous_0)
FNDA:25,(anonymous_1)
FNDA:41,(anonymous_2)
FNDA:19,(anonymous_3)
FNDA:10,(anonymous_4)
FNDA:5,(anonymous_5)
FNDA:2,(anonymous_6)
FNDA:7,(anonymous_7)
FNDA:4,(anonymous_8)
FNDA:2,(anonymous_9)
FNDA:4,(anonymous_10)
FNDA:1,(anonymous_11)
FNDA:1,(anonymous_12)
FNDA:1,(anonymous_13)
FNDA:0,(anonymous_14)
FNDA:1,(anonymous_15)
FNDA:7,(anonymous_16)
FNDA:5,(anonymous_17)
FNDA:2,(anonymous_18)
FNDA:9,(anonymous_19)
FNDA:6,(anonymous_20)
FNDA:6,(anonymous_21)
FNDA:2,(anonymous_22)
FNDA:6,(anonymous_23)
FNDA:1,(anonymous_24)
FNDA:3,(anonymous_25)
FNDA:0,(anonymous_26)
FNDA:17,(anonymous_27)
FNDA:8,(anonymous_28)
FNDA:7,(anonymous_29)
FNDA:1,(anonymous_30)
FNDA:19,(anonymous_31)
FNDA:15,(anonymous_32)
FNDA:4,(anonymous_33)
FNDA:10,(anonymous_34)
FNDA:19,(anonymous_35)
FNDA:8,(anonymous_36)
FNDA:7,(anonymous_37)
FNDA:0,(anonymous_38)
FNDA:0,(anonymous_39)
FNDA:0,(anonymous_40)
FNDA:0,(anonymous_41)
FNDA:0,(anonymous_42)
FNDA:0,(anonymous_43)
FNDA:0,(anonymous_44)
FNDA:0,(anonymous_45)
FNDA:0,(anonymous_46)
FNDA:0,(anonymous_47)
FNDA:0,(anonymous_48)
FNDA:0,(anonymous_49)
DA:1,5
DA:2,5
DA:3,5
DA:4,5
DA:6,5
DA:7,5
DA:49,5
DA:50,218
DA:54,25
DA:58,41
DA:59,41
DA:66,41
DA:67,19
DA:68,19
DA:78,22
DA:79,10
DA:81,10
DA:82,3
DA:86,7
DA:87,7
DA:94,5
DA:95,2
DA:104,12
DA:105,7
DA:107,7
DA:108,1
DA:112,6
DA:113,6
DA:114,4
DA:115,2
DA:121,5
DA:122,5
DA:123,4
DA:124,1
DA:136,1
DA:137,1
DA:138,1
DA:139,0
DA:145,1
DA:146,1
DA:152,7
DA:153,7
DA:154,5
DA:155,2
DA:179,9
DA:180,8
DA:181,8
DA:182,6
DA:183,2
DA:196,6
DA:197,1
DA:201,3
DA:202,1
DA:204,0
DA:217,17
DA:218,10
DA:219,10
DA:220,9
DA:221,8
DA:222,1
DA:240,19
DA:241,19
DA:242,15
DA:248,19
DA:249,19
DA:250,19
DA:251,19
DA:253,19
DA:255,19
DA:256,6
DA:257,6
DA:258,4
DA:260,10
DA:261,4
DA:279,19
DA:280,19
DA:281,19
DA:282,19
DA:283,19
DA:284,19
DA:286,19
DA:287,19
DA:288,8
DA:289,1
DA:293,7
DA:295,18
DA:297,18
DA:298,5
DA:299,3
DA:301,16
DA:302,6
DA:303,1
DA:305,5
DA:306,5
DA:309,15
DA:310,8
DA:311,7
DA:326,0
DA:327,0
DA:328,0
DA:330,0
DA:331,0
DA:333,0
DA:334,0
DA:336,0
DA:339,0
DA:348,0
DA:349,0
DA:350,0
DA:361,0
DA:362,0
DA:363,0
DA:373,0
DA:374,0
DA:378,0
DA:379,0
DA:380,0
LF:117
LH:95
BRDA:58,0,0,40
BRDA:58,0,1,1
BRDA:59,1,0,41
BRDA:59,1,1,0
BRDA:66,2,0,19
BRDA:78,3,0,10
BRDA:78,4,0,22
BRDA:78,4,1,22
BRDA:81,5,0,3
BRDA:86,6,0,7
BRDA:86,6,1,2
BRDA:104,7,0,7
BRDA:107,8,0,1
BRDA:112,9,0,6
BRDA:112,9,1,3
BRDA:121,10,0,5
BRDA:121,10,1,5
BRDA:136,11,0,1
BRDA:136,11,1,0
BRDA:145,12,0,1
BRDA:145,12,1,0
BRDA:152,13,0,7
BRDA:152,13,1,5
BRDA:179,14,0,1
BRDA:180,15,0,8
BRDA:180,15,1,1
BRDA:196,16,0,5
BRDA:201,17,0,3
BRDA:201,17,1,2
BRDA:201,17,2,2
BRDA:202,18,0,1
BRDA:202,18,1,0
BRDA:217,19,0,7
BRDA:219,20,0,1
BRDA:221,21,0,8
BRDA:221,21,1,2
BRDA:221,22,0,7
BRDA:221,22,1,6
BRDA:240,23,0,19
BRDA:240,23,1,5
BRDA:240,23,2,2
BRDA:248,24,0,19
BRDA:248,24,1,0
BRDA:249,25,0,19
BRDA:249,25,1,8
BRDA:250,26,0,19
BRDA:250,26,1,16
BRDA:251,27,0,19
BRDA:251,27,1,16
BRDA:251,27,2,13
BRDA:253,28,0,19
BRDA:253,28,1,5
BRDA:253,28,2,5
BRDA:253,28,3,16
BRDA:253,28,4,6
BRDA:253,28,5,6
BRDA:253,28,6,3
BRDA:255,29,0,13
BRDA:257,30,0,2
BRDA:260,31,0,10
BRDA:260,31,1,6
BRDA:263,32,0,1
BRDA:263,32,1,3
BRDA:263,33,0,1
BRDA:263,33,1,1
BRDA:263,33,2,0
BRDA:264,34,0,3
BRDA:264,34,1,1
BRDA:264,35,0,3
BRDA:264,35,1,3
BRDA:264,35,2,0
BRDA:265,36,0,3
BRDA:265,36,1,1
BRDA:266,37,0,3
BRDA:266,37,1,3
BRDA:266,37,2,1
BRDA:279,38,0,19
BRDA:279,38,1,0
BRDA:280,39,0,19
BRDA:280,39,1,8
BRDA:281,40,0,19
BRDA:281,40,1,8
BRDA:282,41,0,19
BRDA:282,41,1,16
BRDA:283,42,0,19
BRDA:283,42,1,16
BRDA:283,42,2,13
BRDA:284,43,0,0
BRDA:287,44,0,8
BRDA:288,45,0,1
BRDA:290,46,0,1
BRDA:290,46,1,0
BRDA:297,47,0,5
BRDA:297,48,0,18
BRDA:297,48,1,5
BRDA:298,49,0,2
BRDA:301,50,0,6
BRDA:301,51,0,16
BRDA:301,51,1,6
BRDA:302,52,0,1
BRDA:302,53,0,6
BRDA:302,53,1,6
BRDA:310,54,0,5
BRDA:310,54,1,3
BRDA:326,55,0,0
BRDA:326,55,1,0
BRDA:327,56,0,0
BRDA:327,56,1,0
BRDA:330,57,0,0
BRDA:330,58,0,0
BRDA:330,58,1,0
BRDA:333,59,0,0
BRDA:333,60,0,0
BRDA:333,60,1,0
BRDA:340,61,0,0
BRDA:340,61,1,0
BRDA:373,62,0,0
BRF:117
BRH:94
end_of_record
TN:
SF:src\app\transaction-builder\checker-panel.component.ts
FN:100,(anonymous_0)
FN:103,(anonymous_1)
FN:109,(anonymous_2)
FN:114,(anonymous_3)
FN:118,(anonymous_4)
FN:131,(anonymous_5)
FN:135,(anonymous_6)
FN:139,(anonymous_7)
FN:144,(anonymous_8)
FN:155,(anonymous_9)
FN:170,(anonymous_10)
FN:202,(anonymous_11)
FN:207,(anonymous_12)
FN:213,(anonymous_13)
FN:237,(anonymous_14)
FN:244,(anonymous_15)
FN:247,(anonymous_16)
FN:249,(anonymous_17)
FN:249,(anonymous_18)
FN:250,(anonymous_19)
FN:253,(anonymous_20)
FN:253,(anonymous_21)
FN:257,(anonymous_22)
FN:270,(anonymous_23)
FN:278,(anonymous_24)
FN:279,(anonymous_25)
FN:285,(anonymous_26)
FN:325,(anonymous_27)
FN:335,(anonymous_28)
FN:337,(anonymous_29)
FN:340,(anonymous_30)
FN:356,(anonymous_31)
FN:367,(anonymous_32)
FN:368,(anonymous_33)
FNF:34
FNH:34
FNDA:49,(anonymous_0)
FNDA:8,(anonymous_1)
FNDA:26,(anonymous_2)
FNDA:3,(anonymous_3)
FNDA:2,(anonymous_4)
FNDA:5,(anonymous_5)
FNDA:27,(anonymous_6)
FNDA:9,(anonymous_7)
FNDA:2,(anonymous_8)
FNDA:4,(anonymous_9)
FNDA:21,(anonymous_10)
FNDA:8,(anonymous_11)
FNDA:3,(anonymous_12)
FNDA:6,(anonymous_13)
FNDA:8,(anonymous_14)
FNDA:7,(anonymous_15)
FNDA:9,(anonymous_16)
FNDA:8,(anonymous_17)
FNDA:8,(anonymous_18)
FNDA:1,(anonymous_19)
FNDA:5,(anonymous_20)
FNDA:9,(anonymous_21)
FNDA:7,(anonymous_22)
FNDA:1,(anonymous_23)
FNDA:2,(anonymous_24)
FNDA:3,(anonymous_25)
FNDA:4,(anonymous_26)
FNDA:22,(anonymous_27)
FNDA:20,(anonymous_28)
FNDA:19,(anonymous_29)
FNDA:1,(anonymous_30)
FNDA:27,(anonymous_31)
FNDA:2,(anonymous_32)
FNDA:3,(anonymous_33)
DA:1,5
DA:2,5
DA:3,5
DA:4,5
DA:5,5
DA:6,5
DA:7,5
DA:8,5
DA:9,5
DA:15,5
DA:16,5
DA:17,5
DA:42,5
DA:44,49
DA:51,49
DA:56,49
DA:62,49
DA:69,49
DA:71,49
DA:73,49
DA:75,49
DA:76,49
DA:77,49
DA:78,49
DA:79,49
DA:85,49
DA:86,49
DA:87,49
DA:89,49
DA:96,49
DA:98,49
DA:100,49
DA:104,8
DA:105,8
DA:106,8
DA:110,26
DA:115,3
DA:119,2
DA:132,5
DA:136,27
DA:140,9
DA:145,2
DA:146,2
DA:147,2
DA:148,2
DA:149,2
DA:150,2
DA:151,2
DA:156,4
DA:157,3
DA:158,3
DA:159,3
DA:171,21
DA:172,21
DA:173,21
DA:174,21
DA:175,21
DA:176,21
DA:177,21
DA:178,21
DA:179,21
DA:180,20
DA:181,1
DA:182,1
DA:184,19
DA:185,19
DA:186,8
DA:187,8
DA:189,11
DA:190,11
DA:200,11
DA:201,11
DA:203,8
DA:204,8
DA:205,8
DA:208,3
DA:212,3
DA:213,6
DA:214,3
DA:215,3
DA:238,8
DA:239,8
DA:240,8
DA:241,8
DA:245,7
DA:246,5
DA:248,9
DA:249,8
DA:250,1
DA:253,9
DA:258,7
DA:259,7
DA:260,3
DA:261,3
DA:263,4
DA:264,3
DA:265,3
DA:266,3
DA:268,1
DA:271,1
DA:272,1
DA:279,3
DA:280,2
DA:281,2
DA:286,4
DA:287,4
DA:288,4
DA:289,4
DA:326,22
DA:327,22
DA:328,22
DA:329,22
DA:330,22
DA:331,22
DA:332,21
DA:333,21
DA:334,21
DA:336,20
DA:337,20
DA:338,20
DA:341,1
DA:342,1
DA:357,27
DA:358,22
DA:359,20
DA:360,20
DA:361,20
DA:362,19
DA:363,19
DA:364,17
DA:368,3
DA:369,2
LF:132
LH:132
BRDA:104,0,0,2
BRDA:104,1,0,8
BRDA:104,1,1,3
BRDA:105,2,0,1
BRDA:105,3,0,8
BRDA:105,3,1,1
BRDA:106,4,0,1
BRDA:106,5,0,8
BRDA:106,5,1,3
BRDA:106,5,2,2
BRDA:110,6,0,26
BRDA:110,6,1,3
BRDA:132,7,0,2
BRDA:132,7,1,3
BRDA:156,8,0,1
BRDA:158,9,0,3
BRDA:158,9,1,2
BRDA:179,10,0,1
BRDA:180,11,0,1
BRDA:185,12,0,8
BRDA:185,13,0,19
BRDA:185,13,1,14
BRDA:192,14,0,1
BRDA:192,14,1,10
BRDA:193,15,0,5
BRDA:193,15,1,6
BRDA:213,16,0,3
BRDA:213,16,1,0
BRDA:215,17,0,1
BRDA:215,17,1,2
BRDA:238,18,0,0
BRDA:245,19,0,2
BRDA:249,20,0,5
BRDA:249,20,1,3
BRDA:259,21,0,3
BRDA:263,22,0,3
BRDA:281,23,0,1
BRDA:287,24,0,4
BRDA:287,25,0,4
BRDA:287,25,1,0
BRDA:331,26,0,1
BRDA:357,27,0,5
BRDA:358,28,0,2
BRDA:358,29,0,22
BRDA:358,29,1,19
BRDA:359,30,0,17
BRDA:359,30,1,3
BRDA:360,31,0,2
BRDA:360,31,1,18
BRDA:360,32,0,2
BRDA:360,32,1,2
BRDA:361,33,0,1
BRDA:361,34,0,20
BRDA:361,34,1,2
BRDA:361,34,2,2
BRDA:363,35,0,2
BRDA:363,36,0,19
BRDA:363,36,1,4
BRDA:363,36,2,4
BRDA:363,36,3,3
BRDA:368,37,0,2
BRDA:368,37,1,1
BRF:62
BRH:59
end_of_record
TN:
SF:src\app\transaction-builder\document-arrival-hints.service.ts
FN:44,(anonymous_0)
FN:47,(anonymous_1)
FN:52,(anonymous_2)
FN:72,(anonymous_3)
FN:79,(anonymous_4)
FN:79,(anonymous_5)
FN:79,(anonymous_6)
FN:80,(anonymous_7)
FN:81,(anonymous_8)
FN:85,(anonymous_9)
FN:100,(anonymous_10)
FN:107,(anonymous_11)
FN:109,(anonymous_12)
FN:112,(anonymous_13)
FN:114,(anonymous_14)
FN:116,(anonymous_15)
FN:117,(anonymous_16)
FN:119,(anonymous_17)
FN:122,(anonymous_18)
FN:124,(anonymous_19)
FN:127,(anonymous_20)
FN:128,(anonymous_21)
FN:136,(anonymous_22)
FN:149,(anonymous_23)
FN:152,(anonymous_24)
FN:153,(anonymous_25)
FN:156,(anonymous_26)
FN:165,(anonymous_27)
FN:168,(anonymous_28)
FN:169,(anonymous_29)
FN:172,(anonymous_30)
FN:177,(anonymous_31)
FN:183,(anonymous_32)
FN:195,(anonymous_33)
FN:202,(anonymous_34)
FN:204,(anonymous_35)
FN:206,(anonymous_36)
FN:206,(anonymous_37)
FN:207,(anonymous_38)
FN:207,(anonymous_39)
FN:210,(anonymous_40)
FN:213,(anonymous_41)
FN:214,(anonymous_42)
FNF:43
FNH:40
FNDA:372,(anonymous_0)
FNDA:28,(anonymous_1)
FNDA:26,(anonymous_2)
FNDA:54,(anonymous_3)
FNDA:11,(anonymous_4)
FNDA:1,(anonymous_5)
FNDA:8,(anonymous_6)
FNDA:11,(anonymous_7)
FNDA:11,(anonymous_8)
FNDA:8,(anonymous_9)
FNDA:20,(anonymous_10)
FNDA:5,(anonymous_11)
FNDA:5,(anonymous_12)
FNDA:4,(anonymous_13)
FNDA:3,(anonymous_14)
FNDA:3,(anonymous_15)
FNDA:1,(anonymous_16)
FNDA:1,(anonymous_17)
FNDA:4,(anonymous_18)
FNDA:0,(anonymous_19)
FNDA:5,(anonymous_20)
FNDA:5,(anonymous_21)
FNDA:20,(anonymous_22)
FNDA:7,(anonymous_23)
FNDA:6,(anonymous_24)
FNDA:4,(anonymous_25)
FNDA:1,(anonymous_26)
FNDA:9,(anonymous_27)
FNDA:6,(anonymous_28)
FNDA:4,(anonymous_29)
FNDA:1,(anonymous_30)
FNDA:19,(anonymous_31)
FNDA:22,(anonymous_32)
FNDA:61,(anonymous_33)
FNDA:11,(anonymous_34)
FNDA:11,(anonymous_35)
FNDA:8,(anonymous_36)
FNDA:0,(anonymous_37)
FNDA:8,(anonymous_38)
FNDA:8,(anonymous_39)
FNDA:0,(anonymous_40)
FNDA:11,(anonymous_41)
FNDA:11,(anonymous_42)
DA:1,6
DA:2,6
DA:3,6
DA:4,6
DA:23,6
DA:25,372
DA:27,372
DA:29,372
DA:30,372
DA:32,372
DA:34,372
DA:36,372
DA:38,372
DA:40,372
DA:42,372
DA:44,372
DA:48,28
DA:53,26
DA:73,54
DA:74,54
DA:75,54
DA:76,46
DA:77,46
DA:79,11
DA:80,8
DA:81,11
DA:82,11
DA:83,8
DA:85,8
DA:87,8
DA:90,8
DA:101,20
DA:102,20
DA:103,15
DA:104,15
DA:106,5
DA:108,5
DA:110,5
DA:111,4
DA:113,4
DA:115,3
DA:116,3
DA:117,1
DA:119,1
DA:122,4
DA:124,0
DA:128,5
DA:129,5
DA:131,5
DA:137,20
DA:150,7
DA:151,7
DA:153,6
DA:154,6
DA:156,1
DA:166,9
DA:167,9
DA:169,6
DA:170,6
DA:172,1
DA:178,19
DA:184,22
DA:196,61
DA:197,61
DA:198,50
DA:199,50
DA:201,11
DA:203,11
DA:205,11
DA:206,8
DA:207,8
DA:210,0
DA:214,11
DA:215,11
DA:217,11
LF:75
LH:73
BRDA:75,0,0,46
BRDA:81,1,0,11
BRDA:81,1,1,0
BRDA:81,2,0,11
BRDA:81,2,1,10
BRDA:81,2,2,10
BRDA:81,2,3,9
BRDA:82,3,0,8
BRDA:85,4,0,8
BRDA:85,4,1,4
BRDA:102,5,0,15
BRDA:110,6,0,1
BRDA:116,7,0,3
BRDA:116,7,1,3
BRDA:116,7,2,2
BRDA:117,8,0,1
BRDA:117,8,1,0
BRDA:117,8,2,0
BRDA:129,9,0,1
BRDA:197,10,0,50
BRDA:205,11,0,3
BRDA:207,12,0,8
BRDA:207,12,1,8
BRDA:215,13,0,5
BRF:24
BRH:21
end_of_record
TN:
SF:src\app\transaction-builder\domestic-calendar.ts
FN:52,(anonymous_0)
FN:55,isWeekend
FN:61,knownHolidayName
FN:70,domesticNonBusinessDayReason
FNF:4
FNH:4
FNDA:252,(anonymous_0)
FNDA:35,isWeekend
FNDA:32,knownHolidayName
FNDA:32,domesticNonBusinessDayReason
DA:10,7
DA:13,7
DA:52,252
DA:55,7
DA:56,35
DA:57,35
DA:61,7
DA:62,32
DA:70,7
DA:71,32
DA:72,29
LF:11
LH:11
BRDA:57,0,0,35
BRDA:57,0,1,33
BRDA:62,1,0,32
BRDA:62,1,1,28
BRDA:71,2,0,3
BRF:5
BRH:5
end_of_record
TN:
SF:src\app\transaction-builder\domestic-holidays.generated.ts
FNF:0
FNH:0
DA:3,7
LF:1
LH:1
BRF:0
BRH:0
end_of_record
TN:
SF:src\app\transaction-builder\eligibility-rule.ts
FN:42,applyEligibilityRule
FN:50,(anonymous_1)
FN:55,(anonymous_2)
FNF:3
FNH:3
FNDA:605,applyEligibilityRule
FNDA:126,(anonymous_1)
FNDA:13,(anonymous_2)
DA:2,5
DA:42,5
DA:48,605
DA:50,460
DA:52,39
DA:54,106
DA:55,81
DA:56,13
DA:57,13
LF:9
LH:9
BRDA:48,0,0,460
BRDA:48,0,1,39
BRDA:48,0,2,106
BRDA:54,1,0,25
BRDA:54,2,0,106
BRDA:54,2,1,83
BRDA:54,2,2,81
BRDA:57,3,0,13
BRDA:57,3,1,8
BRF:9
BRH:9
end_of_record
TN:
SF:src\app\transaction-builder\function-policy.ts
FN:58,isCreatingMovement
FN:62,requiredNaturalKeyFields
FN:71,ibNumberLabel
FN:75,hasParent
FN:79,parentOptions
FN:89,carriedCurrency
FN:94,usesTwoFieldSearch
FN:98,toleranceApplicable
FN:103,isReady
FN:108,lcNumberFromParent
FN:126,contextLcNumber
FN:138,contextSecondaryRef
FN:157,contextTenorType
FN:166,checkerSecondaryField
FN:170,checkerSecondaryLabel
FN:179,parentTenorFamily
FNF:16
FNH:16
FNDA:1656,isCreatingMovement
FNDA:346,requiredNaturalKeyFields
FNDA:8,ibNumberLabel
FNDA:413,hasParent
FNDA:5,parentOptions
FNDA:561,carriedCurrency
FNDA:259,usesTwoFieldSearch
FNDA:655,toleranceApplicable
FNDA:6,isReady
FNDA:261,lcNumberFromParent
FNDA:82,contextLcNumber
FNDA:69,contextSecondaryRef
FNDA:77,contextTenorType
FNDA:113,checkerSecondaryField
FNDA:13,checkerSecondaryLabel
FNDA:106,parentTenorFamily
DA:2,13
DA:58,13
DA:59,1656
DA:62,13
DA:63,346
DA:71,13
DA:72,8
DA:75,13
DA:76,413
DA:79,13
DA:80,5
DA:89,13
DA:90,561
DA:94,13
DA:95,259
DA:98,13
DA:99,655
DA:103,13
DA:104,6
DA:108,13
DA:109,261
DA:126,13
DA:127,82
DA:128,65
DA:129,57
DA:130,40
DA:138,13
DA:139,69
DA:140,69
DA:141,33
DA:142,21
DA:143,5
DA:157,13
DA:158,77
DA:166,13
DA:167,113
DA:170,13
DA:171,13
DA:179,13
DA:180,106
DA:181,78
DA:182,35
LF:42
LH:42
BRDA:59,0,0,1656
BRDA:59,0,1,1539
BRDA:63,1,0,329
BRDA:63,1,1,17
BRDA:72,2,0,2
BRDA:72,2,1,6
BRDA:76,3,0,413
BRDA:76,3,1,398
BRDA:80,4,0,3
BRDA:80,4,1,2
BRDA:90,5,0,561
BRDA:90,5,1,505
BRDA:90,5,2,339
BRDA:95,6,0,259
BRDA:95,6,1,240
BRDA:99,7,0,655
BRDA:99,7,1,647
BRDA:99,7,2,647
BRDA:104,8,0,6
BRDA:104,8,1,4
BRDA:104,8,2,3
BRDA:109,9,0,261
BRDA:109,9,1,102
BRDA:127,10,0,17
BRDA:127,11,0,17
BRDA:127,11,1,6
BRDA:127,11,2,3
BRDA:128,12,0,8
BRDA:128,13,0,8
BRDA:128,13,1,2
BRDA:129,14,0,17
BRDA:129,15,0,17
BRDA:129,15,1,9
BRDA:129,15,2,2
BRDA:130,16,0,40
BRDA:130,16,1,7
BRDA:140,17,0,36
BRDA:141,18,0,12
BRDA:141,19,0,12
BRDA:141,19,1,8
BRDA:142,20,0,16
BRDA:142,21,0,16
BRDA:142,21,1,8
BRDA:142,21,2,6
BRDA:143,22,0,5
BRDA:143,22,1,2
BRDA:158,23,0,77
BRDA:158,23,1,39
BRDA:158,23,2,15
BRDA:167,24,0,108
BRDA:167,24,1,5
BRDA:167,25,0,108
BRDA:167,25,1,39
BRDA:171,26,0,7
BRDA:171,26,1,6
BRDA:172,27,0,2
BRDA:172,27,1,5
BRDA:180,28,0,28
BRDA:181,29,0,43
BRF:59
BRH:59
end_of_record
TN:
SF:src\app\transaction-builder\function-strategy.ts
FN:135,functionSupportsFixPending
FN:301,deriveFunctionStrategy
FN:315,(anonymous_2)
FN:339,movementTypeMatchesFunction
FN:346,(anonymous_4)
FN:375,resolveFunctionForMovement
FN:376,(anonymous_6)
FN:386,(anonymous_7)
FN:389,(anonymous_8)
FN:392,(anonymous_9)
FN:411,payExistingUtilizeFunctionFor
FN:416,(anonymous_11)
FN:425,(anonymous_12)
FNF:13
FNH:13
FNDA:78,functionSupportsFixPending
FNDA:3564,deriveFunctionStrategy
FNDA:306,(anonymous_2)
FNDA:871,movementTypeMatchesFunction
FNDA:159,(anonymous_4)
FNDA:686,resolveFunctionForMovement
FNDA:1590,(anonymous_6)
FNDA:4,(anonymous_7)
FNDA:4,(anonymous_8)
FNDA:4,(anonymous_9)
FNDA:19,payExistingUtilizeFunctionFor
FNDA:45,(anonymous_11)
FNDA:30,(anonymous_12)
DA:1,17
DA:135,17
DA:136,78
DA:139,17
DA:179,17
DA:301,17
DA:302,3564
DA:303,3564
DA:314,17
DA:315,306
DA:339,17
DA:340,871
DA:346,209
DA:347,197
DA:358,197
DA:359,190
DA:360,188
DA:361,187
DA:375,17
DA:376,1590
DA:377,686
DA:385,19
DA:386,4
DA:388,18
DA:389,4
DA:391,17
DA:392,4
DA:394,16
DA:411,17
DA:412,19
DA:413,14
DA:416,45
DA:424,5
DA:425,30
LF:34
LH:34
BRDA:302,0,0,3564
BRDA:302,0,1,0
BRDA:340,1,0,662
BRDA:346,2,0,12
BRDA:346,3,0,159
BRDA:346,3,1,148
BRDA:358,4,0,7
BRDA:358,5,0,197
BRDA:358,5,1,9
BRDA:358,5,2,9
BRDA:359,6,0,2
BRDA:359,7,0,190
BRDA:359,7,1,3
BRDA:360,8,0,1
BRDA:360,9,0,188
BRDA:360,9,1,2
BRDA:376,10,0,1590
BRDA:376,10,1,852
BRDA:377,11,0,667
BRDA:385,12,0,1
BRDA:385,13,0,19
BRDA:385,13,1,1
BRDA:388,14,0,1
BRDA:388,15,0,18
BRDA:388,15,1,1
BRDA:391,16,0,1
BRDA:391,17,0,17
BRDA:391,17,1,1
BRDA:412,18,0,5
BRDA:412,19,0,19
BRDA:412,19,1,16
BRDA:413,20,0,9
BRDA:416,21,0,45
BRDA:416,21,1,45
BRDA:425,22,0,30
BRDA:425,22,1,5
BRF:36
BRH:35
end_of_record
TN:
SF:src\app\transaction-builder\index-picker.component.ts
FN:23,(anonymous_0)
FN:57,(anonymous_1)
FN:71,(anonymous_2)
FN:82,(anonymous_3)
FNF:4
FNH:4
FNDA:14,(anonymous_0)
FNDA:4,(anonymous_1)
FNDA:3,(anonymous_2)
FNDA:6,(anonymous_3)
DA:1,7
DA:2,7
DA:3,7
DA:4,7
DA:23,7
DA:24,14
DA:25,14
DA:26,14
DA:27,14
DA:28,14
DA:29,14
DA:31,14
DA:32,14
DA:33,14
DA:34,14
DA:35,14
DA:38,14
DA:39,14
DA:40,14
DA:41,14
DA:42,14
DA:44,14
DA:58,4
DA:59,4
DA:72,3
DA:83,6
DA:84,6
LF:27
LH:27
BRDA:59,0,0,1
BRDA:59,0,1,3
BRDA:59,1,0,4
BRDA:59,1,1,3
BRDA:72,2,0,3
BRDA:72,2,1,2
BRDA:84,3,0,6
BRDA:84,3,1,3
BRDA:84,3,2,2
BRF:9
BRH:9
end_of_record
TN:
SF:src\app\transaction-builder\inquire-delete-pending.component.ts
FN:23,(anonymous_0)
FN:29,(anonymous_1)
FNF:2
FNH:2
FNDA:3,(anonymous_0)
FNDA:2,(anonymous_1)
DA:1,5
DA:2,5
DA:3,5
DA:4,5
DA:5,5
DA:8,5
DA:23,5
DA:27,3
DA:30,2
DA:31,2
LF:10
LH:10
BRDA:31,0,0,1
BRDA:31,0,1,1
BRF:2
BRH:2
end_of_record
TN:
SF:src\app\transaction-builder\inquire-delete-pending.service.ts
FN:27,secondaryReferenceForDeleteAudit
FN:74,(anonymous_1)
FN:77,(anonymous_2)
FN:77,(anonymous_3)
FN:79,(anonymous_4)
FN:105,(anonymous_5)
FN:107,(anonymous_6)
FN:110,(anonymous_7)
FN:114,(anonymous_8)
FN:125,(anonymous_9)
FN:134,(anonymous_10)
FN:149,(anonymous_11)
FN:155,(anonymous_12)
FN:164,(anonymous_13)
FN:169,(anonymous_14)
FN:174,(anonymous_15)
FN:178,(anonymous_16)
FN:193,(anonymous_17)
FN:200,(anonymous_18)
FN:201,(anonymous_19)
FN:219,(anonymous_20)
FN:225,(anonymous_21)
FNF:22
FNH:22
FNDA:8,secondaryReferenceForDeleteAudit
FNDA:212,(anonymous_1)
FNDA:1,(anonymous_2)
FNDA:1,(anonymous_3)
FNDA:4,(anonymous_4)
FNDA:2,(anonymous_5)
FNDA:2,(anonymous_6)
FNDA:3,(anonymous_7)
FNDA:1,(anonymous_8)
FNDA:1,(anonymous_9)
FNDA:7,(anonymous_10)
FNDA:6,(anonymous_11)
FNDA:1,(anonymous_12)
FNDA:1,(anonymous_13)
FNDA:1,(anonymous_14)
FNDA:5,(anonymous_15)
FNDA:1,(anonymous_16)
FNDA:3,(anonymous_17)
FNDA:2,(anonymous_18)
FNDA:2,(anonymous_19)
FNDA:1,(anonymous_20)
FNDA:1,(anonymous_21)
DA:1,6
DA:2,6
DA:4,6
DA:5,6
DA:6,6
DA:7,6
DA:8,6
DA:10,6
DA:11,6
DA:12,6
DA:13,6
DA:27,6
DA:28,8
DA:29,8
DA:30,5
DA:31,2
DA:73,6
DA:74,212
DA:75,212
DA:77,1
DA:79,4
DA:86,212
DA:87,212
DA:90,212
DA:91,212
DA:92,212
DA:93,212
DA:95,212
DA:97,212
DA:98,212
DA:99,212
DA:100,212
DA:102,212
DA:103,212
DA:106,2
DA:107,2
DA:111,3
DA:115,1
DA:116,1
DA:117,1
DA:118,1
DA:119,1
DA:120,1
DA:121,1
DA:122,1
DA:126,1
DA:127,1
DA:128,1
DA:129,1
DA:130,1
DA:131,1
DA:135,7
DA:136,7
DA:137,7
DA:138,7
DA:139,7
DA:150,6
DA:151,6
DA:152,6
DA:153,6
DA:156,1
DA:157,1
DA:158,1
DA:159,1
DA:165,1
DA:166,1
DA:170,1
DA:171,1
DA:175,5
DA:179,1
DA:194,3
DA:195,3
DA:196,3
DA:201,2
DA:202,2
DA:203,1
DA:204,1
DA:206,1
DA:207,1
DA:208,1
DA:217,1
DA:220,1
DA:226,1
DA:227,1
LF:84
LH:84
BRDA:29,0,0,3
BRDA:29,1,0,2
BRDA:29,1,1,1
BRDA:30,2,0,3
BRDA:30,3,0,3
BRDA:30,3,1,0
BRDA:31,4,0,2
BRDA:31,4,1,1
BRDA:79,5,0,3
BRDA:79,5,1,1
BRDA:106,6,0,1
BRDA:134,7,0,5
BRDA:141,8,0,7
BRDA:141,8,1,5
BRDA:142,9,0,7
BRDA:142,9,1,7
BRDA:143,10,0,7
BRDA:143,10,1,6
BRDA:144,11,0,7
BRDA:144,11,1,7
BRDA:166,12,0,0
BRDA:171,13,0,1
BRDA:202,14,0,1
BRDA:206,15,0,1
BRDA:206,15,1,0
BRDA:215,16,0,1
BRDA:215,16,1,1
BRDA:215,17,0,0
BRDA:215,17,1,1
BRF:29
BRH:25
end_of_record
TN:
SF:src\app\transaction-builder\inquire-events.component.ts
FN:52,(anonymous_0)
FN:65,(anonymous_1)
FN:75,(anonymous_2)
FNF:3
FNH:2
FNDA:10,(anonymous_0)
FNDA:2,(anonymous_1)
FNDA:0,(anonymous_2)
DA:1,5
DA:2,5
DA:3,5
DA:4,5
DA:5,5
DA:6,5
DA:9,5
DA:19,5
DA:52,5
DA:54,10
DA:57,10
DA:58,10
DA:59,10
DA:60,10
DA:61,10
DA:62,10
DA:63,10
DA:71,2
DA:76,0
LF:19
LH:18
BRF:0
BRH:0
end_of_record
TN:
SF:src\app\transaction-builder\inquire-events.service.ts
FN:67,functionForEvent
FN:81,systemLabelForEvent
FN:102,isReclassifiedSecondaryRefShape
FN:124,secondaryReferenceForEvent
FN:139,primaryReferenceForEvent
FN:161,effectiveEventTime
FN:165,toEventRows
FN:265,mergeAccountingEventRows
FN:266,(anonymous_8)
FN:267,(anonymous_9)
FN:268,(anonymous_10)
FN:269,(anonymous_11)
FN:270,(anonymous_12)
FN:272,(anonymous_13)
FN:276,(anonymous_14)
FN:281,(anonymous_15)
FN:282,(anonymous_16)
FN:285,(anonymous_17)
FN:293,movementsOf$
FN:295,(anonymous_19)
FN:295,(anonymous_20)
FN:296,(anonymous_21)
FN:306,childMovementsOf$
FN:308,(anonymous_23)
FN:308,(anonymous_24)
FN:309,(anonymous_25)
FN:310,(anonymous_26)
FN:348,deriveLcAmount
FN:349,(anonymous_28)
FN:380,deriveLcInputAmount
FN:381,(anonymous_30)
FN:401,computeLcIndexRow
FN:409,(anonymous_32)
FN:410,(anonymous_33)
FN:412,(anonymous_34)
FN:415,(anonymous_35)
FN:416,(anonymous_36)
FN:419,(anonymous_37)
FN:429,(anonymous_38)
FN:442,(anonymous_39)
FN:496,(anonymous_40)
FN:512,(anonymous_41)
FN:517,(anonymous_42)
FN:522,(anonymous_43)
FN:538,(anonymous_44)
FN:548,(anonymous_45)
FN:557,(anonymous_46)
FN:573,(anonymous_47)
FN:574,(anonymous_48)
FN:578,(anonymous_49)
FN:585,(anonymous_50)
FN:589,(anonymous_51)
FN:599,(anonymous_52)
FN:607,(anonymous_53)
FN:617,(anonymous_54)
FN:622,(anonymous_55)
FN:627,(anonymous_56)
FN:631,(anonymous_57)
FN:637,(anonymous_58)
FN:642,(anonymous_59)
FN:650,(anonymous_60)
FN:653,(anonymous_61)
FN:654,(anonymous_62)
FN:656,(anonymous_63)
FN:672,(anonymous_64)
FN:678,(anonymous_65)
FN:686,(anonymous_66)
FN:686,(anonymous_67)
FN:691,(anonymous_68)
FN:701,(anonymous_69)
FN:705,(anonymous_70)
FN:710,(anonymous_71)
FN:716,(anonymous_72)
FN:725,(anonymous_73)
FN:747,(anonymous_74)
FN:752,(anonymous_75)
FN:756,(anonymous_76)
FN:835,(anonymous_77)
FN:836,(anonymous_78)
FN:842,(anonymous_79)
FN:844,(anonymous_80)
FNF:81
FNH:80
FNDA:41,functionForEvent
FNDA:4,systemLabelForEvent
FNDA:13,isReclassifiedSecondaryRefShape
FNDA:15,secondaryReferenceForEvent
FNDA:7,primaryReferenceForEvent
FNDA:155,effectiveEventTime
FNDA:167,toEventRows
FNDA:57,mergeAccountingEventRows
FNDA:8,(anonymous_8)
FNDA:20,(anonymous_9)
FNDA:152,(anonymous_10)
FNDA:149,(anonymous_11)
FNDA:2,(anonymous_12)
FNDA:3,(anonymous_13)
FNDA:149,(anonymous_14)
FNDA:147,(anonymous_15)
FNDA:2601,(anonymous_16)
FNDA:2,(anonymous_17)
FNDA:67,movementsOf$
FNDA:63,(anonymous_19)
FNDA:145,(anonymous_20)
FNDA:4,(anonymous_21)
FNDA:70,childMovementsOf$
FNDA:69,(anonymous_23)
FNDA:10,(anonymous_24)
FNDA:69,(anonymous_25)
FNDA:1,(anonymous_26)
FNDA:11,deriveLcAmount
FNDA:19,(anonymous_28)
FNDA:3,deriveLcInputAmount
FNDA:2,(anonymous_30)
FNDA:14,computeLcIndexRow
FNDA:1,(anonymous_32)
FNDA:0,(anonymous_33)
FNDA:18,(anonymous_34)
FNDA:14,(anonymous_35)
FNDA:22,(anonymous_36)
FNDA:22,(anonymous_37)
FNDA:22,(anonymous_38)
FNDA:19,(anonymous_39)
FNDA:287,(anonymous_40)
FNDA:5,(anonymous_41)
FNDA:2,(anonymous_42)
FNDA:4,(anonymous_43)
FNDA:4,(anonymous_44)
FNDA:3,(anonymous_45)
FNDA:2,(anonymous_46)
FNDA:2,(anonymous_47)
FNDA:3,(anonymous_48)
FNDA:35,(anonymous_49)
FNDA:35,(anonymous_50)
FNDA:3,(anonymous_51)
FNDA:30,(anonymous_52)
FNDA:31,(anonymous_53)
FNDA:1,(anonymous_54)
FNDA:12,(anonymous_55)
FNDA:6,(anonymous_56)
FNDA:26,(anonymous_57)
FNDA:24,(anonymous_58)
FNDA:1,(anonymous_59)
FNDA:25,(anonymous_60)
FNDA:50,(anonymous_61)
FNDA:25,(anonymous_62)
FNDA:112,(anonymous_63)
FNDA:22,(anonymous_64)
FNDA:21,(anonymous_65)
FNDA:10,(anonymous_66)
FNDA:9,(anonymous_67)
FNDA:1,(anonymous_68)
FNDA:1,(anonymous_69)
FNDA:2,(anonymous_70)
FNDA:1,(anonymous_71)
FNDA:1,(anonymous_72)
FNDA:1,(anonymous_73)
FNDA:39,(anonymous_74)
FNDA:4,(anonymous_75)
FNDA:35,(anonymous_76)
FNDA:25,(anonymous_77)
FNDA:1,(anonymous_78)
FNDA:25,(anonymous_79)
FNDA:25,(anonymous_80)
DA:1,7
DA:2,7
DA:4,7
DA:5,7
DA:6,7
DA:7,7
DA:16,7
DA:17,7
DA:19,7
DA:20,7
DA:67,7
DA:68,41
DA:69,41
DA:81,7
DA:82,4
DA:103,13
DA:104,9
DA:105,5
DA:124,7
DA:125,15
DA:126,12
DA:127,9
DA:128,6
DA:129,2
DA:139,7
DA:140,7
DA:141,3
DA:162,155
DA:165,7
DA:177,167
DA:208,163
DA:209,163
DA:210,155
DA:218,8
DA:265,7
DA:266,57
DA:267,20
DA:268,152
DA:269,149
DA:270,57
DA:271,2
DA:272,3
DA:275,57
DA:277,149
DA:278,148
DA:279,147
DA:282,2601
DA:283,147
DA:284,146
DA:285,2
DA:286,1
DA:288,145
DA:293,7
DA:294,67
DA:295,145
DA:296,4
DA:306,7
DA:307,70
DA:308,69
DA:309,69
DA:310,1
DA:349,11
DA:350,19
DA:351,14
DA:352,14
DA:353,14
DA:356,9
DA:358,1
DA:361,2
DA:363,2
DA:366,11
DA:381,3
DA:401,7
DA:407,14
DA:408,14
DA:409,1
DA:410,0
DA:412,18
DA:416,22
DA:417,14
DA:418,14
DA:419,22
DA:428,14
DA:430,22
DA:431,22
DA:435,14
DA:442,19
DA:443,14
DA:495,7
DA:496,287
DA:498,287
DA:499,287
DA:500,287
DA:501,287
DA:502,287
DA:505,287
DA:506,287
DA:509,287
DA:513,5
DA:514,5
DA:518,2
DA:519,2
DA:523,4
DA:524,4
DA:528,287
DA:530,287
DA:531,287
DA:533,287
DA:534,287
DA:535,287
DA:539,4
DA:549,3
DA:550,3
DA:558,2
DA:561,287
DA:563,287
DA:564,287
DA:565,287
DA:567,287
DA:570,287
DA:571,287
DA:574,3
DA:579,35
DA:580,35
DA:581,25
DA:586,35
DA:590,3
DA:591,3
DA:592,3
DA:594,3
DA:595,3
DA:596,3
DA:600,30
DA:601,30
DA:602,30
DA:603,30
DA:604,30
DA:608,31
DA:609,31
DA:610,31
DA:611,31
DA:612,31
DA:613,31
DA:614,31
DA:618,1
DA:623,12
DA:628,6
DA:632,26
DA:633,26
DA:634,26
DA:635,25
DA:636,25
DA:638,24
DA:639,24
DA:640,24
DA:643,1
DA:644,1
DA:651,25
DA:652,25
DA:653,50
DA:655,25
DA:656,112
DA:657,25
DA:658,25
DA:673,22
DA:674,22
DA:675,22
DA:679,21
DA:680,21
DA:681,21
DA:682,12
DA:683,12
DA:684,12
DA:686,10
DA:687,9
DA:688,9
DA:692,1
DA:693,1
DA:694,1
DA:695,1
DA:702,1
DA:706,2
DA:707,2
DA:711,1
DA:712,1
DA:717,1
DA:718,1
DA:719,1
DA:720,1
DA:721,1
DA:726,1
DA:748,39
DA:753,4
DA:757,35
DA:758,35
DA:759,35
DA:760,35
DA:767,35
DA:768,35
DA:770,35
DA:779,35
DA:780,35
DA:782,35
DA:783,35
DA:784,35
DA:786,35
DA:788,35
DA:791,35
DA:795,35
DA:796,35
DA:797,35
DA:799,35
DA:808,35
DA:809,8
DA:810,8
DA:811,8
DA:819,35
DA:820,22
DA:821,22
DA:829,35
DA:830,35
DA:832,35
DA:833,26
DA:834,26
DA:835,25
DA:843,25
DA:844,25
DA:845,24
LF:228
LH:227
BRDA:70,0,0,41
BRDA:70,0,1,35
BRDA:70,1,0,6
BRDA:70,1,1,35
BRDA:103,2,0,4
BRDA:103,3,0,13
BRDA:103,3,1,8
BRDA:104,4,0,4
BRDA:104,5,0,9
BRDA:104,5,1,5
BRDA:104,5,2,3
BRDA:125,6,0,3
BRDA:125,7,0,3
BRDA:125,7,1,1
BRDA:126,8,0,3
BRDA:126,9,0,2
BRDA:126,9,1,1
BRDA:127,10,0,3
BRDA:127,11,0,9
BRDA:127,11,1,7
BRDA:127,12,0,3
BRDA:127,12,1,1
BRDA:128,13,0,4
BRDA:128,14,0,4
BRDA:128,14,1,0
BRDA:140,15,0,4
BRDA:141,16,0,3
BRDA:141,16,1,1
BRDA:162,17,0,155
BRDA:162,17,1,151
BRDA:177,18,0,4
BRDA:208,19,0,163
BRDA:208,19,1,138
BRDA:208,19,2,18
BRDA:208,19,3,13
BRDA:209,20,0,155
BRDA:220,21,0,8
BRDA:220,21,1,2
BRDA:220,21,2,0
BRDA:268,22,0,152
BRDA:268,22,1,8
BRDA:269,23,0,149
BRDA:269,23,1,2
BRDA:271,24,0,1
BRDA:271,25,0,2
BRDA:271,25,1,2
BRDA:272,26,0,3
BRDA:272,26,1,1
BRDA:277,27,0,1
BRDA:277,28,0,149
BRDA:277,28,1,8
BRDA:278,29,0,1
BRDA:278,30,0,148
BRDA:278,30,1,2
BRDA:282,31,0,2601
BRDA:282,31,1,19
BRDA:283,32,0,1
BRDA:284,33,0,1
BRDA:284,34,0,146
BRDA:284,34,1,1
BRDA:285,35,0,2
BRDA:285,35,1,1
BRDA:286,36,0,1
BRDA:308,37,0,9
BRDA:308,37,1,60
BRDA:350,38,0,5
BRDA:352,39,0,0
BRDA:353,40,0,8
BRDA:353,40,1,9
BRDA:353,40,2,1
BRDA:353,40,3,2
BRDA:353,40,4,2
BRDA:381,41,0,3
BRDA:381,41,1,1
BRDA:405,42,0,11
BRDA:411,43,0,9
BRDA:411,43,1,5
BRDA:418,44,0,10
BRDA:418,44,1,4
BRDA:419,45,0,10
BRDA:419,45,1,12
BRDA:428,46,0,13
BRDA:428,46,1,1
BRDA:430,47,0,22
BRDA:430,47,1,20
BRDA:430,47,2,20
BRDA:431,48,0,9
BRDA:431,48,1,13
BRDA:432,49,0,13
BRDA:432,49,1,11
BRDA:432,49,2,11
BRDA:435,50,0,10
BRDA:435,50,1,4
BRDA:435,51,0,14
BRDA:435,51,1,10
BRDA:436,52,0,10
BRDA:436,52,1,0
BRDA:439,53,0,4
BRDA:439,53,1,4
BRDA:442,54,0,19
BRDA:442,54,1,4
BRDA:447,55,0,3
BRDA:447,55,1,11
BRDA:448,56,0,9
BRDA:448,56,1,5
BRDA:519,57,0,1
BRDA:524,58,0,3
BRDA:539,59,0,2
BRDA:539,59,1,2
BRDA:550,60,0,1
BRDA:550,60,1,2
BRDA:574,61,0,2
BRDA:574,61,1,1
BRDA:580,62,0,10
BRDA:580,63,0,35
BRDA:580,63,1,25
BRDA:580,63,2,3
BRDA:581,64,0,25
BRDA:581,64,1,24
BRDA:634,65,0,1
BRDA:672,66,0,4
BRDA:676,67,0,22
BRDA:676,67,1,21
BRDA:681,68,0,12
BRDA:707,69,0,1
BRDA:712,70,0,1
BRDA:759,71,0,35
BRDA:759,71,1,3
BRDA:777,72,0,35
BRDA:777,72,1,28
BRDA:777,73,0,2
BRDA:777,73,1,26
BRDA:783,74,0,35
BRDA:783,74,1,34
BRDA:788,75,0,4
BRDA:788,75,1,31
BRDA:788,76,0,4
BRDA:788,76,1,3
BRDA:788,76,2,2
BRDA:788,77,0,31
BRDA:788,77,1,24
BRDA:791,78,0,4
BRDA:791,78,1,31
BRDA:792,79,0,4
BRDA:792,79,1,3
BRDA:792,79,2,3
BRDA:793,80,0,31
BRDA:793,80,1,30
BRDA:795,81,0,4
BRDA:795,81,1,31
BRDA:795,82,0,4
BRDA:795,82,1,3
BRDA:795,82,2,3
BRDA:795,83,0,31
BRDA:795,83,1,30
BRDA:796,84,0,35
BRDA:796,84,1,10
BRDA:797,85,0,25
BRDA:797,85,1,10
BRDA:797,86,0,25
BRDA:797,86,1,0
BRDA:804,87,0,21
BRDA:804,87,1,14
BRDA:804,88,0,14
BRDA:804,88,1,11
BRDA:805,89,0,21
BRDA:805,89,1,14
BRDA:808,90,0,8
BRDA:809,91,0,7
BRDA:809,91,1,1
BRDA:810,92,0,1
BRDA:810,92,1,7
BRDA:810,93,0,8
BRDA:810,93,1,1
BRDA:815,94,0,1
BRDA:815,94,1,7
BRDA:816,95,0,1
BRDA:816,95,1,7
BRDA:819,96,0,22
BRDA:820,97,0,2
BRDA:820,97,1,20
BRDA:820,98,0,22
BRDA:820,98,1,2
BRDA:825,99,0,2
BRDA:825,99,1,20
BRDA:826,100,0,2
BRDA:826,100,1,20
BRDA:830,101,0,2
BRDA:830,101,1,33
BRDA:830,102,0,1
BRDA:830,102,1,32
BRDA:832,103,0,26
BRDA:833,104,0,1
BRDA:833,104,1,25
BRDA:833,105,0,0
BRDA:833,105,1,25
BRDA:843,106,0,1
BRDA:845,107,0,24
BRF:198
BRH:192
end_of_record
TN:
SF:src\app\transaction-builder\lc-catalog-index.service.ts
FN:31,(anonymous_0)
FN:33,(anonymous_1)
FN:36,(anonymous_2)
FN:47,(anonymous_3)
FN:57,(anonymous_4)
FN:66,(anonymous_5)
FN:70,(anonymous_6)
FN:77,(anonymous_7)
FN:81,(anonymous_8)
FN:89,(anonymous_9)
FN:94,(anonymous_10)
FN:103,(anonymous_11)
FN:107,(anonymous_12)
FN:112,(anonymous_13)
FNF:14
FNH:14
FNDA:227,(anonymous_0)
FNDA:2,(anonymous_1)
FNDA:12,(anonymous_2)
FNDA:4,(anonymous_3)
FNDA:3,(anonymous_4)
FNDA:2,(anonymous_5)
FNDA:1,(anonymous_6)
FNDA:17,(anonymous_7)
FNDA:16,(anonymous_8)
FNDA:4,(anonymous_9)
FNDA:1,(anonymous_10)
FNDA:1,(anonymous_11)
FNDA:2,(anonymous_12)
FNDA:1,(anonymous_13)
DA:1,7
DA:3,7
DA:4,7
DA:5,7
DA:30,7
DA:33,227
DA:36,227
DA:37,12
DA:40,227
DA:41,227
DA:42,227
DA:43,227
DA:44,227
DA:45,227
DA:48,4
DA:58,3
DA:59,3
DA:67,2
DA:71,1
DA:72,1
DA:73,1
DA:74,1
DA:78,17
DA:79,17
DA:80,17
DA:82,16
DA:83,16
DA:84,16
DA:85,12
DA:86,12
DA:87,12
DA:89,4
DA:90,4
DA:91,4
DA:95,1
DA:96,1
DA:97,1
DA:98,1
DA:104,1
DA:108,2
DA:109,2
DA:113,1
DA:114,1
LF:43
LH:43
BRDA:33,0,0,13
BRDA:35,1,0,13
BRDA:36,2,0,14
BRDA:48,3,0,2
BRDA:48,3,1,2
BRDA:59,4,0,1
BRDA:59,4,1,2
BRDA:77,5,0,12
BRDA:80,6,0,17
BRDA:80,6,1,16
BRDA:84,7,0,12
BRDA:109,8,0,1
BRDA:114,9,0,1
BRF:13
BRH:13
end_of_record
TN:
SF:src\app\transaction-builder\look-up-panel.service.ts
FN:32,(anonymous_0)
FN:72,(anonymous_1)
FN:82,(anonymous_2)
FN:88,(anonymous_3)
FN:93,(anonymous_4)
FN:99,(anonymous_5)
FN:105,(anonymous_6)
FN:112,(anonymous_7)
FN:117,(anonymous_8)
FN:122,(anonymous_9)
FN:127,(anonymous_10)
FN:132,(anonymous_11)
FN:146,(anonymous_12)
FN:153,(anonymous_13)
FN:158,(anonymous_14)
FN:163,(anonymous_15)
FN:173,(anonymous_16)
FN:182,(anonymous_17)
FN:210,(anonymous_18)
FN:217,(anonymous_19)
FN:218,(anonymous_20)
FN:219,(anonymous_21)
FN:228,(anonymous_22)
FN:229,(anonymous_23)
FN:237,(anonymous_24)
FN:238,(anonymous_25)
FN:242,(anonymous_26)
FN:247,(anonymous_27)
FN:258,(anonymous_28)
FN:259,(anonymous_29)
FN:268,(anonymous_30)
FN:269,(anonymous_31)
FN:270,(anonymous_32)
FN:275,(anonymous_33)
FN:276,(anonymous_34)
FN:285,(anonymous_35)
FN:286,(anonymous_36)
FN:287,(anonymous_37)
FN:300,(anonymous_38)
FN:314,(anonymous_39)
FN:317,(anonymous_40)
FN:317,(anonymous_41)
FN:318,(anonymous_42)
FN:334,(anonymous_43)
FN:341,(anonymous_44)
FN:345,(anonymous_45)
FN:349,(anonymous_46)
FN:356,(anonymous_47)
FNF:48
FNH:46
FNDA:192,(anonymous_0)
FNDA:13,(anonymous_1)
FNDA:9,(anonymous_2)
FNDA:2,(anonymous_3)
FNDA:6,(anonymous_4)
FNDA:4,(anonymous_5)
FNDA:4,(anonymous_6)
FNDA:2,(anonymous_7)
FNDA:0,(anonymous_8)
FNDA:3,(anonymous_9)
FNDA:1,(anonymous_10)
FNDA:6,(anonymous_11)
FNDA:5,(anonymous_12)
FNDA:3,(anonymous_13)
FNDA:3,(anonymous_14)
FNDA:75,(anonymous_15)
FNDA:10,(anonymous_16)
FNDA:25,(anonymous_17)
FNDA:24,(anonymous_18)
FNDA:23,(anonymous_19)
FNDA:24,(anonymous_20)
FNDA:1,(anonymous_21)
FNDA:22,(anonymous_22)
FNDA:1,(anonymous_23)
FNDA:20,(anonymous_24)
FNDA:1,(anonymous_25)
FNDA:1,(anonymous_26)
FNDA:8,(anonymous_27)
FNDA:5,(anonymous_28)
FNDA:5,(anonymous_29)
FNDA:3,(anonymous_30)
FNDA:4,(anonymous_31)
FNDA:1,(anonymous_32)
FNDA:5,(anonymous_33)
FNDA:5,(anonymous_34)
FNDA:3,(anonymous_35)
FNDA:4,(anonymous_36)
FNDA:1,(anonymous_37)
FNDA:32,(anonymous_38)
FNDA:2,(anonymous_39)
FNDA:32,(anonymous_40)
FNDA:6,(anonymous_41)
FNDA:0,(anonymous_42)
FNDA:42,(anonymous_43)
FNDA:40,(anonymous_44)
FNDA:2,(anonymous_45)
FNDA:24,(anonymous_46)
FNDA:10,(anonymous_47)
DA:1,4
DA:2,4
DA:3,4
DA:4,4
DA:5,4
DA:6,4
DA:7,4
DA:31,4
DA:32,192
DA:34,192
DA:35,192
DA:36,192
DA:45,192
DA:48,192
DA:49,192
DA:50,192
DA:51,192
DA:52,192
DA:55,192
DA:56,192
DA:57,192
DA:58,192
DA:69,192
DA:70,192
DA:73,13
DA:74,13
DA:75,12
DA:76,12
DA:77,12
DA:79,13
DA:83,9
DA:84,9
DA:85,9
DA:89,2
DA:90,2
DA:94,6
DA:95,6
DA:100,4
DA:101,3
DA:102,2
DA:106,4
DA:107,3
DA:108,2
DA:113,2
DA:118,0
DA:123,3
DA:128,1
DA:133,6
DA:134,6
DA:135,2
DA:136,2
DA:138,4
DA:139,2
DA:140,2
DA:142,2
DA:147,5
DA:148,5
DA:149,3
DA:154,3
DA:159,3
DA:164,75
DA:165,75
DA:174,10
DA:175,10
DA:176,10
DA:177,10
DA:178,10
DA:183,25
DA:184,25
DA:185,25
DA:186,25
DA:187,25
DA:188,25
DA:189,25
DA:190,25
DA:191,25
DA:192,25
DA:193,25
DA:194,25
DA:195,25
DA:196,25
DA:197,25
DA:214,24
DA:217,23
DA:218,24
DA:219,1
DA:223,24
DA:224,24
DA:225,22
DA:228,22
DA:229,1
DA:233,24
DA:234,20
DA:237,20
DA:238,1
DA:242,1
DA:248,8
DA:249,8
DA:250,1
DA:252,8
DA:253,1
DA:259,5
DA:260,5
DA:261,1
DA:262,1
DA:263,1
DA:265,4
DA:268,3
DA:269,4
DA:270,1
DA:276,5
DA:277,5
DA:278,1
DA:279,1
DA:280,1
DA:282,4
DA:285,3
DA:286,4
DA:287,1
DA:308,32
DA:312,32
DA:314,2
DA:316,32
DA:317,32
DA:318,0
DA:340,42
DA:342,40
DA:343,40
DA:345,2
DA:350,24
DA:351,4
DA:352,2
DA:357,10
DA:358,8
DA:359,7
DA:360,6
LF:136
LH:134
BRDA:73,0,0,2
BRDA:73,0,1,11
BRDA:73,1,0,2
BRDA:73,1,1,9
BRDA:74,2,0,12
BRDA:90,3,0,1
BRDA:95,4,0,5
BRDA:100,5,0,1
BRDA:101,6,0,1
BRDA:102,7,0,2
BRDA:102,7,1,1
BRDA:106,8,0,1
BRDA:107,9,0,1
BRDA:108,10,0,2
BRDA:108,10,1,1
BRDA:133,11,0,6
BRDA:133,11,1,1
BRDA:134,12,0,2
BRDA:136,13,0,1
BRDA:136,13,1,1
BRDA:138,14,0,2
BRDA:140,15,0,1
BRDA:140,15,1,1
BRDA:148,16,0,2
BRDA:148,17,0,5
BRDA:148,17,1,4
BRDA:148,17,2,2
BRDA:149,18,0,3
BRDA:149,18,1,3
BRDA:159,19,0,1
BRDA:159,19,1,2
BRDA:165,20,0,22
BRDA:202,21,0,25
BRDA:202,21,1,25
BRDA:203,22,0,25
BRDA:203,22,1,23
BRDA:220,23,0,2
BRDA:220,23,1,22
BRDA:224,24,0,22
BRDA:233,25,0,20
BRDA:249,26,0,1
BRDA:249,27,0,8
BRDA:249,27,1,4
BRDA:249,27,2,2
BRDA:252,28,0,1
BRDA:252,29,0,8
BRDA:252,29,1,2
BRDA:252,29,2,2
BRDA:259,30,0,5
BRDA:259,30,1,1
BRDA:260,31,0,1
BRDA:276,32,0,5
BRDA:276,32,1,1
BRDA:277,33,0,1
BRDA:306,34,0,8
BRDA:343,35,0,2
BRDA:350,36,0,20
BRDA:351,37,0,2
BRDA:357,38,0,2
BRDA:357,39,0,10
BRDA:357,39,1,9
BRDA:358,40,0,1
BRDA:359,41,0,1
BRF:63
BRH:63
end_of_record
TN:
SF:src\app\transaction-builder\maker-panel.component.ts
FN:270,(anonymous_0)
FN:280,(anonymous_1)
FN:283,(anonymous_2)
FN:286,(anonymous_3)
FN:290,(anonymous_4)
FN:295,(anonymous_5)
FN:305,(anonymous_6)
FN:325,(anonymous_7)
FN:334,(anonymous_8)
FN:365,(anonymous_9)
FN:382,(anonymous_10)
FN:404,(anonymous_11)
FN:411,(anonymous_12)
FN:414,(anonymous_13)
FN:417,(anonymous_14)
FN:420,(anonymous_15)
FN:423,(anonymous_16)
FN:426,(anonymous_17)
FN:429,(anonymous_18)
FN:432,(anonymous_19)
FN:435,(anonymous_20)
FN:438,(anonymous_21)
FN:441,(anonymous_22)
FN:444,(anonymous_23)
FN:448,(anonymous_24)
FN:458,(anonymous_25)
FN:461,(anonymous_26)
FN:471,(anonymous_27)
FN:483,(anonymous_28)
FN:511,(anonymous_29)
FN:516,(anonymous_30)
FN:520,(anonymous_31)
FN:535,(anonymous_32)
FN:561,(anonymous_33)
FN:584,(anonymous_34)
FN:588,(anonymous_35)
FN:592,(anonymous_36)
FN:602,(anonymous_37)
FN:659,(anonymous_38)
FN:669,(anonymous_39)
FN:677,(anonymous_40)
FN:693,(anonymous_41)
FN:709,(anonymous_42)
FN:717,(anonymous_43)
FN:718,(anonymous_44)
FN:724,(anonymous_45)
FN:735,(anonymous_46)
FN:743,(anonymous_47)
FN:752,(anonymous_48)
FN:761,(anonymous_49)
FN:770,(anonymous_50)
FN:776,(anonymous_51)
FN:780,(anonymous_52)
FN:786,(anonymous_53)
FN:793,(anonymous_54)
FN:794,(anonymous_55)
FN:804,(anonymous_56)
FN:814,(anonymous_57)
FN:818,(anonymous_58)
FN:826,(anonymous_59)
FN:845,(anonymous_60)
FN:849,(anonymous_61)
FN:854,(anonymous_62)
FN:859,(anonymous_63)
FN:865,(anonymous_64)
FN:870,(anonymous_65)
FN:871,(anonymous_66)
FN:875,(anonymous_67)
FN:882,(anonymous_68)
FN:890,(anonymous_69)
FN:899,(anonymous_70)
FN:903,(anonymous_71)
FN:907,(anonymous_72)
FN:912,(anonymous_73)
FN:919,(anonymous_74)
FN:939,(anonymous_75)
FN:942,(anonymous_76)
FN:944,(anonymous_77)
FN:949,(anonymous_78)
FN:954,(anonymous_79)
FN:957,(anonymous_80)
FN:961,(anonymous_81)
FN:966,(anonymous_82)
FN:975,(anonymous_83)
FN:976,(anonymous_84)
FN:997,(anonymous_85)
FN:1001,(anonymous_86)
FN:1006,(anonymous_87)
FN:1009,(anonymous_88)
FN:1013,(anonymous_89)
FN:1014,(anonymous_90)
FN:1017,(anonymous_91)
FN:1024,(anonymous_92)
FN:1029,(anonymous_93)
FN:1056,(anonymous_94)
FN:1070,(anonymous_95)
FN:1074,(anonymous_96)
FN:1087,(anonymous_97)
FN:1093,(anonymous_98)
FN:1099,(anonymous_99)
FN:1106,(anonymous_100)
FN:1113,(anonymous_101)
FN:1134,(anonymous_102)
FN:1141,(anonymous_103)
FN:1164,(anonymous_104)
FN:1166,(anonymous_105)
FN:1186,(anonymous_106)
FN:1196,(anonymous_107)
FN:1204,(anonymous_108)
FN:1205,(anonymous_109)
FN:1225,(anonymous_110)
FN:1265,(anonymous_111)
FN:1270,(anonymous_112)
FN:1274,(anonymous_113)
FN:1278,(anonymous_114)
FN:1283,(anonymous_115)
FN:1286,(anonymous_116)
FN:1290,(anonymous_117)
FN:1303,(anonymous_118)
FN:1307,(anonymous_119)
FN:1311,(anonymous_120)
FN:1316,(anonymous_121)
FN:1317,(anonymous_122)
FN:1329,(anonymous_123)
FN:1342,(anonymous_124)
FN:1346,(anonymous_125)
FN:1357,(anonymous_126)
FN:1361,(anonymous_127)
FN:1365,(anonymous_128)
FN:1394,(anonymous_129)
FN:1401,(anonymous_130)
FN:1408,(anonymous_131)
FN:1413,(anonymous_132)
FN:1417,(anonymous_133)
FN:1421,(anonymous_134)
FN:1431,(anonymous_135)
FN:1449,(anonymous_136)
FN:1455,(anonymous_137)
FN:1466,(anonymous_138)
FN:1481,(anonymous_139)
FN:1493,(anonymous_140)
FN:1500,(anonymous_141)
FN:1510,(anonymous_142)
FN:1549,(anonymous_143)
FN:1555,(anonymous_144)
FN:1576,(anonymous_145)
FN:1578,(anonymous_146)
FN:1593,(anonymous_147)
FN:1594,(anonymous_148)
FN:1612,(anonymous_149)
FN:1625,(anonymous_150)
FN:1626,(anonymous_151)
FN:1642,(anonymous_152)
FN:1658,(anonymous_153)
FN:1659,(anonymous_154)
FN:1665,(anonymous_155)
FN:1671,(anonymous_156)
FN:1695,(anonymous_157)
FN:140,(anonymous_159)
FN:141,(anonymous_160)
FN:142,(anonymous_161)
FNF:161
FNH:152
FNDA:366,(anonymous_0)
FNDA:7,(anonymous_1)
FNDA:3,(anonymous_2)
FNDA:0,(anonymous_3)
FNDA:2318,(anonymous_4)
FNDA:0,(anonymous_5)
FNDA:7,(anonymous_6)
FNDA:11,(anonymous_7)
FNDA:291,(anonymous_8)
FNDA:322,(anonymous_9)
FNDA:67,(anonymous_10)
FNDA:67,(anonymous_11)
FNDA:404,(anonymous_12)
FNDA:27,(anonymous_13)
FNDA:4,(anonymous_14)
FNDA:10,(anonymous_15)
FNDA:2,(anonymous_16)
FNDA:89,(anonymous_17)
FNDA:178,(anonymous_18)
FNDA:3,(anonymous_19)
FNDA:4,(anonymous_20)
FNDA:3,(anonymous_21)
FNDA:3,(anonymous_22)
FNDA:2,(anonymous_23)
FNDA:212,(anonymous_24)
FNDA:75,(anonymous_25)
FNDA:63,(anonymous_26)
FNDA:74,(anonymous_27)
FNDA:44,(anonymous_28)
FNDA:15,(anonymous_29)
FNDA:11,(anonymous_30)
FNDA:23,(anonymous_31)
FNDA:14,(anonymous_32)
FNDA:9,(anonymous_33)
FNDA:6,(anonymous_34)
FNDA:5,(anonymous_35)
FNDA:4,(anonymous_36)
FNDA:277,(anonymous_37)
FNDA:3,(anonymous_38)
FNDA:35,(anonymous_39)
FNDA:43,(anonymous_40)
FNDA:250,(anonymous_41)
FNDA:119,(anonymous_42)
FNDA:226,(anonymous_43)
FNDA:113,(anonymous_44)
FNDA:28,(anonymous_45)
FNDA:20,(anonymous_46)
FNDA:20,(anonymous_47)
FNDA:4,(anonymous_48)
FNDA:4,(anonymous_49)
FNDA:378,(anonymous_50)
FNDA:2,(anonymous_51)
FNDA:4,(anonymous_52)
FNDA:3,(anonymous_53)
FNDA:3,(anonymous_54)
FNDA:3,(anonymous_55)
FNDA:5,(anonymous_56)
FNDA:2,(anonymous_57)
FNDA:2,(anonymous_58)
FNDA:330,(anonymous_59)
FNDA:321,(anonymous_60)
FNDA:42,(anonymous_61)
FNDA:4,(anonymous_62)
FNDA:98,(anonymous_63)
FNDA:99,(anonymous_64)
FNDA:194,(anonymous_65)
FNDA:97,(anonymous_66)
FNDA:26,(anonymous_67)
FNDA:19,(anonymous_68)
FNDA:22,(anonymous_69)
FNDA:1,(anonymous_70)
FNDA:2,(anonymous_71)
FNDA:2,(anonymous_72)
FNDA:102,(anonymous_73)
FNDA:281,(anonymous_74)
FNDA:274,(anonymous_75)
FNDA:10,(anonymous_76)
FNDA:20,(anonymous_77)
FNDA:0,(anonymous_78)
FNDA:2,(anonymous_79)
FNDA:1,(anonymous_80)
FNDA:3,(anonymous_81)
FNDA:10,(anonymous_82)
FNDA:21,(anonymous_83)
FNDA:18,(anonymous_84)
FNDA:2,(anonymous_85)
FNDA:1,(anonymous_86)
FNDA:2,(anonymous_87)
FNDA:1,(anonymous_88)
FNDA:3,(anonymous_89)
FNDA:3,(anonymous_90)
FNDA:15,(anonymous_91)
FNDA:3,(anonymous_92)
FNDA:3,(anonymous_93)
FNDA:7,(anonymous_94)
FNDA:10,(anonymous_95)
FNDA:14,(anonymous_96)
FNDA:5,(anonymous_97)
FNDA:3,(anonymous_98)
FNDA:1,(anonymous_99)
FNDA:47,(anonymous_100)
FNDA:38,(anonymous_101)
FNDA:2,(anonymous_102)
FNDA:14,(anonymous_103)
FNDA:4,(anonymous_104)
FNDA:3,(anonymous_105)
FNDA:6,(anonymous_106)
FNDA:12,(anonymous_107)
FNDA:15,(anonymous_108)
FNDA:14,(anonymous_109)
FNDA:1,(anonymous_110)
FNDA:6,(anonymous_111)
FNDA:8,(anonymous_112)
FNDA:2,(anonymous_113)
FNDA:3,(anonymous_114)
FNDA:2,(anonymous_115)
FNDA:1,(anonymous_116)
FNDA:2,(anonymous_117)
FNDA:10,(anonymous_118)
FNDA:10,(anonymous_119)
FNDA:0,(anonymous_120)
FNDA:5,(anonymous_121)
FNDA:5,(anonymous_122)
FNDA:359,(anonymous_123)
FNDA:356,(anonymous_124)
FNDA:26,(anonymous_125)
FNDA:39,(anonymous_126)
FNDA:45,(anonymous_127)
FNDA:13,(anonymous_128)
FNDA:20,(anonymous_129)
FNDA:15,(anonymous_130)
FNDA:20,(anonymous_131)
FNDA:10,(anonymous_132)
FNDA:12,(anonymous_133)
FNDA:40,(anonymous_134)
FNDA:117,(anonymous_135)
FNDA:24,(anonymous_136)
FNDA:23,(anonymous_137)
FNDA:23,(anonymous_138)
FNDA:40,(anonymous_139)
FNDA:23,(anonymous_140)
FNDA:5,(anonymous_141)
FNDA:0,(anonymous_142)
FNDA:33,(anonymous_143)
FNDA:24,(anonymous_144)
FNDA:34,(anonymous_145)
FNDA:33,(anonymous_146)
FNDA:21,(anonymous_147)
FNDA:0,(anonymous_148)
FNDA:4,(anonymous_149)
FNDA:26,(anonymous_150)
FNDA:25,(anonymous_151)
FNDA:2,(anonymous_152)
FNDA:8,(anonymous_153)
FNDA:8,(anonymous_154)
FNDA:1,(anonymous_155)
FNDA:1,(anonymous_156)
FNDA:5,(anonymous_157)
FNDA:0,(anonymous_159)
FNDA:0,(anonymous_160)
FNDA:0,(anonymous_161)
DA:1,5
DA:2,5
DA:3,5
DA:4,5
DA:5,5
DA:6,5
DA:7,5
DA:9,5
DA:10,5
DA:11,5
DA:12,5
DA:13,5
DA:20,5
DA:21,5
DA:22,5
DA:23,5
DA:24,5
DA:25,5
DA:26,5
DA:27,5
DA:37,5
DA:38,5
DA:44,5
DA:45,5
DA:47,5
DA:83,5
DA:140,0
DA:141,0
DA:142,0
DA:145,5
DA:146,366
DA:147,366
DA:149,366
DA:151,366
DA:158,366
DA:160,366
DA:162,366
DA:173,366
DA:182,366
DA:185,366
DA:187,366
DA:194,366
DA:207,366
DA:209,366
DA:218,366
DA:220,366
DA:222,366
DA:223,366
DA:224,366
DA:225,366
DA:226,366
DA:227,366
DA:235,366
DA:236,366
DA:237,366
DA:238,366
DA:239,366
DA:240,366
DA:241,366
DA:242,366
DA:243,366
DA:244,366
DA:246,366
DA:247,366
DA:248,366
DA:250,366
DA:258,366
DA:265,366
DA:268,366
DA:271,366
DA:272,366
DA:273,366
DA:274,366
DA:275,366
DA:276,366
DA:277,366
DA:281,7
DA:284,3
DA:287,0
DA:291,2318
DA:296,0
DA:306,7
DA:326,11
DA:335,291
DA:336,291
DA:337,291
DA:338,1
DA:339,1
DA:349,291
DA:350,5
DA:351,5
DA:352,5
DA:358,291
DA:359,6
DA:360,6
DA:361,6
DA:369,322
DA:370,322
DA:383,67
DA:384,67
DA:385,56
DA:405,67
DA:412,404
DA:415,27
DA:418,4
DA:421,10
DA:424,2
DA:427,89
DA:430,178
DA:433,3
DA:436,4
DA:439,3
DA:442,3
DA:445,2
DA:449,212
DA:459,75
DA:462,63
DA:472,74
DA:484,44
DA:485,44
DA:486,39
DA:487,39
DA:489,44
DA:490,28
DA:491,28
DA:493,44
DA:512,15
DA:517,11
DA:521,23
DA:536,14
DA:562,9
DA:563,6
DA:564,5
DA:565,4
DA:566,3
DA:585,6
DA:589,5
DA:593,4
DA:594,4
DA:595,4
DA:603,277
DA:604,277
DA:605,277
DA:606,277
DA:607,277
DA:608,277
DA:609,277
DA:610,277
DA:611,277
DA:612,277
DA:613,277
DA:614,277
DA:615,277
DA:616,277
DA:617,277
DA:618,277
DA:619,277
DA:620,277
DA:621,277
DA:622,277
DA:623,277
DA:624,277
DA:625,277
DA:626,277
DA:627,277
DA:628,277
DA:629,277
DA:630,277
DA:631,277
DA:632,277
DA:633,277
DA:634,277
DA:635,277
DA:636,277
DA:637,277
DA:638,277
DA:639,277
DA:641,277
DA:642,218
DA:643,218
DA:644,218
DA:646,277
DA:660,3
DA:670,35
DA:671,33
DA:677,43
DA:678,33
DA:679,1
DA:680,1
DA:681,1
DA:682,1
DA:684,32
DA:685,1
DA:686,1
DA:688,31
DA:689,31
DA:690,31
DA:698,250
DA:701,250
DA:702,3
DA:704,250
DA:705,250
DA:706,250
DA:710,119
DA:717,226
DA:722,113
DA:723,28
DA:724,28
DA:725,28
DA:726,28
DA:729,113
DA:730,20
DA:731,20
DA:736,20
DA:737,20
DA:741,113
DA:742,20
DA:743,20
DA:744,20
DA:745,20
DA:750,113
DA:751,4
DA:752,4
DA:753,4
DA:754,4
DA:759,113
DA:760,6
DA:761,6
DA:762,4
DA:763,4
DA:771,378
DA:777,2
DA:781,4
DA:782,4
DA:783,4
DA:784,5
DA:786,4
DA:787,3
DA:788,3
DA:790,4
DA:794,3
DA:795,3
DA:796,3
DA:797,3
DA:798,3
DA:799,3
DA:800,3
DA:801,3
DA:808,5
DA:809,4
DA:810,4
DA:811,3
DA:815,2
DA:816,2
DA:819,2
DA:820,2
DA:827,330
DA:828,90
DA:830,240
DA:831,64
DA:833,176
DA:834,68
DA:836,108
DA:837,13
DA:839,95
DA:840,17
DA:842,78
DA:846,321
DA:847,321
DA:848,321
DA:849,91
DA:851,321
DA:855,4
DA:856,4
DA:860,98
DA:861,98
DA:862,98
DA:866,99
DA:870,194
DA:873,97
DA:874,26
DA:875,26
DA:876,26
DA:877,26
DA:880,97
DA:881,19
DA:882,19
DA:883,19
DA:884,19
DA:888,97
DA:889,22
DA:890,22
DA:891,22
DA:892,22
DA:900,1
DA:904,2
DA:905,2
DA:908,2
DA:909,2
DA:913,102
DA:920,281
DA:921,84
DA:923,197
DA:924,61
DA:926,136
DA:927,74
DA:929,62
DA:934,39
DA:936,23
DA:940,274
DA:941,274
DA:942,81
DA:943,193
DA:944,109
DA:946,274
DA:950,0
DA:951,0
DA:955,2
DA:958,1
DA:962,3
DA:963,3
DA:967,10
DA:968,8
DA:969,8
DA:970,4
DA:971,4
DA:972,4
DA:976,21
DA:977,21
DA:978,3
DA:980,21
DA:986,21
DA:987,3
DA:988,3
DA:990,21
DA:991,21
DA:992,6
DA:997,2
DA:1000,21
DA:1001,3
DA:1003,21
DA:1007,2
DA:1010,1
DA:1014,3
DA:1018,15
DA:1019,14
DA:1020,14
DA:1021,10
DA:1025,3
DA:1026,2
DA:1030,3
DA:1031,2
DA:1057,7
DA:1058,7
DA:1059,6
DA:1060,2
DA:1061,1
DA:1063,4
DA:1064,3
DA:1065,2
DA:1067,1
DA:1071,10
DA:1075,14
DA:1076,14
DA:1077,14
DA:1078,14
DA:1079,14
DA:1080,3
DA:1081,3
DA:1082,3
DA:1088,5
DA:1089,4
DA:1090,4
DA:1091,4
DA:1092,4
DA:1094,3
DA:1095,3
DA:1096,3
DA:1097,3
DA:1100,1
DA:1101,1
DA:1107,47
DA:1108,7
DA:1109,7
DA:1111,40
DA:1112,40
DA:1114,38
DA:1115,38
DA:1120,38
DA:1123,38
DA:1124,7
DA:1125,7
DA:1126,31
DA:1130,1
DA:1131,1
DA:1135,2
DA:1136,2
DA:1142,14
DA:1143,13
DA:1144,13
DA:1145,13
DA:1146,1
DA:1147,1
DA:1149,12
DA:1150,1
DA:1151,1
DA:1153,11
DA:1154,1
DA:1155,1
DA:1157,10
DA:1165,4
DA:1166,3
DA:1167,3
DA:1168,2
DA:1171,2
DA:1172,2
DA:1174,1
DA:1175,1
DA:1176,1
DA:1177,1
DA:1179,3
DA:1181,1
DA:1182,1
DA:1183,1
DA:1184,1
DA:1187,6
DA:1188,6
DA:1194,6
DA:1195,6
DA:1196,12
DA:1198,6
DA:1199,6
DA:1205,15
DA:1206,15
DA:1207,15
DA:1208,8
DA:1210,15
DA:1211,6
DA:1212,6
DA:1213,6
DA:1214,6
DA:1215,6
DA:1216,6
DA:1217,6
DA:1219,15
DA:1220,4
DA:1225,1
DA:1228,15
DA:1229,4
DA:1243,15
DA:1250,4
DA:1251,4
DA:1253,15
DA:1254,4
DA:1255,4
DA:1256,4
DA:1262,15
DA:1266,6
DA:1270,8
DA:1275,2
DA:1276,2
DA:1279,3
DA:1280,3
DA:1284,2
DA:1287,1
DA:1291,2
DA:1292,2
DA:1293,1
DA:1294,1
DA:1295,1
DA:1296,1
DA:1297,1
DA:1298,1
DA:1304,10
DA:1308,10
DA:1312,0
DA:1313,0
DA:1317,5
DA:1318,5
DA:1319,5
DA:1320,4
DA:1321,4
DA:1323,5
DA:1324,5
DA:1325,5
DA:1330,359
DA:1343,356
DA:1347,26
DA:1358,39
DA:1362,45
DA:1366,13
DA:1392,366
DA:1395,20
DA:1396,9
DA:1398,11
DA:1402,15
DA:1403,8
DA:1409,20
DA:1410,18
DA:1414,10
DA:1418,12
DA:1422,40
DA:1423,40
DA:1424,40
DA:1425,16
DA:1426,16
DA:1428,24
DA:1432,117
DA:1450,24
DA:1451,24
DA:1452,24
DA:1456,23
DA:1467,23
DA:1468,23
DA:1469,23
DA:1470,23
DA:1471,23
DA:1473,23
DA:1474,12
DA:1475,12
DA:1476,12
DA:1478,11
DA:1482,40
DA:1483,24
DA:1484,24
DA:1486,23
DA:1487,23
DA:1488,23
DA:1489,23
DA:1490,23
DA:1491,23
DA:1493,23
DA:1501,5
DA:1502,1
DA:1503,1
DA:1504,1
DA:1506,4
DA:1507,1
DA:1508,1
DA:1509,1
DA:1510,1
DA:1511,1
DA:1512,1
DA:1514,3
DA:1519,3
DA:1520,3
DA:1529,3
DA:1530,3
DA:1531,3
DA:1532,3
DA:1550,33
DA:1551,33
DA:1552,25
DA:1553,25
DA:1555,24
DA:1556,8
DA:1557,1
DA:1558,1
DA:1560,7
DA:1561,5
DA:1562,5
DA:1564,2
DA:1565,2
DA:1566,2
DA:1577,34
DA:1578,33
DA:1579,33
DA:1580,33
DA:1581,33
DA:1582,33
DA:1583,33
DA:1584,33
DA:1588,33
DA:1589,12
DA:1590,12
DA:1592,21
DA:1593,21
DA:1595,0
DA:1613,4
DA:1614,2
DA:1626,26
DA:1627,25
DA:1643,2
DA:1644,2
DA:1645,2
DA:1646,2
DA:1659,8
DA:1660,8
DA:1666,1
DA:1667,1
DA:1672,1
DA:1673,1
DA:1686,5
DA:1696,5
DA:1697,3
DA:1698,3
DA:1699,3
DA:1700,18
DA:1701,8
DA:1707,8
DA:1709,3
LF:601
LH:591
BRDA:272,0,0,366
BRDA:273,1,0,366
BRDA:274,2,0,366
BRDA:275,3,0,366
BRDA:276,4,0,366
BRDA:277,5,0,366
BRDA:291,6,0,2274
BRDA:291,6,1,44
BRDA:306,7,0,7
BRDA:306,7,1,6
BRDA:326,8,0,11
BRDA:326,8,1,9
BRDA:326,8,2,3
BRDA:335,9,0,274
BRDA:336,10,0,5
BRDA:336,11,0,291
BRDA:336,11,1,5
BRDA:337,12,0,1
BRDA:337,13,0,291
BRDA:337,13,1,2
BRDA:349,14,0,5
BRDA:349,15,0,291
BRDA:349,15,1,6
BRDA:358,16,0,6
BRDA:358,17,0,291
BRDA:358,17,1,7
BRDA:378,18,0,322
BRDA:378,18,1,0
BRDA:384,19,0,11
BRDA:485,20,0,39
BRDA:489,21,0,28
BRDA:489,22,0,44
BRDA:489,22,1,31
BRDA:493,23,0,39
BRDA:512,24,0,3
BRDA:512,24,1,12
BRDA:512,25,0,15
BRDA:512,25,1,5
BRDA:521,26,0,23
BRDA:521,26,1,21
BRDA:536,27,0,14
BRDA:536,27,1,12
BRDA:536,27,2,3
BRDA:562,28,0,3
BRDA:562,29,0,9
BRDA:562,29,1,8
BRDA:562,29,2,7
BRDA:563,30,0,1
BRDA:564,31,0,1
BRDA:564,32,0,5
BRDA:564,32,1,2
BRDA:565,33,0,1
BRDA:565,34,0,4
BRDA:565,34,1,2
BRDA:585,35,0,6
BRDA:585,35,1,2
BRDA:595,36,0,2
BRDA:595,36,1,2
BRDA:606,37,0,277
BRDA:606,37,1,188
BRDA:608,38,0,63
BRDA:608,39,0,277
BRDA:608,39,1,217
BRDA:614,40,0,277
BRDA:614,40,1,185
BRDA:641,41,0,218
BRDA:670,42,0,2
BRDA:670,43,0,35
BRDA:670,43,1,34
BRDA:678,44,0,1
BRDA:684,45,0,1
BRDA:698,46,0,250
BRDA:698,46,1,215
BRDA:698,46,2,199
BRDA:698,46,3,2
BRDA:701,47,0,3
BRDA:701,48,0,250
BRDA:701,48,1,53
BRDA:705,49,0,99
BRDA:705,50,0,250
BRDA:705,50,1,152
BRDA:706,51,0,88
BRDA:711,52,0,119
BRDA:711,52,1,117
BRDA:716,53,0,6
BRDA:716,53,1,113
BRDA:722,54,0,28
BRDA:729,55,0,20
BRDA:734,56,0,20
BRDA:734,56,1,0
BRDA:741,57,0,20
BRDA:750,58,0,4
BRDA:759,59,0,6
BRDA:772,60,0,378
BRDA:772,60,1,110
BRDA:783,61,0,4
BRDA:783,61,1,0
BRDA:788,62,0,1
BRDA:788,62,1,2
BRDA:788,63,0,2
BRDA:788,63,1,1
BRDA:788,64,0,2
BRDA:788,64,1,1
BRDA:794,65,0,3
BRDA:794,65,1,1
BRDA:796,66,0,3
BRDA:796,66,1,1
BRDA:808,67,0,1
BRDA:810,68,0,1
BRDA:811,69,0,2
BRDA:811,69,1,1
BRDA:816,70,0,1
BRDA:820,71,0,1
BRDA:827,72,0,90
BRDA:830,73,0,64
BRDA:833,74,0,68
BRDA:836,75,0,13
BRDA:839,76,0,17
BRDA:848,77,0,91
BRDA:849,78,0,42
BRDA:849,78,1,6
BRDA:849,79,0,4
BRDA:849,79,1,2
BRDA:873,80,0,26
BRDA:880,81,0,19
BRDA:888,82,0,22
BRDA:905,83,0,1
BRDA:909,84,0,1
BRDA:920,85,0,84
BRDA:923,86,0,61
BRDA:926,87,0,74
BRDA:929,88,0,39
BRDA:930,89,0,62
BRDA:930,89,1,62
BRDA:930,89,2,23
BRDA:941,90,0,81
BRDA:941,90,1,193
BRDA:942,91,0,10
BRDA:942,91,1,9
BRDA:942,91,2,8
BRDA:942,91,3,5
BRDA:943,92,0,109
BRDA:944,93,0,20
BRDA:944,93,1,4
BRDA:963,94,0,1
BRDA:967,95,0,2
BRDA:969,96,0,4
BRDA:969,97,0,8
BRDA:969,97,1,6
BRDA:971,98,0,2
BRDA:971,98,1,2
BRDA:971,99,0,4
BRDA:971,99,1,4
BRDA:976,100,0,21
BRDA:976,100,1,3
BRDA:977,101,0,3
BRDA:977,102,0,21
BRDA:977,102,1,3
BRDA:978,103,0,2
BRDA:978,103,1,1
BRDA:986,104,0,3
BRDA:991,105,0,6
BRDA:991,106,0,21
BRDA:991,106,1,18
BRDA:1000,107,0,3
BRDA:1018,108,0,1
BRDA:1020,109,0,4
BRDA:1020,110,0,14
BRDA:1020,110,1,13
BRDA:1020,110,2,12
BRDA:1025,111,0,1
BRDA:1025,112,0,3
BRDA:1025,112,1,2
BRDA:1026,113,0,1
BRDA:1026,113,1,1
BRDA:1030,114,0,1
BRDA:1030,115,0,3
BRDA:1030,115,1,2
BRDA:1057,116,0,7
BRDA:1057,116,1,1
BRDA:1058,117,0,1
BRDA:1058,118,0,7
BRDA:1058,118,1,6
BRDA:1059,119,0,2
BRDA:1060,120,0,1
BRDA:1063,121,0,3
BRDA:1063,122,0,4
BRDA:1063,122,1,2
BRDA:1064,123,0,1
BRDA:1075,124,0,7
BRDA:1076,125,0,6
BRDA:1077,126,0,10
BRDA:1078,127,0,10
BRDA:1079,128,0,3
BRDA:1088,129,0,1
BRDA:1092,130,0,4
BRDA:1092,130,1,1
BRDA:1107,131,0,7
BRDA:1120,132,0,38
BRDA:1120,132,1,34
BRDA:1120,132,2,1
BRDA:1120,132,3,33
BRDA:1123,133,0,7
BRDA:1123,133,1,31
BRDA:1126,134,0,1
BRDA:1142,135,0,1
BRDA:1145,136,0,1
BRDA:1149,137,0,1
BRDA:1149,138,0,12
BRDA:1149,138,1,5
BRDA:1153,139,0,1
BRDA:1153,140,0,11
BRDA:1153,140,1,7
BRDA:1160,141,0,10
BRDA:1160,141,1,6
BRDA:1161,142,0,10
BRDA:1161,142,1,4
BRDA:1165,143,0,3
BRDA:1165,144,0,4
BRDA:1165,144,1,4
BRDA:1167,145,0,2
BRDA:1168,146,0,1
BRDA:1168,146,1,1
BRDA:1171,147,0,1
BRDA:1171,147,1,1
BRDA:1171,148,0,2
BRDA:1171,148,1,1
BRDA:1195,149,0,6
BRDA:1195,149,1,3
BRDA:1195,149,2,0
BRDA:1199,150,0,2
BRDA:1199,150,1,4
BRDA:1205,151,0,15
BRDA:1205,151,1,1
BRDA:1207,152,0,8
BRDA:1207,153,0,15
BRDA:1207,153,1,9
BRDA:1210,154,0,6
BRDA:1210,155,0,15
BRDA:1210,155,1,6
BRDA:1219,156,0,4
BRDA:1219,157,0,15
BRDA:1219,157,1,5
BRDA:1228,158,0,4
BRDA:1228,159,0,15
BRDA:1228,159,1,4
BRDA:1243,160,0,4
BRDA:1244,161,0,15
BRDA:1244,161,1,9
BRDA:1244,161,2,9
BRDA:1244,161,3,4
BRDA:1244,161,4,4
BRDA:1253,162,0,4
BRDA:1253,163,0,15
BRDA:1253,163,1,5
BRDA:1253,163,2,5
BRDA:1253,163,3,5
BRDA:1254,164,0,4
BRDA:1254,164,1,1
BRDA:1255,165,0,4
BRDA:1255,165,1,2
BRDA:1267,166,0,6
BRDA:1267,166,1,6
BRDA:1276,167,0,1
BRDA:1280,168,0,2
BRDA:1292,169,0,1
BRDA:1317,170,0,5
BRDA:1317,170,1,1
BRDA:1319,171,0,4
BRDA:1320,172,0,4
BRDA:1320,172,1,1
BRDA:1321,173,0,4
BRDA:1321,173,1,3
BRDA:1358,174,0,39
BRDA:1358,174,1,39
BRDA:1358,175,0,39
BRDA:1358,175,1,13
BRDA:1366,176,0,5
BRDA:1366,176,1,8
BRDA:1395,177,0,9
BRDA:1396,178,0,9
BRDA:1396,178,1,7
BRDA:1396,178,2,7
BRDA:1398,179,0,11
BRDA:1398,179,1,9
BRDA:1398,179,2,4
BRDA:1402,180,0,7
BRDA:1402,181,0,15
BRDA:1402,181,1,14
BRDA:1402,181,2,12
BRDA:1403,182,0,5
BRDA:1403,182,1,3
BRDA:1409,183,0,2
BRDA:1410,184,0,18
BRDA:1410,184,1,10
BRDA:1410,184,2,6
BRDA:1414,185,0,10
BRDA:1414,185,1,8
BRDA:1418,186,0,6
BRDA:1418,186,1,6
BRDA:1424,187,0,16
BRDA:1451,188,0,1
BRDA:1473,189,0,12
BRDA:1482,190,0,16
BRDA:1484,191,0,1
BRDA:1501,192,0,1
BRDA:1506,193,0,1
BRDA:1519,194,0,0
BRDA:1519,195,0,3
BRDA:1519,195,1,0
BRDA:1551,196,0,25
BRDA:1551,197,0,33
BRDA:1551,197,1,8
BRDA:1556,198,0,1
BRDA:1560,199,0,5
BRDA:1561,200,0,5
BRDA:1561,200,1,0
BRDA:1566,201,0,1
BRDA:1566,201,1,1
BRDA:1577,202,0,1
BRDA:1580,203,0,33
BRDA:1580,203,1,33
BRDA:1580,204,0,33
BRDA:1580,204,1,32
BRDA:1588,205,0,12
BRDA:1613,206,0,2
BRDA:1644,207,0,2
BRDA:1644,208,0,2
BRDA:1644,208,1,2
BRDA:1696,209,0,2
BRDA:1696,210,0,5
BRDA:1696,210,1,4
BRDA:1700,211,0,10
BRDA:1707,212,0,2
BRDA:1707,212,1,6
BRDA:1707,213,0,8
BRDA:1707,213,1,2
BRDA:1707,214,0,6
BRDA:1707,214,1,2
BRF:339
BRH:332
end_of_record
TN:
SF:src\app\transaction-builder\maker-queue.component.ts
FN:20,(anonymous_0)
FN:54,(anonymous_1)
FNF:2
FNH:2
FNDA:8,(anonymous_0)
FNDA:4,(anonymous_1)
DA:1,5
DA:2,5
DA:3,5
DA:4,5
DA:6,5
DA:20,5
DA:30,8
DA:40,8
DA:43,8
DA:44,8
DA:45,8
DA:55,4
DA:56,1
DA:58,3
LF:14
LH:14
BRDA:55,0,0,1
BRDA:58,1,0,2
BRDA:58,1,1,1
BRF:3
BRH:3
end_of_record
TN:
SF:src\app\transaction-builder\maker-queue.service.ts
FN:17,(anonymous_0)
FN:59,(anonymous_1)
FN:89,(anonymous_2)
FN:90,(anonymous_3)
FN:94,(anonymous_4)
FN:108,(anonymous_5)
FN:122,(anonymous_6)
FN:127,(anonymous_7)
FN:134,(anonymous_8)
FN:140,(anonymous_9)
FN:146,(anonymous_10)
FN:156,(anonymous_11)
FN:157,(anonymous_12)
FN:166,(anonymous_13)
FN:174,(anonymous_14)
FN:179,(anonymous_15)
FN:201,(anonymous_16)
FN:221,(anonymous_17)
FN:226,(anonymous_18)
FN:227,(anonymous_19)
FN:231,(anonymous_20)
FN:246,(anonymous_21)
FN:255,(anonymous_22)
FN:270,(anonymous_23)
FN:287,(anonymous_24)
FN:308,(anonymous_25)
FN:315,(anonymous_26)
FN:326,(anonymous_27)
FN:349,(anonymous_28)
FN:353,(anonymous_29)
FN:357,(anonymous_30)
FN:365,(anonymous_31)
FN:366,(anonymous_32)
FN:368,(anonymous_33)
FN:368,(anonymous_34)
FN:371,(anonymous_35)
FN:372,(anonymous_36)
FN:376,(anonymous_37)
FNF:38
FNH:38
FNDA:108,(anonymous_0)
FNDA:265,(anonymous_1)
FNDA:55,(anonymous_2)
FNDA:266,(anonymous_3)
FNDA:4,(anonymous_4)
FNDA:4,(anonymous_5)
FNDA:3,(anonymous_6)
FNDA:5,(anonymous_7)
FNDA:44,(anonymous_8)
FNDA:42,(anonymous_9)
FNDA:1,(anonymous_10)
FNDA:42,(anonymous_11)
FNDA:166,(anonymous_12)
FNDA:332,(anonymous_13)
FNDA:2,(anonymous_14)
FNDA:2,(anonymous_15)
FNDA:42,(anonymous_16)
FNDA:191,(anonymous_17)
FNDA:3,(anonymous_18)
FNDA:7,(anonymous_19)
FNDA:3,(anonymous_20)
FNDA:623,(anonymous_21)
FNDA:648,(anonymous_22)
FNDA:4,(anonymous_23)
FNDA:14,(anonymous_24)
FNDA:8,(anonymous_25)
FNDA:2,(anonymous_26)
FNDA:21,(anonymous_27)
FNDA:15,(anonymous_28)
FNDA:3,(anonymous_29)
FNDA:2,(anonymous_30)
FNDA:11,(anonymous_31)
FNDA:13,(anonymous_32)
FNDA:6,(anonymous_33)
FNDA:5,(anonymous_34)
FNDA:8,(anonymous_35)
FNDA:6,(anonymous_36)
FNDA:4,(anonymous_37)
DA:1,6
DA:2,6
DA:3,6
DA:4,6
DA:5,6
DA:6,6
DA:7,6
DA:8,6
DA:17,108
DA:58,6
DA:59,265
DA:62,265
DA:64,265
DA:66,265
DA:67,265
DA:68,265
DA:70,265
DA:86,265
DA:90,266
DA:95,4
DA:96,4
DA:97,4
DA:109,4
DA:110,4
DA:123,3
DA:128,5
DA:129,5
DA:130,5
DA:135,44
DA:136,43
DA:137,43
DA:138,43
DA:139,43
DA:141,42
DA:142,42
DA:143,42
DA:144,42
DA:147,1
DA:148,1
DA:149,1
DA:150,1
DA:157,42
DA:158,166
DA:159,166
DA:160,157
DA:161,157
DA:162,2
DA:167,332
DA:168,332
DA:169,331
DA:170,331
DA:175,2
DA:176,2
DA:180,2
DA:181,2
DA:202,42
DA:206,42
DA:207,42
DA:208,195
DA:209,195
DA:210,187
DA:211,187
DA:213,8
DA:214,8
DA:215,4
DA:217,4
DA:218,4
DA:221,42
DA:222,191
DA:223,191
DA:224,4
DA:225,4
DA:226,3
DA:227,7
DA:232,3
DA:233,3
DA:247,623
DA:248,3
DA:249,3
DA:251,620
DA:256,648
DA:271,4
DA:288,14
DA:309,8
DA:310,7
DA:311,7
DA:316,2
DA:327,21
DA:350,15
DA:351,15
DA:352,5
DA:354,3
DA:355,3
DA:358,2
DA:359,2
DA:362,5
DA:364,10
DA:365,11
DA:366,13
DA:367,10
DA:368,6
DA:371,10
DA:373,6
DA:374,6
DA:377,4
DA:378,4
LF:106
LH:106
BRDA:110,0,0,1
BRDA:110,0,1,3
BRDA:112,1,0,2
BRDA:112,1,1,1
BRDA:134,2,0,33
BRDA:135,3,0,1
BRDA:138,4,0,32
BRDA:139,5,0,43
BRDA:139,5,1,41
BRDA:144,6,0,1
BRDA:159,7,0,9
BRDA:161,8,0,155
BRDA:162,9,0,2
BRDA:162,9,1,1
BRDA:162,10,0,2
BRDA:162,10,1,1
BRDA:168,11,0,1
BRDA:170,12,0,0
BRDA:170,12,1,331
BRDA:176,13,0,1
BRDA:181,14,0,1
BRDA:209,15,0,187
BRDA:214,16,0,4
BRDA:214,16,1,4
BRDA:223,17,0,187
BRDA:225,18,0,1
BRDA:226,19,0,3
BRDA:226,19,1,0
BRDA:233,20,0,3
BRDA:233,20,1,3
BRDA:247,21,0,3
BRDA:249,22,0,3
BRDA:271,23,0,2
BRDA:271,23,1,2
BRDA:271,24,0,4
BRDA:271,24,1,3
BRDA:309,25,0,1
BRDA:309,26,0,8
BRDA:309,26,1,2
BRDA:311,27,0,6
BRDA:311,27,1,1
BRDA:316,28,0,2
BRDA:316,28,1,1
BRDA:316,28,2,1
BRDA:351,29,0,5
BRDA:365,30,0,10
BRDA:365,30,1,5
BRF:47
BRH:45
end_of_record
TN:
SF:src\app\transaction-builder\maker-submit.service.ts
FN:64,(anonymous_0)
FN:66,(anonymous_1)
FN:88,(anonymous_2)
FN:105,(anonymous_3)
FN:110,(anonymous_4)
FN:115,(anonymous_5)
FN:131,(anonymous_6)
FN:132,(anonymous_7)
FN:137,(anonymous_8)
FN:167,(anonymous_9)
FN:176,(anonymous_10)
FN:181,(anonymous_11)
FN:191,(anonymous_12)
FN:203,(anonymous_13)
FN:206,(anonymous_14)
FN:211,(anonymous_15)
FN:213,(anonymous_16)
FN:214,(anonymous_17)
FNF:18
FNH:18
FNDA:389,(anonymous_0)
FNDA:46,(anonymous_1)
FNDA:9,(anonymous_2)
FNDA:4,(anonymous_3)
FNDA:5,(anonymous_4)
FNDA:7,(anonymous_5)
FNDA:3,(anonymous_6)
FNDA:4,(anonymous_7)
FNDA:10,(anonymous_8)
FNDA:4,(anonymous_9)
FNDA:6,(anonymous_10)
FNDA:9,(anonymous_11)
FNDA:7,(anonymous_12)
FNDA:3,(anonymous_13)
FNDA:6,(anonymous_14)
FNDA:11,(anonymous_15)
FNDA:9,(anonymous_16)
FNDA:2,(anonymous_17)
DA:1,6
DA:2,6
DA:3,6
DA:4,6
DA:6,6
DA:7,6
DA:63,6
DA:64,389
DA:67,46
DA:68,46
DA:69,9
DA:71,37
DA:76,7
DA:78,30
DA:79,10
DA:81,20
DA:82,9
DA:84,11
DA:89,9
DA:90,9
DA:91,9
DA:92,9
DA:93,9
DA:104,9
DA:105,4
DA:110,5
DA:116,7
DA:117,7
DA:118,7
DA:119,7
DA:130,7
DA:131,3
DA:132,4
DA:138,10
DA:139,10
DA:140,10
DA:141,10
DA:155,10
DA:166,10
DA:167,4
DA:176,6
DA:182,9
DA:183,9
DA:184,9
DA:185,9
DA:192,7
DA:202,7
DA:203,3
DA:206,6
DA:212,11
DA:213,9
DA:216,2
LF:52
LH:52
BRDA:67,0,0,45
BRDA:67,0,1,1
BRDA:68,1,0,9
BRDA:68,2,0,46
BRDA:68,2,1,10
BRDA:68,2,2,9
BRDA:71,3,0,7
BRDA:72,4,0,37
BRDA:72,4,1,17
BRDA:72,4,2,7
BRDA:78,5,0,10
BRDA:78,6,0,30
BRDA:78,6,1,10
BRDA:81,7,0,9
BRDA:81,8,0,20
BRDA:81,8,1,9
BRDA:81,8,2,9
BRDA:96,9,0,9
BRDA:96,9,1,0
BRDA:102,10,0,9
BRDA:102,10,1,5
BRDA:121,11,0,7
BRDA:121,11,1,7
BRDA:121,11,2,4
BRDA:143,12,0,10
BRDA:143,12,1,10
BRDA:143,12,2,5
BRDA:152,13,0,10
BRDA:152,13,1,1
BRDA:153,14,0,10
BRDA:153,14,1,1
BRDA:157,15,0,10
BRDA:157,15,1,10
BRDA:157,15,2,5
BRDA:216,16,0,2
BRDA:216,16,1,0
BRDA:216,16,2,0
BRF:37
BRH:34
end_of_record
TN:
SF:src\app\transaction-builder\maker-workflow-state.ts
FN:13,beginMakerSubmission
FN:28,reduceMakerSubmitOutcome
FNF:2
FNH:2
FNDA:23,beginMakerSubmission
FNDA:23,reduceMakerSubmitOutcome
DA:13,5
DA:14,23
DA:28,5
DA:29,23
DA:34,23
DA:35,11
LF:6
LH:6
BRDA:34,0,0,12
BRDA:38,1,0,0
BRDA:38,1,1,11
BRDA:38,2,0,11
BRDA:38,2,1,0
BRF:5
BRH:3
end_of_record
TN:
SF:src\app\transaction-builder\paged-list-state.ts
FN:13,(anonymous_0)
FN:15,(anonymous_1)
FN:19,(anonymous_2)
FN:25,(anonymous_3)
FN:30,(anonymous_4)
FNF:5
FNH:5
FNDA:3729,(anonymous_0)
FNDA:89,(anonymous_1)
FNDA:1961,(anonymous_2)
FNDA:31,(anonymous_3)
FNDA:34,(anonymous_4)
DA:9,14
DA:10,3729
DA:11,3729
DA:13,3729
DA:16,89
DA:20,1961
DA:21,1961
DA:26,31
DA:31,34
LF:9
LH:9
BRDA:26,0,0,15
BRDA:26,0,1,16
BRDA:31,1,0,23
BRDA:31,1,1,11
BRF:4
BRH:4
end_of_record
TN:
SF:src\app\transaction-builder\picker-selection.service.ts
FN:62,(anonymous_0)
FN:75,(anonymous_1)
FN:80,(anonymous_2)
FN:85,(anonymous_3)
FN:97,(anonymous_4)
FN:105,(anonymous_5)
FN:112,(anonymous_6)
FN:112,(anonymous_7)
FN:112,(anonymous_8)
FN:114,(anonymous_9)
FN:125,(anonymous_10)
FN:134,(anonymous_11)
FN:135,(anonymous_12)
FN:142,(anonymous_13)
FN:146,(anonymous_14)
FN:169,(anonymous_15)
FN:180,(anonymous_16)
FN:185,(anonymous_17)
FN:195,(anonymous_18)
FN:204,(anonymous_19)
FN:204,(anonymous_20)
FN:205,(anonymous_21)
FN:207,(anonymous_22)
FN:215,(anonymous_23)
FN:217,(anonymous_24)
FN:218,(anonymous_25)
FN:221,(anonymous_26)
FN:225,(anonymous_27)
FN:228,(anonymous_28)
FN:241,(anonymous_29)
FN:242,(anonymous_30)
FN:269,(anonymous_31)
FN:272,(anonymous_32)
FN:276,(anonymous_33)
FN:281,(anonymous_34)
FN:286,(anonymous_35)
FN:297,(anonymous_36)
FN:328,(anonymous_37)
FN:339,(anonymous_38)
FN:349,(anonymous_39)
FN:377,(anonymous_40)
FN:393,(anonymous_41)
FN:395,(anonymous_42)
FN:397,(anonymous_43)
FN:397,(anonymous_44)
FN:405,(anonymous_45)
FN:409,(anonymous_46)
FN:409,(anonymous_47)
FN:410,(anonymous_48)
FN:413,(anonymous_49)
FN:421,(anonymous_50)
FN:433,(anonymous_51)
FN:445,(anonymous_52)
FN:465,(anonymous_53)
FN:466,(anonymous_54)
FNF:55
FNH:54
FNDA:381,(anonymous_0)
FNDA:4,(anonymous_1)
FNDA:4,(anonymous_2)
FNDA:3,(anonymous_3)
FNDA:5,(anonymous_4)
FNDA:2,(anonymous_5)
FNDA:1,(anonymous_6)
FNDA:0,(anonymous_7)
FNDA:1,(anonymous_8)
FNDA:1,(anonymous_9)
FNDA:2,(anonymous_10)
FNDA:4,(anonymous_11)
FNDA:4,(anonymous_12)
FNDA:2,(anonymous_13)
FNDA:1,(anonymous_14)
FNDA:2,(anonymous_15)
FNDA:4,(anonymous_16)
FNDA:3,(anonymous_17)
FNDA:6,(anonymous_18)
FNDA:4,(anonymous_19)
FNDA:3,(anonymous_20)
FNDA:1,(anonymous_21)
FNDA:5,(anonymous_22)
FNDA:3,(anonymous_23)
FNDA:2,(anonymous_24)
FNDA:1,(anonymous_25)
FNDA:3,(anonymous_26)
FNDA:3,(anonymous_27)
FNDA:2,(anonymous_28)
FNDA:5,(anonymous_29)
FNDA:5,(anonymous_30)
FNDA:12,(anonymous_31)
FNDA:16,(anonymous_32)
FNDA:2,(anonymous_33)
FNDA:4,(anonymous_34)
FNDA:3,(anonymous_35)
FNDA:21,(anonymous_36)
FNDA:9,(anonymous_37)
FNDA:7,(anonymous_38)
FNDA:1,(anonymous_39)
FNDA:10,(anonymous_40)
FNDA:1,(anonymous_41)
FNDA:8,(anonymous_42)
FNDA:3,(anonymous_43)
FNDA:1,(anonymous_44)
FNDA:10,(anonymous_45)
FNDA:9,(anonymous_46)
FNDA:9,(anonymous_47)
FNDA:1,(anonymous_48)
FNDA:7,(anonymous_49)
FNDA:9,(anonymous_50)
FNDA:1,(anonymous_51)
FNDA:3,(anonymous_52)
FNDA:19,(anonymous_53)
FNDA:19,(anonymous_54)
DA:1,6
DA:2,6
DA:3,6
DA:4,6
DA:6,6
DA:61,6
DA:62,381
DA:68,381
DA:69,381
DA:70,381
DA:71,381
DA:72,381
DA:76,4
DA:77,4
DA:81,4
DA:82,4
DA:86,3
DA:87,3
DA:98,5
DA:99,5
DA:100,5
DA:101,5
DA:102,5
DA:103,4
DA:104,4
DA:106,2
DA:107,1
DA:108,1
DA:109,1
DA:110,1
DA:112,1
DA:113,1
DA:114,1
DA:115,1
DA:116,1
DA:118,1
DA:119,1
DA:122,1
DA:126,2
DA:127,2
DA:128,2
DA:135,4
DA:136,4
DA:137,4
DA:138,1
DA:139,1
DA:141,3
DA:143,2
DA:144,2
DA:147,1
DA:148,1
DA:158,381
DA:165,381
DA:166,381
DA:176,2
DA:177,2
DA:181,4
DA:182,4
DA:186,3
DA:187,3
DA:196,6
DA:197,6
DA:198,1
DA:199,1
DA:201,5
DA:202,5
DA:204,4
DA:205,1
DA:208,5
DA:209,5
DA:210,2
DA:211,2
DA:212,2
DA:214,3
DA:216,3
DA:217,2
DA:218,1
DA:222,3
DA:223,3
DA:226,3
DA:228,2
DA:235,3
DA:242,5
DA:243,5
DA:244,3
DA:262,381
DA:263,381
DA:264,381
DA:265,381
DA:266,381
DA:270,12
DA:271,12
DA:272,16
DA:277,2
DA:278,2
DA:282,4
DA:283,4
DA:287,3
DA:288,3
DA:304,21
DA:305,21
DA:306,21
DA:307,21
DA:308,21
DA:309,1
DA:310,1
DA:312,20
DA:313,10
DA:321,10
DA:323,10
DA:326,10
DA:327,10
DA:329,9
DA:338,9
DA:340,7
DA:344,9
DA:345,9
DA:346,4
DA:350,1
DA:351,1
DA:385,10
DA:386,1
DA:387,1
DA:389,9
DA:390,9
DA:391,9
DA:393,1
DA:396,8
DA:397,3
DA:399,8
DA:400,1
DA:401,1
DA:402,1
DA:404,7
DA:406,10
DA:409,9
DA:410,1
DA:414,7
DA:417,7
DA:418,7
DA:422,9
DA:427,7
DA:428,7
DA:429,4
DA:434,1
DA:435,1
DA:450,3
DA:451,3
DA:452,3
DA:453,3
DA:454,1
DA:456,2
DA:466,19
DA:474,19
DA:486,19
DA:490,15
DA:491,11
DA:497,15
DA:498,10
DA:500,15
DA:501,15
DA:503,19
DA:504,4
DA:506,19
LF:164
LH:164
BRDA:82,0,0,2
BRDA:87,1,0,2
BRDA:102,2,0,1
BRDA:106,3,0,1
BRDA:116,4,0,1
BRDA:116,4,1,1
BRDA:122,5,0,1
BRDA:135,6,0,4
BRDA:135,6,1,1
BRDA:137,7,0,1
BRDA:182,8,0,2
BRDA:187,9,0,2
BRDA:197,10,0,1
BRDA:209,11,0,2
BRDA:226,12,0,3
BRDA:226,12,1,2
BRDA:231,13,0,2
BRDA:231,13,1,0
BRDA:243,14,0,2
BRDA:249,15,0,3
BRDA:249,15,1,1
BRDA:253,16,0,3
BRDA:253,16,1,1
BRDA:271,17,0,3
BRDA:272,18,0,16
BRDA:272,18,1,1
BRDA:283,19,0,2
BRDA:288,20,0,2
BRDA:308,21,0,1
BRDA:312,22,0,10
BRDA:326,23,0,10
BRDA:326,23,1,3
BRDA:340,24,0,7
BRDA:340,24,1,6
BRDA:340,24,2,6
BRDA:340,24,3,6
BRDA:340,24,4,5
BRDA:345,25,0,4
BRDA:385,26,0,1
BRDA:389,27,0,9
BRDA:389,27,1,0
BRDA:393,28,0,9
BRDA:393,28,1,0
BRDA:397,29,0,3
BRDA:397,29,1,1
BRDA:399,30,0,1
BRDA:409,31,0,9
BRDA:409,31,1,9
BRDA:422,32,0,9
BRDA:422,32,1,8
BRDA:422,32,2,7
BRDA:422,32,3,5
BRDA:423,33,0,8
BRDA:423,33,1,0
BRDA:428,34,0,4
BRDA:453,35,0,1
BRDA:466,36,0,19
BRDA:466,36,1,2
BRDA:486,37,0,15
BRDA:486,38,0,19
BRDA:486,38,1,7
BRDA:486,38,2,16
BRDA:490,39,0,11
BRDA:491,40,0,11
BRDA:491,40,1,1
BRDA:497,41,0,10
BRDA:497,42,0,15
BRDA:497,42,1,9
BRDA:498,43,0,10
BRDA:498,43,1,2
BRDA:503,44,0,4
BRF:71
BRH:67
end_of_record
TN:
SF:src\app\transaction-builder\submit-rules.ts
FN:63,validateMandatoryFields
FN:124,validateNaturalKeyFields
FN:157,validateFunctionSpecificRules
FN:225,validateSubmit
FN:261,buildSubmitRequest
FN:335,hasEligibleTargetSelected
FNF:6
FNH:6
FNDA:108,validateMandatoryFields
FNDA:85,validateNaturalKeyFields
FNDA:71,validateFunctionSpecificRules
FNDA:108,validateSubmit
FNDA:44,buildSubmitRequest
FNDA:72,hasEligibleTargetSelected
DA:2,6
DA:3,6
DA:4,6
DA:14,6
DA:64,108
DA:65,108
DA:66,3
DA:68,105
DA:69,1
DA:75,104
DA:76,7
DA:81,97
DA:82,2
DA:87,95
DA:88,28
DA:89,28
DA:90,3
DA:93,92
DA:94,2
DA:106,90
DA:107,4
DA:112,86
DA:113,1
DA:115,85
DA:125,85
DA:126,85
DA:127,3
DA:129,82
DA:130,3
DA:132,79
DA:133,2
DA:137,77
DA:138,2
DA:140,75
DA:141,2
DA:143,73
DA:144,2
DA:146,71
DA:162,71
DA:165,71
DA:166,17
DA:167,13
DA:168,4
DA:169,2
DA:173,69
DA:174,4
DA:178,65
DA:179,3
DA:191,62
DA:192,8
DA:193,2
DA:195,6
DA:196,6
DA:197,4
DA:199,2
DA:204,56
DA:205,10
DA:206,2
DA:208,8
DA:209,8
DA:210,2
DA:212,6
DA:219,52
DA:220,1
DA:222,51
DA:225,6
DA:226,108
DA:227,108
DA:228,108
DA:232,108
DA:241,108
DA:242,108
DA:244,85
DA:245,85
DA:247,71
DA:248,71
DA:250,51
DA:261,6
DA:262,44
DA:263,44
DA:267,44
DA:274,44
DA:282,44
DA:283,44
DA:284,44
DA:285,15
DA:286,15
DA:289,44
DA:290,11
DA:293,44
DA:294,1
DA:297,44
DA:299,44
DA:300,16
DA:305,28
DA:306,26
DA:308,2
DA:311,42
DA:312,4
DA:314,42
DA:315,2
DA:320,42
DA:321,10
DA:323,42
DA:335,6
DA:336,72
DA:337,72
DA:338,71
DA:339,66
DA:354,66
DA:356,60
DA:358,58
DA:360,55
DA:362,52
DA:364,51
DA:365,1
DA:367,50
DA:368,33
LF:118
LH:118
BRDA:65,0,0,3
BRDA:65,1,0,108
BRDA:65,1,1,108
BRDA:65,1,2,108
BRDA:65,1,3,105
BRDA:65,1,4,105
BRDA:65,1,5,105
BRDA:68,2,0,1
BRDA:68,3,0,105
BRDA:68,3,1,3
BRDA:75,4,0,7
BRDA:75,5,0,104
BRDA:75,5,1,100
BRDA:75,5,2,11
BRDA:81,6,0,2
BRDA:81,7,0,97
BRDA:81,7,1,69
BRDA:81,7,2,30
BRDA:87,8,0,28
BRDA:87,9,0,95
BRDA:87,9,1,68
BRDA:87,9,2,28
BRDA:89,10,0,3
BRDA:93,11,0,2
BRDA:93,12,0,92
BRDA:93,12,1,90
BRDA:106,13,0,4
BRDA:106,14,0,90
BRDA:106,14,1,89
BRDA:106,14,2,86
BRDA:106,14,3,84
BRDA:112,15,0,1
BRDA:112,16,0,86
BRDA:112,16,1,31
BRDA:112,16,2,5
BRDA:112,16,3,4
BRDA:126,17,0,3
BRDA:126,18,0,85
BRDA:126,18,1,19
BRDA:129,19,0,3
BRDA:129,20,0,82
BRDA:129,20,1,34
BRDA:129,20,2,3
BRDA:132,21,0,2
BRDA:132,22,0,79
BRDA:132,22,1,12
BRDA:137,23,0,2
BRDA:137,24,0,77
BRDA:137,24,1,29
BRDA:137,24,2,19
BRDA:140,25,0,2
BRDA:140,26,0,75
BRDA:140,26,1,20
BRDA:140,26,2,10
BRDA:143,27,0,2
BRDA:143,28,0,73
BRDA:143,28,1,24
BRDA:165,29,0,17
BRDA:166,30,0,13
BRDA:166,30,1,4
BRDA:168,31,0,2
BRDA:168,32,0,4
BRDA:168,32,1,2
BRDA:173,33,0,4
BRDA:173,34,0,69
BRDA:173,34,1,14
BRDA:174,35,0,4
BRDA:174,35,1,1
BRDA:178,36,0,3
BRDA:178,37,0,65
BRDA:178,37,1,8
BRDA:178,37,2,6
BRDA:191,38,0,8
BRDA:192,39,0,2
BRDA:196,40,0,4
BRDA:204,41,0,10
BRDA:204,42,0,56
BRDA:204,42,1,10
BRDA:205,43,0,2
BRDA:209,44,0,2
BRDA:212,45,0,5
BRDA:212,45,1,1
BRDA:219,46,0,1
BRDA:219,47,0,52
BRDA:219,47,1,3
BRDA:228,48,0,107
BRDA:228,48,1,1
BRDA:242,49,0,23
BRDA:245,50,0,14
BRDA:248,51,0,20
BRDA:263,52,0,43
BRDA:263,52,1,1
BRDA:267,53,0,2
BRDA:267,53,1,42
BRDA:269,54,0,2
BRDA:269,54,1,40
BRDA:270,55,0,1
BRDA:270,55,1,1
BRDA:277,56,0,44
BRDA:277,56,1,20
BRDA:282,57,0,2
BRDA:282,58,0,44
BRDA:282,58,1,18
BRDA:283,59,0,15
BRDA:284,60,0,15
BRDA:286,61,0,5
BRDA:289,62,0,11
BRDA:289,63,0,44
BRDA:289,63,1,33
BRDA:289,63,2,11
BRDA:293,64,0,1
BRDA:293,65,0,44
BRDA:293,65,1,2
BRDA:297,66,0,1
BRDA:299,67,0,16
BRDA:299,67,1,28
BRDA:302,68,0,16
BRDA:302,68,1,11
BRDA:303,69,0,16
BRDA:303,69,1,16
BRDA:305,70,0,26
BRDA:305,70,1,2
BRDA:311,71,0,4
BRDA:311,72,0,42
BRDA:311,72,1,11
BRDA:314,73,0,2
BRDA:314,74,0,42
BRDA:314,74,1,6
BRDA:320,75,0,10
BRDA:320,76,0,42
BRDA:320,76,1,12
BRDA:337,77,0,1
BRDA:338,78,0,5
BRDA:338,79,0,71
BRDA:338,79,1,18
BRDA:354,80,0,6
BRDA:354,81,0,66
BRDA:354,81,1,13
BRDA:354,81,2,9
BRDA:356,82,0,2
BRDA:356,83,0,60
BRDA:356,83,1,4
BRDA:358,84,0,3
BRDA:358,85,0,58
BRDA:358,85,1,5
BRDA:360,86,0,3
BRDA:360,87,0,55
BRDA:360,87,1,4
BRDA:360,87,2,1
BRDA:362,88,0,1
BRDA:362,89,0,52
BRDA:362,89,1,2
BRDA:364,90,0,1
BRDA:364,91,0,51
BRDA:364,91,1,2
BRDA:364,91,2,2
BRDA:367,92,0,17
BRDA:367,93,0,50
BRDA:367,93,1,44
BRF:159
BRH:159
end_of_record
TN:
SF:src\app\transaction-builder\transaction-builder.component.ts
FN:83,(anonymous_0)
FN:132,(anonymous_1)
FN:141,(anonymous_2)
FN:174,(anonymous_3)
FN:184,(anonymous_4)
FN:223,(anonymous_5)
FN:240,(anonymous_6)
FN:254,(anonymous_7)
FN:273,(anonymous_8)
FN:277,(anonymous_9)
FN:285,(anonymous_10)
FN:291,(anonymous_11)
FN:298,(anonymous_12)
FN:302,(anonymous_13)
FN:312,(anonymous_14)
FN:323,(anonymous_15)
FN:325,(anonymous_16)
FN:343,(anonymous_17)
FN:348,(anonymous_18)
FN:352,(anonymous_19)
FN:356,(anonymous_20)
FN:366,(anonymous_21)
FN:377,(anonymous_22)
FN:382,(anonymous_23)
FN:387,(anonymous_24)
FN:392,(anonymous_25)
FN:400,(anonymous_26)
FN:408,(anonymous_27)
FN:428,(anonymous_28)
FN:452,(anonymous_29)
FN:458,(anonymous_30)
FN:492,(anonymous_31)
FN:496,(anonymous_32)
FN:497,(anonymous_33)
FN:498,(anonymous_34)
FN:498,(anonymous_35)
FN:499,(anonymous_36)
FN:521,(anonymous_37)
FN:521,(anonymous_38)
FN:522,(anonymous_39)
FN:528,(anonymous_40)
FN:536,(anonymous_41)
FN:540,(anonymous_42)
FN:541,(anonymous_43)
FN:545,(anonymous_44)
FN:566,(anonymous_45)
FN:570,(anonymous_46)
FN:581,(anonymous_47)
FN:590,(anonymous_48)
FN:594,(anonymous_49)
FN:599,(anonymous_50)
FN:604,(anonymous_51)
FN:608,(anonymous_52)
FN:618,(anonymous_53)
FN:620,(anonymous_54)
FN:636,(anonymous_55)
FN:660,(anonymous_56)
FN:664,(anonymous_57)
FN:676,(anonymous_58)
FN:692,(anonymous_59)
FN:724,(anonymous_60)
FN:735,(anonymous_61)
FN:743,(anonymous_62)
FN:746,(anonymous_63)
FN:760,(anonymous_64)
FN:769,(anonymous_65)
FNF:66
FNH:63
FNDA:101,(anonymous_0)
FNDA:192,(anonymous_1)
FNDA:26,(anonymous_2)
FNDA:2,(anonymous_3)
FNDA:73,(anonymous_4)
FNDA:8,(anonymous_5)
FNDA:2,(anonymous_6)
FNDA:4,(anonymous_7)
FNDA:2,(anonymous_8)
FNDA:1,(anonymous_9)
FNDA:1,(anonymous_10)
FNDA:0,(anonymous_11)
FNDA:5,(anonymous_12)
FNDA:2,(anonymous_13)
FNDA:2,(anonymous_14)
FNDA:21,(anonymous_15)
FNDA:2,(anonymous_16)
FNDA:5,(anonymous_17)
FNDA:0,(anonymous_18)
FNDA:2,(anonymous_19)
FNDA:24,(anonymous_20)
FNDA:14,(anonymous_21)
FNDA:2,(anonymous_22)
FNDA:2,(anonymous_23)
FNDA:2,(anonymous_24)
FNDA:2,(anonymous_25)
FNDA:2,(anonymous_26)
FNDA:31,(anonymous_27)
FNDA:16,(anonymous_28)
FNDA:20,(anonymous_29)
FNDA:20,(anonymous_30)
FNDA:20,(anonymous_31)
FNDA:3,(anonymous_32)
FNDA:3,(anonymous_33)
FNDA:3,(anonymous_34)
FNDA:4,(anonymous_35)
FNDA:1,(anonymous_36)
FNDA:3,(anonymous_37)
FNDA:7,(anonymous_38)
FNDA:0,(anonymous_39)
FNDA:8,(anonymous_40)
FNDA:2,(anonymous_41)
FNDA:1,(anonymous_42)
FNDA:1,(anonymous_43)
FNDA:27,(anonymous_44)
FNDA:3,(anonymous_45)
FNDA:7,(anonymous_46)
FNDA:5,(anonymous_47)
FNDA:4,(anonymous_48)
FNDA:2,(anonymous_49)
FNDA:1,(anonymous_50)
FNDA:1,(anonymous_51)
FNDA:2,(anonymous_52)
FNDA:1,(anonymous_53)
FNDA:1,(anonymous_54)
FNDA:21,(anonymous_55)
FNDA:24,(anonymous_56)
FNDA:22,(anonymous_57)
FNDA:32,(anonymous_58)
FNDA:14,(anonymous_59)
FNDA:7,(anonymous_60)
FNDA:2,(anonymous_61)
FNDA:6,(anonymous_62)
FNDA:5,(anonymous_63)
FNDA:7,(anonymous_64)
FNDA:4,(anonymous_65)
DA:1,4
DA:2,4
DA:3,4
DA:4,4
DA:5,4
DA:6,4
DA:7,4
DA:8,4
DA:9,4
DA:10,4
DA:11,4
DA:12,4
DA:13,4
DA:14,4
DA:15,4
DA:16,4
DA:17,4
DA:18,4
DA:19,4
DA:20,4
DA:33,4
DA:34,4
DA:35,4
DA:36,4
DA:64,4
DA:65,192
DA:66,192
DA:79,192
DA:80,192
DA:81,192
DA:84,101
DA:88,192
DA:89,192
DA:90,192
DA:91,192
DA:92,192
DA:94,192
DA:96,192
DA:98,192
DA:99,192
DA:100,192
DA:103,192
DA:115,192
DA:117,192
DA:119,192
DA:121,192
DA:123,192
DA:125,192
DA:126,192
DA:127,192
DA:129,192
DA:133,192
DA:134,192
DA:135,192
DA:136,192
DA:137,192
DA:138,192
DA:142,26
DA:143,26
DA:144,26
DA:145,26
DA:146,26
DA:159,26
DA:160,12
DA:161,12
DA:163,26
DA:164,4
DA:166,26
DA:167,7
DA:169,26
DA:170,1
DA:175,2
DA:176,2
DA:185,73
DA:186,73
DA:187,73
DA:188,73
DA:189,73
DA:190,73
DA:191,73
DA:192,73
DA:193,73
DA:194,73
DA:204,73
DA:205,73
DA:206,73
DA:224,8
DA:225,8
DA:226,7
DA:227,7
DA:228,7
DA:241,2
DA:242,1
DA:243,1
DA:255,4
DA:256,4
DA:257,3
DA:258,3
DA:259,3
DA:260,3
DA:274,2
DA:275,2
DA:276,1
DA:277,1
DA:278,1
DA:279,1
DA:280,1
DA:286,1
DA:287,1
DA:292,0
DA:296,192
DA:299,5
DA:300,5
DA:301,5
DA:302,2
DA:303,2
DA:313,2
DA:324,21
DA:325,2
DA:344,5
DA:349,0
DA:353,2
DA:363,24
DA:373,14
DA:378,2
DA:383,2
DA:388,2
DA:397,2
DA:405,2
DA:414,31
DA:415,31
DA:416,31
DA:417,31
DA:429,16
DA:430,16
DA:438,15
DA:439,15
DA:457,20
DA:458,20
DA:459,20
DA:460,5
DA:493,20
DA:494,4
DA:495,4
DA:496,3
DA:497,3
DA:498,4
DA:499,1
DA:516,16
DA:519,16
DA:520,3
DA:521,7
DA:522,0
DA:525,13
DA:529,8
DA:530,8
DA:531,8
DA:532,8
DA:537,2
DA:541,1
DA:546,27
DA:547,25
DA:548,6
DA:550,19
DA:551,4
DA:556,15
DA:557,1
DA:559,14
DA:560,3
DA:561,2
DA:563,1
DA:567,3
DA:571,7
DA:582,5
DA:583,4
DA:584,1
DA:586,3
DA:587,2
DA:591,4
DA:595,2
DA:596,2
DA:600,1
DA:605,1
DA:609,2
DA:619,1
DA:620,1
DA:621,1
DA:622,1
DA:637,21
DA:638,21
DA:639,21
DA:640,9
DA:641,9
DA:661,24
DA:662,22
DA:663,22
DA:664,22
DA:665,22
DA:666,22
DA:667,11
DA:668,11
DA:669,11
DA:670,11
DA:672,11
DA:677,32
DA:693,14
DA:694,13
DA:696,13
DA:697,2
DA:698,1
DA:699,2
DA:702,11
DA:707,1
DA:708,1
DA:711,10
DA:716,1
DA:717,1
DA:720,9
DA:721,9
DA:722,9
DA:723,9
DA:725,7
DA:732,7
DA:733,7
DA:736,2
DA:737,2
DA:744,6
DA:745,5
DA:746,5
DA:747,5
DA:748,5
DA:761,7
DA:766,3
DA:767,4
DA:768,4
DA:769,4
DA:770,4
DA:771,4
LF:238
LH:235
BRDA:84,0,0,100
BRDA:84,0,1,1
BRDA:134,1,0,192
BRDA:135,2,0,192
BRDA:136,3,0,192
BRDA:137,4,0,192
BRDA:138,5,0,192
BRDA:159,6,0,12
BRDA:163,7,0,4
BRDA:166,8,0,7
BRDA:169,9,0,1
BRDA:225,10,0,1
BRDA:241,11,0,1
BRDA:256,12,0,1
BRDA:275,13,0,1
BRDA:301,14,0,2
BRDA:301,15,0,5
BRDA:301,15,1,2
BRDA:324,16,0,2
BRDA:344,17,0,5
BRDA:344,17,1,3
BRDA:349,18,0,0
BRDA:349,18,1,0
BRDA:415,19,0,31
BRDA:415,19,1,0
BRDA:416,20,0,31
BRDA:416,20,1,28
BRDA:417,21,0,31
BRDA:417,21,1,31
BRDA:430,22,0,1
BRDA:438,23,0,1
BRDA:438,23,1,14
BRDA:438,24,0,15
BRDA:438,24,1,2
BRDA:459,25,0,15
BRDA:459,26,0,20
BRDA:459,26,1,6
BRDA:493,27,0,4
BRDA:493,28,0,20
BRDA:493,28,1,5
BRDA:498,29,0,3
BRDA:498,29,1,0
BRDA:498,30,0,4
BRDA:498,30,1,3
BRDA:516,31,0,16
BRDA:516,31,1,2
BRDA:516,31,2,15
BRDA:516,31,3,11
BRDA:516,31,4,9
BRDA:516,31,5,7
BRDA:516,31,6,2
BRDA:516,31,7,0
BRDA:519,32,0,3
BRDA:519,33,0,16
BRDA:519,33,1,11
BRDA:521,34,0,3
BRDA:521,34,1,0
BRDA:521,35,0,7
BRDA:521,35,1,4
BRDA:521,35,2,4
BRDA:537,36,0,1
BRDA:546,37,0,2
BRDA:547,38,0,6
BRDA:548,39,0,6
BRDA:548,39,1,6
BRDA:550,40,0,4
BRDA:552,41,0,4
BRDA:552,41,1,3
BRDA:552,41,2,3
BRDA:556,42,0,1
BRDA:559,43,0,11
BRDA:560,44,0,2
BRDA:567,45,0,3
BRDA:567,45,1,2
BRDA:572,46,0,7
BRDA:572,46,1,5
BRDA:572,46,2,4
BRDA:575,47,0,4
BRDA:575,47,1,1
BRDA:582,48,0,1
BRDA:583,49,0,1
BRDA:583,50,0,4
BRDA:583,50,1,1
BRDA:586,51,0,1
BRDA:591,52,0,4
BRDA:591,52,1,3
BRDA:638,53,0,3
BRDA:639,54,0,9
BRDA:661,55,0,2
BRDA:661,56,0,24
BRDA:661,56,1,20
BRDA:666,57,0,11
BRDA:666,58,0,22
BRDA:666,58,1,22
BRDA:693,59,0,1
BRDA:696,60,0,2
BRDA:697,61,0,1
BRDA:697,61,1,1
BRDA:702,62,0,1
BRDA:703,63,0,11
BRDA:703,63,1,8
BRDA:703,63,2,1
BRDA:705,64,0,1
BRDA:705,64,1,1
BRDA:711,65,0,1
BRDA:712,66,0,10
BRDA:712,66,1,7
BRDA:712,66,2,3
BRDA:722,67,0,6
BRDA:722,67,1,3
BRDA:744,68,0,1
BRDA:744,69,0,6
BRDA:744,69,1,5
BRDA:761,70,0,3
BRDA:762,71,0,7
BRDA:762,71,1,6
BRDA:762,71,2,5
BRDA:762,71,3,2
BRF:118
BRH:112
end_of_record
