TN:
SF:src\app\tb-icon.component.ts
FNF:0
FNH:0
DA:1,13
DA:2,13
DA:91,13
LF:3
LH:3
BRF:0
BRH:0
end_of_record
TN:
SF:src\app\theme.service.ts
FN:46,(anonymous_0)
FN:32,(anonymous_1)
FN:56,(anonymous_2)
FN:66,(anonymous_3)
FN:74,(anonymous_4)
FN:81,(anonymous_5)
FN:86,(anonymous_6)
FN:91,(anonymous_7)
FN:102,(anonymous_8)
FN:112,(anonymous_9)
FNF:10
FNH:10
FNDA:18,(anonymous_0)
FNDA:2,(anonymous_1)
FNDA:18,(anonymous_2)
FNDA:10,(anonymous_3)
FNDA:10,(anonymous_4)
FNDA:3,(anonymous_5)
FNDA:33,(anonymous_6)
FNDA:24,(anonymous_7)
FNDA:30,(anonymous_8)
FNDA:30,(anonymous_9)
DA:1,1
DA:6,1
DA:7,1
DA:27,1
DA:28,18
DA:31,18
DA:32,18
DA:44,18
DA:47,18
DA:53,18
DA:57,18
DA:58,18
DA:59,16
DA:63,17
DA:67,10
DA:68,10
DA:75,10
DA:76,10
DA:77,10
DA:82,3
DA:83,3
DA:87,33
DA:88,24
DA:92,24
DA:93,21
DA:103,30
DA:104,30
DA:105,30
DA:106,30
DA:107,30
DA:108,30
DA:113,30
DA:114,21
DA:115,17
DA:116,17
DA:117,9
DA:118,7
DA:119,7
LF:38
LH:38
BRDA:59,0,0,1
BRDA:59,1,0,16
BRDA:59,1,1,16
BRDA:59,1,2,16
BRDA:87,2,0,9
BRDA:88,3,0,5
BRDA:88,3,1,19
BRDA:92,4,0,3
BRDA:92,5,0,24
BRDA:92,5,1,24
BRDA:105,6,0,0
BRDA:107,7,0,30
BRDA:113,8,0,21
BRDA:113,8,1,9
BRDA:114,9,0,4
BRDA:114,10,0,21
BRDA:114,10,1,19
BRDA:114,10,2,19
BRDA:117,11,0,7
BRF:19
BRH:18
end_of_record
TN:
SF:src\app\business-case-runner\balance-case-api.service.ts
FN:35,(anonymous_0)
FN:37,(anonymous_1)
FN:41,(anonymous_2)
FN:46,(anonymous_3)
FNF:4
FNH:4
FNDA:4,(anonymous_0)
FNDA:1,(anonymous_1)
FNDA:2,(anonymous_2)
FNDA:1,(anonymous_3)
DA:1,2
DA:2,2
DA:34,2
DA:35,4
DA:38,1
DA:42,2
DA:47,1
LF:7
LH:7
BRF:0
BRH:0
end_of_record
TN:
SF:src\app\business-case-runner\business-case-runner.component.ts
FN:37,(anonymous_0)
FN:39,(anonymous_1)
FN:41,(anonymous_2)
FN:51,(anonymous_3)
FN:56,(anonymous_4)
FN:62,(anonymous_5)
FN:67,(anonymous_6)
FN:71,(anonymous_7)
FN:78,(anonymous_8)
FN:83,(anonymous_9)
FN:90,(anonymous_10)
FN:94,(anonymous_11)
FN:104,(anonymous_12)
FN:109,(anonymous_13)
FN:113,(anonymous_14)
FN:120,(anonymous_15)
FN:129,(anonymous_16)
FN:136,(anonymous_17)
FN:148,(anonymous_18)
FNF:19
FNH:19
FNDA:22,(anonymous_0)
FNDA:3,(anonymous_1)
FNDA:1,(anonymous_2)
FNDA:2,(anonymous_3)
FNDA:2,(anonymous_4)
FNDA:5,(anonymous_5)
FNDA:1,(anonymous_6)
FNDA:2,(anonymous_7)
FNDA:6,(anonymous_8)
FNDA:11,(anonymous_9)
FNDA:5,(anonymous_10)
FNDA:2,(anonymous_11)
FNDA:5,(anonymous_12)
FNDA:1,(anonymous_13)
FNDA:2,(anonymous_14)
FNDA:7,(anonymous_15)
FNDA:6,(anonymous_16)
FNDA:11,(anonymous_17)
FNDA:2,(anonymous_18)
DA:1,1
DA:2,1
DA:3,1
DA:4,1
DA:5,1
DA:21,1
DA:22,22
DA:23,22
DA:24,22
DA:26,22
DA:27,22
DA:28,22
DA:29,22
DA:30,22
DA:31,22
DA:34,22
DA:35,22
DA:37,22
DA:40,3
DA:42,1
DA:43,1
DA:51,2
DA:57,2
DA:63,5
DA:64,4
DA:65,4
DA:66,4
DA:68,1
DA:69,1
DA:72,2
DA:73,2
DA:79,6
DA:80,6
DA:81,6
DA:82,6
DA:83,6
DA:84,11
DA:85,11
DA:86,3
DA:87,3
DA:89,8
DA:91,5
DA:92,5
DA:95,2
DA:96,2
DA:100,6
DA:105,5
DA:106,4
DA:107,4
DA:108,4
DA:110,1
DA:111,1
DA:114,2
DA:115,2
DA:121,7
DA:122,6
DA:123,4
DA:124,3
DA:125,2
DA:126,1
DA:130,6
DA:131,5
DA:132,4
DA:133,3
DA:137,11
DA:138,10
DA:139,8
DA:140,8
DA:141,7
DA:142,6
DA:143,2
DA:147,4
DA:148,2
DA:150,3
DA:151,2
DA:152,2
DA:154,1
LF:77
LH:77
BRDA:57,0,0,2
BRDA:57,0,1,1
BRDA:63,1,0,1
BRDA:73,2,0,2
BRDA:73,2,1,1
BRDA:85,3,0,3
BRDA:96,4,0,2
BRDA:96,4,1,1
BRDA:105,5,0,1
BRDA:115,6,0,2
BRDA:115,6,1,1
BRDA:121,7,0,1
BRDA:122,8,0,2
BRDA:122,9,0,6
BRDA:122,9,1,2
BRDA:122,10,0,1
BRDA:122,10,1,1
BRDA:123,11,0,1
BRDA:124,12,0,1
BRDA:125,13,0,1
BRDA:130,14,0,1
BRDA:131,15,0,1
BRDA:132,16,0,1
BRDA:133,17,0,3
BRDA:133,17,1,1
BRDA:133,18,0,1
BRDA:133,18,1,2
BRDA:137,19,0,1
BRDA:138,20,0,2
BRDA:138,21,0,2
BRDA:138,21,1,1
BRDA:140,22,0,1
BRDA:141,23,0,1
BRDA:142,24,0,2
BRDA:145,25,0,1
BRDA:145,25,1,1
BRDA:147,26,0,1
BRDA:147,27,0,4
BRDA:147,27,1,3
BRDA:147,27,2,1
BRDA:148,28,0,2
BRDA:148,28,1,0
BRDA:150,29,0,2
BRDA:151,30,0,1
BRDA:151,30,1,1
BRF:45
BRH:44
end_of_record
TN:
SF:src\app\shared\feedback\api-error-presenter.ts
FN:11,errorDetails
FN:21,actionLabel
FN:26,presentApiError
FNF:3
FNH:3
FNDA:17,errorDetails
FNDA:5,actionLabel
FNDA:17,presentApiError
DA:12,17
DA:13,17
DA:14,17
DA:22,5
DA:26,11
DA:27,17
DA:28,17
DA:29,17
DA:31,17
DA:32,5
DA:42,12
DA:43,2
DA:53,10
DA:54,1
DA:64,9
DA:65,4
DA:75,5
LF:17
LH:17
BRDA:13,0,0,4
BRDA:13,0,1,13
BRDA:17,1,0,17
BRDA:17,1,1,15
BRDA:17,1,2,14
BRDA:17,2,0,1
BRDA:17,2,1,14
BRDA:22,3,0,1
BRDA:22,3,1,4
BRDA:28,4,0,17
BRDA:28,4,1,15
BRDA:29,5,0,17
BRDA:29,5,1,15
BRDA:29,5,2,12
BRDA:31,6,0,5
BRDA:31,7,0,17
BRDA:31,7,1,8
BRDA:35,8,0,3
BRDA:35,8,1,2
BRDA:42,9,0,2
BRDA:42,10,0,12
BRDA:42,10,1,11
BRDA:53,11,0,1
BRDA:64,12,0,4
BRDA:64,13,0,9
BRDA:64,13,1,8
BRDA:64,13,2,7
BRF:27
BRH:27
end_of_record
TN:
SF:src\app\shared\feedback\feedback-message.component.ts
FN:12,(anonymous_0)
FN:16,(anonymous_1)
FN:20,(anonymous_2)
FNF:3
FNH:3
FNDA:3,(anonymous_0)
FNDA:3,(anonymous_1)
FNDA:3,(anonymous_2)
DA:1,11
DA:2,11
DA:12,11
DA:14,3
DA:17,3
DA:21,3
LF:6
LH:6
BRDA:17,0,0,2
BRDA:17,0,1,1
BRDA:17,1,0,3
BRDA:17,1,1,1
BRDA:21,2,0,2
BRDA:21,2,1,1
BRF:6
BRH:6
end_of_record
TN:
SF:src\app\transaction-builder\account-entries-dialog.component.ts
FN:43,(anonymous_0)
FN:75,(anonymous_1)
FN:80,(anonymous_2)
FN:85,(anonymous_3)
FN:90,(anonymous_4)
FN:95,(anonymous_5)
FN:99,(anonymous_6)
FN:111,(anonymous_7)
FN:115,(anonymous_8)
FN:119,(anonymous_9)
FNF:10
FNH:10
FNDA:24,(anonymous_0)
FNDA:6,(anonymous_1)
FNDA:6,(anonymous_2)
FNDA:2,(anonymous_3)
FNDA:2,(anonymous_4)
FNDA:6,(anonymous_5)
FNDA:7,(anonymous_6)
FNDA:3,(anonymous_7)
FNDA:4,(anonymous_8)
FNDA:1,(anonymous_9)
DA:1,5
DA:2,5
DA:4,5
DA:5,5
DA:15,5
DA:16,5
DA:43,5
DA:45,24
DA:47,24
DA:49,24
DA:58,24
DA:61,24
DA:76,6
DA:81,6
DA:86,2
DA:91,2
DA:96,6
DA:100,7
DA:112,3
DA:116,4
DA:120,1
LF:21
LH:21
BRF:0
BRH:0
end_of_record
TN:
SF:src\app\transaction-builder\api-error.ts
FN:16,describeApiError
FN:34,notFoundMessage
FNF:2
FNH:2
FNDA:67,describeApiError
FNDA:10,notFoundMessage
DA:16,16
DA:17,67
DA:18,67
DA:34,16
DA:35,10
LF:5
LH:5
BRDA:18,0,0,67
BRDA:18,0,1,4
BRDA:18,0,2,2
BRF:3
BRH:3
end_of_record
TN:
SF:src\app\transaction-builder\balance-component-api.service.ts
FN:242,(anonymous_0)
FN:244,(anonymous_1)
FN:248,(anonymous_2)
FN:252,(anonymous_3)
FN:256,(anonymous_4)
FN:260,(anonymous_5)
FN:264,(anonymous_6)
FN:269,(anonymous_7)
FN:279,(anonymous_8)
FN:284,(anonymous_9)
FN:289,(anonymous_10)
FN:294,(anonymous_11)
FN:304,(anonymous_12)
FN:313,(anonymous_13)
FN:331,(anonymous_14)
FN:353,(anonymous_15)
FN:368,(anonymous_16)
FN:381,(anonymous_17)
FN:387,(anonymous_18)
FN:392,(anonymous_19)
FN:402,(anonymous_20)
FN:412,(anonymous_21)
FN:426,(anonymous_22)
FN:439,(anonymous_23)
FNF:24
FNH:21
FNDA:44,(anonymous_0)
FNDA:1,(anonymous_1)
FNDA:1,(anonymous_2)
FNDA:1,(anonymous_3)
FNDA:1,(anonymous_4)
FNDA:1,(anonymous_5)
FNDA:2,(anonymous_6)
FNDA:2,(anonymous_7)
FNDA:1,(anonymous_8)
FNDA:0,(anonymous_9)
FNDA:1,(anonymous_10)
FNDA:1,(anonymous_11)
FNDA:5,(anonymous_12)
FNDA:1,(anonymous_13)
FNDA:9,(anonymous_14)
FNDA:0,(anonymous_15)
FNDA:3,(anonymous_16)
FNDA:3,(anonymous_17)
FNDA:1,(anonymous_18)
FNDA:1,(anonymous_19)
FNDA:1,(anonymous_20)
FNDA:0,(anonymous_21)
FNDA:5,(anonymous_22)
FNDA:3,(anonymous_23)
DA:1,16
DA:2,16
DA:239,16
DA:240,44
DA:242,44
DA:245,1
DA:249,1
DA:253,1
DA:257,1
DA:261,1
DA:265,2
DA:270,2
DA:280,1
DA:285,0
DA:290,1
DA:295,1
DA:305,5
DA:306,5
DA:307,5
DA:308,5
DA:309,5
DA:314,1
DA:342,9
DA:343,9
DA:344,9
DA:345,9
DA:346,9
DA:347,9
DA:348,9
DA:349,9
DA:354,0
DA:355,0
DA:356,0
DA:369,3
DA:370,3
DA:371,3
DA:382,3
DA:383,3
DA:384,3
DA:388,1
DA:393,1
DA:403,1
DA:413,0
DA:427,5
DA:428,5
DA:429,5
DA:430,5
DA:440,3
DA:441,3
DA:442,3
DA:443,3
DA:444,3
DA:445,3
DA:446,3
DA:447,3
LF:55
LH:50
BRDA:304,0,0,5
BRDA:306,1,0,2
BRDA:307,2,0,2
BRDA:308,3,0,0
BRDA:335,4,0,3
BRDA:336,5,0,3
BRDA:343,6,0,4
BRDA:344,7,0,2
BRDA:345,8,0,2
BRDA:346,9,0,2
BRDA:347,10,0,1
BRDA:348,11,0,0
BRDA:353,12,0,0
BRDA:353,13,0,0
BRDA:355,14,0,0
BRDA:368,15,0,2
BRDA:370,16,0,1
BRDA:381,17,0,2
BRDA:383,18,0,1
BRDA:428,19,0,1
BRDA:429,20,0,1
BRDA:441,21,0,2
BRDA:442,22,0,1
BRDA:443,23,0,1
BRDA:444,24,0,1
BRDA:445,25,0,1
BRDA:446,26,0,1
BRF:27
BRH:22
end_of_record
TN:
SF:src\app\transaction-builder\balance-component.model.ts
FN:115,isToleranceApplicable
FN:120,defaultLcInstrumentTypeForSide
FN:125,(anonymous_2)
FN:134,childInstrumentTypesOf
FN:165,decimalPlacesForCurrency
FN:170,(anonymous_5)
FN:179,amountExceedsCurrencyDecimals
FN:186,groupThousands
FN:197,formatCurrencyAmount
FN:303,tenorTypeLabel
FN:306,(anonymous_10)
FN:634,isEarmarkFunction
FN:644,displayStatus
FN:690,functionActionIcon
FN:699,statusBadgeIcon
FN:721,isCloseMovement
FN:726,isExpireMovement
FN:739,isReversalMovement
FN:742,isReopenMovement
FN:760,systemMovementLabel
FN:776,isBatchActor
FN:781,statusBadgeClass
FN:811,contractStatusBadgeClass
FN:825,contractStatusLabel
FN:831,displayMovementType
FN:843,displayMovementAmount
FN:868,accountingSetLabel
FN:905,accountingSetStatusLabel
FN:911,accountingSetStatusBadgeClass
FNF:29
FNH:29
FNDA:772,isToleranceApplicable
FNDA:142,defaultLcInstrumentTypeForSide
FNDA:27,(anonymous_2)
FNDA:74,childInstrumentTypesOf
FNDA:1105,decimalPlacesForCurrency
FNDA:270,(anonymous_5)
FNDA:123,amountExceedsCurrencyDecimals
FNDA:25,groupThousands
FNDA:9,formatCurrencyAmount
FNDA:101,tenorTypeLabel
FNDA:117,(anonymous_10)
FNDA:124,isEarmarkFunction
FNDA:73,displayStatus
FNDA:23,functionActionIcon
FNDA:24,statusBadgeIcon
FNDA:125,isCloseMovement
FNDA:113,isExpireMovement
FNDA:4,isReversalMovement
FNDA:3,isReopenMovement
FNDA:10,systemMovementLabel
FNDA:7,isBatchActor
FNDA:52,statusBadgeClass
FNDA:25,contractStatusBadgeClass
FNDA:11,contractStatusLabel
FNDA:20,displayMovementType
FNDA:12,displayMovementAmount
FNDA:21,accountingSetLabel
FNDA:14,accountingSetStatusLabel
FNDA:7,accountingSetStatusBadgeClass
DA:25,27
DA:51,27
DA:72,27
DA:88,27
DA:89,27
DA:92,27
DA:95,27
DA:98,27
DA:115,27
DA:116,772
DA:120,27
DA:121,142
DA:125,27
DA:126,27
DA:127,270
DA:128,27
DA:129,270
DA:131,27
DA:134,27
DA:135,74
DA:139,27
DA:148,27
DA:165,27
DA:166,1105
DA:170,270
DA:179,27
DA:180,123
DA:181,119
DA:182,119
DA:186,27
DA:187,25
DA:188,25
DA:189,118
DA:190,118
DA:191,118
DA:193,25
DA:197,27
DA:198,9
DA:199,9
DA:200,9
DA:201,9
DA:203,9
DA:204,9
DA:205,9
DA:206,9
DA:207,9
DA:209,9
DA:210,9
DA:211,9
DA:212,9
DA:213,9
DA:217,27
DA:296,27
DA:303,27
DA:304,101
DA:305,92
DA:306,117
DA:309,27
DA:317,27
DA:323,27
DA:488,27
DA:634,27
DA:639,124
DA:640,115
DA:644,27
DA:655,73
DA:660,69
DA:661,66
DA:662,66
DA:663,36
DA:664,8
DA:684,27
DA:685,27
DA:686,27
DA:687,27
DA:690,27
DA:691,23
DA:692,16
DA:693,13
DA:694,8
DA:695,4
DA:699,27
DA:700,24
DA:701,14
DA:702,9
DA:703,2
DA:722,125
DA:727,113
DA:739,27
DA:740,4
DA:742,27
DA:743,3
DA:760,27
DA:761,10
DA:762,8
DA:763,6
DA:774,27
DA:776,27
DA:777,7
DA:781,27
DA:788,52
DA:789,43
DA:790,25
DA:791,5
DA:792,0
DA:811,27
DA:812,25
DA:813,21
DA:818,13
DA:819,11
DA:820,3
DA:821,1
DA:825,27
DA:826,11
DA:827,8
DA:831,27
DA:836,20
DA:837,10
DA:839,10
DA:843,27
DA:848,12
DA:849,5
DA:851,7
DA:868,27
DA:869,21
DA:871,3
DA:873,4
DA:875,4
DA:878,4
DA:880,6
DA:905,27
DA:906,14
DA:907,12
DA:911,27
DA:912,7
DA:913,5
LF:136
LH:135
BRDA:116,0,0,772
BRDA:116,0,1,540
BRDA:121,1,0,109
BRDA:121,1,1,33
BRDA:135,2,0,74
BRDA:135,2,1,0
BRDA:166,3,0,1105
BRDA:166,3,1,1073
BRDA:166,4,0,1105
BRDA:166,4,1,95
BRDA:180,5,0,4
BRDA:180,6,0,123
BRDA:180,6,1,122
BRDA:180,6,2,120
BRDA:182,7,0,119
BRDA:182,7,1,17
BRDA:190,8,0,26
BRDA:190,9,0,118
BRDA:190,9,1,94
BRDA:198,10,0,0
BRDA:198,11,0,9
BRDA:198,11,1,9
BRDA:198,11,2,9
BRDA:201,12,0,0
BRDA:205,13,0,9
BRDA:205,13,1,4
BRDA:207,14,0,3
BRDA:207,15,0,9
BRDA:207,15,1,5
BRDA:210,16,0,1
BRDA:210,16,1,8
BRDA:211,17,0,1
BRDA:211,17,1,8
BRDA:212,18,0,0
BRDA:212,18,1,9
BRDA:212,19,0,9
BRDA:212,19,1,1
BRDA:304,20,0,9
BRDA:305,21,0,28
BRDA:305,21,1,64
BRDA:306,22,0,92
BRDA:306,22,1,1
BRDA:639,23,0,9
BRDA:640,24,0,115
BRDA:640,24,1,71
BRDA:640,24,2,71
BRDA:640,24,3,11
BRDA:655,25,0,4
BRDA:655,26,0,73
BRDA:655,26,1,6
BRDA:655,26,2,5
BRDA:655,27,0,1
BRDA:655,27,1,3
BRDA:660,28,0,3
BRDA:660,29,0,69
BRDA:660,29,1,3
BRDA:660,29,2,2
BRDA:660,30,0,1
BRDA:660,30,1,2
BRDA:662,31,0,30
BRDA:662,32,0,19
BRDA:662,32,1,11
BRDA:662,33,0,7
BRDA:662,33,1,12
BRDA:663,34,0,28
BRDA:663,35,0,11
BRDA:663,35,1,17
BRDA:691,36,0,7
BRDA:692,37,0,3
BRDA:693,38,0,5
BRDA:694,39,0,4
BRDA:700,40,0,10
BRDA:700,41,0,24
BRDA:700,41,1,16
BRDA:701,42,0,5
BRDA:702,43,0,7
BRDA:761,44,0,2
BRDA:762,45,0,2
BRDA:777,46,0,7
BRDA:777,46,1,4
BRDA:788,47,0,9
BRDA:788,48,0,52
BRDA:788,48,1,44
BRDA:788,48,2,11
BRDA:788,48,3,8
BRDA:789,49,0,18
BRDA:789,50,0,5
BRDA:789,50,1,13
BRDA:789,51,0,18
BRDA:789,51,1,10
BRDA:790,52,0,20
BRDA:790,53,0,5
BRDA:790,53,1,15
BRDA:791,54,0,5
BRDA:791,55,0,5
BRDA:791,55,1,2
BRDA:812,56,0,4
BRDA:812,57,0,25
BRDA:812,57,1,12
BRDA:813,58,0,8
BRDA:818,59,0,2
BRDA:819,60,0,8
BRDA:820,61,0,2
BRDA:826,62,0,3
BRDA:826,63,0,11
BRDA:826,63,1,7
BRDA:836,64,0,10
BRDA:836,65,0,20
BRDA:836,65,1,11
BRDA:837,66,0,6
BRDA:837,66,1,4
BRDA:839,67,0,10
BRDA:839,67,1,2
BRDA:848,68,0,5
BRDA:848,69,0,12
BRDA:848,69,1,7
BRDA:848,69,2,6
BRDA:851,70,0,7
BRDA:851,70,1,3
BRDA:869,71,0,3
BRDA:869,71,1,4
BRDA:869,71,2,4
BRDA:869,71,3,2
BRDA:869,71,4,4
BRDA:869,71,5,6
BRDA:906,72,0,2
BRDA:907,73,0,5
BRDA:907,73,1,7
BRDA:912,74,0,2
BRDA:913,75,0,2
BRDA:913,75,1,3
BRF:131
BRH:127
end_of_record
TN:
SF:src\app\transaction-builder\balance-snapshot-box.component.ts
FN:34,(anonymous_0)
FNF:1
FNH:1
FNDA:2,(anonymous_0)
DA:1,7
DA:2,7
DA:4,7
DA:34,7
DA:35,2
DA:36,2
DA:37,2
DA:39,2
DA:40,2
DA:41,2
LF:10
LH:10
BRF:0
BRH:0
end_of_record
TN:
SF:src\app\transaction-builder\builder-fields.ts
FN:62,deriveFixPendingLockFlags
FN:99,isFixPendingFieldEditable
FN:114,deriveAmountLockFlags
FN:174,amountFieldLabel
FN:193,buildFields
FN:295,(anonymous_5)
FN:428,(anonymous_6)
FN:429,(anonymous_7)
FN:430,(anonymous_8)
FN:431,(anonymous_9)
FN:432,(anonymous_10)
FN:433,(anonymous_11)
FN:453,(anonymous_12)
FN:466,toReadOnlyFields
FN:467,(anonymous_14)
FN:490,(anonymous_15)
FN:491,(anonymous_16)
FN:492,(anonymous_17)
FN:493,(anonymous_18)
FN:494,(anonymous_19)
FN:495,(anonymous_20)
FN:496,(anonymous_21)
FN:497,(anonymous_22)
FN:498,(anonymous_23)
FN:499,(anonymous_24)
FN:500,(anonymous_25)
FN:501,(anonymous_26)
FN:502,(anonymous_27)
FN:503,(anonymous_28)
FN:507,reconstructOriginalModel
FN:509,(anonymous_30)
FNF:31
FNH:31
FNDA:545,deriveFixPendingLockFlags
FNDA:21,isFixPendingFieldEditable
FNDA:545,deriveAmountLockFlags
FNDA:518,amountFieldLabel
FNDA:524,buildFields
FNDA:6,(anonymous_5)
FNDA:5,(anonymous_6)
FNDA:5,(anonymous_7)
FNDA:4,(anonymous_8)
FNDA:4,(anonymous_9)
FNDA:4,(anonymous_10)
FNDA:4,(anonymous_11)
FNDA:6216,(anonymous_12)
FNDA:46,toReadOnlyFields
FNDA:495,(anonymous_14)
FNDA:74,(anonymous_15)
FNDA:74,(anonymous_16)
FNDA:74,(anonymous_17)
FNDA:74,(anonymous_18)
FNDA:74,(anonymous_19)
FNDA:74,(anonymous_20)
FNDA:74,(anonymous_21)
FNDA:74,(anonymous_22)
FNDA:74,(anonymous_23)
FNDA:74,(anonymous_24)
FNDA:74,(anonymous_25)
FNDA:74,(anonymous_26)
FNDA:74,(anonymous_27)
FNDA:74,(anonymous_28)
FNDA:74,reconstructOriginalModel
FNDA:1036,(anonymous_30)
DA:3,9
DA:4,9
DA:5,9
DA:70,545
DA:71,545
DA:72,545
DA:73,545
DA:99,9
DA:100,21
DA:101,21
DA:102,21
DA:103,21
DA:104,21
DA:105,21
DA:115,545
DA:130,545
DA:131,545
DA:133,545
DA:135,545
DA:144,545
DA:148,545
DA:153,545
DA:163,545
DA:164,545
DA:165,545
DA:178,518
DA:179,510
DA:180,6
DA:182,504
DA:183,6
DA:185,498
DA:186,31
DA:188,467
DA:189,459
DA:190,412
DA:193,9
DA:194,524
DA:195,524
DA:196,524
DA:203,524
DA:205,524
DA:208,524
DA:210,524
DA:216,524
DA:218,524
DA:222,524
DA:227,524
DA:228,524
DA:229,524
DA:230,524
DA:231,524
DA:232,524
DA:233,524
DA:234,524
DA:235,524
DA:236,524
DA:238,524
DA:295,6
DA:428,5
DA:429,5
DA:430,4
DA:431,4
DA:432,4
DA:433,4
DA:451,524
DA:453,6216
DA:454,524
DA:455,5770
DA:457,524
DA:466,9
DA:467,495
DA:489,9
DA:490,74
DA:491,74
DA:492,74
DA:493,74
DA:494,74
DA:495,74
DA:496,74
DA:497,74
DA:498,74
DA:499,74
DA:500,74
DA:501,74
DA:502,74
DA:503,74
DA:507,9
DA:508,74
DA:509,74
DA:510,1036
DA:512,74
LF:91
LH:91
BRDA:71,0,0,545
BRDA:71,0,1,58
BRDA:72,1,0,545
BRDA:72,1,1,58
BRDA:74,2,0,545
BRDA:74,2,1,58
BRDA:74,2,2,58
BRDA:83,3,0,545
BRDA:83,3,1,58
BRDA:84,4,0,545
BRDA:84,4,1,58
BRDA:84,4,2,58
BRDA:85,5,0,545
BRDA:85,5,1,58
BRDA:85,5,2,58
BRDA:86,6,0,545
BRDA:86,6,1,58
BRDA:87,7,0,545
BRDA:87,7,1,58
BRDA:87,7,2,58
BRDA:88,8,0,545
BRDA:88,8,1,58
BRDA:88,8,2,58
BRDA:89,9,0,545
BRDA:89,9,1,58
BRDA:100,10,0,21
BRDA:100,10,1,0
BRDA:102,11,0,21
BRDA:102,11,1,14
BRDA:102,11,2,14
BRDA:102,11,3,0
BRDA:103,12,0,21
BRDA:103,12,1,21
BRDA:130,13,0,545
BRDA:130,13,1,529
BRDA:131,14,0,545
BRDA:131,14,1,518
BRDA:133,15,0,545
BRDA:133,15,1,464
BRDA:133,15,2,122
BRDA:135,16,0,545
BRDA:135,16,1,515
BRDA:135,16,2,30
BRDA:144,17,0,545
BRDA:144,17,1,23
BRDA:148,18,0,545
BRDA:148,18,1,30
BRDA:148,18,2,29
BRDA:153,19,0,545
BRDA:153,19,1,16
BRDA:164,20,0,545
BRDA:164,20,1,519
BRDA:164,20,2,511
BRDA:164,20,3,503
BRDA:164,20,4,497
BRDA:178,21,0,8
BRDA:179,22,0,6
BRDA:182,23,0,6
BRDA:185,24,0,31
BRDA:188,25,0,8
BRDA:189,26,0,47
BRDA:195,27,0,521
BRDA:195,27,1,3
BRDA:205,28,0,524
BRDA:205,28,1,508
BRDA:208,29,0,524
BRDA:208,29,1,388
BRDA:210,30,0,524
BRDA:210,30,1,200
BRDA:210,30,2,193
BRDA:210,30,3,50
BRDA:210,30,4,37
BRDA:216,31,0,524
BRDA:216,31,1,509
BRDA:216,31,2,324
BRDA:218,32,0,62
BRDA:218,32,1,462
BRDA:219,33,0,62
BRDA:219,33,1,44
BRDA:222,34,0,524
BRDA:222,34,1,388
BRDA:257,35,0,118
BRDA:257,35,1,406
BRDA:259,36,0,37
BRDA:259,36,1,487
BRDA:259,37,0,37
BRDA:259,37,1,25
BRDA:259,38,0,487
BRDA:259,38,1,381
BRDA:269,39,0,6
BRDA:269,39,1,518
BRDA:272,40,0,524
BRDA:272,40,1,516
BRDA:274,41,0,524
BRDA:274,41,1,455
BRDA:275,42,0,5
BRDA:275,42,1,519
BRDA:275,43,0,524
BRDA:275,43,1,6
BRDA:285,44,0,524
BRDA:285,44,1,516
BRDA:305,45,0,35
BRDA:305,45,1,489
BRDA:322,46,0,20
BRDA:322,46,1,504
BRDA:338,47,0,37
BRDA:338,47,1,487
BRDA:354,48,0,524
BRDA:354,48,1,37
BRDA:359,49,0,147
BRDA:359,49,1,377
BRDA:361,50,0,37
BRDA:361,50,1,487
BRDA:363,51,0,129
BRDA:363,51,1,358
BRDA:367,52,0,524
BRDA:367,52,1,370
BRDA:368,53,0,147
BRDA:368,53,1,377
BRDA:375,54,0,14
BRDA:375,54,1,510
BRDA:390,55,0,20
BRDA:390,55,1,504
BRDA:392,56,0,15
BRDA:392,56,1,489
BRDA:394,57,0,68
BRDA:394,57,1,421
BRDA:398,58,0,200
BRDA:398,58,1,324
BRDA:400,59,0,79
BRDA:400,59,1,245
BRDA:401,60,0,79
BRDA:401,60,1,0
BRDA:403,61,0,524
BRDA:403,61,1,509
BRDA:403,61,2,489
BRDA:405,62,0,524
BRDA:405,62,1,324
BRDA:411,63,0,20
BRDA:411,63,1,504
BRDA:413,64,0,15
BRDA:413,64,1,489
BRDA:417,65,0,524
BRDA:417,65,1,509
BRDA:425,66,0,147
BRDA:425,66,1,377
BRDA:425,67,0,524
BRDA:425,67,1,388
BRDA:425,67,2,147
BRDA:425,67,3,147
BRDA:429,68,0,5
BRDA:429,68,1,4
BRDA:430,69,0,2
BRDA:430,69,1,2
BRDA:430,70,0,4
BRDA:430,70,1,4
BRDA:431,71,0,2
BRDA:431,71,1,2
BRDA:432,72,0,2
BRDA:432,72,1,2
BRDA:432,73,0,4
BRDA:432,73,1,4
BRDA:433,74,0,2
BRDA:433,74,1,2
BRDA:451,75,0,6
BRDA:451,75,1,518
BRDA:451,76,0,524
BRDA:451,76,1,206
BRDA:455,77,0,2577
BRDA:469,78,0,45
BRDA:469,78,1,450
BRDA:494,79,0,74
BRDA:494,79,1,71
BRDA:497,80,0,74
BRDA:497,80,1,61
BRDA:498,81,0,74
BRDA:498,81,1,16
BRDA:499,82,0,74
BRDA:499,82,1,71
BRDA:500,83,0,74
BRDA:500,83,1,70
BRDA:501,84,0,74
BRDA:501,84,1,69
BRDA:502,85,0,74
BRDA:502,85,1,70
BRDA:503,86,0,74
BRDA:503,86,1,74
BRF:187
BRH:184
end_of_record
TN:
SF:src\app\transaction-builder\catalog-picker.service.ts
FN:61,(anonymous_0)
FN:68,(anonymous_1)
FN:71,(anonymous_2)
FN:74,(anonymous_3)
FN:77,(anonymous_4)
FN:80,(anonymous_5)
FN:83,(anonymous_6)
FN:87,(anonymous_7)
FN:91,(anonymous_8)
FN:95,(anonymous_9)
FN:99,(anonymous_10)
FN:139,(anonymous_11)
FN:142,(anonymous_12)
FN:148,(anonymous_13)
FN:156,(anonymous_14)
FN:162,(anonymous_15)
FN:162,(anonymous_16)
FN:162,(anonymous_17)
FN:163,(anonymous_18)
FNF:19
FNH:19
FNDA:1153,(anonymous_0)
FNDA:29,(anonymous_1)
FNDA:30,(anonymous_2)
FNDA:29,(anonymous_3)
FNDA:622,(anonymous_4)
FNDA:4,(anonymous_5)
FNDA:15,(anonymous_6)
FNDA:1112,(anonymous_7)
FNDA:6,(anonymous_8)
FNDA:7,(anonymous_9)
FNDA:245,(anonymous_10)
FNDA:233,(anonymous_11)
FNDA:232,(anonymous_12)
FNDA:7,(anonymous_13)
FNDA:233,(anonymous_14)
FNDA:38,(anonymous_15)
FNDA:2,(anonymous_16)
FNDA:33,(anonymous_17)
FNDA:37,(anonymous_18)
DA:1,6
DA:4,6
DA:12,6
DA:45,6
DA:46,1153
DA:47,1153
DA:57,1153
DA:58,1153
DA:62,1153
DA:63,1153
DA:65,1153
DA:69,29
DA:72,30
DA:75,29
DA:78,622
DA:81,4
DA:84,15
DA:88,1112
DA:92,6
DA:96,7
DA:114,245
DA:115,245
DA:116,5
DA:117,5
DA:118,5
DA:120,240
DA:125,240
DA:126,240
DA:127,240
DA:140,233
DA:141,233
DA:142,233
DA:143,232
DA:144,232
DA:146,232
DA:149,7
DA:150,7
DA:157,233
DA:158,233
DA:159,199
DA:160,199
DA:162,38
DA:163,33
DA:164,37
DA:165,37
DA:167,33
LF:46
LH:46
BRDA:115,0,0,5
BRDA:125,1,0,232
BRDA:125,1,1,8
BRDA:125,2,0,8
BRDA:125,2,1,1
BRDA:126,3,0,240
BRDA:126,3,1,238
BRDA:131,4,0,149
BRDA:131,4,1,91
BRDA:131,5,0,149
BRDA:131,5,1,146
BRDA:131,6,0,91
BRDA:131,6,1,91
BRDA:141,7,0,224
BRDA:141,7,1,9
BRDA:143,8,0,224
BRDA:143,8,1,8
BRDA:158,9,0,199
BRDA:165,10,0,35
BRF:19
BRH:19
end_of_record
TN:
SF:src\app\transaction-builder\checker-actions.service.ts
FN:50,(anonymous_0)
FN:53,(anonymous_1)
FN:57,(anonymous_2)
FN:68,(anonymous_3)
FN:80,(anonymous_4)
FN:94,(anonymous_5)
FN:95,(anonymous_6)
FN:106,(anonymous_7)
FN:114,(anonymous_8)
FN:115,(anonymous_9)
FN:123,(anonymous_10)
FN:124,(anonymous_11)
FN:135,(anonymous_12)
FN:138,(anonymous_13)
FN:139,(anonymous_14)
FN:144,(anonymous_15)
FN:149,(anonymous_16)
FN:154,(anonymous_17)
FN:155,(anonymous_18)
FN:178,(anonymous_19)
FN:182,(anonymous_20)
FN:182,(anonymous_21)
FN:183,(anonymous_22)
FN:195,(anonymous_23)
FN:198,(anonymous_24)
FN:201,(anonymous_25)
FN:204,(anonymous_26)
FN:216,(anonymous_27)
FN:221,(anonymous_28)
FN:221,(anonymous_29)
FN:222,(anonymous_30)
FN:234,(anonymous_31)
FN:241,(anonymous_32)
FN:259,(anonymous_33)
FN:260,(anonymous_34)
FN:274,(anonymous_35)
FN:310,(anonymous_36)
FN:311,(anonymous_37)
FNF:38
FNH:36
FNDA:223,(anonymous_0)
FNDA:25,(anonymous_1)
FNDA:41,(anonymous_2)
FNDA:19,(anonymous_3)
FNDA:10,(anonymous_4)
FNDA:5,(anonymous_5)
FNDA:2,(anonymous_6)
FNDA:7,(anonymous_7)
FNDA:4,(anonymous_8)
FNDA:2,(anonymous_9)
FNDA:4,(anonymous_10)
FNDA:1,(anonymous_11)
FNDA:1,(anonymous_12)
FNDA:1,(anonymous_13)
FNDA:0,(anonymous_14)
FNDA:1,(anonymous_15)
FNDA:7,(anonymous_16)
FNDA:5,(anonymous_17)
FNDA:2,(anonymous_18)
FNDA:9,(anonymous_19)
FNDA:6,(anonymous_20)
FNDA:6,(anonymous_21)
FNDA:2,(anonymous_22)
FNDA:6,(anonymous_23)
FNDA:1,(anonymous_24)
FNDA:3,(anonymous_25)
FNDA:0,(anonymous_26)
FNDA:17,(anonymous_27)
FNDA:8,(anonymous_28)
FNDA:7,(anonymous_29)
FNDA:1,(anonymous_30)
FNDA:19,(anonymous_31)
FNDA:15,(anonymous_32)
FNDA:4,(anonymous_33)
FNDA:10,(anonymous_34)
FNDA:19,(anonymous_35)
FNDA:8,(anonymous_36)
FNDA:7,(anonymous_37)
DA:1,5
DA:2,5
DA:3,5
DA:4,5
DA:6,5
DA:7,5
DA:49,5
DA:50,223
DA:54,25
DA:58,41
DA:59,41
DA:66,41
DA:67,19
DA:68,19
DA:78,22
DA:79,10
DA:81,10
DA:82,3
DA:86,7
DA:87,7
DA:94,5
DA:95,2
DA:104,12
DA:105,7
DA:107,7
DA:108,1
DA:112,6
DA:113,6
DA:114,4
DA:115,2
DA:121,5
DA:122,5
DA:123,4
DA:124,1
DA:136,1
DA:137,1
DA:138,1
DA:139,0
DA:145,1
DA:146,1
DA:152,7
DA:153,7
DA:154,5
DA:155,2
DA:179,9
DA:180,8
DA:181,8
DA:182,6
DA:183,2
DA:196,6
DA:197,1
DA:201,3
DA:202,1
DA:204,0
DA:217,17
DA:218,10
DA:219,10
DA:220,9
DA:221,8
DA:222,1
DA:240,19
DA:241,19
DA:242,15
DA:248,19
DA:249,19
DA:250,19
DA:251,19
DA:253,19
DA:255,19
DA:256,6
DA:257,6
DA:258,4
DA:260,10
DA:261,4
DA:279,19
DA:280,19
DA:281,19
DA:282,19
DA:283,19
DA:284,19
DA:286,19
DA:287,19
DA:288,8
DA:289,1
DA:293,7
DA:295,18
DA:297,18
DA:298,5
DA:299,3
DA:301,16
DA:302,6
DA:303,1
DA:305,5
DA:306,5
DA:309,15
DA:310,8
DA:311,7
LF:97
LH:95
BRDA:58,0,0,40
BRDA:58,0,1,1
BRDA:59,1,0,41
BRDA:59,1,1,0
BRDA:66,2,0,19
BRDA:78,3,0,10
BRDA:78,4,0,22
BRDA:78,4,1,22
BRDA:81,5,0,3
BRDA:86,6,0,7
BRDA:86,6,1,2
BRDA:104,7,0,7
BRDA:107,8,0,1
BRDA:112,9,0,6
BRDA:112,9,1,3
BRDA:121,10,0,5
BRDA:121,10,1,5
BRDA:136,11,0,1
BRDA:136,11,1,0
BRDA:145,12,0,1
BRDA:145,12,1,0
BRDA:152,13,0,7
BRDA:152,13,1,5
BRDA:179,14,0,1
BRDA:180,15,0,8
BRDA:180,15,1,1
BRDA:196,16,0,5
BRDA:201,17,0,3
BRDA:201,17,1,2
BRDA:201,17,2,2
BRDA:202,18,0,1
BRDA:202,18,1,0
BRDA:217,19,0,7
BRDA:219,20,0,1
BRDA:221,21,0,8
BRDA:221,21,1,2
BRDA:221,22,0,7
BRDA:221,22,1,6
BRDA:240,23,0,19
BRDA:240,23,1,5
BRDA:240,23,2,2
BRDA:248,24,0,19
BRDA:248,24,1,0
BRDA:249,25,0,19
BRDA:249,25,1,8
BRDA:250,26,0,19
BRDA:250,26,1,16
BRDA:251,27,0,19
BRDA:251,27,1,16
BRDA:251,27,2,13
BRDA:253,28,0,19
BRDA:253,28,1,5
BRDA:253,28,2,5
BRDA:253,28,3,16
BRDA:253,28,4,6
BRDA:253,28,5,6
BRDA:253,28,6,3
BRDA:255,29,0,13
BRDA:257,30,0,2
BRDA:260,31,0,10
BRDA:260,31,1,6
BRDA:263,32,0,1
BRDA:263,32,1,3
BRDA:263,33,0,1
BRDA:263,33,1,1
BRDA:263,33,2,0
BRDA:264,34,0,3
BRDA:264,34,1,1
BRDA:264,35,0,3
BRDA:264,35,1,3
BRDA:264,35,2,0
BRDA:265,36,0,3
BRDA:265,36,1,1
BRDA:266,37,0,3
BRDA:266,37,1,3
BRDA:266,37,2,1
BRDA:279,38,0,19
BRDA:279,38,1,0
BRDA:280,39,0,19
BRDA:280,39,1,8
BRDA:281,40,0,19
BRDA:281,40,1,8
BRDA:282,41,0,19
BRDA:282,41,1,16
BRDA:283,42,0,19
BRDA:283,42,1,16
BRDA:283,42,2,13
BRDA:284,43,0,0
BRDA:287,44,0,8
BRDA:288,45,0,1
BRDA:290,46,0,1
BRDA:290,46,1,0
BRDA:297,47,0,5
BRDA:297,48,0,18
BRDA:297,48,1,5
BRDA:298,49,0,2
BRDA:301,50,0,6
BRDA:301,51,0,16
BRDA:301,51,1,6
BRDA:302,52,0,1
BRDA:302,53,0,6
BRDA:302,53,1,6
BRDA:310,54,0,5
BRDA:310,54,1,3
BRF:104
BRH:94
end_of_record
TN:
SF:src\app\transaction-builder\checker-eligibility-policy.ts
FN:10,isCheckerActionableMovement
FNF:1
FNH:1
FNDA:35,isCheckerActionableMovement
DA:3,6
DA:10,6
DA:14,35
DA:15,29
DA:17,26
DA:18,26
DA:23,26
DA:26,24
DA:27,24
DA:32,4
DA:35,20
LF:11
LH:11
BRDA:14,0,0,6
BRDA:15,1,0,3
BRDA:15,2,0,29
BRDA:15,2,1,25
BRDA:17,3,0,22
BRDA:17,3,1,4
BRDA:18,4,0,4
BRDA:18,4,1,22
BRDA:19,5,0,4
BRDA:19,5,1,4
BRDA:23,6,0,2
BRDA:23,7,0,26
BRDA:23,7,1,4
BRDA:23,7,2,4
BRDA:27,8,0,4
BRDA:28,9,0,24
BRDA:28,9,1,7
BRDA:28,9,2,7
BRDA:28,9,3,5
BRF:19
BRH:19
end_of_record
TN:
SF:src\app\transaction-builder\checker-panel.component.ts
FN:91,(anonymous_0)
FN:113,(anonymous_1)
FN:116,(anonymous_2)
FN:122,(anonymous_3)
FN:127,(anonymous_4)
FN:131,(anonymous_5)
FN:144,(anonymous_6)
FN:148,(anonymous_7)
FN:152,(anonymous_8)
FN:157,(anonymous_9)
FN:168,(anonymous_10)
FN:183,(anonymous_11)
FN:215,(anonymous_12)
FN:220,(anonymous_13)
FN:226,(anonymous_14)
FN:250,(anonymous_15)
FN:257,(anonymous_16)
FN:260,(anonymous_17)
FN:262,(anonymous_18)
FN:262,(anonymous_19)
FN:263,(anonymous_20)
FN:266,(anonymous_21)
FN:266,(anonymous_22)
FN:270,(anonymous_23)
FN:283,(anonymous_24)
FN:291,(anonymous_25)
FN:292,(anonymous_26)
FN:298,(anonymous_27)
FN:338,(anonymous_28)
FN:348,(anonymous_29)
FN:350,(anonymous_30)
FN:353,(anonymous_31)
FN:360,(anonymous_32)
FN:361,(anonymous_33)
FNF:34
FNH:34
FNDA:3,(anonymous_0)
FNDA:50,(anonymous_1)
FNDA:8,(anonymous_2)
FNDA:26,(anonymous_3)
FNDA:3,(anonymous_4)
FNDA:2,(anonymous_5)
FNDA:5,(anonymous_6)
FNDA:27,(anonymous_7)
FNDA:9,(anonymous_8)
FNDA:2,(anonymous_9)
FNDA:4,(anonymous_10)
FNDA:21,(anonymous_11)
FNDA:8,(anonymous_12)
FNDA:3,(anonymous_13)
FNDA:6,(anonymous_14)
FNDA:8,(anonymous_15)
FNDA:7,(anonymous_16)
FNDA:9,(anonymous_17)
FNDA:8,(anonymous_18)
FNDA:8,(anonymous_19)
FNDA:1,(anonymous_20)
FNDA:5,(anonymous_21)
FNDA:9,(anonymous_22)
FNDA:7,(anonymous_23)
FNDA:1,(anonymous_24)
FNDA:2,(anonymous_25)
FNDA:3,(anonymous_26)
FNDA:4,(anonymous_27)
FNDA:22,(anonymous_28)
FNDA:20,(anonymous_29)
FNDA:19,(anonymous_30)
FNDA:1,(anonymous_31)
FNDA:2,(anonymous_32)
FNDA:3,(anonymous_33)
DA:1,5
DA:2,5
DA:3,5
DA:4,5
DA:5,5
DA:6,5
DA:7,5
DA:8,5
DA:9,5
DA:15,5
DA:16,5
DA:17,5
DA:18,5
DA:20,5
DA:21,5
DA:46,5
DA:48,50
DA:55,50
DA:60,50
DA:66,50
DA:73,50
DA:75,50
DA:77,50
DA:79,50
DA:80,50
DA:81,50
DA:82,50
DA:83,50
DA:89,50
DA:92,3
DA:93,2
DA:94,2
DA:97,2
DA:99,50
DA:100,50
DA:102,50
DA:109,50
DA:111,50
DA:113,50
DA:117,8
DA:118,8
DA:119,8
DA:123,26
DA:128,3
DA:132,2
DA:145,5
DA:149,27
DA:153,9
DA:158,2
DA:159,2
DA:160,2
DA:161,2
DA:162,2
DA:163,2
DA:164,2
DA:169,4
DA:170,3
DA:171,3
DA:172,3
DA:184,21
DA:185,21
DA:186,21
DA:187,21
DA:188,21
DA:189,21
DA:190,21
DA:191,21
DA:192,21
DA:193,20
DA:194,1
DA:195,1
DA:197,19
DA:198,19
DA:199,8
DA:200,8
DA:202,11
DA:203,11
DA:213,11
DA:214,11
DA:216,8
DA:217,8
DA:218,8
DA:221,3
DA:225,3
DA:226,6
DA:227,3
DA:228,3
DA:251,8
DA:252,8
DA:253,8
DA:254,8
DA:258,7
DA:259,5
DA:261,9
DA:262,8
DA:263,1
DA:266,9
DA:271,7
DA:272,7
DA:273,3
DA:274,3
DA:276,4
DA:277,3
DA:278,3
DA:279,3
DA:281,1
DA:284,1
DA:285,1
DA:292,3
DA:293,2
DA:294,2
DA:299,4
DA:300,4
DA:301,4
DA:302,4
DA:339,22
DA:340,22
DA:341,22
DA:342,22
DA:343,22
DA:344,22
DA:345,21
DA:346,21
DA:347,21
DA:349,20
DA:350,20
DA:351,20
DA:354,1
DA:355,1
DA:361,3
DA:362,2
LF:131
LH:131
BRDA:92,0,0,1
BRDA:94,1,0,1
BRDA:94,1,1,1
BRDA:97,2,0,2
BRDA:97,2,1,0
BRDA:117,3,0,2
BRDA:117,4,0,8
BRDA:117,4,1,3
BRDA:118,5,0,1
BRDA:118,6,0,8
BRDA:118,6,1,1
BRDA:119,7,0,1
BRDA:119,8,0,8
BRDA:119,8,1,3
BRDA:119,8,2,2
BRDA:123,9,0,26
BRDA:123,9,1,3
BRDA:145,10,0,2
BRDA:145,10,1,3
BRDA:169,11,0,1
BRDA:171,12,0,3
BRDA:171,12,1,2
BRDA:192,13,0,1
BRDA:193,14,0,1
BRDA:198,15,0,8
BRDA:198,16,0,19
BRDA:198,16,1,14
BRDA:205,17,0,1
BRDA:205,17,1,10
BRDA:206,18,0,5
BRDA:206,18,1,6
BRDA:226,19,0,3
BRDA:226,19,1,0
BRDA:228,20,0,1
BRDA:228,20,1,2
BRDA:251,21,0,0
BRDA:258,22,0,2
BRDA:262,23,0,5
BRDA:262,23,1,3
BRDA:272,24,0,3
BRDA:276,25,0,3
BRDA:294,26,0,1
BRDA:300,27,0,4
BRDA:300,28,0,4
BRDA:300,28,1,0
BRDA:344,29,0,1
BRDA:361,30,0,2
BRDA:361,30,1,1
BRF:48
BRH:44
end_of_record
TN:
SF:src\app\transaction-builder\contract-status-badge.component.ts
FN:15,(anonymous_0)
FN:19,(anonymous_1)
FN:23,(anonymous_2)
FN:27,(anonymous_3)
FNF:4
FNH:4
FNDA:3,(anonymous_0)
FNDA:6,(anonymous_1)
FNDA:3,(anonymous_2)
FNDA:3,(anonymous_3)
DA:1,6
DA:2,6
DA:3,6
DA:4,6
DA:15,6
DA:16,3
DA:17,3
DA:20,6
DA:24,3
DA:28,3
LF:10
LH:10
BRF:0
BRH:0
end_of_record
TN:
SF:src\app\transaction-builder\document-arrival-hints.service.ts
FN:46,(anonymous_0)
FN:49,(anonymous_1)
FN:54,(anonymous_2)
FN:74,(anonymous_3)
FN:81,(anonymous_4)
FN:81,(anonymous_5)
FN:81,(anonymous_6)
FN:82,(anonymous_7)
FN:83,(anonymous_8)
FN:87,(anonymous_9)
FN:102,(anonymous_10)
FN:110,(anonymous_11)
FN:112,(anonymous_12)
FN:115,(anonymous_13)
FN:117,(anonymous_14)
FN:119,(anonymous_15)
FN:120,(anonymous_16)
FN:122,(anonymous_17)
FN:125,(anonymous_18)
FN:127,(anonymous_19)
FN:130,(anonymous_20)
FN:131,(anonymous_21)
FN:137,(anonymous_22)
FN:146,(anonymous_23)
FN:154,(anonymous_24)
FN:156,(anonymous_25)
FN:159,(anonymous_26)
FN:161,(anonymous_27)
FN:162,(anonymous_28)
FN:166,(anonymous_29)
FN:166,(anonymous_30)
FN:169,(anonymous_31)
FN:172,(anonymous_32)
FN:173,(anonymous_33)
FN:193,(anonymous_34)
FN:196,(anonymous_35)
FN:197,(anonymous_36)
FN:200,(anonymous_37)
FN:209,(anonymous_38)
FN:212,(anonymous_39)
FN:213,(anonymous_40)
FN:216,(anonymous_41)
FN:221,(anonymous_42)
FN:227,(anonymous_43)
FN:239,(anonymous_44)
FN:246,(anonymous_45)
FN:248,(anonymous_46)
FN:250,(anonymous_47)
FN:250,(anonymous_48)
FN:251,(anonymous_49)
FN:251,(anonymous_50)
FN:254,(anonymous_51)
FN:257,(anonymous_52)
FN:258,(anonymous_53)
FNF:54
FNH:52
FNDA:401,(anonymous_0)
FNDA:32,(anonymous_1)
FNDA:30,(anonymous_2)
FNDA:62,(anonymous_3)
FNDA:10,(anonymous_4)
FNDA:1,(anonymous_5)
FNDA:8,(anonymous_6)
FNDA:10,(anonymous_7)
FNDA:9,(anonymous_8)
FNDA:6,(anonymous_9)
FNDA:28,(anonymous_10)
FNDA:11,(anonymous_11)
FNDA:10,(anonymous_12)
FNDA:9,(anonymous_13)
FNDA:7,(anonymous_14)
FNDA:9,(anonymous_15)
FNDA:4,(anonymous_16)
FNDA:2,(anonymous_17)
FNDA:8,(anonymous_18)
FNDA:1,(anonymous_19)
FNDA:11,(anonymous_20)
FNDA:11,(anonymous_21)
FNDA:4,(anonymous_22)
FNDA:28,(anonymous_23)
FNDA:9,(anonymous_24)
FNDA:8,(anonymous_25)
FNDA:6,(anonymous_26)
FNDA:5,(anonymous_27)
FNDA:1,(anonymous_28)
FNDA:6,(anonymous_29)
FNDA:6,(anonymous_30)
FNDA:1,(anonymous_31)
FNDA:9,(anonymous_32)
FNDA:9,(anonymous_33)
FNDA:7,(anonymous_34)
FNDA:6,(anonymous_35)
FNDA:4,(anonymous_36)
FNDA:1,(anonymous_37)
FNDA:9,(anonymous_38)
FNDA:6,(anonymous_39)
FNDA:4,(anonymous_40)
FNDA:1,(anonymous_41)
FNDA:3,(anonymous_42)
FNDA:4,(anonymous_43)
FNDA:7,(anonymous_44)
FNDA:7,(anonymous_45)
FNDA:7,(anonymous_46)
FNDA:5,(anonymous_47)
FNDA:0,(anonymous_48)
FNDA:5,(anonymous_49)
FNDA:5,(anonymous_50)
FNDA:0,(anonymous_51)
FNDA:7,(anonymous_52)
FNDA:7,(anonymous_53)
DA:1,6
DA:2,6
DA:3,6
DA:4,6
DA:23,6
DA:25,401
DA:27,401
DA:29,401
DA:30,401
DA:32,401
DA:33,401
DA:35,401
DA:36,401
DA:38,401
DA:40,401
DA:42,401
DA:44,401
DA:46,401
DA:50,32
DA:55,30
DA:75,62
DA:76,62
DA:77,62
DA:78,54
DA:79,54
DA:81,10
DA:82,8
DA:83,10
DA:84,10
DA:85,6
DA:87,6
DA:89,6
DA:92,8
DA:103,28
DA:104,28
DA:105,28
DA:106,17
DA:107,17
DA:109,11
DA:111,11
DA:113,10
DA:114,8
DA:116,9
DA:118,7
DA:119,9
DA:120,4
DA:122,2
DA:125,8
DA:127,1
DA:131,11
DA:132,11
DA:133,11
DA:134,3
DA:135,3
DA:137,4
DA:141,11
DA:147,28
DA:148,28
DA:149,28
DA:150,19
DA:151,19
DA:153,9
DA:155,9
DA:157,8
DA:158,6
DA:160,6
DA:161,5
DA:162,1
DA:166,6
DA:169,1
DA:173,9
DA:174,9
DA:175,9
DA:176,3
DA:177,3
DA:180,9
DA:194,7
DA:195,7
DA:197,6
DA:198,6
DA:200,1
DA:210,9
DA:211,9
DA:213,6
DA:214,6
DA:216,1
DA:222,3
DA:228,4
DA:240,7
DA:241,7
DA:242,0
DA:243,0
DA:245,7
DA:247,7
DA:249,7
DA:250,5
DA:251,5
DA:254,0
DA:258,7
DA:259,7
DA:261,7
LF:101
LH:98
BRDA:77,0,0,54
BRDA:83,1,0,10
BRDA:83,1,1,1
BRDA:83,2,0,9
BRDA:83,2,1,8
BRDA:83,2,2,8
BRDA:83,2,3,7
BRDA:84,3,0,6
BRDA:87,4,0,6
BRDA:87,4,1,2
BRDA:105,5,0,17
BRDA:113,6,0,2
BRDA:119,7,0,9
BRDA:119,7,1,8
BRDA:119,7,2,6
BRDA:120,8,0,4
BRDA:120,8,1,2
BRDA:120,8,2,1
BRDA:133,9,0,3
BRDA:149,10,0,19
BRDA:157,11,0,2
BRDA:166,12,0,6
BRDA:166,12,1,5
BRDA:175,13,0,3
BRDA:241,14,0,0
BRDA:249,15,0,2
BRDA:251,16,0,5
BRDA:251,16,1,5
BRDA:259,17,0,3
BRF:29
BRH:28
end_of_record
TN:
SF:src\app\transaction-builder\domestic-calendar.ts
FN:14,(anonymous_0)
FN:17,isWeekend
FN:23,knownHolidayName
FN:32,domesticNonBusinessDayReason
FNF:4
FNH:4
FNDA:252,(anonymous_0)
FNDA:35,isWeekend
FNDA:32,knownHolidayName
FNDA:32,domesticNonBusinessDayReason
DA:10,7
DA:14,252
DA:17,7
DA:18,35
DA:19,35
DA:23,7
DA:24,32
DA:32,7
DA:33,32
DA:34,29
LF:10
LH:10
BRDA:19,0,0,35
BRDA:19,0,1,33
BRDA:24,1,0,32
BRDA:24,1,1,28
BRDA:33,2,0,3
BRF:5
BRH:5
end_of_record
TN:
SF:src\app\transaction-builder\domestic-holidays.generated.ts
FNF:0
FNH:0
DA:3,7
LF:1
LH:1
BRF:0
BRH:0
end_of_record
TN:
SF:src\app\transaction-builder\eligibility-rule.ts
FN:42,applyEligibilityRule
FN:50,(anonymous_1)
FN:55,(anonymous_2)
FNF:3
FNH:3
FNDA:632,applyEligibilityRule
FNDA:150,(anonymous_1)
FNDA:21,(anonymous_2)
DA:2,5
DA:42,5
DA:48,632
DA:50,417
DA:52,1
DA:54,214
DA:55,189
DA:56,21
DA:57,21
LF:9
LH:9
BRDA:48,0,0,417
BRDA:48,0,1,1
BRDA:48,0,2,214
BRDA:54,1,0,25
BRDA:54,2,0,214
BRDA:54,2,1,191
BRDA:54,2,2,189
BRDA:57,3,0,21
BRDA:57,3,1,12
BRF:9
BRH:9
end_of_record
TN:
SF:src\app\transaction-builder\function-policy.ts
FN:60,isCreatingMovement
FN:64,requiredNaturalKeyFields
FN:73,ibNumberLabel
FN:77,hasParent
FN:81,parentOptions
FN:91,carriedCurrency
FN:96,usesTwoFieldSearch
FN:100,toleranceApplicable
FN:105,isReady
FN:110,lcNumberFromParent
FN:128,contextLcNumber
FN:140,contextSecondaryRef
FN:159,contextTenorType
FN:168,checkerSecondaryField
FN:172,checkerSecondaryLabel
FN:181,parentTenorFamily
FNF:16
FNH:16
FNDA:2041,isCreatingMovement
FNDA:534,requiredNaturalKeyFields
FNDA:10,ibNumberLabel
FNDA:438,hasParent
FNDA:5,parentOptions
FNDA:562,carriedCurrency
FNDA:535,usesTwoFieldSearch
FNDA:735,toleranceApplicable
FNDA:6,isReady
FNDA:286,lcNumberFromParent
FNDA:87,contextLcNumber
FNDA:75,contextSecondaryRef
FNDA:82,contextTenorType
FNDA:119,checkerSecondaryField
FNDA:13,checkerSecondaryLabel
FNDA:57,parentTenorFamily
DA:2,13
DA:60,13
DA:61,2041
DA:64,13
DA:65,534
DA:73,13
DA:74,10
DA:77,13
DA:78,438
DA:81,13
DA:82,5
DA:91,13
DA:92,562
DA:96,13
DA:97,535
DA:100,13
DA:101,735
DA:105,13
DA:106,6
DA:110,13
DA:111,286
DA:128,13
DA:129,87
DA:130,69
DA:131,61
DA:132,44
DA:140,13
DA:141,75
DA:142,75
DA:143,35
DA:144,22
DA:145,5
DA:159,13
DA:160,82
DA:168,13
DA:169,119
DA:172,13
DA:173,13
DA:181,13
DA:182,57
DA:183,25
DA:184,19
LF:42
LH:42
BRDA:61,0,0,2041
BRDA:61,0,1,1917
BRDA:65,1,0,517
BRDA:65,1,1,17
BRDA:74,2,0,3
BRDA:74,2,1,7
BRDA:78,3,0,438
BRDA:78,3,1,423
BRDA:82,4,0,3
BRDA:82,4,1,2
BRDA:92,5,0,562
BRDA:92,5,1,504
BRDA:92,5,2,357
BRDA:97,6,0,535
BRDA:97,6,1,412
BRDA:101,7,0,735
BRDA:101,7,1,715
BRDA:101,7,2,715
BRDA:106,8,0,6
BRDA:106,8,1,4
BRDA:106,8,2,3
BRDA:111,9,0,286
BRDA:111,9,1,111
BRDA:129,10,0,18
BRDA:129,11,0,18
BRDA:129,11,1,6
BRDA:129,11,2,3
BRDA:130,12,0,8
BRDA:130,13,0,8
BRDA:130,13,1,2
BRDA:131,14,0,17
BRDA:131,15,0,17
BRDA:131,15,1,8
BRDA:131,15,2,1
BRDA:132,16,0,44
BRDA:132,16,1,7
BRDA:142,17,0,40
BRDA:143,18,0,13
BRDA:143,19,0,13
BRDA:143,19,1,9
BRDA:144,20,0,17
BRDA:144,21,0,17
BRDA:144,21,1,8
BRDA:144,21,2,6
BRDA:145,22,0,5
BRDA:145,22,1,2
BRDA:160,23,0,82
BRDA:160,23,1,40
BRDA:160,23,2,17
BRDA:169,24,0,114
BRDA:169,24,1,5
BRDA:169,25,0,114
BRDA:169,25,1,43
BRDA:173,26,0,7
BRDA:173,26,1,6
BRDA:174,27,0,2
BRDA:174,27,1,5
BRDA:182,28,0,32
BRDA:183,29,0,6
BRF:59
BRH:59
end_of_record
TN:
SF:src\app\transaction-builder\function-strategy.ts
FN:96,functionSupportsFixPending
FN:273,deriveFunctionStrategy
FN:288,(anonymous_2)
FN:312,movementTypeMatchesFunction
FN:319,(anonymous_4)
FN:348,resolveFunctionForMovement
FN:349,(anonymous_6)
FN:359,(anonymous_7)
FN:362,(anonymous_8)
FN:365,(anonymous_9)
FN:384,payExistingUtilizeFunctionFor
FN:389,(anonymous_11)
FN:398,(anonymous_12)
FNF:13
FNH:13
FNDA:88,functionSupportsFixPending
FNDA:3524,deriveFunctionStrategy
FNDA:324,(anonymous_2)
FNDA:880,movementTypeMatchesFunction
FNDA:165,(anonymous_4)
FNDA:687,resolveFunctionForMovement
FNDA:1605,(anonymous_6)
FNDA:4,(anonymous_7)
FNDA:4,(anonymous_8)
FNDA:4,(anonymous_9)
FNDA:19,payExistingUtilizeFunctionFor
FNDA:45,(anonymous_11)
FNDA:30,(anonymous_12)
DA:1,18
DA:96,18
DA:97,88
DA:100,18
DA:141,18
DA:273,18
DA:274,3524
DA:275,3524
DA:287,18
DA:288,324
DA:312,18
DA:313,880
DA:319,213
DA:320,201
DA:331,201
DA:332,193
DA:333,191
DA:334,190
DA:348,18
DA:349,1605
DA:350,687
DA:358,19
DA:359,4
DA:361,18
DA:362,4
DA:364,17
DA:365,4
DA:367,16
DA:384,18
DA:385,19
DA:386,14
DA:389,45
DA:397,5
DA:398,30
LF:34
LH:34
BRDA:274,0,0,3524
BRDA:274,0,1,1
BRDA:282,1,0,3524
BRDA:282,1,1,1933
BRDA:282,2,0,1932
BRDA:282,2,1,1
BRDA:313,3,0,667
BRDA:319,4,0,12
BRDA:319,5,0,165
BRDA:319,5,1,154
BRDA:331,6,0,8
BRDA:331,7,0,201
BRDA:331,7,1,10
BRDA:331,7,2,10
BRDA:332,8,0,2
BRDA:332,9,0,193
BRDA:332,9,1,3
BRDA:333,10,0,1
BRDA:333,11,0,191
BRDA:333,11,1,2
BRDA:349,12,0,1605
BRDA:349,12,1,855
BRDA:350,13,0,668
BRDA:358,14,0,1
BRDA:358,15,0,19
BRDA:358,15,1,1
BRDA:361,16,0,1
BRDA:361,17,0,18
BRDA:361,17,1,1
BRDA:364,18,0,1
BRDA:364,19,0,17
BRDA:364,19,1,1
BRDA:385,20,0,5
BRDA:385,21,0,19
BRDA:385,21,1,16
BRDA:386,22,0,9
BRDA:389,23,0,45
BRDA:389,23,1,45
BRDA:398,24,0,30
BRDA:398,24,1,5
BRF:40
BRH:40
end_of_record
TN:
SF:src\app\transaction-builder\index-picker.component.ts
FN:23,(anonymous_0)
FN:59,(anonymous_1)
FN:73,(anonymous_2)
FN:84,(anonymous_3)
FNF:4
FNH:4
FNDA:14,(anonymous_0)
FNDA:4,(anonymous_1)
FNDA:3,(anonymous_2)
FNDA:6,(anonymous_3)
DA:1,7
DA:2,7
DA:3,7
DA:4,7
DA:23,7
DA:24,14
DA:25,14
DA:26,14
DA:27,14
DA:28,14
DA:29,14
DA:31,14
DA:33,14
DA:34,14
DA:35,14
DA:36,14
DA:37,14
DA:40,14
DA:41,14
DA:42,14
DA:43,14
DA:44,14
DA:46,14
DA:60,4
DA:61,4
DA:74,3
DA:85,6
DA:86,6
LF:28
LH:28
BRDA:61,0,0,1
BRDA:61,0,1,3
BRDA:61,1,0,4
BRDA:61,1,1,3
BRDA:74,2,0,3
BRDA:74,2,1,2
BRDA:86,3,0,6
BRDA:86,3,1,3
BRDA:86,3,2,2
BRF:9
BRH:9
end_of_record
TN:
SF:src\app\transaction-builder\inquire-delete-pending.component.ts
FN:30,(anonymous_0)
FN:36,(anonymous_1)
FN:41,(anonymous_2)
FN:52,(anonymous_3)
FNF:4
FNH:4
FNDA:4,(anonymous_0)
FNDA:2,(anonymous_1)
FNDA:2,(anonymous_2)
FNDA:2,(anonymous_3)
DA:1,5
DA:2,5
DA:3,5
DA:4,5
DA:5,5
DA:8,5
DA:9,5
DA:10,5
DA:11,5
DA:13,5
DA:14,5
DA:15,5
DA:30,5
DA:34,4
DA:37,2
DA:38,1
DA:42,2
DA:43,2
DA:53,2
DA:54,2
LF:20
LH:20
BRDA:37,0,0,1
BRDA:44,1,0,1
BRDA:44,1,1,1
BRDA:45,2,0,1
BRDA:45,2,1,1
BRDA:47,3,0,1
BRDA:47,3,1,1
BRDA:54,4,0,1
BRDA:54,4,1,1
BRF:9
BRH:9
end_of_record
TN:
SF:src\app\transaction-builder\inquire-delete-pending.service.ts
FN:28,secondaryReferenceForDeleteAudit
FN:76,(anonymous_1)
FN:79,(anonymous_2)
FN:79,(anonymous_3)
FN:81,(anonymous_4)
FN:107,(anonymous_5)
FN:109,(anonymous_6)
FN:112,(anonymous_7)
FN:116,(anonymous_8)
FN:127,(anonymous_9)
FN:136,(anonymous_10)
FN:151,(anonymous_11)
FN:157,(anonymous_12)
FN:166,(anonymous_13)
FN:171,(anonymous_14)
FN:176,(anonymous_15)
FN:180,(anonymous_16)
FN:195,(anonymous_17)
FN:202,(anonymous_18)
FN:203,(anonymous_19)
FN:229,(anonymous_20)
FN:235,(anonymous_21)
FNF:22
FNH:22
FNDA:8,secondaryReferenceForDeleteAudit
FNDA:217,(anonymous_1)
FNDA:1,(anonymous_2)
FNDA:1,(anonymous_3)
FNDA:4,(anonymous_4)
FNDA:2,(anonymous_5)
FNDA:2,(anonymous_6)
FNDA:3,(anonymous_7)
FNDA:1,(anonymous_8)
FNDA:1,(anonymous_9)
FNDA:7,(anonymous_10)
FNDA:6,(anonymous_11)
FNDA:1,(anonymous_12)
FNDA:1,(anonymous_13)
FNDA:1,(anonymous_14)
FNDA:5,(anonymous_15)
FNDA:1,(anonymous_16)
FNDA:3,(anonymous_17)
FNDA:2,(anonymous_18)
FNDA:2,(anonymous_19)
FNDA:1,(anonymous_20)
FNDA:1,(anonymous_21)
DA:1,6
DA:2,6
DA:4,6
DA:5,6
DA:6,6
DA:7,6
DA:8,6
DA:10,6
DA:11,6
DA:12,6
DA:13,6
DA:28,6
DA:29,8
DA:30,8
DA:31,5
DA:32,2
DA:75,6
DA:76,217
DA:77,217
DA:79,1
DA:81,4
DA:88,217
DA:89,217
DA:92,217
DA:93,217
DA:94,217
DA:95,217
DA:97,217
DA:99,217
DA:100,217
DA:101,217
DA:102,217
DA:104,217
DA:105,217
DA:108,2
DA:109,2
DA:113,3
DA:117,1
DA:118,1
DA:119,1
DA:120,1
DA:121,1
DA:122,1
DA:123,1
DA:124,1
DA:128,1
DA:129,1
DA:130,1
DA:131,1
DA:132,1
DA:133,1
DA:137,7
DA:138,7
DA:139,7
DA:140,7
DA:141,7
DA:152,6
DA:153,6
DA:154,6
DA:155,6
DA:158,1
DA:159,1
DA:160,1
DA:161,1
DA:167,1
DA:168,1
DA:172,1
DA:173,1
DA:177,5
DA:181,1
DA:196,3
DA:197,3
DA:198,3
DA:203,2
DA:204,2
DA:205,1
DA:206,1
DA:208,1
DA:209,1
DA:210,1
DA:220,1
DA:230,1
DA:236,1
DA:237,1
LF:84
LH:84
BRDA:30,0,0,3
BRDA:30,1,0,2
BRDA:30,1,1,1
BRDA:31,2,0,3
BRDA:31,3,0,3
BRDA:31,3,1,0
BRDA:32,4,0,2
BRDA:32,4,1,1
BRDA:81,5,0,3
BRDA:81,5,1,1
BRDA:108,6,0,1
BRDA:136,7,0,5
BRDA:143,8,0,7
BRDA:143,8,1,5
BRDA:144,9,0,7
BRDA:144,9,1,7
BRDA:145,10,0,7
BRDA:145,10,1,6
BRDA:146,11,0,7
BRDA:146,11,1,7
BRDA:168,12,0,0
BRDA:173,13,0,1
BRDA:204,14,0,1
BRDA:208,15,0,1
BRDA:208,15,1,0
BRDA:217,16,0,1
BRDA:217,16,1,1
BRDA:217,17,0,0
BRDA:217,17,1,1
BRF:29
BRH:25
end_of_record
TN:
SF:src\app\transaction-builder\inquire-events.component.ts
FN:68,(anonymous_0)
FN:72,(anonymous_1)
FN:77,(anonymous_2)
FN:96,(anonymous_3)
FN:106,(anonymous_4)
FNF:5
FNH:5
FNDA:12,(anonymous_0)
FNDA:2,(anonymous_1)
FNDA:2,(anonymous_2)
FNDA:2,(anonymous_3)
FNDA:2,(anonymous_4)
DA:1,5
DA:2,5
DA:3,5
DA:4,5
DA:7,5
DA:17,5
DA:18,5
DA:19,5
DA:20,5
DA:21,5
DA:22,5
DA:24,5
DA:25,5
DA:68,5
DA:70,12
DA:73,2
DA:74,1
DA:78,2
DA:88,12
DA:89,12
DA:90,12
DA:91,12
DA:92,12
DA:93,12
DA:94,12
DA:102,2
DA:107,2
LF:27
LH:27
BRDA:73,0,0,1
BRDA:79,1,0,1
BRDA:79,1,1,1
BRDA:80,2,0,1
BRDA:80,2,1,1
BRDA:82,3,0,1
BRDA:82,3,1,1
BRF:7
BRH:7
end_of_record
TN:
SF:src\app\transaction-builder\inquire-events.service.ts
FN:67,functionForEvent
FN:81,systemLabelForEvent
FN:102,isReclassifiedSecondaryRefShape
FN:125,secondaryReferenceForEvent
FN:141,primaryReferenceForEvent
FN:163,effectiveEventTime
FN:167,toEventRows
FN:274,mergeAccountingEventRows
FN:275,(anonymous_8)
FN:276,(anonymous_9)
FN:277,(anonymous_10)
FN:278,(anonymous_11)
FN:279,(anonymous_12)
FN:281,(anonymous_13)
FN:285,(anonymous_14)
FN:290,(anonymous_15)
FN:291,(anonymous_16)
FN:294,(anonymous_17)
FN:302,movementsOf$
FN:304,(anonymous_19)
FN:304,(anonymous_20)
FN:305,(anonymous_21)
FN:315,childMovementsOf$
FN:317,(anonymous_23)
FN:317,(anonymous_24)
FN:318,(anonymous_25)
FN:319,(anonymous_26)
FN:359,deriveLcAmount
FN:360,(anonymous_28)
FN:391,deriveLcInputAmount
FN:392,(anonymous_30)
FN:412,computeLcIndexRow
FN:420,(anonymous_32)
FN:421,(anonymous_33)
FN:423,(anonymous_34)
FN:426,(anonymous_35)
FN:427,(anonymous_36)
FN:430,(anonymous_37)
FN:441,(anonymous_38)
FN:456,(anonymous_39)
FN:511,(anonymous_40)
FN:527,(anonymous_41)
FN:532,(anonymous_42)
FN:537,(anonymous_43)
FN:553,(anonymous_44)
FN:563,(anonymous_45)
FN:572,(anonymous_46)
FN:588,(anonymous_47)
FN:589,(anonymous_48)
FN:593,(anonymous_49)
FN:600,(anonymous_50)
FN:604,(anonymous_51)
FN:614,(anonymous_52)
FN:622,(anonymous_53)
FN:632,(anonymous_54)
FN:637,(anonymous_55)
FN:642,(anonymous_56)
FN:646,(anonymous_57)
FN:652,(anonymous_58)
FN:657,(anonymous_59)
FN:665,(anonymous_60)
FN:668,(anonymous_61)
FN:669,(anonymous_62)
FN:671,(anonymous_63)
FN:687,(anonymous_64)
FN:703,(anonymous_65)
FN:711,(anonymous_66)
FN:711,(anonymous_67)
FN:716,(anonymous_68)
FN:726,(anonymous_69)
FN:730,(anonymous_70)
FN:735,(anonymous_71)
FN:741,(anonymous_72)
FN:750,(anonymous_73)
FN:772,(anonymous_74)
FN:777,(anonymous_75)
FN:788,(anonymous_76)
FN:799,(anonymous_77)
FN:879,(anonymous_78)
FN:880,(anonymous_79)
FN:886,(anonymous_80)
FN:888,(anonymous_81)
FNF:82
FNH:81
FNDA:41,functionForEvent
FNDA:4,systemLabelForEvent
FNDA:13,isReclassifiedSecondaryRefShape
FNDA:15,secondaryReferenceForEvent
FNDA:7,primaryReferenceForEvent
FNDA:155,effectiveEventTime
FNDA:167,toEventRows
FNDA:57,mergeAccountingEventRows
FNDA:8,(anonymous_8)
FNDA:20,(anonymous_9)
FNDA:152,(anonymous_10)
FNDA:149,(anonymous_11)
FNDA:2,(anonymous_12)
FNDA:3,(anonymous_13)
FNDA:149,(anonymous_14)
FNDA:147,(anonymous_15)
FNDA:2601,(anonymous_16)
FNDA:2,(anonymous_17)
FNDA:67,movementsOf$
FNDA:63,(anonymous_19)
FNDA:145,(anonymous_20)
FNDA:4,(anonymous_21)
FNDA:70,childMovementsOf$
FNDA:69,(anonymous_23)
FNDA:10,(anonymous_24)
FNDA:69,(anonymous_25)
FNDA:1,(anonymous_26)
FNDA:11,deriveLcAmount
FNDA:19,(anonymous_28)
FNDA:3,deriveLcInputAmount
FNDA:2,(anonymous_30)
FNDA:14,computeLcIndexRow
FNDA:1,(anonymous_32)
FNDA:0,(anonymous_33)
FNDA:18,(anonymous_34)
FNDA:14,(anonymous_35)
FNDA:22,(anonymous_36)
FNDA:22,(anonymous_37)
FNDA:22,(anonymous_38)
FNDA:19,(anonymous_39)
FNDA:298,(anonymous_40)
FNDA:5,(anonymous_41)
FNDA:2,(anonymous_42)
FNDA:4,(anonymous_43)
FNDA:4,(anonymous_44)
FNDA:3,(anonymous_45)
FNDA:2,(anonymous_46)
FNDA:2,(anonymous_47)
FNDA:3,(anonymous_48)
FNDA:35,(anonymous_49)
FNDA:35,(anonymous_50)
FNDA:3,(anonymous_51)
FNDA:30,(anonymous_52)
FNDA:31,(anonymous_53)
FNDA:1,(anonymous_54)
FNDA:12,(anonymous_55)
FNDA:6,(anonymous_56)
FNDA:26,(anonymous_57)
FNDA:24,(anonymous_58)
FNDA:1,(anonymous_59)
FNDA:25,(anonymous_60)
FNDA:50,(anonymous_61)
FNDA:25,(anonymous_62)
FNDA:112,(anonymous_63)
FNDA:22,(anonymous_64)
FNDA:21,(anonymous_65)
FNDA:10,(anonymous_66)
FNDA:9,(anonymous_67)
FNDA:1,(anonymous_68)
FNDA:1,(anonymous_69)
FNDA:2,(anonymous_70)
FNDA:1,(anonymous_71)
FNDA:1,(anonymous_72)
FNDA:1,(anonymous_73)
FNDA:39,(anonymous_74)
FNDA:4,(anonymous_75)
FNDA:6,(anonymous_76)
FNDA:35,(anonymous_77)
FNDA:25,(anonymous_78)
FNDA:1,(anonymous_79)
FNDA:25,(anonymous_80)
FNDA:25,(anonymous_81)
DA:1,7
DA:2,7
DA:4,7
DA:5,7
DA:6,7
DA:7,7
DA:16,7
DA:17,7
DA:19,7
DA:20,7
DA:67,7
DA:68,41
DA:69,41
DA:81,7
DA:82,4
DA:103,13
DA:104,9
DA:105,4
DA:106,5
DA:125,7
DA:126,15
DA:127,12
DA:128,9
DA:129,3
DA:130,6
DA:131,2
DA:141,7
DA:142,7
DA:143,3
DA:164,155
DA:167,7
DA:179,167
DA:211,163
DA:212,163
DA:213,155
DA:221,8
DA:274,7
DA:275,57
DA:276,20
DA:277,152
DA:278,149
DA:279,57
DA:280,2
DA:281,3
DA:284,57
DA:286,149
DA:287,148
DA:288,147
DA:291,2601
DA:292,147
DA:293,146
DA:294,2
DA:295,1
DA:297,145
DA:302,7
DA:303,67
DA:304,145
DA:305,4
DA:315,7
DA:316,70
DA:317,69
DA:318,69
DA:319,1
DA:360,11
DA:361,19
DA:362,14
DA:363,14
DA:364,14
DA:367,9
DA:369,1
DA:372,2
DA:374,2
DA:377,11
DA:392,3
DA:412,7
DA:418,14
DA:419,14
DA:420,1
DA:421,0
DA:423,18
DA:427,22
DA:428,14
DA:429,14
DA:430,22
DA:439,14
DA:442,22
DA:443,22
DA:449,14
DA:456,19
DA:457,14
DA:510,7
DA:511,298
DA:513,298
DA:514,298
DA:515,298
DA:516,298
DA:517,298
DA:520,298
DA:521,298
DA:524,298
DA:528,5
DA:529,5
DA:533,2
DA:534,2
DA:538,4
DA:539,4
DA:543,298
DA:545,298
DA:546,298
DA:548,298
DA:549,298
DA:550,298
DA:554,4
DA:564,3
DA:565,3
DA:573,2
DA:576,298
DA:578,298
DA:579,298
DA:580,298
DA:582,298
DA:585,298
DA:586,298
DA:589,3
DA:594,35
DA:595,35
DA:596,25
DA:601,35
DA:605,3
DA:606,3
DA:607,3
DA:609,3
DA:610,3
DA:611,3
DA:615,30
DA:616,30
DA:617,30
DA:618,30
DA:619,30
DA:623,31
DA:624,31
DA:625,31
DA:626,31
DA:627,31
DA:628,31
DA:629,31
DA:633,1
DA:638,12
DA:643,6
DA:647,26
DA:648,26
DA:649,26
DA:650,25
DA:651,25
DA:653,24
DA:654,24
DA:655,24
DA:658,1
DA:659,1
DA:666,25
DA:667,25
DA:668,50
DA:670,25
DA:671,112
DA:672,25
DA:673,25
DA:688,22
DA:689,22
DA:690,22
DA:704,21
DA:705,21
DA:706,21
DA:707,12
DA:708,12
DA:709,12
DA:711,10
DA:712,9
DA:713,9
DA:717,1
DA:718,1
DA:719,1
DA:720,1
DA:727,1
DA:731,2
DA:732,2
DA:736,1
DA:737,1
DA:742,1
DA:743,1
DA:744,1
DA:745,1
DA:746,1
DA:751,1
DA:773,39
DA:778,4
DA:789,6
DA:790,6
DA:796,6
DA:800,35
DA:801,35
DA:802,35
DA:803,35
DA:810,35
DA:811,35
DA:813,35
DA:823,35
DA:824,35
DA:826,35
DA:827,35
DA:828,35
DA:830,35
DA:832,35
DA:835,35
DA:839,35
DA:840,35
DA:841,35
DA:843,35
DA:852,35
DA:853,8
DA:854,8
DA:855,8
DA:863,35
DA:864,22
DA:865,22
DA:873,35
DA:874,35
DA:876,35
DA:877,26
DA:878,26
DA:879,25
DA:887,25
DA:888,25
DA:889,24
LF:233
LH:232
BRDA:70,0,0,41
BRDA:70,0,1,35
BRDA:70,1,0,6
BRDA:70,1,1,35
BRDA:103,2,0,4
BRDA:103,3,0,13
BRDA:103,3,1,8
BRDA:104,4,0,4
BRDA:104,5,0,9
BRDA:104,5,1,5
BRDA:104,5,2,3
BRDA:126,6,0,3
BRDA:126,7,0,3
BRDA:126,7,1,1
BRDA:127,8,0,3
BRDA:127,9,0,2
BRDA:127,9,1,1
BRDA:128,10,0,3
BRDA:128,11,0,9
BRDA:128,11,1,7
BRDA:129,12,0,3
BRDA:129,12,1,1
BRDA:130,13,0,4
BRDA:130,14,0,4
BRDA:130,14,1,0
BRDA:142,15,0,4
BRDA:143,16,0,3
BRDA:143,16,1,1
BRDA:164,17,0,155
BRDA:164,17,1,151
BRDA:179,18,0,4
BRDA:211,19,0,163
BRDA:211,19,1,138
BRDA:211,19,2,18
BRDA:211,19,3,13
BRDA:212,20,0,155
BRDA:226,21,0,8
BRDA:226,21,1,2
BRDA:226,21,2,0
BRDA:277,22,0,152
BRDA:277,22,1,8
BRDA:278,23,0,149
BRDA:278,23,1,2
BRDA:280,24,0,1
BRDA:280,25,0,2
BRDA:280,25,1,2
BRDA:281,26,0,3
BRDA:281,26,1,1
BRDA:286,27,0,1
BRDA:286,28,0,149
BRDA:286,28,1,8
BRDA:287,29,0,1
BRDA:287,30,0,148
BRDA:287,30,1,2
BRDA:291,31,0,2601
BRDA:291,31,1,19
BRDA:292,32,0,1
BRDA:293,33,0,1
BRDA:293,34,0,146
BRDA:293,34,1,1
BRDA:294,35,0,2
BRDA:294,35,1,1
BRDA:295,36,0,1
BRDA:317,37,0,9
BRDA:317,37,1,60
BRDA:361,38,0,5
BRDA:363,39,0,0
BRDA:364,40,0,8
BRDA:364,40,1,9
BRDA:364,40,2,1
BRDA:364,40,3,2
BRDA:364,40,4,2
BRDA:392,41,0,3
BRDA:392,41,1,1
BRDA:416,42,0,11
BRDA:422,43,0,9
BRDA:422,43,1,5
BRDA:429,44,0,10
BRDA:429,44,1,4
BRDA:430,45,0,10
BRDA:430,45,1,12
BRDA:439,46,0,13
BRDA:439,46,1,1
BRDA:442,47,0,22
BRDA:442,47,1,20
BRDA:442,47,2,20
BRDA:443,48,0,9
BRDA:443,48,1,13
BRDA:445,49,0,13
BRDA:445,49,1,11
BRDA:445,49,2,11
BRDA:449,50,0,10
BRDA:449,50,1,4
BRDA:449,51,0,14
BRDA:449,51,1,10
BRDA:450,52,0,10
BRDA:450,52,1,0
BRDA:453,53,0,4
BRDA:453,53,1,4
BRDA:456,54,0,19
BRDA:456,54,1,4
BRDA:461,55,0,3
BRDA:461,55,1,11
BRDA:462,56,0,9
BRDA:462,56,1,5
BRDA:463,57,0,14
BRDA:463,57,1,12
BRDA:534,58,0,1
BRDA:539,59,0,3
BRDA:554,60,0,2
BRDA:554,60,1,2
BRDA:565,61,0,1
BRDA:565,61,1,2
BRDA:589,62,0,2
BRDA:589,62,1,1
BRDA:595,63,0,10
BRDA:595,64,0,35
BRDA:595,64,1,25
BRDA:595,64,2,3
BRDA:596,65,0,25
BRDA:596,65,1,24
BRDA:649,66,0,1
BRDA:687,67,0,4
BRDA:694,68,0,22
BRDA:694,68,1,21
BRDA:706,69,0,12
BRDA:732,70,0,1
BRDA:737,71,0,1
BRDA:790,72,0,4
BRDA:790,72,1,2
BRDA:791,73,0,2
BRDA:791,73,1,2
BRDA:792,74,0,2
BRDA:792,74,1,1
BRDA:792,74,2,0
BRDA:793,75,0,2
BRDA:793,75,1,1
BRDA:794,76,0,2
BRDA:794,76,1,1
BRDA:796,77,0,6
BRDA:796,77,1,2
BRDA:802,78,0,35
BRDA:802,78,1,3
BRDA:820,79,0,35
BRDA:820,79,1,28
BRDA:820,80,0,2
BRDA:820,80,1,26
BRDA:827,81,0,35
BRDA:827,81,1,34
BRDA:832,82,0,4
BRDA:832,82,1,31
BRDA:832,83,0,4
BRDA:832,83,1,3
BRDA:832,83,2,2
BRDA:832,84,0,31
BRDA:832,84,1,24
BRDA:835,85,0,4
BRDA:835,85,1,31
BRDA:836,86,0,4
BRDA:836,86,1,3
BRDA:836,86,2,3
BRDA:837,87,0,31
BRDA:837,87,1,30
BRDA:839,88,0,4
BRDA:839,88,1,31
BRDA:839,89,0,4
BRDA:839,89,1,3
BRDA:839,89,2,3
BRDA:839,90,0,31
BRDA:839,90,1,30
BRDA:840,91,0,35
BRDA:840,91,1,10
BRDA:841,92,0,25
BRDA:841,92,1,10
BRDA:841,93,0,25
BRDA:841,93,1,0
BRDA:848,94,0,21
BRDA:848,94,1,14
BRDA:848,95,0,14
BRDA:848,95,1,11
BRDA:849,96,0,21
BRDA:849,96,1,14
BRDA:852,97,0,8
BRDA:853,98,0,7
BRDA:853,98,1,1
BRDA:854,99,0,1
BRDA:854,99,1,7
BRDA:854,100,0,8
BRDA:854,100,1,1
BRDA:859,101,0,1
BRDA:859,101,1,7
BRDA:860,102,0,1
BRDA:860,102,1,7
BRDA:863,103,0,22
BRDA:864,104,0,2
BRDA:864,104,1,20
BRDA:864,105,0,22
BRDA:864,105,1,2
BRDA:869,106,0,2
BRDA:869,106,1,20
BRDA:870,107,0,2
BRDA:870,107,1,20
BRDA:874,108,0,2
BRDA:874,108,1,33
BRDA:874,109,0,1
BRDA:874,109,1,32
BRDA:876,110,0,26
BRDA:877,111,0,1
BRDA:877,111,1,25
BRDA:877,112,0,0
BRDA:877,112,1,25
BRDA:887,113,0,1
BRDA:889,114,0,24
BRF:213
BRH:206
end_of_record
TN:
SF:src\app\transaction-builder\lc-catalog-index.service.ts
FN:32,(anonymous_0)
FN:34,(anonymous_1)
FN:37,(anonymous_2)
FN:48,(anonymous_3)
FN:58,(anonymous_4)
FN:67,(anonymous_5)
FN:71,(anonymous_6)
FN:78,(anonymous_7)
FN:83,(anonymous_8)
FN:85,(anonymous_9)
FN:89,(anonymous_10)
FN:95,(anonymous_11)
FN:104,(anonymous_12)
FN:108,(anonymous_13)
FN:113,(anonymous_14)
FNF:15
FNH:15
FNDA:233,(anonymous_0)
FNDA:2,(anonymous_1)
FNDA:13,(anonymous_2)
FNDA:4,(anonymous_3)
FNDA:3,(anonymous_4)
FNDA:2,(anonymous_5)
FNDA:1,(anonymous_6)
FNDA:18,(anonymous_7)
FNDA:17,(anonymous_8)
FNDA:4,(anonymous_9)
FNDA:16,(anonymous_10)
FNDA:2,(anonymous_11)
FNDA:1,(anonymous_12)
FNDA:2,(anonymous_13)
FNDA:1,(anonymous_14)
DA:1,7
DA:2,7
DA:4,7
DA:5,7
DA:6,7
DA:31,7
DA:34,233
DA:37,233
DA:38,13
DA:41,233
DA:42,233
DA:43,233
DA:44,233
DA:45,233
DA:46,233
DA:49,4
DA:59,3
DA:60,3
DA:68,2
DA:72,1
DA:73,1
DA:74,1
DA:75,1
DA:79,18
DA:80,18
DA:81,18
DA:84,17
DA:85,5
DA:90,16
DA:91,16
DA:92,16
DA:93,16
DA:96,2
DA:97,2
DA:98,2
DA:99,2
DA:105,1
DA:109,2
DA:110,2
DA:114,1
DA:115,1
LF:41
LH:41
BRDA:34,0,0,13
BRDA:36,1,0,14
BRDA:37,2,0,15
BRDA:49,3,0,2
BRDA:49,3,1,2
BRDA:60,4,0,1
BRDA:60,4,1,2
BRDA:78,5,0,13
BRDA:81,6,0,18
BRDA:81,6,1,17
BRDA:84,7,0,12
BRDA:110,8,0,1
BRDA:115,9,0,1
BRF:13
BRH:13
end_of_record
TN:
SF:src\app\transaction-builder\look-up-panel.service.ts
FN:32,(anonymous_0)
FN:72,(anonymous_1)
FN:82,(anonymous_2)
FN:88,(anonymous_3)
FN:93,(anonymous_4)
FN:99,(anonymous_5)
FN:105,(anonymous_6)
FN:112,(anonymous_7)
FN:117,(anonymous_8)
FN:122,(anonymous_9)
FN:127,(anonymous_10)
FN:132,(anonymous_11)
FN:146,(anonymous_12)
FN:153,(anonymous_13)
FN:158,(anonymous_14)
FN:163,(anonymous_15)
FN:173,(anonymous_16)
FN:182,(anonymous_17)
FN:210,(anonymous_18)
FN:217,(anonymous_19)
FN:218,(anonymous_20)
FN:219,(anonymous_21)
FN:228,(anonymous_22)
FN:229,(anonymous_23)
FN:237,(anonymous_24)
FN:238,(anonymous_25)
FN:242,(anonymous_26)
FN:247,(anonymous_27)
FN:258,(anonymous_28)
FN:259,(anonymous_29)
FN:268,(anonymous_30)
FN:269,(anonymous_31)
FN:270,(anonymous_32)
FN:275,(anonymous_33)
FN:276,(anonymous_34)
FN:285,(anonymous_35)
FN:286,(anonymous_36)
FN:287,(anonymous_37)
FN:300,(anonymous_38)
FN:314,(anonymous_39)
FN:317,(anonymous_40)
FN:317,(anonymous_41)
FN:318,(anonymous_42)
FN:334,(anonymous_43)
FN:341,(anonymous_44)
FN:345,(anonymous_45)
FN:349,(anonymous_46)
FN:356,(anonymous_47)
FNF:48
FNH:46
FNDA:197,(anonymous_0)
FNDA:13,(anonymous_1)
FNDA:9,(anonymous_2)
FNDA:2,(anonymous_3)
FNDA:6,(anonymous_4)
FNDA:4,(anonymous_5)
FNDA:4,(anonymous_6)
FNDA:2,(anonymous_7)
FNDA:0,(anonymous_8)
FNDA:3,(anonymous_9)
FNDA:1,(anonymous_10)
FNDA:6,(anonymous_11)
FNDA:5,(anonymous_12)
FNDA:3,(anonymous_13)
FNDA:3,(anonymous_14)
FNDA:80,(anonymous_15)
FNDA:10,(anonymous_16)
FNDA:25,(anonymous_17)
FNDA:24,(anonymous_18)
FNDA:23,(anonymous_19)
FNDA:24,(anonymous_20)
FNDA:1,(anonymous_21)
FNDA:22,(anonymous_22)
FNDA:1,(anonymous_23)
FNDA:20,(anonymous_24)
FNDA:1,(anonymous_25)
FNDA:1,(anonymous_26)
FNDA:8,(anonymous_27)
FNDA:5,(anonymous_28)
FNDA:5,(anonymous_29)
FNDA:3,(anonymous_30)
FNDA:4,(anonymous_31)
FNDA:1,(anonymous_32)
FNDA:5,(anonymous_33)
FNDA:5,(anonymous_34)
FNDA:3,(anonymous_35)
FNDA:4,(anonymous_36)
FNDA:1,(anonymous_37)
FNDA:32,(anonymous_38)
FNDA:2,(anonymous_39)
FNDA:32,(anonymous_40)
FNDA:6,(anonymous_41)
FNDA:0,(anonymous_42)
FNDA:42,(anonymous_43)
FNDA:40,(anonymous_44)
FNDA:2,(anonymous_45)
FNDA:24,(anonymous_46)
FNDA:10,(anonymous_47)
DA:1,4
DA:2,4
DA:3,4
DA:4,4
DA:5,4
DA:6,4
DA:7,4
DA:31,4
DA:32,197
DA:34,197
DA:35,197
DA:36,197
DA:45,197
DA:48,197
DA:49,197
DA:50,197
DA:51,197
DA:52,197
DA:55,197
DA:56,197
DA:57,197
DA:58,197
DA:69,197
DA:70,197
DA:73,13
DA:74,13
DA:75,12
DA:76,12
DA:77,12
DA:79,13
DA:83,9
DA:84,9
DA:85,9
DA:89,2
DA:90,2
DA:94,6
DA:95,6
DA:100,4
DA:101,3
DA:102,2
DA:106,4
DA:107,3
DA:108,2
DA:113,2
DA:118,0
DA:123,3
DA:128,1
DA:133,6
DA:134,6
DA:135,2
DA:136,2
DA:138,4
DA:139,2
DA:140,2
DA:142,2
DA:147,5
DA:148,5
DA:149,3
DA:154,3
DA:159,3
DA:164,80
DA:165,80
DA:174,10
DA:175,10
DA:176,10
DA:177,10
DA:178,10
DA:183,25
DA:184,25
DA:185,25
DA:186,25
DA:187,25
DA:188,25
DA:189,25
DA:190,25
DA:191,25
DA:192,25
DA:193,25
DA:194,25
DA:195,25
DA:196,25
DA:197,25
DA:214,24
DA:217,23
DA:218,24
DA:219,1
DA:223,24
DA:224,24
DA:225,22
DA:228,22
DA:229,1
DA:233,24
DA:234,20
DA:237,20
DA:238,1
DA:242,1
DA:248,8
DA:249,8
DA:250,1
DA:252,8
DA:253,1
DA:259,5
DA:260,5
DA:261,1
DA:262,1
DA:263,1
DA:265,4
DA:268,3
DA:269,4
DA:270,1
DA:276,5
DA:277,5
DA:278,1
DA:279,1
DA:280,1
DA:282,4
DA:285,3
DA:286,4
DA:287,1
DA:308,32
DA:312,32
DA:314,2
DA:316,32
DA:317,32
DA:318,0
DA:340,42
DA:342,40
DA:343,40
DA:345,2
DA:350,24
DA:351,4
DA:352,2
DA:357,10
DA:358,8
DA:359,7
DA:360,6
LF:136
LH:134
BRDA:73,0,0,2
BRDA:73,0,1,11
BRDA:73,1,0,2
BRDA:73,1,1,9
BRDA:74,2,0,12
BRDA:90,3,0,1
BRDA:95,4,0,5
BRDA:100,5,0,1
BRDA:101,6,0,1
BRDA:102,7,0,2
BRDA:102,7,1,1
BRDA:106,8,0,1
BRDA:107,9,0,1
BRDA:108,10,0,2
BRDA:108,10,1,1
BRDA:133,11,0,6
BRDA:133,11,1,1
BRDA:134,12,0,2
BRDA:136,13,0,1
BRDA:136,13,1,1
BRDA:138,14,0,2
BRDA:140,15,0,1
BRDA:140,15,1,1
BRDA:148,16,0,2
BRDA:148,17,0,5
BRDA:148,17,1,4
BRDA:148,17,2,2
BRDA:149,18,0,3
BRDA:149,18,1,3
BRDA:159,19,0,1
BRDA:159,19,1,2
BRDA:165,20,0,23
BRDA:202,21,0,25
BRDA:202,21,1,25
BRDA:203,22,0,25
BRDA:203,22,1,23
BRDA:220,23,0,2
BRDA:220,23,1,22
BRDA:224,24,0,22
BRDA:233,25,0,20
BRDA:249,26,0,1
BRDA:249,27,0,8
BRDA:249,27,1,4
BRDA:249,27,2,2
BRDA:252,28,0,1
BRDA:252,29,0,8
BRDA:252,29,1,2
BRDA:252,29,2,2
BRDA:259,30,0,5
BRDA:259,30,1,1
BRDA:260,31,0,1
BRDA:276,32,0,5
BRDA:276,32,1,1
BRDA:277,33,0,1
BRDA:306,34,0,8
BRDA:343,35,0,2
BRDA:350,36,0,20
BRDA:351,37,0,2
BRDA:357,38,0,2
BRDA:357,39,0,10
BRDA:357,39,1,9
BRDA:358,40,0,1
BRDA:359,41,0,1
BRF:63
BRH:63
end_of_record
TN:
SF:src\app\transaction-builder\maker-action-bar.component.ts
FN:30,(anonymous_0)
FN:43,(anonymous_1)
FNF:2
FNH:2
FNDA:4,(anonymous_0)
FNDA:4,(anonymous_1)
DA:1,6
DA:2,6
DA:3,6
DA:5,6
DA:30,6
DA:31,4
DA:33,4
DA:34,4
DA:35,4
DA:36,4
DA:37,4
DA:38,4
DA:39,4
DA:41,4
DA:44,4
LF:15
LH:15
BRF:0
BRH:0
end_of_record
TN:
SF:src\app\transaction-builder\maker-action-bar.policy.ts
FN:32,deriveMakerActionBarView
FNF:1
FNH:1
FNDA:14,deriveMakerActionBarView
DA:32,7
DA:33,14
DA:34,14
DA:36,14
LF:4
LH:4
BRDA:34,0,0,14
BRDA:34,0,1,12
BRDA:37,1,0,14
BRDA:37,1,1,4
BRDA:38,2,0,14
BRDA:38,2,1,8
BRDA:38,2,2,7
BRDA:39,3,0,14
BRDA:39,3,1,4
BRDA:39,3,2,4
BRDA:40,4,0,14
BRDA:40,4,1,10
BRDA:41,5,0,14
BRDA:41,5,1,13
BRDA:41,5,2,13
BRDA:42,6,0,1
BRDA:42,6,1,13
BRDA:42,7,0,13
BRDA:42,7,1,4
BRDA:44,8,0,14
BRDA:44,8,1,10
BRDA:44,8,2,7
BRDA:44,8,3,3
BRDA:44,8,4,3
BRDA:45,9,0,14
BRDA:45,9,1,10
BRDA:46,10,0,14
BRDA:46,10,1,14
BRF:28
BRH:28
end_of_record
TN:
SF:src\app\transaction-builder\maker-balance-warning.policy.ts
FN:17,deriveMakerBalanceWarnings
FNF:1
FNH:1
FNDA:8,deriveMakerBalanceWarnings
DA:17,6
DA:18,8
DA:20,6
DA:21,6
DA:22,6
DA:23,1
DA:26,5
DA:32,1
DA:36,4
DA:39,4
DA:40,4
DA:41,1
DA:42,3
DA:43,1
DA:46,4
DA:50,4
LF:16
LH:16
BRDA:18,0,0,2
BRDA:18,1,0,8
BRDA:18,1,1,7
BRDA:18,1,2,7
BRDA:18,1,3,7
BRDA:22,2,0,1
BRDA:22,3,0,6
BRDA:22,3,1,5
BRDA:26,4,0,1
BRDA:27,5,0,5
BRDA:27,5,1,5
BRDA:27,5,2,5
BRDA:27,5,3,4
BRDA:27,5,4,5
BRDA:36,6,0,1
BRDA:36,6,1,3
BRDA:38,7,0,3
BRDA:38,7,1,0
BRDA:40,8,0,1
BRDA:40,8,1,3
BRDA:40,9,0,4
BRDA:40,9,1,1
BRDA:42,10,0,1
BRDA:42,11,0,3
BRDA:42,11,1,2
BRDA:42,11,2,1
BRDA:46,12,0,1
BRDA:46,12,1,3
BRDA:46,13,0,4
BRDA:46,13,1,2
BRF:30
BRH:29
end_of_record
TN:
SF:src\app\transaction-builder\maker-balance-warnings.component.ts
FN:12,(anonymous_0)
FNF:1
FNH:1
FNDA:1,(anonymous_0)
DA:1,6
DA:2,6
DA:12,6
DA:13,1
LF:4
LH:4
BRF:0
BRH:0
end_of_record
TN:
SF:src\app\transaction-builder\maker-panel.component.ts
FN:291,(anonymous_0)
FN:301,(anonymous_1)
FN:304,(anonymous_2)
FN:307,(anonymous_3)
FN:311,(anonymous_4)
FN:316,(anonymous_5)
FN:335,(anonymous_6)
FN:348,(anonymous_7)
FN:369,(anonymous_8)
FN:379,(anonymous_9)
FN:399,(anonymous_10)
FN:408,(anonymous_11)
FN:439,(anonymous_12)
FN:456,(anonymous_13)
FN:478,(anonymous_14)
FN:485,(anonymous_15)
FN:488,(anonymous_16)
FN:491,(anonymous_17)
FN:494,(anonymous_18)
FN:497,(anonymous_19)
FN:500,(anonymous_20)
FN:503,(anonymous_21)
FN:506,(anonymous_22)
FN:509,(anonymous_23)
FN:512,(anonymous_24)
FN:515,(anonymous_25)
FN:518,(anonymous_26)
FN:522,(anonymous_27)
FN:532,(anonymous_28)
FN:535,(anonymous_29)
FN:545,(anonymous_30)
FN:557,(anonymous_31)
FN:585,(anonymous_32)
FN:590,(anonymous_33)
FN:594,(anonymous_34)
FN:609,(anonymous_35)
FN:635,(anonymous_36)
FN:658,(anonymous_37)
FN:662,(anonymous_38)
FN:666,(anonymous_39)
FN:676,(anonymous_40)
FN:735,(anonymous_41)
FN:745,(anonymous_42)
FN:753,(anonymous_43)
FN:769,(anonymous_44)
FN:786,(anonymous_45)
FN:795,(anonymous_46)
FN:796,(anonymous_47)
FN:802,(anonymous_48)
FN:813,(anonymous_49)
FN:821,(anonymous_50)
FN:830,(anonymous_51)
FN:839,(anonymous_52)
FN:848,(anonymous_53)
FN:854,(anonymous_54)
FN:863,(anonymous_55)
FN:873,(anonymous_56)
FN:880,(anonymous_57)
FN:885,(anonymous_58)
FN:886,(anonymous_59)
FN:890,(anonymous_60)
FN:891,(anonymous_61)
FN:901,(anonymous_62)
FN:911,(anonymous_63)
FN:915,(anonymous_64)
FN:923,(anonymous_65)
FN:942,(anonymous_66)
FN:946,(anonymous_67)
FN:951,(anonymous_68)
FN:956,(anonymous_69)
FN:962,(anonymous_70)
FN:967,(anonymous_71)
FN:968,(anonymous_72)
FN:972,(anonymous_73)
FN:983,(anonymous_74)
FN:991,(anonymous_75)
FN:999,(anonymous_76)
FN:1008,(anonymous_77)
FN:1012,(anonymous_78)
FN:1016,(anonymous_79)
FN:1021,(anonymous_80)
FN:1028,(anonymous_81)
FN:1051,(anonymous_82)
FN:1054,(anonymous_83)
FN:1056,(anonymous_84)
FN:1061,(anonymous_85)
FN:1066,(anonymous_86)
FN:1071,(anonymous_87)
FN:1075,(anonymous_88)
FN:1112,(anonymous_89)
FN:1113,(anonymous_90)
FN:1120,(anonymous_91)
FN:1125,(anonymous_92)
FN:1129,(anonymous_93)
FN:1133,(anonymous_94)
FN:1137,(anonymous_95)
FN:1141,(anonymous_96)
FN:1142,(anonymous_97)
FN:1165,(anonymous_98)
FN:1168,(anonymous_99)
FN:1172,(anonymous_100)
FN:1177,(anonymous_101)
FN:1186,(anonymous_102)
FN:1191,(anonymous_103)
FN:1192,(anonymous_104)
FN:1216,(anonymous_105)
FN:1220,(anonymous_106)
FN:1225,(anonymous_107)
FN:1228,(anonymous_108)
FN:1232,(anonymous_109)
FN:1233,(anonymous_110)
FN:1236,(anonymous_111)
FN:1243,(anonymous_112)
FN:1248,(anonymous_113)
FN:1275,(anonymous_114)
FN:1289,(anonymous_115)
FN:1293,(anonymous_116)
FN:1306,(anonymous_117)
FN:1312,(anonymous_118)
FN:1318,(anonymous_119)
FN:1325,(anonymous_120)
FN:1332,(anonymous_121)
FN:1353,(anonymous_122)
FN:1360,(anonymous_123)
FN:1383,(anonymous_124)
FN:1385,(anonymous_125)
FN:1405,(anonymous_126)
FN:1415,(anonymous_127)
FN:1423,(anonymous_128)
FN:1424,(anonymous_129)
FN:1444,(anonymous_130)
FN:1484,(anonymous_131)
FN:1489,(anonymous_132)
FN:1493,(anonymous_133)
FN:1498,(anonymous_134)
FN:1502,(anonymous_135)
FN:1507,(anonymous_136)
FN:1510,(anonymous_137)
FN:1514,(anonymous_138)
FN:1527,(anonymous_139)
FN:1531,(anonymous_140)
FN:1534,(anonymous_141)
FN:1535,(anonymous_142)
FN:1541,(anonymous_143)
FN:1546,(anonymous_144)
FN:1551,(anonymous_145)
FN:1556,(anonymous_146)
FN:1557,(anonymous_147)
FN:1570,(anonymous_148)
FN:1583,(anonymous_149)
FN:1587,(anonymous_150)
FN:1598,(anonymous_151)
FN:1602,(anonymous_152)
FN:1606,(anonymous_153)
FN:1635,(anonymous_154)
FN:1642,(anonymous_155)
FN:1649,(anonymous_156)
FN:1654,(anonymous_157)
FN:1658,(anonymous_158)
FN:1662,(anonymous_159)
FN:1672,(anonymous_160)
FN:1690,(anonymous_161)
FN:1696,(anonymous_162)
FN:1707,(anonymous_163)
FN:1722,(anonymous_164)
FN:1734,(anonymous_165)
FN:1741,(anonymous_166)
FN:1751,(anonymous_167)
FN:1790,(anonymous_168)
FN:1796,(anonymous_169)
FN:1817,(anonymous_170)
FN:1819,(anonymous_171)
FN:1834,(anonymous_172)
FN:1835,(anonymous_173)
FN:1853,(anonymous_174)
FN:1866,(anonymous_175)
FN:1867,(anonymous_176)
FN:1883,(anonymous_177)
FN:1899,(anonymous_178)
FN:1900,(anonymous_179)
FN:1906,(anonymous_180)
FN:1912,(anonymous_181)
FN:1937,(anonymous_182)
FN:161,(anonymous_184)
FN:162,(anonymous_185)
FN:163,(anonymous_186)
FNF:186
FNH:173
FNDA:381,(anonymous_0)
FNDA:7,(anonymous_1)
FNDA:3,(anonymous_2)
FNDA:1,(anonymous_3)
FNDA:2183,(anonymous_4)
FNDA:0,(anonymous_5)
FNDA:0,(anonymous_6)
FNDA:0,(anonymous_7)
FNDA:0,(anonymous_8)
FNDA:7,(anonymous_9)
FNDA:11,(anonymous_10)
FNDA:303,(anonymous_11)
FNDA:335,(anonymous_12)
FNDA:72,(anonymous_13)
FNDA:72,(anonymous_14)
FNDA:423,(anonymous_15)
FNDA:27,(anonymous_16)
FNDA:4,(anonymous_17)
FNDA:11,(anonymous_18)
FNDA:2,(anonymous_19)
FNDA:97,(anonymous_20)
FNDA:449,(anonymous_21)
FNDA:3,(anonymous_22)
FNDA:4,(anonymous_23)
FNDA:3,(anonymous_24)
FNDA:3,(anonymous_25)
FNDA:2,(anonymous_26)
FNDA:228,(anonymous_27)
FNDA:80,(anonymous_28)
FNDA:69,(anonymous_29)
FNDA:79,(anonymous_30)
FNDA:48,(anonymous_31)
FNDA:15,(anonymous_32)
FNDA:11,(anonymous_33)
FNDA:23,(anonymous_34)
FNDA:14,(anonymous_35)
FNDA:9,(anonymous_36)
FNDA:6,(anonymous_37)
FNDA:5,(anonymous_38)
FNDA:4,(anonymous_39)
FNDA:289,(anonymous_40)
FNDA:3,(anonymous_41)
FNDA:36,(anonymous_42)
FNDA:44,(anonymous_43)
FNDA:262,(anonymous_44)
FNDA:125,(anonymous_45)
FNDA:238,(anonymous_46)
FNDA:119,(anonymous_47)
FNDA:31,(anonymous_48)
FNDA:21,(anonymous_49)
FNDA:22,(anonymous_50)
FNDA:4,(anonymous_51)
FNDA:4,(anonymous_52)
FNDA:216,(anonymous_53)
FNDA:3,(anonymous_54)
FNDA:42,(anonymous_55)
FNDA:36,(anonymous_56)
FNDA:7,(anonymous_57)
FNDA:1,(anonymous_58)
FNDA:1,(anonymous_59)
FNDA:4,(anonymous_60)
FNDA:4,(anonymous_61)
FNDA:5,(anonymous_62)
FNDA:2,(anonymous_63)
FNDA:2,(anonymous_64)
FNDA:362,(anonymous_65)
FNDA:353,(anonymous_66)
FNDA:44,(anonymous_67)
FNDA:0,(anonymous_68)
FNDA:49,(anonymous_69)
FNDA:50,(anonymous_70)
FNDA:96,(anonymous_71)
FNDA:48,(anonymous_72)
FNDA:30,(anonymous_73)
FNDA:0,(anonymous_74)
FNDA:3,(anonymous_75)
FNDA:4,(anonymous_76)
FNDA:1,(anonymous_77)
FNDA:2,(anonymous_78)
FNDA:2,(anonymous_79)
FNDA:53,(anonymous_80)
FNDA:168,(anonymous_81)
FNDA:161,(anonymous_82)
FNDA:25,(anonymous_83)
FNDA:20,(anonymous_84)
FNDA:0,(anonymous_85)
FNDA:2,(anonymous_86)
FNDA:2,(anonymous_87)
FNDA:22,(anonymous_88)
FNDA:130,(anonymous_89)
FNDA:70,(anonymous_90)
FNDA:3,(anonymous_91)
FNDA:4,(anonymous_92)
FNDA:1,(anonymous_93)
FNDA:2,(anonymous_94)
FNDA:2,(anonymous_95)
FNDA:5,(anonymous_96)
FNDA:4,(anonymous_97)
FNDA:2,(anonymous_98)
FNDA:1,(anonymous_99)
FNDA:3,(anonymous_100)
FNDA:10,(anonymous_101)
FNDA:2,(anonymous_102)
FNDA:22,(anonymous_103)
FNDA:19,(anonymous_104)
FNDA:2,(anonymous_105)
FNDA:1,(anonymous_106)
FNDA:2,(anonymous_107)
FNDA:1,(anonymous_108)
FNDA:3,(anonymous_109)
FNDA:3,(anonymous_110)
FNDA:15,(anonymous_111)
FNDA:3,(anonymous_112)
FNDA:3,(anonymous_113)
FNDA:7,(anonymous_114)
FNDA:13,(anonymous_115)
FNDA:17,(anonymous_116)
FNDA:5,(anonymous_117)
FNDA:3,(anonymous_118)
FNDA:1,(anonymous_119)
FNDA:52,(anonymous_120)
FNDA:43,(anonymous_121)
FNDA:2,(anonymous_122)
FNDA:14,(anonymous_123)
FNDA:4,(anonymous_124)
FNDA:3,(anonymous_125)
FNDA:6,(anonymous_126)
FNDA:12,(anonymous_127)
FNDA:15,(anonymous_128)
FNDA:14,(anonymous_129)
FNDA:1,(anonymous_130)
FNDA:59,(anonymous_131)
FNDA:114,(anonymous_132)
FNDA:1,(anonymous_133)
FNDA:2,(anonymous_134)
FNDA:3,(anonymous_135)
FNDA:2,(anonymous_136)
FNDA:1,(anonymous_137)
FNDA:2,(anonymous_138)
FNDA:118,(anonymous_139)
FNDA:118,(anonymous_140)
FNDA:4,(anonymous_141)
FNDA:10,(anonymous_142)
FNDA:0,(anonymous_143)
FNDA:2,(anonymous_144)
FNDA:2,(anonymous_145)
FNDA:6,(anonymous_146)
FNDA:7,(anonymous_147)
FNDA:382,(anonymous_148)
FNDA:379,(anonymous_149)
FNDA:26,(anonymous_150)
FNDA:39,(anonymous_151)
FNDA:45,(anonymous_152)
FNDA:13,(anonymous_153)
FNDA:20,(anonymous_154)
FNDA:15,(anonymous_155)
FNDA:20,(anonymous_156)
FNDA:10,(anonymous_157)
FNDA:12,(anonymous_158)
FNDA:40,(anonymous_159)
FNDA:117,(anonymous_160)
FNDA:24,(anonymous_161)
FNDA:23,(anonymous_162)
FNDA:23,(anonymous_163)
FNDA:40,(anonymous_164)
FNDA:23,(anonymous_165)
FNDA:5,(anonymous_166)
FNDA:0,(anonymous_167)
FNDA:33,(anonymous_168)
FNDA:24,(anonymous_169)
FNDA:34,(anonymous_170)
FNDA:33,(anonymous_171)
FNDA:21,(anonymous_172)
FNDA:0,(anonymous_173)
FNDA:4,(anonymous_174)
FNDA:26,(anonymous_175)
FNDA:25,(anonymous_176)
FNDA:2,(anonymous_177)
FNDA:8,(anonymous_178)
FNDA:8,(anonymous_179)
FNDA:1,(anonymous_180)
FNDA:1,(anonymous_181)
FNDA:5,(anonymous_182)
FNDA:0,(anonymous_184)
FNDA:0,(anonymous_185)
FNDA:0,(anonymous_186)
DA:1,5
DA:2,5
DA:3,5
DA:4,5
DA:5,5
DA:6,5
DA:7,5
DA:9,5
DA:10,5
DA:11,5
DA:12,5
DA:13,5
DA:20,5
DA:21,5
DA:22,5
DA:23,5
DA:24,5
DA:25,5
DA:26,5
DA:27,5
DA:37,5
DA:38,5
DA:44,5
DA:45,5
DA:47,5
DA:48,5
DA:49,5
DA:51,5
DA:52,5
DA:53,5
DA:54,5
DA:55,5
DA:56,5
DA:104,5
DA:161,0
DA:162,0
DA:163,0
DA:166,5
DA:167,381
DA:168,381
DA:170,381
DA:172,381
DA:179,381
DA:181,381
DA:183,381
DA:194,381
DA:203,381
DA:206,381
DA:208,381
DA:215,381
DA:228,381
DA:230,381
DA:239,381
DA:241,381
DA:243,381
DA:244,381
DA:245,381
DA:246,381
DA:247,381
DA:248,381
DA:256,381
DA:257,381
DA:258,381
DA:259,381
DA:260,381
DA:261,381
DA:262,381
DA:263,381
DA:264,381
DA:265,381
DA:267,381
DA:268,381
DA:269,381
DA:271,381
DA:279,381
DA:286,381
DA:289,381
DA:292,381
DA:293,381
DA:294,381
DA:295,381
DA:296,381
DA:297,381
DA:298,381
DA:302,7
DA:305,3
DA:308,1
DA:312,2183
DA:317,0
DA:336,0
DA:349,0
DA:350,0
DA:351,0
DA:352,0
DA:370,0
DA:380,7
DA:400,11
DA:409,303
DA:410,303
DA:411,303
DA:412,1
DA:413,1
DA:423,303
DA:424,5
DA:425,5
DA:426,5
DA:432,303
DA:433,6
DA:434,6
DA:435,6
DA:443,335
DA:444,335
DA:457,72
DA:458,72
DA:459,62
DA:479,72
DA:486,423
DA:489,27
DA:492,4
DA:495,11
DA:498,2
DA:501,97
DA:504,449
DA:507,3
DA:510,4
DA:513,3
DA:516,3
DA:519,2
DA:523,228
DA:533,80
DA:536,69
DA:546,79
DA:558,48
DA:559,48
DA:560,43
DA:561,43
DA:563,48
DA:564,29
DA:565,29
DA:567,48
DA:586,15
DA:591,11
DA:595,23
DA:610,14
DA:636,9
DA:637,6
DA:638,5
DA:639,4
DA:640,3
DA:659,6
DA:663,5
DA:667,4
DA:668,4
DA:669,4
DA:677,289
DA:678,289
DA:679,289
DA:680,289
DA:681,289
DA:682,289
DA:683,289
DA:684,289
DA:685,289
DA:686,289
DA:687,289
DA:688,289
DA:689,289
DA:690,289
DA:691,289
DA:692,289
DA:693,289
DA:694,289
DA:695,289
DA:696,289
DA:697,289
DA:698,289
DA:699,289
DA:700,289
DA:701,289
DA:702,289
DA:703,289
DA:704,289
DA:705,289
DA:706,289
DA:707,289
DA:708,289
DA:709,289
DA:710,289
DA:711,289
DA:712,289
DA:713,289
DA:714,289
DA:715,289
DA:717,289
DA:718,229
DA:719,229
DA:720,229
DA:722,289
DA:736,3
DA:746,36
DA:747,34
DA:753,44
DA:754,34
DA:755,1
DA:756,1
DA:757,1
DA:758,1
DA:760,33
DA:761,1
DA:762,1
DA:764,32
DA:765,32
DA:766,32
DA:774,262
DA:777,262
DA:778,3
DA:780,262
DA:781,262
DA:782,262
DA:783,208
DA:787,125
DA:795,238
DA:800,119
DA:801,31
DA:802,31
DA:803,31
DA:804,31
DA:807,119
DA:808,21
DA:809,21
DA:814,21
DA:815,21
DA:819,119
DA:820,22
DA:821,22
DA:822,22
DA:823,22
DA:828,119
DA:829,4
DA:830,4
DA:831,4
DA:832,4
DA:837,119
DA:838,6
DA:839,6
DA:840,4
DA:841,4
DA:849,216
DA:855,3
DA:856,2
DA:857,2
DA:858,2
DA:860,1
DA:864,42
DA:865,42
DA:866,42
DA:867,17
DA:868,17
DA:869,50
DA:870,48
DA:873,42
DA:874,36
DA:875,36
DA:877,42
DA:881,7
DA:882,7
DA:886,1
DA:887,1
DA:891,4
DA:892,4
DA:893,4
DA:894,4
DA:895,4
DA:896,4
DA:897,4
DA:898,4
DA:905,5
DA:906,4
DA:907,4
DA:908,3
DA:912,2
DA:913,2
DA:916,2
DA:917,2
DA:924,362
DA:925,106
DA:927,256
DA:928,69
DA:930,187
DA:931,79
DA:933,108
DA:934,13
DA:936,95
DA:937,17
DA:939,78
DA:943,353
DA:944,353
DA:945,353
DA:946,107
DA:948,353
DA:952,0
DA:953,0
DA:957,49
DA:958,49
DA:959,49
DA:963,50
DA:967,96
DA:970,48
DA:971,30
DA:972,30
DA:973,30
DA:974,30
DA:977,48
DA:978,0
DA:979,0
DA:984,0
DA:985,0
DA:989,48
DA:990,3
DA:991,3
DA:992,3
DA:993,3
DA:997,48
DA:998,4
DA:999,4
DA:1000,4
DA:1001,4
DA:1009,1
DA:1013,2
DA:1014,2
DA:1017,2
DA:1018,2
DA:1022,53
DA:1029,168
DA:1030,111
DA:1032,57
DA:1033,13
DA:1035,44
DA:1036,20
DA:1038,24
DA:1039,0
DA:1041,24
DA:1046,1
DA:1048,23
DA:1052,161
DA:1053,161
DA:1054,108
DA:1055,53
DA:1056,20
DA:1058,161
DA:1062,0
DA:1063,0
DA:1067,2
DA:1068,2
DA:1072,2
DA:1076,22
DA:1077,22
DA:1078,5
DA:1079,5
DA:1080,4
DA:1093,17
DA:1094,17
DA:1095,17
DA:1096,17
DA:1097,17
DA:1098,126
DA:1110,22
DA:1111,22
DA:1112,130
DA:1113,70
DA:1116,381
DA:1117,381
DA:1118,381
DA:1121,3
DA:1122,3
DA:1126,4
DA:1130,1
DA:1134,2
DA:1138,2
DA:1142,5
DA:1143,5
DA:1144,4
DA:1145,2
DA:1146,2
DA:1147,2
DA:1148,2
DA:1149,2
DA:1150,2
DA:1151,2
DA:1152,2
DA:1153,2
DA:1154,2
DA:1155,2
DA:1157,2
DA:1158,2
DA:1159,1
DA:1160,2
DA:1161,2
DA:1162,2
DA:1166,2
DA:1169,1
DA:1173,3
DA:1174,3
DA:1178,10
DA:1179,8
DA:1180,8
DA:1181,4
DA:1182,4
DA:1183,4
DA:1187,2
DA:1188,2
DA:1192,22
DA:1193,22
DA:1194,4
DA:1196,22
DA:1202,22
DA:1203,3
DA:1204,3
DA:1206,22
DA:1207,22
DA:1211,6
DA:1216,2
DA:1219,22
DA:1220,3
DA:1222,22
DA:1226,2
DA:1229,1
DA:1233,3
DA:1237,15
DA:1238,14
DA:1239,14
DA:1240,10
DA:1244,3
DA:1245,2
DA:1249,3
DA:1250,2
DA:1276,7
DA:1277,7
DA:1278,6
DA:1279,2
DA:1280,1
DA:1282,4
DA:1283,3
DA:1284,2
DA:1286,1
DA:1290,13
DA:1294,17
DA:1295,17
DA:1296,17
DA:1297,17
DA:1298,17
DA:1299,4
DA:1300,4
DA:1301,4
DA:1307,5
DA:1308,4
DA:1309,4
DA:1310,4
DA:1311,4
DA:1313,3
DA:1314,3
DA:1315,3
DA:1316,3
DA:1319,1
DA:1320,1
DA:1326,52
DA:1327,7
DA:1328,7
DA:1330,45
DA:1331,45
DA:1333,43
DA:1334,43
DA:1339,43
DA:1342,43
DA:1343,8
DA:1344,8
DA:1345,35
DA:1349,1
DA:1350,1
DA:1354,2
DA:1355,2
DA:1361,14
DA:1362,13
DA:1363,13
DA:1364,13
DA:1365,1
DA:1366,1
DA:1368,12
DA:1369,1
DA:1370,1
DA:1372,11
DA:1373,1
DA:1374,1
DA:1376,10
DA:1384,4
DA:1385,3
DA:1386,3
DA:1387,2
DA:1390,2
DA:1391,2
DA:1393,1
DA:1394,1
DA:1395,1
DA:1396,1
DA:1398,3
DA:1400,1
DA:1401,1
DA:1402,1
DA:1403,1
DA:1406,6
DA:1407,6
DA:1413,6
DA:1414,6
DA:1415,12
DA:1417,6
DA:1418,6
DA:1424,15
DA:1425,15
DA:1426,15
DA:1427,9
DA:1429,15
DA:1430,5
DA:1431,5
DA:1432,5
DA:1433,5
DA:1434,5
DA:1435,5
DA:1436,5
DA:1438,15
DA:1439,4
DA:1444,1
DA:1447,15
DA:1448,4
DA:1462,15
DA:1469,4
DA:1470,4
DA:1472,15
DA:1473,5
DA:1474,5
DA:1475,5
DA:1481,15
DA:1485,59
DA:1489,114
DA:1494,1
DA:1495,1
DA:1499,2
DA:1500,2
DA:1503,3
DA:1504,3
DA:1508,2
DA:1511,1
DA:1515,2
DA:1516,2
DA:1517,1
DA:1518,1
DA:1519,1
DA:1520,1
DA:1521,1
DA:1522,1
DA:1528,118
DA:1532,118
DA:1533,118
DA:1535,10
DA:1538,118
DA:1542,0
DA:1543,0
DA:1547,2
DA:1548,2
DA:1552,2
DA:1553,2
DA:1557,7
DA:1558,6
DA:1559,6
DA:1560,5
DA:1561,5
DA:1562,5
DA:1564,6
DA:1565,6
DA:1566,6
DA:1571,382
DA:1584,379
DA:1588,26
DA:1599,39
DA:1603,45
DA:1607,13
DA:1633,381
DA:1636,20
DA:1637,9
DA:1639,11
DA:1643,15
DA:1644,8
DA:1650,20
DA:1651,18
DA:1655,10
DA:1659,12
DA:1663,40
DA:1664,40
DA:1665,40
DA:1666,16
DA:1667,16
DA:1669,24
DA:1673,117
DA:1691,24
DA:1692,24
DA:1693,24
DA:1697,23
DA:1708,23
DA:1709,23
DA:1710,23
DA:1711,23
DA:1712,23
DA:1714,23
DA:1715,12
DA:1716,12
DA:1717,12
DA:1719,11
DA:1723,40
DA:1724,24
DA:1725,24
DA:1727,23
DA:1728,23
DA:1729,23
DA:1730,23
DA:1731,23
DA:1732,23
DA:1734,23
DA:1742,5
DA:1743,1
DA:1744,1
DA:1745,1
DA:1747,4
DA:1748,1
DA:1749,1
DA:1750,1
DA:1751,1
DA:1752,1
DA:1753,1
DA:1755,3
DA:1760,3
DA:1761,3
DA:1770,3
DA:1771,3
DA:1772,3
DA:1773,3
DA:1791,33
DA:1792,33
DA:1793,25
DA:1794,25
DA:1796,24
DA:1797,8
DA:1798,1
DA:1799,1
DA:1801,7
DA:1802,5
DA:1803,5
DA:1805,2
DA:1806,2
DA:1807,2
DA:1818,34
DA:1819,33
DA:1820,33
DA:1821,33
DA:1822,33
DA:1823,33
DA:1824,33
DA:1825,33
DA:1829,33
DA:1830,12
DA:1831,12
DA:1833,21
DA:1834,21
DA:1836,0
DA:1854,4
DA:1855,2
DA:1867,26
DA:1868,25
DA:1884,2
DA:1885,2
DA:1886,2
DA:1887,2
DA:1900,8
DA:1901,8
DA:1907,1
DA:1908,1
DA:1913,1
DA:1914,1
DA:1927,5
DA:1938,5
DA:1939,3
DA:1940,3
DA:1941,3
DA:1942,3
DA:1943,0
DA:1944,0
DA:1945,0
DA:1946,0
DA:1947,0
DA:1949,3
DA:1950,21
DA:1951,8
DA:1957,8
DA:1959,3
LF:702
LH:675
BRDA:293,0,0,381
BRDA:294,1,0,381
BRDA:295,2,0,381
BRDA:296,3,0,381
BRDA:297,4,0,381
BRDA:298,5,0,381
BRDA:312,6,0,2132
BRDA:312,6,1,51
BRDA:331,7,0,0
BRDA:331,7,1,0
BRDA:339,8,0,0
BRDA:339,8,1,0
BRDA:350,9,0,0
BRDA:363,10,0,0
BRDA:363,10,1,0
BRDA:363,11,0,0
BRDA:363,11,1,0
BRDA:364,12,0,0
BRDA:364,12,1,0
BRDA:380,13,0,7
BRDA:380,13,1,6
BRDA:400,14,0,11
BRDA:400,14,1,9
BRDA:400,14,2,3
BRDA:409,15,0,286
BRDA:410,16,0,5
BRDA:410,17,0,303
BRDA:410,17,1,5
BRDA:411,18,0,1
BRDA:411,19,0,303
BRDA:411,19,1,2
BRDA:423,20,0,5
BRDA:423,21,0,303
BRDA:423,21,1,6
BRDA:432,22,0,6
BRDA:432,23,0,303
BRDA:432,23,1,7
BRDA:452,24,0,335
BRDA:452,24,1,0
BRDA:458,25,0,10
BRDA:559,26,0,43
BRDA:563,27,0,29
BRDA:563,28,0,48
BRDA:563,28,1,33
BRDA:567,29,0,43
BRDA:586,30,0,3
BRDA:586,30,1,12
BRDA:586,31,0,15
BRDA:586,31,1,5
BRDA:595,32,0,23
BRDA:595,32,1,21
BRDA:610,33,0,14
BRDA:610,33,1,12
BRDA:610,33,2,3
BRDA:636,34,0,3
BRDA:636,35,0,9
BRDA:636,35,1,8
BRDA:636,35,2,7
BRDA:637,36,0,1
BRDA:638,37,0,1
BRDA:638,38,0,5
BRDA:638,38,1,2
BRDA:639,39,0,1
BRDA:639,40,0,4
BRDA:639,40,1,2
BRDA:659,41,0,6
BRDA:659,41,1,2
BRDA:669,42,0,2
BRDA:669,42,1,2
BRDA:680,43,0,289
BRDA:680,43,1,197
BRDA:682,44,0,63
BRDA:682,45,0,289
BRDA:682,45,1,229
BRDA:688,46,0,289
BRDA:688,46,1,192
BRDA:717,47,0,229
BRDA:746,48,0,2
BRDA:746,49,0,36
BRDA:746,49,1,35
BRDA:754,50,0,1
BRDA:760,51,0,1
BRDA:774,52,0,262
BRDA:774,52,1,226
BRDA:774,52,2,210
BRDA:774,52,3,2
BRDA:777,53,0,3
BRDA:777,54,0,262
BRDA:777,54,1,54
BRDA:781,55,0,106
BRDA:781,56,0,262
BRDA:781,56,1,160
BRDA:782,57,0,54
BRDA:782,57,1,208
BRDA:783,58,0,39
BRDA:788,59,0,125
BRDA:788,59,1,123
BRDA:791,60,0,31
BRDA:791,60,1,94
BRDA:794,61,0,6
BRDA:794,61,1,119
BRDA:800,62,0,31
BRDA:807,63,0,21
BRDA:812,64,0,21
BRDA:812,64,1,0
BRDA:819,65,0,22
BRDA:828,66,0,4
BRDA:837,67,0,6
BRDA:850,68,0,216
BRDA:850,68,1,141
BRDA:855,69,0,2
BRDA:867,70,0,17
BRDA:867,70,1,0
BRDA:869,71,0,2
BRDA:869,72,0,50
BRDA:869,72,1,4
BRDA:869,72,2,4
BRDA:875,73,0,2
BRDA:875,73,1,34
BRDA:875,74,0,34
BRDA:875,74,1,3
BRDA:875,75,0,34
BRDA:875,75,1,3
BRDA:887,76,0,1
BRDA:891,77,0,4
BRDA:891,77,1,1
BRDA:893,78,0,4
BRDA:893,78,1,1
BRDA:905,79,0,1
BRDA:907,80,0,1
BRDA:908,81,0,2
BRDA:908,81,1,1
BRDA:913,82,0,1
BRDA:917,83,0,1
BRDA:924,84,0,106
BRDA:927,85,0,69
BRDA:930,86,0,79
BRDA:933,87,0,13
BRDA:936,88,0,17
BRDA:945,89,0,107
BRDA:946,90,0,44
BRDA:946,90,1,6
BRDA:946,91,0,4
BRDA:946,91,1,2
BRDA:970,92,0,30
BRDA:977,93,0,0
BRDA:982,94,0,0
BRDA:982,94,1,0
BRDA:989,95,0,3
BRDA:997,96,0,4
BRDA:1014,97,0,1
BRDA:1018,98,0,1
BRDA:1029,99,0,111
BRDA:1032,100,0,13
BRDA:1035,101,0,20
BRDA:1038,102,0,0
BRDA:1041,103,0,1
BRDA:1042,104,0,24
BRDA:1042,104,1,24
BRDA:1042,104,2,23
BRDA:1053,105,0,108
BRDA:1053,105,1,53
BRDA:1054,106,0,25
BRDA:1054,106,1,24
BRDA:1054,106,2,23
BRDA:1054,106,3,5
BRDA:1055,107,0,17
BRDA:1056,108,0,20
BRDA:1056,108,1,4
BRDA:1068,109,0,1
BRDA:1068,109,1,1
BRDA:1077,110,0,5
BRDA:1077,110,1,17
BRDA:1079,111,0,5
BRDA:1079,111,1,1
BRDA:1083,112,0,4
BRDA:1083,112,1,2
BRDA:1094,113,0,15
BRDA:1094,113,1,2
BRDA:1095,114,0,15
BRDA:1095,114,1,2
BRDA:1097,115,0,17
BRDA:1097,115,1,1
BRDA:1101,116,0,126
BRDA:1101,116,1,1
BRDA:1104,117,0,0
BRDA:1104,117,1,126
BRDA:1112,118,0,130
BRDA:1112,118,1,55
BRDA:1112,118,2,44
BRDA:1113,119,0,70
BRDA:1113,119,1,70
BRDA:1134,120,0,1
BRDA:1138,121,0,1
BRDA:1143,122,0,1
BRDA:1144,123,0,2
BRDA:1157,124,0,0
BRDA:1158,125,0,1
BRDA:1158,125,1,1
BRDA:1174,126,0,1
BRDA:1178,127,0,2
BRDA:1180,128,0,4
BRDA:1180,129,0,8
BRDA:1180,129,1,6
BRDA:1182,130,0,2
BRDA:1182,130,1,2
BRDA:1182,131,0,4
BRDA:1182,131,1,4
BRDA:1188,132,0,1
BRDA:1188,132,1,1
BRDA:1191,133,0,21
BRDA:1192,134,0,22
BRDA:1192,134,1,3
BRDA:1193,135,0,4
BRDA:1193,136,0,22
BRDA:1193,136,1,4
BRDA:1194,137,0,3
BRDA:1194,137,1,1
BRDA:1202,138,0,3
BRDA:1207,139,0,6
BRDA:1208,140,0,22
BRDA:1208,140,1,21
BRDA:1208,140,2,18
BRDA:1219,141,0,3
BRDA:1237,142,0,1
BRDA:1239,143,0,4
BRDA:1239,144,0,14
BRDA:1239,144,1,13
BRDA:1239,144,2,12
BRDA:1244,145,0,1
BRDA:1244,146,0,3
BRDA:1244,146,1,2
BRDA:1245,147,0,1
BRDA:1245,147,1,1
BRDA:1249,148,0,1
BRDA:1249,149,0,3
[...]
FN:13,(anonymous_0)
FN:15,(anonymous_1)
FN:19,(anonymous_2)
FN:25,(anonymous_3)
FN:30,(anonymous_4)
FNF:5
FNH:5
FNDA:3867,(anonymous_0)
FNDA:90,(anonymous_1)
FNDA:2044,(anonymous_2)
FNDA:31,(anonymous_3)
FNDA:34,(anonymous_4)
DA:9,14
DA:10,3867
DA:11,3867
DA:13,3867
DA:16,90
DA:20,2044
DA:21,2044
DA:26,31
DA:31,34
LF:9
LH:9
BRDA:26,0,0,15
BRDA:26,0,1,16
BRDA:31,1,0,23
BRDA:31,1,1,11
BRF:4
BRH:4
end_of_record
TN:
SF:src\app\transaction-builder\picker-selection.service.ts
FN:62,(anonymous_0)
FN:77,(anonymous_1)
FN:82,(anonymous_2)
FN:87,(anonymous_3)
FN:99,(anonymous_4)
FN:108,(anonymous_5)
FN:115,(anonymous_6)
FN:115,(anonymous_7)
FN:115,(anonymous_8)
FN:117,(anonymous_9)
FN:121,(anonymous_10)
FN:132,(anonymous_11)
FN:141,(anonymous_12)
FN:142,(anonymous_13)
FN:149,(anonymous_14)
FN:153,(anonymous_15)
FN:176,(anonymous_16)
FN:187,(anonymous_17)
FN:192,(anonymous_18)
FN:202,(anonymous_19)
FN:211,(anonymous_20)
FN:211,(anonymous_21)
FN:212,(anonymous_22)
FN:214,(anonymous_23)
FN:222,(anonymous_24)
FN:224,(anonymous_25)
FN:225,(anonymous_26)
FN:228,(anonymous_27)
FN:232,(anonymous_28)
FN:235,(anonymous_29)
FN:248,(anonymous_30)
FN:249,(anonymous_31)
FN:276,(anonymous_32)
FN:279,(anonymous_33)
FN:283,(anonymous_34)
FN:288,(anonymous_35)
FN:293,(anonymous_36)
FN:304,(anonymous_37)
FN:335,(anonymous_38)
FN:346,(anonymous_39)
FN:356,(anonymous_40)
FN:384,(anonymous_41)
FN:400,(anonymous_42)
FN:402,(anonymous_43)
FN:404,(anonymous_44)
FN:404,(anonymous_45)
FN:412,(anonymous_46)
FN:416,(anonymous_47)
FN:416,(anonymous_48)
FN:417,(anonymous_49)
FN:420,(anonymous_50)
FN:428,(anonymous_51)
FN:440,(anonymous_52)
FN:452,(anonymous_53)
FN:472,(anonymous_54)
FN:473,(anonymous_55)
FNF:56
FNH:55
FNDA:396,(anonymous_0)
FNDA:4,(anonymous_1)
FNDA:4,(anonymous_2)
FNDA:3,(anonymous_3)
FNDA:5,(anonymous_4)
FNDA:2,(anonymous_5)
FNDA:1,(anonymous_6)
FNDA:0,(anonymous_7)
FNDA:1,(anonymous_8)
FNDA:1,(anonymous_9)
FNDA:1,(anonymous_10)
FNDA:2,(anonymous_11)
FNDA:4,(anonymous_12)
FNDA:4,(anonymous_13)
FNDA:2,(anonymous_14)
FNDA:1,(anonymous_15)
FNDA:2,(anonymous_16)
FNDA:4,(anonymous_17)
FNDA:3,(anonymous_18)
FNDA:6,(anonymous_19)
FNDA:4,(anonymous_20)
FNDA:3,(anonymous_21)
FNDA:1,(anonymous_22)
FNDA:5,(anonymous_23)
FNDA:3,(anonymous_24)
FNDA:2,(anonymous_25)
FNDA:1,(anonymous_26)
FNDA:3,(anonymous_27)
FNDA:3,(anonymous_28)
FNDA:2,(anonymous_29)
FNDA:5,(anonymous_30)
FNDA:5,(anonymous_31)
FNDA:12,(anonymous_32)
FNDA:16,(anonymous_33)
FNDA:2,(anonymous_34)
FNDA:4,(anonymous_35)
FNDA:3,(anonymous_36)
FNDA:21,(anonymous_37)
FNDA:9,(anonymous_38)
FNDA:7,(anonymous_39)
FNDA:1,(anonymous_40)
FNDA:10,(anonymous_41)
FNDA:1,(anonymous_42)
FNDA:8,(anonymous_43)
FNDA:3,(anonymous_44)
FNDA:1,(anonymous_45)
FNDA:10,(anonymous_46)
FNDA:9,(anonymous_47)
FNDA:9,(anonymous_48)
FNDA:1,(anonymous_49)
FNDA:7,(anonymous_50)
FNDA:9,(anonymous_51)
FNDA:1,(anonymous_52)
FNDA:3,(anonymous_53)
FNDA:22,(anonymous_54)
FNDA:22,(anonymous_55)
DA:1,6
DA:2,6
DA:3,6
DA:4,6
DA:6,6
DA:61,6
DA:62,396
DA:68,396
DA:69,396
DA:70,396
DA:71,396
DA:72,396
DA:74,396
DA:78,4
DA:79,4
DA:83,4
DA:84,4
DA:88,3
DA:89,3
DA:100,5
DA:101,5
DA:102,5
DA:103,5
DA:104,5
DA:105,5
DA:106,4
DA:107,4
DA:109,2
DA:110,1
DA:111,1
DA:112,1
DA:113,1
DA:115,1
DA:116,1
DA:117,1
DA:118,1
DA:119,1
DA:121,1
DA:122,1
DA:123,1
DA:125,1
DA:126,1
DA:129,1
DA:133,2
DA:134,2
DA:135,2
DA:142,4
DA:143,4
DA:144,4
DA:145,1
DA:146,1
DA:148,3
DA:150,2
DA:151,2
DA:154,1
DA:155,1
DA:165,396
DA:172,396
DA:173,396
DA:183,2
DA:184,2
DA:188,4
DA:189,4
DA:193,3
DA:194,3
DA:203,6
DA:204,6
DA:205,1
DA:206,1
DA:208,5
DA:209,5
DA:211,4
DA:212,1
DA:215,5
DA:216,5
DA:217,2
DA:218,2
DA:219,2
DA:221,3
DA:223,3
DA:224,2
DA:225,1
DA:229,3
DA:230,3
DA:233,3
DA:235,2
DA:242,3
DA:249,5
DA:250,5
DA:251,3
DA:269,396
DA:270,396
DA:271,396
DA:272,396
DA:273,396
DA:277,12
DA:278,12
DA:279,16
DA:284,2
DA:285,2
DA:289,4
DA:290,4
DA:294,3
DA:295,3
DA:311,21
DA:312,21
DA:313,21
DA:314,21
DA:315,21
DA:316,1
DA:317,1
DA:319,20
DA:320,10
DA:328,10
DA:330,10
DA:333,10
DA:334,10
DA:336,9
DA:345,9
DA:347,7
DA:351,9
DA:352,9
DA:353,4
DA:357,1
DA:358,1
DA:392,10
DA:393,1
DA:394,1
DA:396,9
DA:397,9
DA:398,9
DA:400,1
DA:403,8
DA:404,3
DA:406,8
DA:407,1
DA:408,1
DA:409,1
DA:411,7
DA:413,10
DA:416,9
DA:417,1
DA:421,7
DA:424,7
DA:425,7
DA:429,9
DA:434,7
DA:435,7
DA:436,4
DA:441,1
DA:442,1
DA:457,3
DA:458,3
DA:459,3
DA:460,3
DA:461,1
DA:463,2
DA:473,22
DA:481,22
DA:493,22
DA:497,18
DA:498,13
DA:504,18
DA:505,12
DA:507,18
DA:508,18
DA:510,22
DA:511,5
DA:513,22
LF:169
LH:169
BRDA:84,0,0,2
BRDA:89,1,0,2
BRDA:105,2,0,1
BRDA:109,3,0,1
BRDA:119,4,0,1
BRDA:123,5,0,1
BRDA:123,5,1,1
BRDA:129,6,0,1
BRDA:142,7,0,4
BRDA:142,7,1,1
BRDA:144,8,0,1
BRDA:189,9,0,2
BRDA:194,10,0,2
BRDA:204,11,0,1
BRDA:216,12,0,2
BRDA:233,13,0,3
BRDA:233,13,1,2
BRDA:238,14,0,2
BRDA:238,14,1,0
BRDA:250,15,0,2
BRDA:256,16,0,3
BRDA:256,16,1,1
BRDA:260,17,0,3
BRDA:260,17,1,1
BRDA:278,18,0,3
BRDA:279,19,0,16
BRDA:279,19,1,1
BRDA:290,20,0,2
BRDA:295,21,0,2
BRDA:315,22,0,1
BRDA:319,23,0,10
BRDA:333,24,0,10
BRDA:333,24,1,3
BRDA:347,25,0,7
BRDA:347,25,1,6
BRDA:347,25,2,6
BRDA:347,25,3,6
BRDA:347,25,4,5
BRDA:352,26,0,4
BRDA:392,27,0,1
BRDA:396,28,0,9
BRDA:396,28,1,0
BRDA:400,29,0,9
BRDA:400,29,1,0
BRDA:404,30,0,3
BRDA:404,30,1,1
BRDA:406,31,0,1
BRDA:416,32,0,9
BRDA:416,32,1,9
BRDA:429,33,0,9
BRDA:429,33,1,8
BRDA:429,33,2,7
BRDA:429,33,3,5
BRDA:430,34,0,8
BRDA:430,34,1,0
BRDA:435,35,0,4
BRDA:460,36,0,1
BRDA:473,37,0,22
BRDA:473,37,1,2
BRDA:493,38,0,18
BRDA:493,39,0,22
BRDA:493,39,1,8
BRDA:493,39,2,19
BRDA:497,40,0,13
BRDA:498,41,0,13
BRDA:498,41,1,1
BRDA:504,42,0,12
BRDA:504,43,0,18
BRDA:504,43,1,11
BRDA:505,44,0,12
BRDA:505,44,1,2
BRDA:510,45,0,5
BRF:72
BRH:68
end_of_record
TN:
SF:src\app\transaction-builder\protected-monetary-field.component.ts
FN:14,(anonymous_0)
FNF:1
FNH:0
FNDA:0,(anonymous_0)
DA:1,0
DA:2,0
DA:3,0
DA:13,0
DA:15,0
LF:5
LH:0
BRF:0
BRH:0
end_of_record
TN:
SF:src\app\transaction-builder\protected-transaction-identity.component.ts
FN:13,(anonymous_0)
FNF:1
FNH:1
FNDA:1,(anonymous_0)
DA:1,7
DA:2,7
DA:13,7
DA:14,1
DA:15,1
LF:5
LH:5
BRF:0
BRH:0
end_of_record
TN:
SF:src\app\transaction-builder\protected-transaction-identity.policy.ts
FN:18,deriveProtectedIdentityItems
FNF:1
FNH:1
FNDA:5,deriveProtectedIdentityItems
DA:18,6
DA:19,5
DA:21,5
DA:22,2
DA:24,5
DA:25,1
DA:27,5
DA:28,1
DA:31,5
LF:9
LH:9
BRDA:19,0,0,5
BRDA:19,0,1,1
BRDA:21,1,0,2
BRDA:21,2,0,5
BRDA:21,2,1,2
BRDA:21,2,2,1
BRDA:22,3,0,2
BRDA:22,3,1,0
BRDA:24,4,0,1
BRDA:24,5,0,5
BRDA:24,5,1,2
BRDA:25,6,0,1
BRDA:25,6,1,0
BRDA:27,7,0,1
BRDA:28,8,0,1
BRDA:28,8,1,1
BRF:16
BRH:14
end_of_record
TN:
SF:src\app\transaction-builder\submit-rules.ts
FN:63,validateMandatoryFields
FN:124,validateNaturalKeyFields
FN:157,validateFunctionSpecificRules
FN:241,validateTightAvailableCapacity
FN:275,validateSubmit
FN:314,buildSubmitRequest
FN:388,hasEligibleTargetSelected
FNF:7
FNH:7
FNDA:124,validateMandatoryFields
FNDA:101,validateNaturalKeyFields
FNDA:87,validateFunctionSpecificRules
FNDA:66,validateTightAvailableCapacity
FNDA:124,validateSubmit
FNDA:44,buildSubmitRequest
FNDA:72,hasEligibleTargetSelected
DA:2,6
DA:3,6
DA:4,6
DA:14,6
DA:64,124
DA:65,124
DA:66,3
DA:68,121
DA:69,1
DA:75,120
DA:76,7
DA:81,113
DA:82,2
DA:87,111
DA:88,28
DA:89,28
DA:90,3
DA:93,108
DA:94,2
DA:106,106
DA:107,4
DA:112,102
DA:113,1
DA:115,101
DA:125,101
DA:126,101
DA:127,3
DA:129,98
DA:130,3
DA:132,95
DA:133,2
DA:137,93
DA:138,2
DA:140,91
DA:141,2
DA:143,89
DA:144,2
DA:146,87
DA:162,87
DA:165,87
DA:166,17
DA:167,13
DA:168,4
DA:169,2
DA:173,85
DA:174,4
DA:178,81
DA:179,3
DA:181,78
DA:186,1
DA:198,77
DA:199,8
DA:200,2
DA:202,6
DA:203,6
DA:204,4
DA:206,2
DA:211,71
DA:212,10
DA:213,2
DA:215,8
DA:216,8
DA:217,2
DA:219,6
DA:226,67
DA:227,1
DA:229,66
DA:242,66
DA:243,66
DA:245,66
DA:251,66
DA:254,22
DA:256,21
DA:257,21
DA:258,2
DA:261,19
DA:262,19
DA:263,1
DA:266,18
DA:267,18
DA:268,18
DA:269,6
DA:270,6
DA:272,12
DA:275,6
DA:276,124
DA:277,124
DA:278,124
DA:282,124
DA:291,124
DA:292,124
DA:294,101
DA:295,101
DA:297,87
DA:298,87
DA:300,66
DA:301,66
DA:303,57
DA:314,6
DA:315,44
DA:316,44
DA:320,44
DA:327,44
DA:335,44
DA:336,44
DA:337,44
DA:338,15
DA:339,15
DA:342,44
DA:343,11
DA:346,44
DA:347,1
DA:350,44
DA:352,44
DA:353,16
DA:358,28
DA:359,26
DA:361,2
DA:364,42
DA:365,4
DA:367,42
DA:368,2
DA:373,42
DA:374,10
DA:376,42
DA:388,6
DA:389,72
DA:390,72
DA:391,71
DA:392,66
DA:407,66
DA:409,60
DA:411,58
DA:413,55
DA:415,52
DA:417,51
DA:418,1
DA:420,50
DA:421,33
LF:139
LH:139
BRDA:65,0,0,3
BRDA:65,1,0,124
BRDA:65,1,1,124
BRDA:65,1,2,124
BRDA:65,1,3,121
BRDA:65,1,4,121
BRDA:65,1,5,121
BRDA:68,2,0,1
BRDA:68,3,0,121
BRDA:68,3,1,3
BRDA:75,4,0,7
BRDA:75,5,0,120
BRDA:75,5,1,116
BRDA:75,5,2,11
BRDA:81,6,0,2
BRDA:81,7,0,113
BRDA:81,7,1,85
BRDA:81,7,2,30
BRDA:87,8,0,28
BRDA:87,9,0,111
BRDA:87,9,1,84
BRDA:87,9,2,28
BRDA:89,10,0,3
BRDA:93,11,0,2
BRDA:93,12,0,108
BRDA:93,12,1,106
BRDA:106,13,0,4
BRDA:106,14,0,106
BRDA:106,14,1,105
BRDA:106,14,2,102
BRDA:106,14,3,100
BRDA:112,15,0,1
BRDA:112,16,0,102
BRDA:112,16,1,36
BRDA:112,16,2,5
BRDA:112,16,3,4
BRDA:126,17,0,3
BRDA:126,18,0,101
BRDA:126,18,1,19
BRDA:129,19,0,3
BRDA:129,20,0,98
BRDA:129,20,1,38
BRDA:129,20,2,5
BRDA:132,21,0,2
BRDA:132,22,0,95
BRDA:132,22,1,16
BRDA:137,23,0,2
BRDA:137,24,0,93
BRDA:137,24,1,33
BRDA:137,24,2,19
BRDA:140,25,0,2
BRDA:140,26,0,91
BRDA:140,26,1,22
BRDA:140,26,2,12
BRDA:143,27,0,2
BRDA:143,28,0,89
BRDA:143,28,1,24
BRDA:165,29,0,17
BRDA:166,30,0,13
BRDA:166,30,1,4
BRDA:168,31,0,2
BRDA:168,32,0,4
BRDA:168,32,1,2
BRDA:173,33,0,4
BRDA:173,34,0,85
BRDA:173,34,1,14
BRDA:174,35,0,4
BRDA:174,35,1,1
BRDA:178,36,0,3
BRDA:178,37,0,81
BRDA:178,37,1,11
BRDA:178,37,2,9
BRDA:181,38,0,1
BRDA:182,39,0,78
BRDA:182,39,1,8
BRDA:182,39,2,8
BRDA:198,40,0,8
BRDA:199,41,0,2
BRDA:203,42,0,4
BRDA:211,43,0,10
BRDA:211,44,0,71
BRDA:211,44,1,10
BRDA:212,45,0,2
BRDA:216,46,0,2
BRDA:219,47,0,5
BRDA:219,47,1,1
BRDA:226,48,0,1
BRDA:226,49,0,67
BRDA:226,49,1,6
BRDA:245,50,0,66
BRDA:245,50,1,9
BRDA:245,50,2,62
BRDA:245,50,3,5
BRDA:245,50,4,59
BRDA:245,50,5,55
BRDA:245,50,6,48
BRDA:245,50,7,46
BRDA:251,51,0,44
BRDA:254,52,0,1
BRDA:254,53,0,22
BRDA:254,53,1,1
BRDA:257,54,0,2
BRDA:257,55,0,21
BRDA:257,55,1,21
BRDA:257,55,2,19
BRDA:262,56,0,1
BRDA:262,57,0,19
BRDA:262,57,1,19
BRDA:266,58,0,7
BRDA:266,58,1,11
BRDA:266,59,0,7
BRDA:266,59,1,0
BRDA:268,60,0,6
BRDA:269,61,0,1
BRDA:269,61,1,5
BRDA:278,62,0,123
BRDA:278,62,1,1
BRDA:292,63,0,23
BRDA:295,64,0,14
BRDA:298,65,0,21
BRDA:301,66,0,9
BRDA:316,67,0,43
BRDA:316,67,1,1
BRDA:320,68,0,2
BRDA:320,68,1,42
BRDA:322,69,0,2
BRDA:322,69,1,40
BRDA:323,70,0,1
BRDA:323,70,1,1
BRDA:330,71,0,44
BRDA:330,71,1,20
BRDA:335,72,0,2
BRDA:335,73,0,44
BRDA:335,73,1,18
BRDA:336,74,0,15
BRDA:337,75,0,15
BRDA:339,76,0,5
BRDA:342,77,0,11
BRDA:342,78,0,44
BRDA:342,78,1,33
BRDA:342,78,2,11
BRDA:346,79,0,1
BRDA:346,80,0,44
BRDA:346,80,1,2
BRDA:350,81,0,1
BRDA:352,82,0,16
BRDA:352,82,1,28
BRDA:355,83,0,16
BRDA:355,83,1,11
BRDA:356,84,0,16
BRDA:356,84,1,16
BRDA:358,85,0,26
BRDA:358,85,1,2
BRDA:364,86,0,4
BRDA:364,87,0,42
BRDA:364,87,1,11
BRDA:367,88,0,2
BRDA:367,89,0,42
BRDA:367,89,1,6
BRDA:373,90,0,10
BRDA:373,91,0,42
BRDA:373,91,1,12
BRDA:390,92,0,1
BRDA:391,93,0,5
BRDA:391,94,0,71
BRDA:391,94,1,18
BRDA:407,95,0,6
BRDA:407,96,0,66
BRDA:407,96,1,13
BRDA:407,96,2,9
BRDA:409,97,0,2
BRDA:409,98,0,60
BRDA:409,98,1,4
BRDA:411,99,0,3
BRDA:411,100,0,58
BRDA:411,100,1,5
BRDA:413,101,0,3
BRDA:413,102,0,55
BRDA:413,102,1,4
BRDA:413,102,2,1
BRDA:415,103,0,1
BRDA:415,104,0,52
BRDA:415,104,1,2
BRDA:417,105,0,1
BRDA:417,106,0,51
BRDA:417,106,1,2
BRDA:417,106,2,2
BRDA:420,107,0,17
BRDA:420,108,0,50
BRDA:420,108,1,44
BRF:190
BRH:189
end_of_record
TN:
SF:src\app\transaction-builder\transaction-builder.component.ts
FN:89,(anonymous_0)
FN:97,(anonymous_1)
FN:142,(anonymous_2)
FN:151,(anonymous_3)
FN:188,(anonymous_4)
FN:210,(anonymous_5)
FN:254,(anonymous_6)
FN:271,(anonymous_7)
FN:285,(anonymous_8)
FN:304,(anonymous_9)
FN:308,(anonymous_10)
FN:316,(anonymous_11)
FN:322,(anonymous_12)
FN:329,(anonymous_13)
FN:333,(anonymous_14)
FN:343,(anonymous_15)
FN:354,(anonymous_16)
FN:356,(anonymous_17)
FN:374,(anonymous_18)
FN:379,(anonymous_19)
FN:383,(anonymous_20)
FN:387,(anonymous_21)
FN:397,(anonymous_22)
FN:408,(anonymous_23)
FN:413,(anonymous_24)
FN:418,(anonymous_25)
FN:423,(anonymous_26)
FN:431,(anonymous_27)
FN:439,(anonymous_28)
FN:459,(anonymous_29)
FN:483,(anonymous_30)
FN:489,(anonymous_31)
FN:523,(anonymous_32)
FN:527,(anonymous_33)
FN:528,(anonymous_34)
FN:529,(anonymous_35)
FN:529,(anonymous_36)
FN:530,(anonymous_37)
FN:552,(anonymous_38)
FN:552,(anonymous_39)
FN:553,(anonymous_40)
FN:559,(anonymous_41)
FN:567,(anonymous_42)
FN:571,(anonymous_43)
FN:572,(anonymous_44)
FN:576,(anonymous_45)
FN:597,(anonymous_46)
FN:601,(anonymous_47)
FN:612,(anonymous_48)
FN:621,(anonymous_49)
FN:625,(anonymous_50)
FN:630,(anonymous_51)
FN:635,(anonymous_52)
FN:639,(anonymous_53)
FN:649,(anonymous_54)
FN:651,(anonymous_55)
FN:667,(anonymous_56)
FN:691,(anonymous_57)
FN:695,(anonymous_58)
FN:707,(anonymous_59)
FN:723,(anonymous_60)
FN:755,(anonymous_61)
FN:766,(anonymous_62)
FN:774,(anonymous_63)
FN:777,(anonymous_64)
FN:791,(anonymous_65)
FN:800,(anonymous_66)
FNF:67
FNH:64
FNDA:101,(anonymous_0)
FNDA:2,(anonymous_1)
FNDA:197,(anonymous_2)
FNDA:27,(anonymous_3)
FNDA:4,(anonymous_4)
FNDA:76,(anonymous_5)
FNDA:8,(anonymous_6)
FNDA:2,(anonymous_7)
FNDA:4,(anonymous_8)
FNDA:2,(anonymous_9)
FNDA:1,(anonymous_10)
FNDA:1,(anonymous_11)
FNDA:0,(anonymous_12)
FNDA:5,(anonymous_13)
FNDA:2,(anonymous_14)
FNDA:2,(anonymous_15)
FNDA:21,(anonymous_16)
FNDA:2,(anonymous_17)
FNDA:5,(anonymous_18)
FNDA:0,(anonymous_19)
FNDA:2,(anonymous_20)
FNDA:24,(anonymous_21)
FNDA:14,(anonymous_22)
FNDA:2,(anonymous_23)
FNDA:2,(anonymous_24)
FNDA:2,(anonymous_25)
FNDA:2,(anonymous_26)
FNDA:2,(anonymous_27)
FNDA:31,(anonymous_28)
FNDA:16,(anonymous_29)
FNDA:20,(anonymous_30)
FNDA:20,(anonymous_31)
FNDA:20,(anonymous_32)
FNDA:3,(anonymous_33)
FNDA:3,(anonymous_34)
FNDA:3,(anonymous_35)
FNDA:4,(anonymous_36)
FNDA:1,(anonymous_37)
FNDA:3,(anonymous_38)
FNDA:7,(anonymous_39)
FNDA:0,(anonymous_40)
FNDA:8,(anonymous_41)
FNDA:2,(anonymous_42)
FNDA:1,(anonymous_43)
FNDA:1,(anonymous_44)
FNDA:27,(anonymous_45)
FNDA:3,(anonymous_46)
FNDA:7,(anonymous_47)
FNDA:5,(anonymous_48)
FNDA:4,(anonymous_49)
FNDA:2,(anonymous_50)
FNDA:1,(anonymous_51)
FNDA:1,(anonymous_52)
FNDA:2,(anonymous_53)
FNDA:1,(anonymous_54)
FNDA:1,(anonymous_55)
FNDA:21,(anonymous_56)
FNDA:24,(anonymous_57)
FNDA:22,(anonymous_58)
FNDA:32,(anonymous_59)
FNDA:14,(anonymous_60)
FNDA:7,(anonymous_61)
FNDA:2,(anonymous_62)
FNDA:6,(anonymous_63)
FNDA:5,(anonymous_64)
FNDA:7,(anonymous_65)
FNDA:4,(anonymous_66)
DA:1,4
DA:2,4
DA:3,4
DA:4,4
DA:5,4
DA:6,4
DA:7,4
DA:8,4
DA:9,4
DA:10,4
DA:11,4
DA:12,4
DA:13,4
DA:14,4
DA:15,4
DA:16,4
DA:17,4
DA:18,4
DA:19,4
DA:20,4
DA:33,4
DA:34,4
DA:35,4
DA:36,4
DA:37,4
DA:39,4
DA:40,4
DA:70,4
DA:71,197
DA:72,197
DA:85,197
DA:86,197
DA:87,197
DA:90,101
DA:94,197
DA:95,197
DA:96,197
DA:98,2
DA:99,1
DA:101,197
DA:102,197
DA:104,197
DA:106,197
DA:108,197
DA:109,197
DA:110,197
DA:113,197
DA:125,197
DA:127,197
DA:129,197
DA:131,197
DA:133,197
DA:135,197
DA:136,197
DA:137,197
DA:139,197
DA:143,197
DA:144,197
DA:145,197
DA:146,197
DA:147,197
DA:148,197
DA:152,27
DA:153,27
DA:154,27
DA:155,27
DA:156,27
DA:169,27
DA:170,13
DA:171,13
DA:175,13
DA:177,27
DA:178,4
DA:180,27
DA:181,8
DA:183,27
DA:184,1
DA:189,4
DA:190,2
DA:191,2
DA:192,2
DA:193,2
DA:194,2
DA:195,2
DA:196,2
DA:197,2
DA:198,2
DA:199,2
DA:201,4
DA:202,4
DA:214,76
DA:215,76
DA:216,76
DA:217,76
DA:218,76
DA:219,76
DA:220,76
DA:221,76
DA:222,76
DA:223,76
DA:224,76
DA:225,76
DA:235,76
DA:236,76
DA:237,76
DA:255,8
DA:256,8
DA:257,7
DA:258,7
DA:259,7
DA:272,2
DA:273,1
DA:274,1
DA:286,4
DA:287,4
DA:288,3
DA:289,3
DA:290,3
DA:291,3
DA:305,2
DA:306,2
DA:307,1
DA:308,1
DA:309,1
DA:310,1
DA:311,1
DA:317,1
DA:318,1
DA:323,0
DA:327,197
DA:330,5
DA:331,5
DA:332,5
DA:333,2
DA:334,2
DA:344,2
DA:355,21
DA:356,2
DA:375,5
DA:380,0
DA:384,2
DA:394,24
DA:404,14
DA:409,2
DA:414,2
DA:419,2
DA:428,2
DA:436,2
DA:445,31
DA:446,31
DA:447,31
DA:448,31
DA:460,16
DA:461,16
DA:469,15
DA:470,15
DA:488,20
DA:489,20
DA:490,20
DA:491,5
DA:524,20
DA:525,4
DA:526,4
DA:527,3
DA:528,3
DA:529,4
DA:530,1
DA:547,16
DA:550,16
DA:551,3
DA:552,7
DA:553,0
DA:556,13
DA:560,8
DA:561,8
DA:562,8
DA:563,8
DA:568,2
DA:572,1
DA:577,27
DA:578,25
DA:579,6
DA:581,19
DA:582,4
DA:587,15
DA:588,1
DA:590,14
DA:591,3
DA:592,2
DA:594,1
DA:598,3
DA:602,7
DA:613,5
DA:614,4
DA:615,1
DA:617,3
DA:618,2
DA:622,4
DA:626,2
DA:627,2
DA:631,1
DA:636,1
DA:640,2
DA:650,1
DA:651,1
DA:652,1
DA:653,1
DA:668,21
DA:669,21
DA:670,21
DA:671,9
DA:672,9
DA:692,24
DA:693,22
DA:694,22
DA:695,22
DA:696,22
DA:697,22
DA:698,11
DA:699,11
DA:700,11
DA:701,11
DA:703,11
DA:708,32
DA:724,14
DA:725,13
DA:727,13
DA:728,2
DA:729,1
DA:730,2
DA:733,11
DA:738,1
DA:739,1
DA:742,10
DA:747,1
DA:748,1
DA:751,9
DA:752,9
DA:753,9
DA:754,9
DA:756,7
DA:763,7
DA:764,7
DA:767,2
DA:768,2
DA:775,6
DA:776,5
DA:777,5
DA:778,5
DA:779,5
DA:792,7
DA:797,3
DA:798,4
DA:799,4
DA:800,4
DA:801,4
DA:802,4
LF:257
LH:254
BRDA:90,0,0,100
BRDA:90,0,1,1
BRDA:98,1,0,1
BRDA:144,2,0,197
BRDA:145,3,0,197
BRDA:146,4,0,197
BRDA:147,5,0,197
BRDA:148,6,0,197
BRDA:169,7,0,13
BRDA:177,8,0,4
BRDA:180,9,0,8
BRDA:183,10,0,1
BRDA:189,11,0,2
BRDA:256,12,0,1
BRDA:272,13,0,1
BRDA:287,14,0,1
BRDA:306,15,0,1
BRDA:332,16,0,2
BRDA:332,17,0,5
BRDA:332,17,1,2
BRDA:355,18,0,2
BRDA:375,19,0,5
BRDA:375,19,1,3
BRDA:380,20,0,0
BRDA:380,20,1,0
BRDA:446,21,0,31
BRDA:446,21,1,0
BRDA:447,22,0,31
BRDA:447,22,1,28
BRDA:448,23,0,31
BRDA:448,23,1,31
BRDA:461,24,0,1
BRDA:469,25,0,1
BRDA:469,25,1,14
BRDA:469,26,0,15
BRDA:469,26,1,2
BRDA:490,27,0,15
BRDA:490,28,0,20
BRDA:490,28,1,6
BRDA:524,29,0,4
BRDA:524,30,0,20
BRDA:524,30,1,5
BRDA:529,31,0,3
BRDA:529,31,1,0
BRDA:529,32,0,4
BRDA:529,32,1,3
BRDA:547,33,0,16
BRDA:547,33,1,2
BRDA:547,33,2,15
BRDA:547,33,3,11
BRDA:547,33,4,9
BRDA:547,33,5,7
BRDA:547,33,6,2
BRDA:547,33,7,0
BRDA:550,34,0,3
BRDA:550,35,0,16
BRDA:550,35,1,11
BRDA:552,36,0,3
BRDA:552,36,1,0
BRDA:552,37,0,7
BRDA:552,37,1,4
BRDA:552,37,2,4
BRDA:568,38,0,1
BRDA:577,39,0,2
BRDA:578,40,0,6
BRDA:579,41,0,6
BRDA:579,41,1,6
BRDA:581,42,0,4
BRDA:583,43,0,4
BRDA:583,43,1,3
BRDA:583,43,2,3
BRDA:587,44,0,1
BRDA:590,45,0,11
BRDA:591,46,0,2
BRDA:598,47,0,3
BRDA:598,47,1,2
BRDA:603,48,0,7
BRDA:603,48,1,5
BRDA:603,48,2,4
BRDA:606,49,0,4
BRDA:606,49,1,1
BRDA:613,50,0,1
BRDA:614,51,0,1
BRDA:614,52,0,4
BRDA:614,52,1,1
BRDA:617,53,0,1
BRDA:622,54,0,4
BRDA:622,54,1,3
BRDA:669,55,0,3
BRDA:670,56,0,9
BRDA:692,57,0,2
BRDA:692,58,0,24
BRDA:692,58,1,20
BRDA:697,59,0,11
BRDA:697,60,0,22
BRDA:697,60,1,22
BRDA:724,61,0,1
BRDA:727,62,0,2
BRDA:728,63,0,1
BRDA:728,63,1,1
BRDA:733,64,0,1
BRDA:734,65,0,11
BRDA:734,65,1,8
BRDA:734,65,2,1
BRDA:736,66,0,1
BRDA:736,66,1,1
BRDA:742,67,0,1
BRDA:743,68,0,10
BRDA:743,68,1,7
BRDA:743,68,2,3
BRDA:753,69,0,6
BRDA:753,69,1,3
BRDA:775,70,0,1
BRDA:775,71,0,6
BRDA:775,71,1,5
BRDA:792,72,0,3
BRDA:793,73,0,7
BRDA:793,73,1,6
BRDA:793,73,2,5
BRDA:793,73,3,2
BRF:120
BRH:114
end_of_record
TN:
SF:src\app\transaction-builder\transaction-pagination.component.ts
FN:10,(anonymous_0)
FNF:1
FNH:1
FNDA:2,(anonymous_0)
DA:1,8
DA:10,8
DA:11,2
DA:12,2
DA:13,2
DA:14,2
DA:16,2
DA:17,2
LF:8
LH:8
BRF:0
BRH:0
end_of_record
TN:
SF:src\app\transaction-builder\transaction-search-field.component.ts
FN:13,(anonymous_0)
FN:27,(anonymous_1)
FNF:2
FNH:2
FNDA:2,(anonymous_0)
FNDA:2,(anonymous_1)
DA:1,8
DA:2,8
DA:3,8
DA:13,8
DA:14,8
DA:15,2
DA:16,2
DA:17,2
DA:18,2
DA:19,2
DA:20,2
DA:21,2
DA:22,2
DA:24,2
DA:25,2
DA:28,2
LF:16
LH:16
BRDA:28,0,0,2
BRF:1
BRH:1
end_of_record
TN:
SF:src\app\transaction-builder\transaction-status-badge.component.ts
FN:17,(anonymous_0)
FN:25,(anonymous_1)
FN:29,(anonymous_2)
FN:33,(anonymous_3)
FNF:4
FNH:4
FNDA:4,(anonymous_0)
FNDA:8,(anonymous_1)
FNDA:4,(anonymous_2)
FNDA:4,(anonymous_3)
DA:1,8
DA:2,8
DA:3,8
DA:4,8
DA:17,8
DA:18,4
DA:19,4
DA:20,4
DA:21,4
DA:22,4
DA:23,4
DA:26,8
DA:30,4
DA:34,4
LF:14
LH:14
BRF:0
BRH:0
end_of_record
