{"C:\\Users\\samfi\\Downloads\\outputs\\lc-balance-wc\\backend\\server.js": {"path":"C:\\Users\\samfi\\Downloads\\outputs\\lc-balance-wc\\backend\\server.js","statementMap":{"0":{"start":{"line":10,"column":16},"end":{"line":10,"column":34}},"1":{"start":{"line":11,"column":13},"end":{"line":11,"column":28}},"2":{"start":{"line":12,"column":26},"end":{"line":12,"column":57}},"3":{"start":{"line":14,"column":12},"end":{"line":14,"column":21}},"4":{"start":{"line":15,"column":0},"end":{"line":15,"column":16}},"5":{"start":{"line":16,"column":0},"end":{"line":16,"column":24}},"6":{"start":{"line":18,"column":28},"end":{"line":18,"column":86}},"7":{"start":{"line":21,"column":14},"end":{"line":25,"column":4}},"8":{"start":{"line":26,"column":15},"end":{"line":26,"column":49}},"9":{"start":{"line":26,"column":44},"end":{"line":26,"column":48}},"10":{"start":{"line":27,"column":2},"end":{"line":27,"column":56}},"11":{"start":{"line":32,"column":16},"end":{"line":32,"column":29}},"12":{"start":{"line":33,"column":2},"end":{"line":33,"column":123}},"13":{"start":{"line":33,"column":14},"end":{"line":33,"column":123}},"14":{"start":{"line":34,"column":2},"end":{"line":34,"column":62}},"15":{"start":{"line":34,"column":31},"end":{"line":34,"column":62}},"16":{"start":{"line":35,"column":15},"end":{"line":35,"column":110}},"17":{"start":{"line":36,"column":2},"end":{"line":36,"column":114}},"18":{"start":{"line":36,"column":16},"end":{"line":36,"column":114}},"19":{"start":{"line":37,"column":2},"end":{"line":37,"column":56}},"20":{"start":{"line":38,"column":2},"end":{"line":38,"column":33}},"21":{"start":{"line":43,"column":19},"end":{"line":43,"column":21}},"22":{"start":{"line":44,"column":16},"end":{"line":44,"column":18}},"23":{"start":{"line":46,"column":2},"end":{"line":95,"column":3}},"24":{"start":{"line":47,"column":4},"end":{"line":50,"column":5}},"25":{"start":{"line":48,"column":6},"end":{"line":48,"column":54}},"26":{"start":{"line":49,"column":6},"end":{"line":49,"column":15}},"27":{"start":{"line":52,"column":4},"end":{"line":74,"column":5}},"28":{"start":{"line":53,"column":22},"end":{"line":53,"column":41}},"29":{"start":{"line":54,"column":6},"end":{"line":57,"column":7}},"30":{"start":{"line":55,"column":8},"end":{"line":55,"column":103}},"31":{"start":{"line":56,"column":8},"end":{"line":56,"column":44}},"32":{"start":{"line":58,"column":6},"end":{"line":61,"column":7}},"33":{"start":{"line":59,"column":8},"end":{"line":59,"column":119}},"34":{"start":{"line":60,"column":8},"end":{"line":60,"column":50}},"35":{"start":{"line":62,"column":21},"end":{"line":62,"column":82}},"36":{"start":{"line":63,"column":6},"end":{"line":63,"column":79}},"37":{"start":{"line":63,"column":26},"end":{"line":63,"column":79}},"38":{"start":{"line":64,"column":6},"end":{"line":72,"column":9}},"39":{"start":{"line":73,"column":6},"end":{"line":73,"column":15}},"40":{"start":{"line":76,"column":4},"end":{"line":85,"column":5}},"41":{"start":{"line":77,"column":25},"end":{"line":77,"column":73}},"42":{"start":{"line":78,"column":6},"end":{"line":81,"column":7}},"43":{"start":{"line":79,"column":8},"end":{"line":79,"column":206}},"44":{"start":{"line":80,"column":8},"end":{"line":80,"column":17}},"45":{"start":{"line":82,"column":21},"end":{"line":82,"column":128}},"46":{"start":{"line":83,"column":6},"end":{"line":83,"column":118}},"47":{"start":{"line":84,"column":6},"end":{"line":84,"column":15}},"48":{"start":{"line":87,"column":4},"end":{"line":92,"column":5}},"49":{"start":{"line":88,"column":32},"end":{"line":88,"column":87}},"50":{"start":{"line":89,"column":21},"end":{"line":89,"column":101}},"51":{"start":{"line":90,"column":6},"end":{"line":90,"column":119}},"52":{"start":{"line":91,"column":6},"end":{"line":91,"column":15}},"53":{"start":{"line":94,"column":4},"end":{"line":94,"column":56}},"54":{"start":{"line":97,"column":2},"end":{"line":97,"column":15}},"55":{"start":{"line":100,"column":0},"end":{"line":102,"column":3}},"56":{"start":{"line":101,"column":2},"end":{"line":101,"column":126}},"57":{"start":{"line":101,"column":71},"end":{"line":101,"column":122}},"58":{"start":{"line":104,"column":0},"end":{"line":117,"column":3}},"59":{"start":{"line":105,"column":19},"end":{"line":105,"column":34}},"60":{"start":{"line":106,"column":23},"end":{"line":106,"column":67}},"61":{"start":{"line":106,"column":44},"end":{"line":106,"column":66}},"62":{"start":{"line":107,"column":2},"end":{"line":110,"column":3}},"63":{"start":{"line":108,"column":4},"end":{"line":108,"column":96}},"64":{"start":{"line":109,"column":4},"end":{"line":109,"column":11}},"65":{"start":{"line":111,"column":2},"end":{"line":116,"column":3}},"66":{"start":{"line":112,"column":18},"end":{"line":112,"column":45}},"67":{"start":{"line":113,"column":4},"end":{"line":113,"column":111}},"68":{"start":{"line":115,"column":4},"end":{"line":115,"column":117}},"69":{"start":{"line":119,"column":0},"end":{"line":119,"column":103}},"70":{"start":{"line":119,"column":35},"end":{"line":119,"column":101}},"71":{"start":{"line":124,"column":13},"end":{"line":124,"column":37}},"72":{"start":{"line":125,"column":0},"end":{"line":130,"column":1}},"73":{"start":{"line":126,"column":2},"end":{"line":129,"column":5}},"74":{"start":{"line":128,"column":4},"end":{"line":128,"column":98}},"75":{"start":{"line":132,"column":0},"end":{"line":132,"column":21}},"76":{"start":{"line":133,"column":0},"end":{"line":133,"column":33}},"77":{"start":{"line":134,"column":0},"end":{"line":134,"column":67}},"78":{"start":{"line":135,"column":0},"end":{"line":135,"column":51}}},"fnMap":{"0":{"name":"callMicroservice","decl":{"start":{"line":20,"column":15},"end":{"line":20,"column":31}},"loc":{"start":{"line":20,"column":52},"end":{"line":28,"column":1}},"line":20},"1":{"name":"(anonymous_1)","decl":{"start":{"line":26,"column":38},"end":{"line":26,"column":39}},"loc":{"start":{"line":26,"column":44},"end":{"line":26,"column":48}},"line":26},"2":{"name":"resolveLogicalContractId","decl":{"start":{"line":31,"column":15},"end":{"line":31,"column":39}},"loc":{"start":{"line":31,"column":55},"end":{"line":39,"column":1}},"line":31},"3":{"name":"runCase","decl":{"start":{"line":42,"column":15},"end":{"line":42,"column":22}},"loc":{"start":{"line":42,"column":37},"end":{"line":98,"column":1}},"line":42},"4":{"name":"(anonymous_4)","decl":{"start":{"line":100,"column":31},"end":{"line":100,"column":32}},"loc":{"start":{"line":100,"column":46},"end":{"line":102,"column":1}},"line":100},"5":{"name":"(anonymous_5)","decl":{"start":{"line":101,"column":31},"end":{"line":101,"column":32}},"loc":{"start":{"line":101,"column":71},"end":{"line":101,"column":122}},"line":101},"6":{"name":"(anonymous_6)","decl":{"start":{"line":104,"column":40},"end":{"line":104,"column":41}},"loc":{"start":{"line":104,"column":60},"end":{"line":117,"column":1}},"line":104},"7":{"name":"(anonymous_7)","decl":{"start":{"line":106,"column":37},"end":{"line":106,"column":38}},"loc":{"start":{"line":106,"column":44},"end":{"line":106,"column":66}},"line":106},"8":{"name":"(anonymous_8)","decl":{"start":{"line":119,"column":20},"end":{"line":119,"column":21}},"loc":{"start":{"line":119,"column":35},"end":{"line":119,"column":101}},"line":119},"9":{"name":"(anonymous_9)","decl":{"start":{"line":126,"column":19},"end":{"line":126,"column":20}},"loc":{"start":{"line":126,"column":25},"end":{"line":129,"column":3}},"line":126}},"branchMap":{"0":{"loc":{"start":{"line":18,"column":28},"end":{"line":18,"column":86}},"type":"binary-expr","locations":[{"start":{"line":18,"column":28},"end":{"line":18,"column":59}},{"start":{"line":18,"column":63},"end":{"line":18,"column":86}}],"line":18},"1":{"loc":{"start":{"line":23,"column":13},"end":{"line":23,"column":70}},"type":"cond-expr","locations":[{"start":{"line":23,"column":20},"end":{"line":23,"column":58}},{"start":{"line":23,"column":61},"end":{"line":23,"column":70}}],"line":23},"2":{"loc":{"start":{"line":24,"column":10},"end":{"line":24,"column":49}},"type":"cond-expr","locations":[{"start":{"line":24,"column":17},"end":{"line":24,"column":37}},{"start":{"line":24,"column":40},"end":{"line":24,"column":49}}],"line":24},"3":{"loc":{"start":{"line":33,"column":2},"end":{"line":33,"column":123}},"type":"if","locations":[{"start":{"line":33,"column":2},"end":{"line":33,"column":123}},{"start":{},"end":{}}],"line":33},"4":{"loc":{"start":{"line":34,"column":2},"end":{"line":34,"column":62}},"type":"if","locations":[{"start":{"line":34,"column":2},"end":{"line":34,"column":62}},{"start":{},"end":{}}],"line":34},"5":{"loc":{"start":{"line":36,"column":2},"end":{"line":36,"column":114}},"type":"if","locations":[{"start":{"line":36,"column":2},"end":{"line":36,"column":114}},{"start":{},"end":{}}],"line":36},"6":{"loc":{"start":{"line":47,"column":4},"end":{"line":50,"column":5}},"type":"if","locations":[{"start":{"line":47,"column":4},"end":{"line":50,"column":5}},{"start":{},"end":{}}],"line":47},"7":{"loc":{"start":{"line":52,"column":4},"end":{"line":74,"column":5}},"type":"if","locations":[{"start":{"line":52,"column":4},"end":{"line":74,"column":5}},{"start":{},"end":{}}],"line":52},"8":{"loc":{"start":{"line":54,"column":6},"end":{"line":57,"column":7}},"type":"if","locations":[{"start":{"line":54,"column":6},"end":{"line":57,"column":7}},{"start":{},"end":{}}],"line":54},"9":{"loc":{"start":{"line":58,"column":6},"end":{"line":61,"column":7}},"type":"if","locations":[{"start":{"line":58,"column":6},"end":{"line":61,"column":7}},{"start":{},"end":{}}],"line":58},"10":{"loc":{"start":{"line":63,"column":6},"end":{"line":63,"column":79}},"type":"if","locations":[{"start":{"line":63,"column":6},"end":{"line":63,"column":79}},{"start":{},"end":{}}],"line":63},"11":{"loc":{"start":{"line":76,"column":4},"end":{"line":85,"column":5}},"type":"if","locations":[{"start":{"line":76,"column":4},"end":{"line":85,"column":5}},{"start":{},"end":{}}],"line":76},"12":{"loc":{"start":{"line":78,"column":6},"end":{"line":81,"column":7}},"type":"if","locations":[{"start":{"line":78,"column":6},"end":{"line":81,"column":7}},{"start":{},"end":{}}],"line":78},"13":{"loc":{"start":{"line":87,"column":4},"end":{"line":92,"column":5}},"type":"if","locations":[{"start":{"line":87,"column":4},"end":{"line":92,"column":5}},{"start":{},"end":{}}],"line":87},"14":{"loc":{"start":{"line":107,"column":2},"end":{"line":110,"column":3}},"type":"if","locations":[{"start":{"line":107,"column":2},"end":{"line":110,"column":3}},{"start":{},"end":{}}],"line":107},"15":{"loc":{"start":{"line":115,"column":65},"end":{"line":115,"column":113}},"type":"cond-expr","locations":[{"start":{"line":115,"column":88},"end":{"line":115,"column":99}},{"start":{"line":115,"column":102},"end":{"line":115,"column":113}}],"line":115},"16":{"loc":{"start":{"line":124,"column":13},"end":{"line":124,"column":37}},"type":"binary-expr","locations":[{"start":{"line":124,"column":13},"end":{"line":124,"column":29}},{"start":{"line":124,"column":33},"end":{"line":124,"column":37}}],"line":124},"17":{"loc":{"start":{"line":125,"column":0},"end":{"line":130,"column":1}},"type":"if","locations":[{"start":{"line":125,"column":0},"end":{"line":130,"column":1}},{"start":{},"end":{}}],"line":125}},"s":{"0":2,"1":2,"2":2,"3":2,"4":2,"5":2,"6":2,"7":63,"8":61,"9":1,"10":61,"11":6,"12":6,"13":1,"14":5,"15":1,"16":4,"17":4,"18":1,"19":3,"20":3,"21":9,"22":9,"23":9,"24":64,"25":3,"26":3,"27":61,"28":26,"29":26,"30":14,"31":14,"32":26,"33":3,"34":2,"35":25,"36":23,"37":22,"38":23,"39":23,"40":35,"41":22,"42":22,"43":1,"44":1,"45":21,"46":21,"47":21,"48":13,"49":13,"50":13,"51":13,"52":13,"53":0,"54":6,"55":2,"56":1,"57":10,"58":2,"59":9,"60":9,"61":22,"62":9,"63":1,"64":1,"65":8,"66":8,"67":5,"68":3,"69":2,"70":1,"71":2,"72":2,"73":0,"74":0,"75":2,"76":2,"77":2,"78":2},"f":{"0":63,"1":1,"2":6,"3":9,"4":1,"5":10,"6":9,"7":22,"8":1,"9":0},"b":{"0":[2,2],"1":[46,17],"2":[46,17],"3":[1,5],"4":[1,4],"5":[1,3],"6":[3,61],"7":[26,35],"8":[14,12],"9":[3,23],"10":[22,1],"11":[22,13],"12":[1,21],"13":[13,0],"14":[1,8],"15":[2,1],"16":[2,2],"17":[0,2]},"_coverageSchema":"1a1c01bbd47fc00a2c39e90264f33305004495a9","hash":"4844472cffdef9c2f213492bcebdfd8805ca1442"}
,"C:\\Users\\samfi\\Downloads\\outputs\\lc-balance-wc\\backend\\data\\businessCases.js": {"path":"C:\\Users\\samfi\\Downloads\\outputs\\lc-balance-wc\\backend\\data\\businessCases.js","statementMap":{"0":{"start":{"line":29,"column":14},"end":{"line":29,"column":22}},"1":{"start":{"line":30,"column":16},"end":{"line":30,"column":26}},"2":{"start":{"line":33,"column":2},"end":{"line":33,"column":70}},"3":{"start":{"line":39,"column":2},"end":{"line":56,"column":4}},"4":{"start":{"line":60,"column":2},"end":{"line":85,"column":4}},"5":{"start":{"line":89,"column":2},"end":{"line":115,"column":4}},"6":{"start":{"line":119,"column":2},"end":{"line":144,"column":4}},"7":{"start":{"line":148,"column":2},"end":{"line":160,"column":4}},"8":{"start":{"line":171,"column":2},"end":{"line":188,"column":4}},"9":{"start":{"line":192,"column":2},"end":{"line":216,"column":4}},"10":{"start":{"line":220,"column":2},"end":{"line":244,"column":4}},"11":{"start":{"line":248,"column":2},"end":{"line":269,"column":4}},"12":{"start":{"line":273,"column":2},"end":{"line":293,"column":4}},"13":{"start":{"line":298,"column":2},"end":{"line":309,"column":4}},"14":{"start":{"line":312,"column":0},"end":{"line":312,"column":35}}},"fnMap":{"0":{"name":"lcNumberFor","decl":{"start":{"line":32,"column":9},"end":{"line":32,"column":20}},"loc":{"start":{"line":32,"column":29},"end":{"line":34,"column":1}},"line":32},"1":{"name":"importCase1","decl":{"start":{"line":38,"column":9},"end":{"line":38,"column":20}},"loc":{"start":{"line":38,"column":25},"end":{"line":57,"column":1}},"line":38},"2":{"name":"importCase2","decl":{"start":{"line":59,"column":9},"end":{"line":59,"column":20}},"loc":{"start":{"line":59,"column":29},"end":{"line":86,"column":1}},"line":59},"3":{"name":"importCase3","decl":{"start":{"line":88,"column":9},"end":{"line":88,"column":20}},"loc":{"start":{"line":88,"column":29},"end":{"line":116,"column":1}},"line":88},"4":{"name":"importCase4","decl":{"start":{"line":118,"column":9},"end":{"line":118,"column":20}},"loc":{"start":{"line":118,"column":29},"end":{"line":145,"column":1}},"line":118},"5":{"name":"importCase5","decl":{"start":{"line":147,"column":9},"end":{"line":147,"column":20}},"loc":{"start":{"line":147,"column":25},"end":{"line":161,"column":1}},"line":147},"6":{"name":"exportCase1","decl":{"start":{"line":170,"column":9},"end":{"line":170,"column":20}},"loc":{"start":{"line":170,"column":25},"end":{"line":189,"column":1}},"line":170},"7":{"name":"exportCase2","decl":{"start":{"line":191,"column":9},"end":{"line":191,"column":20}},"loc":{"start":{"line":191,"column":29},"end":{"line":217,"column":1}},"line":191},"8":{"name":"exportCase3","decl":{"start":{"line":219,"column":9},"end":{"line":219,"column":20}},"loc":{"start":{"line":219,"column":29},"end":{"line":245,"column":1}},"line":219},"9":{"name":"exportCase4","decl":{"start":{"line":247,"column":9},"end":{"line":247,"column":20}},"loc":{"start":{"line":247,"column":29},"end":{"line":270,"column":1}},"line":247},"10":{"name":"exportCase5","decl":{"start":{"line":272,"column":9},"end":{"line":272,"column":20}},"loc":{"start":{"line":272,"column":29},"end":{"line":294,"column":1}},"line":272},"11":{"name":"buildRegistry","decl":{"start":{"line":297,"column":9},"end":{"line":297,"column":22}},"loc":{"start":{"line":297,"column":25},"end":{"line":310,"column":1}},"line":297}},"branchMap":{},"s":{"0":3,"1":3,"2":150,"3":15,"4":15,"5":15,"6":15,"7":15,"8":15,"9":15,"10":15,"11":15,"12":15,"13":15,"14":3},"f":{"0":150,"1":15,"2":15,"3":15,"4":15,"5":15,"6":15,"7":15,"8":15,"9":15,"10":15,"11":15},"b":{},"_coverageSchema":"1a1c01bbd47fc00a2c39e90264f33305004495a9","hash":"1607e3a2fd869ea8bdccca9c1fe4df3080116b38"}
}
